mode: atomic
github.com/clearcompass-ai/ortholog-sdk/crypto/signatures/eip191.go:56.44,59.2 2 0
github.com/clearcompass-ai/ortholog-sdk/crypto/signatures/eip712.go:106.13,137.2 9 0
github.com/clearcompass-ai/ortholog-sdk/crypto/signatures/eip712.go:141.41,150.2 8 0
github.com/clearcompass-ai/ortholog-sdk/crypto/signatures/eip712.go:164.58,167.2 2 0
github.com/clearcompass-ai/ortholog-sdk/crypto/signatures/eip712.go:172.39,174.2 1 0
github.com/clearcompass-ai/ortholog-sdk/crypto/signatures/eip712.go:178.37,180.2 1 0
github.com/clearcompass-ai/ortholog-sdk/crypto/signatures/eip712.go:184.36,186.2 1 0
github.com/clearcompass-ai/ortholog-sdk/crypto/signatures/entry_verify.go:133.33,135.2 1 0
github.com/clearcompass-ai/ortholog-sdk/crypto/signatures/entry_verify.go:155.47,157.16 2 0
github.com/clearcompass-ai/ortholog-sdk/crypto/signatures/entry_verify.go:157.16,159.3 1 0
github.com/clearcompass-ai/ortholog-sdk/crypto/signatures/entry_verify.go:160.2,160.28 1 0
github.com/clearcompass-ai/ortholog-sdk/crypto/signatures/entry_verify.go:178.58,179.21 1 0
github.com/clearcompass-ai/ortholog-sdk/crypto/signatures/entry_verify.go:179.21,181.3 1 0
github.com/clearcompass-ai/ortholog-sdk/crypto/signatures/entry_verify.go:182.2,183.16 2 0
github.com/clearcompass-ai/ortholog-sdk/crypto/signatures/entry_verify.go:183.16,185.3 1 0
github.com/clearcompass-ai/ortholog-sdk/crypto/signatures/entry_verify.go:186.2,186.26 1 0
github.com/clearcompass-ai/ortholog-sdk/crypto/signatures/entry_verify.go:208.47,209.48 1 0
github.com/clearcompass-ai/ortholog-sdk/crypto/signatures/entry_verify.go:209.48,214.3 1 0
github.com/clearcompass-ai/ortholog-sdk/crypto/signatures/entry_verify.go:215.2,225.12 7 0
github.com/clearcompass-ai/ortholog-sdk/crypto/signatures/entry_verify.go:255.73,256.16 1 0
github.com/clearcompass-ai/ortholog-sdk/crypto/signatures/entry_verify.go:256.16,258.3 1 0
github.com/clearcompass-ai/ortholog-sdk/crypto/signatures/entry_verify.go:259.2,259.20 1 0
github.com/clearcompass-ai/ortholog-sdk/crypto/signatures/entry_verify.go:259.20,261.3 1 0
github.com/clearcompass-ai/ortholog-sdk/crypto/signatures/entry_verify.go:263.2,265.36 3 0
github.com/clearcompass-ai/ortholog-sdk/crypto/signatures/entry_verify.go:265.36,267.3 1 0
github.com/clearcompass-ai/ortholog-sdk/crypto/signatures/entry_verify.go:269.2,269.39 1 0
github.com/clearcompass-ai/ortholog-sdk/crypto/signatures/entry_verify.go:269.39,271.3 1 0
github.com/clearcompass-ai/ortholog-sdk/crypto/signatures/entry_verify.go:272.2,272.12 1 0
github.com/clearcompass-ai/ortholog-sdk/crypto/signatures/entry_verify.go:303.74,304.20 1 0
github.com/clearcompass-ai/ortholog-sdk/crypto/signatures/entry_verify.go:304.20,306.3 1 0
github.com/clearcompass-ai/ortholog-sdk/crypto/signatures/entry_verify.go:308.2,309.16 2 0
github.com/clearcompass-ai/ortholog-sdk/crypto/signatures/entry_verify.go:309.16,311.3 1 0
github.com/clearcompass-ai/ortholog-sdk/crypto/signatures/entry_verify.go:314.2,316.26 3 0
github.com/clearcompass-ai/ortholog-sdk/crypto/signatures/entry_verify.go:316.26,318.3 1 0
github.com/clearcompass-ai/ortholog-sdk/crypto/signatures/entry_verify.go:323.2,326.42 4 0
github.com/clearcompass-ai/ortholog-sdk/crypto/signatures/entry_verify.go:326.42,329.3 1 0
github.com/clearcompass-ai/ortholog-sdk/crypto/signatures/entry_verify.go:330.2,332.17 3 0
github.com/clearcompass-ai/ortholog-sdk/crypto/signatures/ethereum_primitives.go:91.41,93.25 2 0
github.com/clearcompass-ai/ortholog-sdk/crypto/signatures/ethereum_primitives.go:93.25,96.3 1 0
github.com/clearcompass-ai/ortholog-sdk/crypto/signatures/ethereum_primitives.go:97.2,99.12 3 0
github.com/clearcompass-ai/ortholog-sdk/crypto/signatures/ethereum_primitives.go:112.68,113.38 1 0
github.com/clearcompass-ai/ortholog-sdk/crypto/signatures/ethereum_primitives.go:113.38,115.3 1 0
github.com/clearcompass-ai/ortholog-sdk/crypto/signatures/ethereum_primitives.go:117.2,118.13 2 0
github.com/clearcompass-ai/ortholog-sdk/crypto/signatures/ethereum_primitives.go:118.13,120.3 1 0
github.com/clearcompass-ai/ortholog-sdk/crypto/signatures/ethereum_primitives.go:121.2,121.11 1 0
github.com/clearcompass-ai/ortholog-sdk/crypto/signatures/ethereum_primitives.go:121.11,123.3 1 0
github.com/clearcompass-ai/ortholog-sdk/crypto/signatures/ethereum_primitives.go:128.2,134.16 6 0
github.com/clearcompass-ai/ortholog-sdk/crypto/signatures/ethereum_primitives.go:134.16,136.3 1 0
github.com/clearcompass-ai/ortholog-sdk/crypto/signatures/ethereum_primitives.go:138.2,138.41 1 0
github.com/clearcompass-ai/ortholog-sdk/crypto/signatures/ethereum_primitives.go:151.70,153.57 2 0
github.com/clearcompass-ai/ortholog-sdk/crypto/signatures/ethereum_primitives.go:153.57,155.3 1 0
github.com/clearcompass-ai/ortholog-sdk/crypto/signatures/ethereum_primitives.go:156.2,158.17 3 0
github.com/clearcompass-ai/ortholog-sdk/crypto/signatures/ethereum_primitives.go:167.67,168.75 1 0
github.com/clearcompass-ai/ortholog-sdk/crypto/signatures/ethereum_primitives.go:168.75,170.3 1 0
github.com/clearcompass-ai/ortholog-sdk/crypto/signatures/ethereum_primitives.go:171.2,172.16 2 0
github.com/clearcompass-ai/ortholog-sdk/crypto/signatures/ethereum_primitives.go:172.16,174.3 1 0
github.com/clearcompass-ai/ortholog-sdk/crypto/signatures/ethereum_primitives.go:175.2,175.39 1 0
github.com/clearcompass-ai/ortholog-sdk/crypto/signatures/ethereum_primitives.go:180.67,181.44 1 0
github.com/clearcompass-ai/ortholog-sdk/crypto/signatures/ethereum_primitives.go:181.44,184.3 1 0
github.com/clearcompass-ai/ortholog-sdk/crypto/signatures/ethereum_primitives.go:185.2,186.16 2 0
github.com/clearcompass-ai/ortholog-sdk/crypto/signatures/ethereum_primitives.go:186.16,188.3 1 0
github.com/clearcompass-ai/ortholog-sdk/crypto/signatures/ethereum_primitives.go:189.2,189.41 1 0
github.com/clearcompass-ai/ortholog-sdk/crypto/signatures/verify_primitives.go:90.102,92.2 1 0
github.com/clearcompass-ai/ortholog-sdk/crypto/signatures/verify_primitives.go:98.105,101.2 2 0
github.com/clearcompass-ai/ortholog-sdk/crypto/signatures/verify_primitives.go:109.105,112.2 2 0
github.com/clearcompass-ai/ortholog-sdk/crypto/signatures/verify_primitives.go:116.94,118.16 2 0
github.com/clearcompass-ai/ortholog-sdk/crypto/signatures/verify_primitives.go:118.16,120.3 1 0
github.com/clearcompass-ai/ortholog-sdk/crypto/signatures/verify_primitives.go:121.2,122.16 2 0
github.com/clearcompass-ai/ortholog-sdk/crypto/signatures/verify_primitives.go:122.16,124.3 1 0
github.com/clearcompass-ai/ortholog-sdk/crypto/signatures/verify_primitives.go:125.2,125.22 1 0
github.com/clearcompass-ai/ortholog-sdk/crypto/signatures/verify_primitives.go:125.22,127.3 1 0
github.com/clearcompass-ai/ortholog-sdk/crypto/signatures/verify_primitives.go:128.2,128.12 1 0
github.com/clearcompass-ai/ortholog-sdk/crypto/signatures/verify_primitives.go:141.87,143.16 2 0
github.com/clearcompass-ai/ortholog-sdk/crypto/signatures/verify_primitives.go:143.16,145.3 1 0
github.com/clearcompass-ai/ortholog-sdk/crypto/signatures/verify_primitives.go:146.2,147.16 2 0
github.com/clearcompass-ai/ortholog-sdk/crypto/signatures/verify_primitives.go:147.16,149.3 1 0
github.com/clearcompass-ai/ortholog-sdk/crypto/signatures/verify_primitives.go:151.2,151.36 1 0
github.com/clearcompass-ai/ortholog-sdk/crypto/signatures/verify_primitives.go:169.69,170.40 1 0
github.com/clearcompass-ai/ortholog-sdk/crypto/signatures/verify_primitives.go:170.40,173.3 1 0
github.com/clearcompass-ai/ortholog-sdk/crypto/signatures/verify_primitives.go:174.2,174.37 1 0
github.com/clearcompass-ai/ortholog-sdk/crypto/signatures/verify_primitives.go:174.37,177.3 1 0
github.com/clearcompass-ai/ortholog-sdk/crypto/signatures/verify_primitives.go:178.2,178.62 1 0
github.com/clearcompass-ai/ortholog-sdk/crypto/signatures/verify_primitives.go:178.62,180.3 1 0
github.com/clearcompass-ai/ortholog-sdk/crypto/signatures/verify_primitives.go:181.2,181.12 1 0
github.com/clearcompass-ai/ortholog-sdk/crypto/signatures/verify_primitives.go:194.72,195.47 1 0
github.com/clearcompass-ai/ortholog-sdk/crypto/signatures/verify_primitives.go:195.47,198.3 1 0
github.com/clearcompass-ai/ortholog-sdk/crypto/signatures/verify_primitives.go:199.2,199.20 1 0
github.com/clearcompass-ai/ortholog-sdk/crypto/signatures/verify_primitives.go:199.20,201.3 1 0
github.com/clearcompass-ai/ortholog-sdk/crypto/signatures/verify_primitives.go:203.2,205.14 3 0
github.com/clearcompass-ai/ortholog-sdk/crypto/signatures/verify_primitives.go:205.14,207.3 1 0
github.com/clearcompass-ai/ortholog-sdk/crypto/signatures/verify_primitives.go:208.2,212.36 4 0
github.com/clearcompass-ai/ortholog-sdk/crypto/signatures/verify_primitives.go:212.36,214.3 1 0
github.com/clearcompass-ai/ortholog-sdk/crypto/signatures/verify_primitives.go:215.2,215.39 1 0
github.com/clearcompass-ai/ortholog-sdk/crypto/signatures/verify_primitives.go:215.39,217.3 1 0
github.com/clearcompass-ai/ortholog-sdk/crypto/signatures/verify_primitives.go:218.2,218.12 1 0
github.com/clearcompass-ai/ortholog-sdk/crypto/signatures/witness_verify.go:23.161,24.12 1 0
github.com/clearcompass-ai/ortholog-sdk/crypto/signatures/witness_verify.go:24.12,24.60 1 0
github.com/clearcompass-ai/ortholog-sdk/crypto/signatures/witness_verify.go:25.2,25.31 1 0
github.com/clearcompass-ai/ortholog-sdk/crypto/signatures/witness_verify.go:25.31,25.84 1 0
github.com/clearcompass-ai/ortholog-sdk/crypto/signatures/witness_verify.go:26.2,27.24 2 0
github.com/clearcompass-ai/ortholog-sdk/crypto/signatures/witness_verify.go:28.19,28.88 1 0
github.com/clearcompass-ai/ortholog-sdk/crypto/signatures/witness_verify.go:29.17,30.25 1 0
github.com/clearcompass-ai/ortholog-sdk/crypto/signatures/witness_verify.go:30.25,30.92 1 0
github.com/clearcompass-ai/ortholog-sdk/crypto/signatures/witness_verify.go:31.3,31.82 1 0
github.com/clearcompass-ai/ortholog-sdk/crypto/signatures/witness_verify.go:32.10,32.86 1 0
github.com/clearcompass-ai/ortholog-sdk/crypto/signatures/witness_verify.go:36.150,38.33 2 0
github.com/clearcompass-ai/ortholog-sdk/crypto/signatures/witness_verify.go:38.33,40.17 2 0
github.com/clearcompass-ai/ortholog-sdk/crypto/signatures/witness_verify.go:40.17,40.27 1 0
github.com/clearcompass-ai/ortholog-sdk/crypto/signatures/witness_verify.go:41.3,41.21 1 0
github.com/clearcompass-ai/ortholog-sdk/crypto/signatures/witness_verify.go:43.2,45.26 3 0
github.com/clearcompass-ai/ortholog-sdk/crypto/signatures/witness_verify.go:45.26,48.10 3 0
github.com/clearcompass-ai/ortholog-sdk/crypto/signatures/witness_verify.go:48.10,48.86 2 0
github.com/clearcompass-ai/ortholog-sdk/crypto/signatures/witness_verify.go:49.3,49.29 1 0
github.com/clearcompass-ai/ortholog-sdk/crypto/signatures/witness_verify.go:49.29,49.131 2 0
github.com/clearcompass-ai/ortholog-sdk/crypto/signatures/witness_verify.go:50.3,50.63 1 0
github.com/clearcompass-ai/ortholog-sdk/crypto/signatures/witness_verify.go:50.63,50.102 2 0
github.com/clearcompass-ai/ortholog-sdk/crypto/signatures/witness_verify.go:51.3,51.54 2 0
github.com/clearcompass-ai/ortholog-sdk/crypto/signatures/witness_verify.go:53.2,53.27 1 0
github.com/clearcompass-ai/ortholog-sdk/crypto/signatures/witness_verify.go:53.27,53.129 1 0
github.com/clearcompass-ai/ortholog-sdk/crypto/signatures/witness_verify.go:54.2,54.20 1 0
github.com/clearcompass-ai/ortholog-sdk/crypto/signatures/witness_verify.go:57.170,59.16 2 0
github.com/clearcompass-ai/ortholog-sdk/crypto/signatures/witness_verify.go:59.16,59.81 1 0
github.com/clearcompass-ai/ortholog-sdk/crypto/signatures/witness_verify.go:60.2,61.32 2 0
github.com/clearcompass-ai/ortholog-sdk/crypto/signatures/witness_verify.go:61.32,62.20 1 0
github.com/clearcompass-ai/ortholog-sdk/crypto/signatures/witness_verify.go:62.20,62.65 1 0
github.com/clearcompass-ai/ortholog-sdk/crypto/signatures/witness_verify.go:63.3,64.12 2 0
github.com/clearcompass-ai/ortholog-sdk/crypto/signatures/witness_verify.go:64.12,64.31 1 0
github.com/clearcompass-ai/ortholog-sdk/crypto/signatures/witness_verify.go:66.2,66.23 1 0
github.com/clearcompass-ai/ortholog-sdk/crypto/signatures/witness_verify.go:66.23,66.121 1 0
github.com/clearcompass-ai/ortholog-sdk/crypto/signatures/witness_verify.go:67.2,67.16 1 0
