mode: atomic
github.com/clearcompass-ai/ortholog-sdk/exchange/auth/nonce_memory.go:69.50,73.2 1 0
github.com/clearcompass-ai/ortholog-sdk/exchange/auth/nonce_memory.go:84.79,85.17 1 0
github.com/clearcompass-ai/ortholog-sdk/exchange/auth/nonce_memory.go:85.17,87.3 1 0
github.com/clearcompass-ai/ortholog-sdk/exchange/auth/nonce_memory.go:89.2,92.36 3 0
github.com/clearcompass-ai/ortholog-sdk/exchange/auth/nonce_memory.go:92.36,94.3 1 0
github.com/clearcompass-ai/ortholog-sdk/exchange/auth/nonce_memory.go:95.2,96.12 2 0
github.com/clearcompass-ai/ortholog-sdk/exchange/auth/nonce_memory.go:111.41,115.2 3 0
github.com/clearcompass-ai/ortholog-sdk/exchange/auth/nonce_memory.go:120.60,125.2 4 0
github.com/clearcompass-ai/ortholog-sdk/exchange/auth/nonce_memory.go:129.73,134.2 4 0
github.com/clearcompass-ai/ortholog-sdk/exchange/auth/signed_request.go:207.64,208.43 1 0
github.com/clearcompass-ai/ortholog-sdk/exchange/auth/signed_request.go:208.43,210.3 1 0
github.com/clearcompass-ai/ortholog-sdk/exchange/auth/signed_request.go:212.2,223.17 12 0
github.com/clearcompass-ai/ortholog-sdk/exchange/auth/signed_request.go:228.67,230.16 2 0
github.com/clearcompass-ai/ortholog-sdk/exchange/auth/signed_request.go:230.16,232.3 1 0
github.com/clearcompass-ai/ortholog-sdk/exchange/auth/signed_request.go:233.2,233.38 1 0
github.com/clearcompass-ai/ortholog-sdk/exchange/auth/signed_request.go:239.56,240.34 1 0
github.com/clearcompass-ai/ortholog-sdk/exchange/auth/signed_request.go:240.34,243.3 1 0
github.com/clearcompass-ai/ortholog-sdk/exchange/auth/signed_request.go:244.2,244.17 1 0
github.com/clearcompass-ai/ortholog-sdk/exchange/auth/signed_request.go:244.17,246.3 1 0
github.com/clearcompass-ai/ortholog-sdk/exchange/auth/signed_request.go:247.2,247.20 1 0
github.com/clearcompass-ai/ortholog-sdk/exchange/auth/signed_request.go:247.20,249.3 1 0
github.com/clearcompass-ai/ortholog-sdk/exchange/auth/signed_request.go:250.2,250.19 1 0
github.com/clearcompass-ai/ortholog-sdk/exchange/auth/signed_request.go:250.19,252.3 1 0
github.com/clearcompass-ai/ortholog-sdk/exchange/auth/signed_request.go:253.2,253.20 1 0
github.com/clearcompass-ai/ortholog-sdk/exchange/auth/signed_request.go:253.20,255.3 1 0
github.com/clearcompass-ai/ortholog-sdk/exchange/auth/signed_request.go:256.2,256.43 1 0
github.com/clearcompass-ai/ortholog-sdk/exchange/auth/signed_request.go:256.43,259.3 1 0
github.com/clearcompass-ai/ortholog-sdk/exchange/auth/signed_request.go:260.2,260.18 1 0
github.com/clearcompass-ai/ortholog-sdk/exchange/auth/signed_request.go:260.18,262.3 1 0
github.com/clearcompass-ai/ortholog-sdk/exchange/auth/signed_request.go:263.2,263.37 1 0
github.com/clearcompass-ai/ortholog-sdk/exchange/auth/signed_request.go:263.37,266.3 1 0
github.com/clearcompass-ai/ortholog-sdk/exchange/auth/signed_request.go:267.2,267.39 1 0
github.com/clearcompass-ai/ortholog-sdk/exchange/auth/signed_request.go:267.39,270.3 1 0
github.com/clearcompass-ai/ortholog-sdk/exchange/auth/signed_request.go:271.2,271.49 1 0
github.com/clearcompass-ai/ortholog-sdk/exchange/auth/signed_request.go:271.49,274.3 1 0
github.com/clearcompass-ai/ortholog-sdk/exchange/auth/signed_request.go:275.2,275.36 1 0
github.com/clearcompass-ai/ortholog-sdk/exchange/auth/signed_request.go:275.36,278.3 1 0
github.com/clearcompass-ai/ortholog-sdk/exchange/auth/signed_request.go:279.2,279.53 1 0
github.com/clearcompass-ai/ortholog-sdk/exchange/auth/signed_request.go:279.53,283.3 1 0
github.com/clearcompass-ai/ortholog-sdk/exchange/auth/signed_request.go:284.2,284.12 1 0
github.com/clearcompass-ai/ortholog-sdk/exchange/auth/signed_request.go:290.59,296.2 5 0
github.com/clearcompass-ai/ortholog-sdk/exchange/auth/signed_request.go:299.48,303.2 3 0
github.com/clearcompass-ai/ortholog-sdk/exchange/auth/signed_request.go:369.9,370.21 1 0
github.com/clearcompass-ai/ortholog-sdk/exchange/auth/signed_request.go:370.21,372.3 1 0
github.com/clearcompass-ai/ortholog-sdk/exchange/auth/signed_request.go:373.2,373.16 1 0
github.com/clearcompass-ai/ortholog-sdk/exchange/auth/signed_request.go:373.16,375.3 1 0
github.com/clearcompass-ai/ortholog-sdk/exchange/auth/signed_request.go:379.2,379.47 1 0
github.com/clearcompass-ai/ortholog-sdk/exchange/auth/signed_request.go:379.47,381.3 1 0
github.com/clearcompass-ai/ortholog-sdk/exchange/auth/signed_request.go:383.2,384.21 2 0
github.com/clearcompass-ai/ortholog-sdk/exchange/auth/signed_request.go:384.21,386.3 1 0
github.com/clearcompass-ai/ortholog-sdk/exchange/auth/signed_request.go:387.2,388.15 2 0
github.com/clearcompass-ai/ortholog-sdk/exchange/auth/signed_request.go:388.15,390.3 1 0
github.com/clearcompass-ai/ortholog-sdk/exchange/auth/signed_request.go:395.2,396.25 2 0
github.com/clearcompass-ai/ortholog-sdk/exchange/auth/signed_request.go:396.25,398.3 1 0
github.com/clearcompass-ai/ortholog-sdk/exchange/auth/signed_request.go:399.2,399.40 1 0
github.com/clearcompass-ai/ortholog-sdk/exchange/auth/signed_request.go:399.40,401.3 1 0
github.com/clearcompass-ai/ortholog-sdk/exchange/auth/signed_request.go:405.2,405.45 1 0
github.com/clearcompass-ai/ortholog-sdk/exchange/auth/signed_request.go:405.45,407.3 1 0
github.com/clearcompass-ai/ortholog-sdk/exchange/auth/signed_request.go:411.2,411.54 1 0
github.com/clearcompass-ai/ortholog-sdk/exchange/auth/signed_request.go:411.54,416.3 1 0
github.com/clearcompass-ai/ortholog-sdk/exchange/auth/signed_request.go:419.2,420.39 2 0
github.com/clearcompass-ai/ortholog-sdk/exchange/auth/signed_request.go:420.39,423.3 1 0
github.com/clearcompass-ai/ortholog-sdk/exchange/auth/signed_request.go:424.2,424.38 1 0
github.com/clearcompass-ai/ortholog-sdk/exchange/auth/signed_request.go:424.38,427.3 1 0
github.com/clearcompass-ai/ortholog-sdk/exchange/auth/signed_request.go:430.2,430.68 1 0
github.com/clearcompass-ai/ortholog-sdk/exchange/auth/signed_request.go:430.68,433.3 1 0
github.com/clearcompass-ai/ortholog-sdk/exchange/auth/signed_request.go:438.2,438.19 1 0
github.com/clearcompass-ai/ortholog-sdk/exchange/auth/signed_request.go:438.19,439.73 1 0
github.com/clearcompass-ai/ortholog-sdk/exchange/auth/signed_request.go:439.73,441.4 1 0
github.com/clearcompass-ai/ortholog-sdk/exchange/auth/signed_request.go:445.2,446.16 2 0
github.com/clearcompass-ai/ortholog-sdk/exchange/auth/signed_request.go:446.16,448.3 1 0
github.com/clearcompass-ai/ortholog-sdk/exchange/auth/signed_request.go:449.2,449.55 1 0
