mode: atomic
github.com/clearcompass-ai/ortholog-sdk/crypto/admission/adapter.go:17.95,18.17 1 1
github.com/clearcompass-ai/ortholog-sdk/crypto/admission/adapter.go:18.17,20.3 1 0
github.com/clearcompass-ai/ortholog-sdk/crypto/admission/adapter.go:21.2,28.3 1 1
github.com/clearcompass-ai/ortholog-sdk/crypto/admission/stamp.go:182.45,184.2 1 15
github.com/clearcompass-ai/ortholog-sdk/crypto/admission/stamp.go:241.48,242.24 1 3
github.com/clearcompass-ai/ortholog-sdk/crypto/admission/stamp.go:242.24,244.3 1 1
github.com/clearcompass-ai/ortholog-sdk/crypto/admission/stamp.go:245.2,246.13 2 2
github.com/clearcompass-ai/ortholog-sdk/crypto/admission/stamp.go:246.13,248.3 1 0
github.com/clearcompass-ai/ortholog-sdk/crypto/admission/stamp.go:249.2,249.36 1 2
github.com/clearcompass-ai/ortholog-sdk/crypto/admission/stamp.go:253.34,254.11 1 13
github.com/clearcompass-ai/ortholog-sdk/crypto/admission/stamp.go:254.11,256.3 1 2
github.com/clearcompass-ai/ortholog-sdk/crypto/admission/stamp.go:257.2,257.14 1 11
github.com/clearcompass-ai/ortholog-sdk/crypto/admission/stamp.go:345.39,346.66 1 23
github.com/clearcompass-ai/ortholog-sdk/crypto/admission/stamp.go:346.66,348.3 1 3
github.com/clearcompass-ai/ortholog-sdk/crypto/admission/stamp.go:349.2,349.20 1 20
github.com/clearcompass-ai/ortholog-sdk/crypto/admission/stamp.go:349.20,351.3 1 1
github.com/clearcompass-ai/ortholog-sdk/crypto/admission/stamp.go:352.2,352.34 1 19
github.com/clearcompass-ai/ortholog-sdk/crypto/admission/stamp.go:352.34,354.3 1 1
github.com/clearcompass-ai/ortholog-sdk/crypto/admission/stamp.go:355.2,355.20 1 18
github.com/clearcompass-ai/ortholog-sdk/crypto/admission/stamp.go:356.32,356.32 0 17
github.com/clearcompass-ai/ortholog-sdk/crypto/admission/stamp.go:358.10,359.67 1 1
github.com/clearcompass-ai/ortholog-sdk/crypto/admission/stamp.go:361.2,361.12 1 17
github.com/clearcompass-ai/ortholog-sdk/crypto/admission/stamp.go:375.51,376.37 1 16
github.com/clearcompass-ai/ortholog-sdk/crypto/admission/stamp.go:376.37,378.3 1 6
github.com/clearcompass-ai/ortholog-sdk/crypto/admission/stamp.go:382.2,383.16 2 10
github.com/clearcompass-ai/ortholog-sdk/crypto/admission/stamp.go:383.16,385.3 1 0
github.com/clearcompass-ai/ortholog-sdk/crypto/admission/stamp.go:387.2,387.36 1 10
github.com/clearcompass-ai/ortholog-sdk/crypto/admission/stamp.go:387.36,390.17 3 1563
github.com/clearcompass-ai/ortholog-sdk/crypto/admission/stamp.go:390.17,392.4 1 0
github.com/clearcompass-ai/ortholog-sdk/crypto/admission/stamp.go:393.3,393.42 1 1563
github.com/clearcompass-ai/ortholog-sdk/crypto/admission/stamp.go:393.42,395.4 1 10
github.com/clearcompass-ai/ortholog-sdk/crypto/admission/stamp.go:396.3,396.26 1 1553
github.com/clearcompass-ai/ortholog-sdk/crypto/admission/stamp.go:396.26,398.4 1 0
github.com/clearcompass-ai/ortholog-sdk/crypto/admission/stamp.go:444.9,445.18 1 12
github.com/clearcompass-ai/ortholog-sdk/crypto/admission/stamp.go:445.18,447.3 1 1
github.com/clearcompass-ai/ortholog-sdk/crypto/admission/stamp.go:448.2,448.40 1 11
github.com/clearcompass-ai/ortholog-sdk/crypto/admission/stamp.go:448.40,450.3 1 1
github.com/clearcompass-ai/ortholog-sdk/crypto/admission/stamp.go:451.2,451.26 1 10
github.com/clearcompass-ai/ortholog-sdk/crypto/admission/stamp.go:451.26,453.3 1 0
github.com/clearcompass-ai/ortholog-sdk/crypto/admission/stamp.go:454.2,454.39 1 10
github.com/clearcompass-ai/ortholog-sdk/crypto/admission/stamp.go:454.39,457.3 1 1
github.com/clearcompass-ai/ortholog-sdk/crypto/admission/stamp.go:458.2,458.38 1 9
github.com/clearcompass-ai/ortholog-sdk/crypto/admission/stamp.go:458.38,461.3 1 1
github.com/clearcompass-ai/ortholog-sdk/crypto/admission/stamp.go:462.2,462.74 1 8
github.com/clearcompass-ai/ortholog-sdk/crypto/admission/stamp.go:462.74,464.3 1 0
github.com/clearcompass-ai/ortholog-sdk/crypto/admission/stamp.go:465.2,465.83 1 8
github.com/clearcompass-ai/ortholog-sdk/crypto/admission/stamp.go:465.83,468.3 1 1
github.com/clearcompass-ai/ortholog-sdk/crypto/admission/stamp.go:470.2,479.42 2 7
github.com/clearcompass-ai/ortholog-sdk/crypto/admission/stamp.go:479.42,481.3 1 0
github.com/clearcompass-ai/ortholog-sdk/crypto/admission/stamp.go:483.2,484.16 2 7
github.com/clearcompass-ai/ortholog-sdk/crypto/admission/stamp.go:484.16,486.3 1 0
github.com/clearcompass-ai/ortholog-sdk/crypto/admission/stamp.go:487.2,490.16 3 7
github.com/clearcompass-ai/ortholog-sdk/crypto/admission/stamp.go:490.16,492.3 1 0
github.com/clearcompass-ai/ortholog-sdk/crypto/admission/stamp.go:493.2,493.46 1 7
github.com/clearcompass-ai/ortholog-sdk/crypto/admission/stamp.go:493.46,495.3 1 2
github.com/clearcompass-ai/ortholog-sdk/crypto/admission/stamp.go:496.2,496.12 1 5
github.com/clearcompass-ai/ortholog-sdk/crypto/admission/stamp.go:514.85,516.34 2 21
github.com/clearcompass-ai/ortholog-sdk/crypto/admission/stamp.go:516.34,518.3 1 0
github.com/clearcompass-ai/ortholog-sdk/crypto/admission/stamp.go:520.2,541.30 14 21
github.com/clearcompass-ai/ortholog-sdk/crypto/admission/stamp.go:541.30,545.3 3 3
github.com/clearcompass-ai/ortholog-sdk/crypto/admission/stamp.go:545.8,549.3 2 18
github.com/clearcompass-ai/ortholog-sdk/crypto/admission/stamp.go:551.2,551.32 1 21
github.com/clearcompass-ai/ortholog-sdk/crypto/admission/stamp.go:561.94,562.18 1 1570
github.com/clearcompass-ai/ortholog-sdk/crypto/admission/stamp.go:563.18,564.35 1 1555
github.com/clearcompass-ai/ortholog-sdk/crypto/admission/stamp.go:565.20,567.25 2 15
github.com/clearcompass-ai/ortholog-sdk/crypto/admission/stamp.go:567.25,569.4 1 15
github.com/clearcompass-ai/ortholog-sdk/crypto/admission/stamp.go:570.3,573.16 4 15
github.com/clearcompass-ai/ortholog-sdk/crypto/admission/stamp.go:574.10,575.77 1 0
github.com/clearcompass-ai/ortholog-sdk/crypto/admission/stamp.go:587.50,589.25 2 1578
github.com/clearcompass-ai/ortholog-sdk/crypto/admission/stamp.go:589.25,590.21 1 1580
github.com/clearcompass-ai/ortholog-sdk/crypto/admission/stamp.go:590.21,592.4 1 1
github.com/clearcompass-ai/ortholog-sdk/crypto/admission/stamp.go:593.3,594.22 2 1579
github.com/clearcompass-ai/ortholog-sdk/crypto/admission/stamp.go:594.22,596.4 1 19
github.com/clearcompass-ai/ortholog-sdk/crypto/admission/stamp.go:597.3,597.13 1 1560
github.com/clearcompass-ai/ortholog-sdk/crypto/admission/stamp.go:597.13,599.4 1 1557
github.com/clearcompass-ai/ortholog-sdk/crypto/admission/stamp.go:600.3,600.17 1 3
github.com/clearcompass-ai/ortholog-sdk/crypto/admission/stamp.go:602.2,602.23 1 1
