mode: atomic
github.com/clearcompass-ai/ortholog-sdk/check_sdk_usage.go:143.52,144.28 1 0
github.com/clearcompass-ai/ortholog-sdk/check_sdk_usage.go:145.17,146.32 1 0
github.com/clearcompass-ai/ortholog-sdk/check_sdk_usage.go:147.22,148.33 1 0
github.com/clearcompass-ai/ortholog-sdk/check_sdk_usage.go:149.16,150.31 1 0
github.com/clearcompass-ai/ortholog-sdk/check_sdk_usage.go:152.2,152.81 1 0
github.com/clearcompass-ai/ortholog-sdk/check_sdk_usage.go:189.86,196.2 1 0
github.com/clearcompass-ai/ortholog-sdk/check_sdk_usage.go:201.51,203.40 2 0
github.com/clearcompass-ai/ortholog-sdk/check_sdk_usage.go:203.40,204.19 1 0
github.com/clearcompass-ai/ortholog-sdk/check_sdk_usage.go:204.19,206.4 1 0
github.com/clearcompass-ai/ortholog-sdk/check_sdk_usage.go:208.2,208.11 1 0
github.com/clearcompass-ai/ortholog-sdk/check_sdk_usage.go:214.87,216.9 2 0
github.com/clearcompass-ai/ortholog-sdk/check_sdk_usage.go:216.9,218.3 1 0
github.com/clearcompass-ai/ortholog-sdk/check_sdk_usage.go:219.2,220.17 2 0
github.com/clearcompass-ai/ortholog-sdk/check_sdk_usage.go:220.17,222.3 1 0
github.com/clearcompass-ai/ortholog-sdk/check_sdk_usage.go:223.2,223.52 1 0
github.com/clearcompass-ai/ortholog-sdk/check_sdk_usage.go:226.85,237.2 2 0
github.com/clearcompass-ai/ortholog-sdk/check_sdk_usage.go:243.13,253.17 3 0
github.com/clearcompass-ai/ortholog-sdk/check_sdk_usage.go:253.17,257.3 3 0
github.com/clearcompass-ai/ortholog-sdk/check_sdk_usage.go:259.2,260.16 2 0
github.com/clearcompass-ai/ortholog-sdk/check_sdk_usage.go:260.16,263.3 2 0
github.com/clearcompass-ai/ortholog-sdk/check_sdk_usage.go:265.2,266.16 2 0
github.com/clearcompass-ai/ortholog-sdk/check_sdk_usage.go:266.16,269.3 2 0
github.com/clearcompass-ai/ortholog-sdk/check_sdk_usage.go:271.2,273.16 3 0
github.com/clearcompass-ai/ortholog-sdk/check_sdk_usage.go:273.16,276.3 2 0
github.com/clearcompass-ai/ortholog-sdk/check_sdk_usage.go:278.2,280.20 2 0
github.com/clearcompass-ai/ortholog-sdk/check_sdk_usage.go:280.20,281.63 1 0
github.com/clearcompass-ai/ortholog-sdk/check_sdk_usage.go:281.63,283.4 1 0
github.com/clearcompass-ai/ortholog-sdk/check_sdk_usage.go:283.9,285.4 1 0
github.com/clearcompass-ai/ortholog-sdk/check_sdk_usage.go:289.2,289.37 1 0
github.com/clearcompass-ai/ortholog-sdk/check_sdk_usage.go:289.37,290.34 1 0
github.com/clearcompass-ai/ortholog-sdk/check_sdk_usage.go:290.34,292.4 1 0
github.com/clearcompass-ai/ortholog-sdk/check_sdk_usage.go:300.53,309.86 3 0
github.com/clearcompass-ai/ortholog-sdk/check_sdk_usage.go:309.86,310.21 1 0
github.com/clearcompass-ai/ortholog-sdk/check_sdk_usage.go:310.21,312.4 1 0
github.com/clearcompass-ai/ortholog-sdk/check_sdk_usage.go:313.3,313.16 1 0
github.com/clearcompass-ai/ortholog-sdk/check_sdk_usage.go:313.16,315.86 2 0
github.com/clearcompass-ai/ortholog-sdk/check_sdk_usage.go:315.86,316.20 1 0
github.com/clearcompass-ai/ortholog-sdk/check_sdk_usage.go:316.20,318.6 1 0
github.com/clearcompass-ai/ortholog-sdk/check_sdk_usage.go:319.5,319.28 1 0
github.com/clearcompass-ai/ortholog-sdk/check_sdk_usage.go:321.4,321.14 1 0
github.com/clearcompass-ai/ortholog-sdk/check_sdk_usage.go:323.3,323.42 1 0
github.com/clearcompass-ai/ortholog-sdk/check_sdk_usage.go:323.42,325.4 1 0
github.com/clearcompass-ai/ortholog-sdk/check_sdk_usage.go:326.3,326.65 1 0
github.com/clearcompass-ai/ortholog-sdk/check_sdk_usage.go:326.65,328.4 1 0
github.com/clearcompass-ai/ortholog-sdk/check_sdk_usage.go:330.3,331.17 2 0
github.com/clearcompass-ai/ortholog-sdk/check_sdk_usage.go:331.17,333.4 1 0
github.com/clearcompass-ai/ortholog-sdk/check_sdk_usage.go:335.3,336.17 2 0
github.com/clearcompass-ai/ortholog-sdk/check_sdk_usage.go:336.17,339.4 2 0
github.com/clearcompass-ai/ortholog-sdk/check_sdk_usage.go:341.3,346.29 4 0
github.com/clearcompass-ai/ortholog-sdk/check_sdk_usage.go:346.29,348.4 1 0
github.com/clearcompass-ai/ortholog-sdk/check_sdk_usage.go:350.3,352.13 3 0
github.com/clearcompass-ai/ortholog-sdk/check_sdk_usage.go:354.2,354.26 1 0
github.com/clearcompass-ai/ortholog-sdk/check_sdk_usage.go:357.68,359.32 2 0
github.com/clearcompass-ai/ortholog-sdk/check_sdk_usage.go:359.32,361.44 2 0
github.com/clearcompass-ai/ortholog-sdk/check_sdk_usage.go:361.44,362.12 1 0
github.com/clearcompass-ai/ortholog-sdk/check_sdk_usage.go:364.3,365.22 2 0
github.com/clearcompass-ai/ortholog-sdk/check_sdk_usage.go:365.22,367.4 1 0
github.com/clearcompass-ai/ortholog-sdk/check_sdk_usage.go:367.9,370.4 1 0
github.com/clearcompass-ai/ortholog-sdk/check_sdk_usage.go:371.3,371.20 1 0
github.com/clearcompass-ai/ortholog-sdk/check_sdk_usage.go:373.2,373.12 1 0
github.com/clearcompass-ai/ortholog-sdk/check_sdk_usage.go:380.45,383.39 1 0
github.com/clearcompass-ai/ortholog-sdk/check_sdk_usage.go:383.39,384.27 1 0
github.com/clearcompass-ai/ortholog-sdk/check_sdk_usage.go:385.26,391.29 2 0
github.com/clearcompass-ai/ortholog-sdk/check_sdk_usage.go:392.22,393.25 1 0
github.com/clearcompass-ai/ortholog-sdk/check_sdk_usage.go:394.26,395.29 1 0
github.com/clearcompass-ai/ortholog-sdk/check_sdk_usage.go:396.24,396.24 0 0
github.com/clearcompass-ai/ortholog-sdk/check_sdk_usage.go:399.3,399.14 1 0
github.com/clearcompass-ai/ortholog-sdk/check_sdk_usage.go:404.2,404.31 1 0
github.com/clearcompass-ai/ortholog-sdk/check_sdk_usage.go:404.31,406.10 2 0
github.com/clearcompass-ai/ortholog-sdk/check_sdk_usage.go:406.10,407.12 1 0
github.com/clearcompass-ai/ortholog-sdk/check_sdk_usage.go:409.3,409.26 1 0
github.com/clearcompass-ai/ortholog-sdk/check_sdk_usage.go:441.61,443.9 2 0
github.com/clearcompass-ai/ortholog-sdk/check_sdk_usage.go:443.9,445.3 1 0
github.com/clearcompass-ai/ortholog-sdk/check_sdk_usage.go:447.2,448.40 2 0
github.com/clearcompass-ai/ortholog-sdk/check_sdk_usage.go:448.40,449.26 1 0
github.com/clearcompass-ai/ortholog-sdk/check_sdk_usage.go:449.26,450.12 1 0
github.com/clearcompass-ai/ortholog-sdk/check_sdk_usage.go:452.3,453.8 2 0
github.com/clearcompass-ai/ortholog-sdk/check_sdk_usage.go:455.2,455.18 1 0
github.com/clearcompass-ai/ortholog-sdk/check_sdk_usage.go:455.18,457.3 1 0
github.com/clearcompass-ai/ortholog-sdk/check_sdk_usage.go:458.2,459.9 2 0
github.com/clearcompass-ai/ortholog-sdk/check_sdk_usage.go:459.9,461.3 1 0
github.com/clearcompass-ai/ortholog-sdk/check_sdk_usage.go:462.2,463.14 2 0
github.com/clearcompass-ai/ortholog-sdk/check_sdk_usage.go:463.14,465.3 1 0
github.com/clearcompass-ai/ortholog-sdk/check_sdk_usage.go:466.2,472.3 1 0
github.com/clearcompass-ai/ortholog-sdk/check_sdk_usage.go:483.60,484.45 1 0
github.com/clearcompass-ai/ortholog-sdk/check_sdk_usage.go:484.45,486.3 1 0
github.com/clearcompass-ai/ortholog-sdk/check_sdk_usage.go:490.2,490.39 1 0
github.com/clearcompass-ai/ortholog-sdk/check_sdk_usage.go:490.39,492.3 1 0
github.com/clearcompass-ai/ortholog-sdk/check_sdk_usage.go:493.2,499.3 1 0
github.com/clearcompass-ai/ortholog-sdk/check_sdk_usage.go:511.59,513.48 1 0
github.com/clearcompass-ai/ortholog-sdk/check_sdk_usage.go:513.48,514.65 1 0
github.com/clearcompass-ai/ortholog-sdk/check_sdk_usage.go:514.65,516.4 1 0
github.com/clearcompass-ai/ortholog-sdk/check_sdk_usage.go:519.2,519.30 1 0
github.com/clearcompass-ai/ortholog-sdk/check_sdk_usage.go:519.30,521.10 2 0
github.com/clearcompass-ai/ortholog-sdk/check_sdk_usage.go:521.10,522.12 1 0
github.com/clearcompass-ai/ortholog-sdk/check_sdk_usage.go:524.3,525.10 2 0
github.com/clearcompass-ai/ortholog-sdk/check_sdk_usage.go:525.10,526.12 1 0
github.com/clearcompass-ai/ortholog-sdk/check_sdk_usage.go:528.3,528.33 1 0
github.com/clearcompass-ai/ortholog-sdk/check_sdk_usage.go:528.33,529.75 1 0
github.com/clearcompass-ai/ortholog-sdk/check_sdk_usage.go:529.75,537.5 1 0
github.com/clearcompass-ai/ortholog-sdk/check_sdk_usage.go:554.63,556.38 2 0
github.com/clearcompass-ai/ortholog-sdk/check_sdk_usage.go:556.38,558.3 1 0
github.com/clearcompass-ai/ortholog-sdk/check_sdk_usage.go:559.2,559.39 1 0
github.com/clearcompass-ai/ortholog-sdk/check_sdk_usage.go:559.39,561.3 1 0
github.com/clearcompass-ai/ortholog-sdk/check_sdk_usage.go:562.2,568.3 1 0
github.com/clearcompass-ai/ortholog-sdk/check_sdk_usage.go:575.53,577.49 1 0
github.com/clearcompass-ai/ortholog-sdk/check_sdk_usage.go:577.49,582.3 4 0
github.com/clearcompass-ai/ortholog-sdk/check_sdk_usage.go:585.2,585.69 1 0
github.com/clearcompass-ai/ortholog-sdk/check_sdk_usage.go:585.69,586.26 1 0
github.com/clearcompass-ai/ortholog-sdk/check_sdk_usage.go:586.26,587.55 1 0
github.com/clearcompass-ai/ortholog-sdk/check_sdk_usage.go:587.55,589.5 1 0
github.com/clearcompass-ai/ortholog-sdk/check_sdk_usage.go:603.80,604.92 1 0
github.com/clearcompass-ai/ortholog-sdk/check_sdk_usage.go:604.92,606.3 1 0
github.com/clearcompass-ai/ortholog-sdk/check_sdk_usage.go:607.2,607.25 1 0
github.com/clearcompass-ai/ortholog-sdk/check_sdk_usage.go:607.25,609.3 1 0
github.com/clearcompass-ai/ortholog-sdk/check_sdk_usage.go:613.2,614.23 2 0
github.com/clearcompass-ai/ortholog-sdk/check_sdk_usage.go:614.23,616.3 1 0
github.com/clearcompass-ai/ortholog-sdk/check_sdk_usage.go:617.2,623.3 1 0
github.com/clearcompass-ai/ortholog-sdk/check_sdk_usage.go:634.82,635.60 1 0
github.com/clearcompass-ai/ortholog-sdk/check_sdk_usage.go:635.60,637.3 1 0
github.com/clearcompass-ai/ortholog-sdk/check_sdk_usage.go:638.2,638.39 1 0
github.com/clearcompass-ai/ortholog-sdk/check_sdk_usage.go:638.39,640.3 1 0
github.com/clearcompass-ai/ortholog-sdk/check_sdk_usage.go:641.2,647.3 1 0
github.com/clearcompass-ai/ortholog-sdk/check_sdk_usage.go:664.60,666.9 2 0
github.com/clearcompass-ai/ortholog-sdk/check_sdk_usage.go:666.9,668.3 1 0
github.com/clearcompass-ai/ortholog-sdk/check_sdk_usage.go:670.2,676.32 2 0
github.com/clearcompass-ai/ortholog-sdk/check_sdk_usage.go:676.32,678.3 1 0
github.com/clearcompass-ai/ortholog-sdk/check_sdk_usage.go:680.2,681.40 2 0
github.com/clearcompass-ai/ortholog-sdk/check_sdk_usage.go:681.40,682.30 1 0
github.com/clearcompass-ai/ortholog-sdk/check_sdk_usage.go:683.16,684.22 1 0
github.com/clearcompass-ai/ortholog-sdk/check_sdk_usage.go:685.20,686.26 1 0
github.com/clearcompass-ai/ortholog-sdk/check_sdk_usage.go:689.2,689.62 1 0
github.com/clearcompass-ai/ortholog-sdk/check_sdk_usage.go:689.62,691.3 1 0
github.com/clearcompass-ai/ortholog-sdk/check_sdk_usage.go:693.2,693.39 1 0
github.com/clearcompass-ai/ortholog-sdk/check_sdk_usage.go:693.39,695.3 1 0
github.com/clearcompass-ai/ortholog-sdk/check_sdk_usage.go:697.2,698.22 2 0
github.com/clearcompass-ai/ortholog-sdk/check_sdk_usage.go:699.24,700.74 1 0
github.com/clearcompass-ai/ortholog-sdk/check_sdk_usage.go:701.24,702.74 1 0
github.com/clearcompass-ai/ortholog-sdk/check_sdk_usage.go:703.20,704.83 1 0
github.com/clearcompass-ai/ortholog-sdk/check_sdk_usage.go:705.22,706.87 1 0
github.com/clearcompass-ai/ortholog-sdk/check_sdk_usage.go:708.2,715.3 1 0
github.com/clearcompass-ai/ortholog-sdk/check_sdk_usage.go:726.84,727.58 1 0
github.com/clearcompass-ai/ortholog-sdk/check_sdk_usage.go:727.58,729.3 1 0
github.com/clearcompass-ai/ortholog-sdk/check_sdk_usage.go:730.2,736.3 1 0
github.com/clearcompass-ai/ortholog-sdk/check_sdk_usage.go:748.85,749.72 1 0
github.com/clearcompass-ai/ortholog-sdk/check_sdk_usage.go:749.72,751.3 1 0
github.com/clearcompass-ai/ortholog-sdk/check_sdk_usage.go:752.2,752.24 1 0
github.com/clearcompass-ai/ortholog-sdk/check_sdk_usage.go:752.24,754.3 1 0
github.com/clearcompass-ai/ortholog-sdk/check_sdk_usage.go:755.2,757.9 3 0
github.com/clearcompass-ai/ortholog-sdk/check_sdk_usage.go:757.9,759.3 1 0
github.com/clearcompass-ai/ortholog-sdk/check_sdk_usage.go:760.2,766.17 3 0
github.com/clearcompass-ai/ortholog-sdk/check_sdk_usage.go:766.17,768.3 1 0
github.com/clearcompass-ai/ortholog-sdk/check_sdk_usage.go:769.2,775.3 1 0
github.com/clearcompass-ai/ortholog-sdk/check_sdk_usage.go:782.55,783.20 1 0
github.com/clearcompass-ai/ortholog-sdk/check_sdk_usage.go:783.20,785.3 1 0
github.com/clearcompass-ai/ortholog-sdk/check_sdk_usage.go:789.2,796.45 5 0
github.com/clearcompass-ai/ortholog-sdk/check_sdk_usage.go:796.45,797.27 1 0
github.com/clearcompass-ai/ortholog-sdk/check_sdk_usage.go:798.22,799.51 1 0
github.com/clearcompass-ai/ortholog-sdk/check_sdk_usage.go:799.51,800.34 1 0
github.com/clearcompass-ai/ortholog-sdk/check_sdk_usage.go:800.34,802.6 1 0
github.com/clearcompass-ai/ortholog-sdk/check_sdk_usage.go:803.5,803.46 1 0
github.com/clearcompass-ai/ortholog-sdk/check_sdk_usage.go:803.46,805.6 1 0
github.com/clearcompass-ai/ortholog-sdk/check_sdk_usage.go:806.5,806.60 1 0
github.com/clearcompass-ai/ortholog-sdk/check_sdk_usage.go:806.60,808.6 1 0
github.com/clearcompass-ai/ortholog-sdk/check_sdk_usage.go:810.5,810.44 1 0
github.com/clearcompass-ai/ortholog-sdk/check_sdk_usage.go:810.44,811.76 1 0
github.com/clearcompass-ai/ortholog-sdk/check_sdk_usage.go:811.76,812.51 1 0
github.com/clearcompass-ai/ortholog-sdk/check_sdk_usage.go:812.51,814.8 1 0
github.com/clearcompass-ai/ortholog-sdk/check_sdk_usage.go:818.26,819.40 1 0
github.com/clearcompass-ai/ortholog-sdk/check_sdk_usage.go:819.40,821.5 1 0
github.com/clearcompass-ai/ortholog-sdk/check_sdk_usage.go:823.3,823.14 1 0
github.com/clearcompass-ai/ortholog-sdk/check_sdk_usage.go:827.2,827.80 1 0
github.com/clearcompass-ai/ortholog-sdk/check_sdk_usage.go:827.80,828.36 1 0
github.com/clearcompass-ai/ortholog-sdk/check_sdk_usage.go:828.36,836.4 1 0
github.com/clearcompass-ai/ortholog-sdk/check_sdk_usage.go:840.2,840.87 1 0
github.com/clearcompass-ai/ortholog-sdk/check_sdk_usage.go:840.87,841.42 1 0
github.com/clearcompass-ai/ortholog-sdk/check_sdk_usage.go:841.42,849.4 1 0
github.com/clearcompass-ai/ortholog-sdk/check_sdk_usage.go:857.61,870.26 11 0
github.com/clearcompass-ai/ortholog-sdk/check_sdk_usage.go:870.26,874.3 3 0
github.com/clearcompass-ai/ortholog-sdk/check_sdk_usage.go:877.2,878.31 2 0
github.com/clearcompass-ai/ortholog-sdk/check_sdk_usage.go:878.31,879.21 1 0
github.com/clearcompass-ai/ortholog-sdk/check_sdk_usage.go:880.22,881.10 1 0
github.com/clearcompass-ai/ortholog-sdk/check_sdk_usage.go:882.24,883.11 1 0
github.com/clearcompass-ai/ortholog-sdk/check_sdk_usage.go:884.21,885.11 1 0
github.com/clearcompass-ai/ortholog-sdk/check_sdk_usage.go:888.2,894.51 5 0
github.com/clearcompass-ai/ortholog-sdk/check_sdk_usage.go:894.51,896.31 2 0
github.com/clearcompass-ai/ortholog-sdk/check_sdk_usage.go:896.31,898.4 1 0
github.com/clearcompass-ai/ortholog-sdk/check_sdk_usage.go:899.3,899.23 1 0
github.com/clearcompass-ai/ortholog-sdk/check_sdk_usage.go:899.23,901.4 1 0
github.com/clearcompass-ai/ortholog-sdk/check_sdk_usage.go:902.3,902.25 1 0
github.com/clearcompass-ai/ortholog-sdk/check_sdk_usage.go:906.2,908.31 3 0
github.com/clearcompass-ai/ortholog-sdk/check_sdk_usage.go:908.31,909.27 1 0
github.com/clearcompass-ai/ortholog-sdk/check_sdk_usage.go:909.27,915.4 5 0
github.com/clearcompass-ai/ortholog-sdk/check_sdk_usage.go:916.3,916.24 1 0
github.com/clearcompass-ai/ortholog-sdk/check_sdk_usage.go:916.24,919.4 2 0
github.com/clearcompass-ai/ortholog-sdk/check_sdk_usage.go:920.3,922.18 3 0
github.com/clearcompass-ai/ortholog-sdk/check_sdk_usage.go:922.18,924.4 1 0
github.com/clearcompass-ai/ortholog-sdk/check_sdk_usage.go:926.2,926.15 1 0
github.com/clearcompass-ai/ortholog-sdk/check_sdk_usage.go:929.35,930.11 1 0
github.com/clearcompass-ai/ortholog-sdk/check_sdk_usage.go:931.21,932.11 1 0
github.com/clearcompass-ai/ortholog-sdk/check_sdk_usage.go:933.23,934.11 1 0
github.com/clearcompass-ai/ortholog-sdk/check_sdk_usage.go:935.20,936.11 1 0
github.com/clearcompass-ai/ortholog-sdk/check_sdk_usage.go:938.2,938.10 1 0
github.com/clearcompass-ai/ortholog-sdk/check_sdk_usage.go:941.51,943.29 2 0
github.com/clearcompass-ai/ortholog-sdk/check_sdk_usage.go:943.29,944.22 1 0
github.com/clearcompass-ai/ortholog-sdk/check_sdk_usage.go:944.22,946.4 1 0
github.com/clearcompass-ai/ortholog-sdk/check_sdk_usage.go:948.2,948.10 1 0
github.com/clearcompass-ai/ortholog-sdk/check_sdk_usage.go:951.42,952.11 1 0
github.com/clearcompass-ai/ortholog-sdk/check_sdk_usage.go:953.25,954.19 1 0
github.com/clearcompass-ai/ortholog-sdk/check_sdk_usage.go:955.26,956.20 1 0
github.com/clearcompass-ai/ortholog-sdk/check_sdk_usage.go:957.24,958.18 1 0
github.com/clearcompass-ai/ortholog-sdk/check_sdk_usage.go:960.2,960.18 1 0
github.com/clearcompass-ai/ortholog-sdk/check_sdk_usage.go:963.55,965.16 2 0
github.com/clearcompass-ai/ortholog-sdk/check_sdk_usage.go:965.16,967.3 1 0
github.com/clearcompass-ai/ortholog-sdk/check_sdk_usage.go:968.2,968.37 1 0
