mode: atomic
github.com/clearcompass-ai/ortholog-sdk/lifecycle/artifact_access.go:82.46,84.2 1 0
github.com/clearcompass-ai/ortholog-sdk/lifecycle/artifact_access.go:86.80,90.9 4 0
github.com/clearcompass-ai/ortholog-sdk/lifecycle/artifact_access.go:90.9,92.3 1 0
github.com/clearcompass-ai/ortholog-sdk/lifecycle/artifact_access.go:93.2,94.17 2 0
github.com/clearcompass-ai/ortholog-sdk/lifecycle/artifact_access.go:97.83,102.2 4 0
github.com/clearcompass-ai/ortholog-sdk/lifecycle/artifact_access.go:104.58,109.2 4 0
github.com/clearcompass-ai/ortholog-sdk/lifecycle/artifact_access.go:155.90,157.40 1 0
github.com/clearcompass-ai/ortholog-sdk/lifecycle/artifact_access.go:157.40,162.3 1 0
github.com/clearcompass-ai/ortholog-sdk/lifecycle/artifact_access.go:165.2,165.29 1 0
github.com/clearcompass-ai/ortholog-sdk/lifecycle/artifact_access.go:165.29,170.3 1 0
github.com/clearcompass-ai/ortholog-sdk/lifecycle/artifact_access.go:171.2,171.32 1 0
github.com/clearcompass-ai/ortholog-sdk/lifecycle/artifact_access.go:171.32,176.3 1 0
github.com/clearcompass-ai/ortholog-sdk/lifecycle/artifact_access.go:180.2,182.36 3 0
github.com/clearcompass-ai/ortholog-sdk/lifecycle/artifact_access.go:182.36,187.3 1 0
github.com/clearcompass-ai/ortholog-sdk/lifecycle/artifact_access.go:189.2,190.36 2 0
github.com/clearcompass-ai/ortholog-sdk/lifecycle/artifact_access.go:190.36,195.3 1 0
github.com/clearcompass-ai/ortholog-sdk/lifecycle/artifact_access.go:197.2,198.16 2 0
github.com/clearcompass-ai/ortholog-sdk/lifecycle/artifact_access.go:198.16,203.3 1 0
github.com/clearcompass-ai/ortholog-sdk/lifecycle/artifact_access.go:205.2,205.64 1 0
github.com/clearcompass-ai/ortholog-sdk/lifecycle/artifact_access.go:205.64,211.3 1 0
github.com/clearcompass-ai/ortholog-sdk/lifecycle/artifact_access.go:214.2,214.46 1 0
github.com/clearcompass-ai/ortholog-sdk/lifecycle/artifact_access.go:214.46,219.3 1 0
github.com/clearcompass-ai/ortholog-sdk/lifecycle/artifact_access.go:222.2,222.31 1 0
github.com/clearcompass-ai/ortholog-sdk/lifecycle/artifact_access.go:222.31,227.3 1 0
github.com/clearcompass-ai/ortholog-sdk/lifecycle/artifact_access.go:228.2,228.50 1 0
github.com/clearcompass-ai/ortholog-sdk/lifecycle/artifact_access.go:228.50,229.33 1 0
github.com/clearcompass-ai/ortholog-sdk/lifecycle/artifact_access.go:229.33,234.4 1 0
github.com/clearcompass-ai/ortholog-sdk/lifecycle/artifact_access.go:236.2,240.8 1 0
github.com/clearcompass-ai/ortholog-sdk/lifecycle/artifact_access.go:299.96,300.73 1 0
github.com/clearcompass-ai/ortholog-sdk/lifecycle/artifact_access.go:300.73,302.3 1 0
github.com/clearcompass-ai/ortholog-sdk/lifecycle/artifact_access.go:303.2,303.32 1 0
github.com/clearcompass-ai/ortholog-sdk/lifecycle/artifact_access.go:303.32,305.3 1 0
github.com/clearcompass-ai/ortholog-sdk/lifecycle/artifact_access.go:308.2,308.71 1 0
github.com/clearcompass-ai/ortholog-sdk/lifecycle/artifact_access.go:308.71,318.17 2 0
github.com/clearcompass-ai/ortholog-sdk/lifecycle/artifact_access.go:318.17,320.4 1 0
github.com/clearcompass-ai/ortholog-sdk/lifecycle/artifact_access.go:321.3,321.24 1 0
github.com/clearcompass-ai/ortholog-sdk/lifecycle/artifact_access.go:321.24,323.4 1 0
github.com/clearcompass-ai/ortholog-sdk/lifecycle/artifact_access.go:327.2,328.48 2 0
github.com/clearcompass-ai/ortholog-sdk/lifecycle/artifact_access.go:329.30,330.53 1 0
github.com/clearcompass-ai/ortholog-sdk/lifecycle/artifact_access.go:330.53,332.4 1 0
github.com/clearcompass-ai/ortholog-sdk/lifecycle/artifact_access.go:333.33,334.56 1 0
github.com/clearcompass-ai/ortholog-sdk/lifecycle/artifact_access.go:334.56,336.4 1 0
github.com/clearcompass-ai/ortholog-sdk/lifecycle/artifact_access.go:337.10,339.43 1 0
github.com/clearcompass-ai/ortholog-sdk/lifecycle/artifact_access.go:343.2,343.37 1 0
github.com/clearcompass-ai/ortholog-sdk/lifecycle/artifact_access.go:343.37,345.17 2 0
github.com/clearcompass-ai/ortholog-sdk/lifecycle/artifact_access.go:345.17,347.4 1 0
github.com/clearcompass-ai/ortholog-sdk/lifecycle/artifact_access.go:348.3,348.27 1 0
github.com/clearcompass-ai/ortholog-sdk/lifecycle/artifact_access.go:351.2,352.43 2 0
github.com/clearcompass-ai/ortholog-sdk/lifecycle/artifact_access.go:352.43,354.17 2 0
github.com/clearcompass-ai/ortholog-sdk/lifecycle/artifact_access.go:354.17,356.4 1 0
github.com/clearcompass-ai/ortholog-sdk/lifecycle/artifact_access.go:357.3,357.28 1 0
github.com/clearcompass-ai/ortholog-sdk/lifecycle/artifact_access.go:360.2,360.20 1 0
github.com/clearcompass-ai/ortholog-sdk/lifecycle/artifact_access.go:364.93,366.33 2 0
github.com/clearcompass-ai/ortholog-sdk/lifecycle/artifact_access.go:366.33,368.3 1 0
github.com/clearcompass-ai/ortholog-sdk/lifecycle/artifact_access.go:370.2,371.16 2 0
github.com/clearcompass-ai/ortholog-sdk/lifecycle/artifact_access.go:371.16,373.3 1 0
github.com/clearcompass-ai/ortholog-sdk/lifecycle/artifact_access.go:376.2,381.16 5 0
github.com/clearcompass-ai/ortholog-sdk/lifecycle/artifact_access.go:381.16,383.3 1 0
github.com/clearcompass-ai/ortholog-sdk/lifecycle/artifact_access.go:385.2,387.12 3 0
github.com/clearcompass-ai/ortholog-sdk/lifecycle/artifact_access.go:392.96,393.27 1 0
github.com/clearcompass-ai/ortholog-sdk/lifecycle/artifact_access.go:393.27,395.3 1 0
github.com/clearcompass-ai/ortholog-sdk/lifecycle/artifact_access.go:396.2,396.37 1 0
github.com/clearcompass-ai/ortholog-sdk/lifecycle/artifact_access.go:396.37,398.3 1 0
github.com/clearcompass-ai/ortholog-sdk/lifecycle/artifact_access.go:400.2,401.54 2 0
github.com/clearcompass-ai/ortholog-sdk/lifecycle/artifact_access.go:401.54,404.3 2 0
github.com/clearcompass-ai/ortholog-sdk/lifecycle/artifact_access.go:407.2,408.16 2 0
github.com/clearcompass-ai/ortholog-sdk/lifecycle/artifact_access.go:408.16,410.3 1 0
github.com/clearcompass-ai/ortholog-sdk/lifecycle/artifact_access.go:412.2,413.28 2 0
github.com/clearcompass-ai/ortholog-sdk/lifecycle/artifact_access.go:413.28,415.19 2 0
github.com/clearcompass-ai/ortholog-sdk/lifecycle/artifact_access.go:415.19,417.4 1 0
github.com/clearcompass-ai/ortholog-sdk/lifecycle/artifact_access.go:418.3,418.17 1 0
github.com/clearcompass-ai/ortholog-sdk/lifecycle/artifact_access.go:421.2,424.12 4 0
github.com/clearcompass-ai/ortholog-sdk/lifecycle/artifact_access.go:430.96,438.31 2 0
github.com/clearcompass-ai/ortholog-sdk/lifecycle/artifact_access.go:438.31,440.3 1 0
github.com/clearcompass-ai/ortholog-sdk/lifecycle/artifact_access.go:441.2,442.16 2 0
github.com/clearcompass-ai/ortholog-sdk/lifecycle/artifact_access.go:442.16,444.3 1 0
github.com/clearcompass-ai/ortholog-sdk/lifecycle/artifact_access.go:445.2,449.4 1 0
github.com/clearcompass-ai/ortholog-sdk/lifecycle/artifact_access.go:479.86,480.32 1 0
github.com/clearcompass-ai/ortholog-sdk/lifecycle/artifact_access.go:480.32,482.3 1 0
github.com/clearcompass-ai/ortholog-sdk/lifecycle/artifact_access.go:485.2,485.83 1 0
github.com/clearcompass-ai/ortholog-sdk/lifecycle/artifact_access.go:485.83,487.3 1 0
github.com/clearcompass-ai/ortholog-sdk/lifecycle/artifact_access.go:490.2,492.48 3 0
github.com/clearcompass-ai/ortholog-sdk/lifecycle/artifact_access.go:493.30,494.24 1 0
github.com/clearcompass-ai/ortholog-sdk/lifecycle/artifact_access.go:494.24,496.4 1 0
github.com/clearcompass-ai/ortholog-sdk/lifecycle/artifact_access.go:497.3,497.76 1 0
github.com/clearcompass-ai/ortholog-sdk/lifecycle/artifact_access.go:498.33,499.55 1 0
github.com/clearcompass-ai/ortholog-sdk/lifecycle/artifact_access.go:499.55,501.4 1 0
github.com/clearcompass-ai/ortholog-sdk/lifecycle/artifact_access.go:502.3,505.4 1 0
github.com/clearcompass-ai/ortholog-sdk/lifecycle/artifact_access.go:506.10,508.43 1 0
github.com/clearcompass-ai/ortholog-sdk/lifecycle/artifact_access.go:510.2,510.16 1 0
github.com/clearcompass-ai/ortholog-sdk/lifecycle/artifact_access.go:510.16,512.3 1 0
github.com/clearcompass-ai/ortholog-sdk/lifecycle/artifact_access.go:515.2,515.79 1 0
github.com/clearcompass-ai/ortholog-sdk/lifecycle/artifact_access.go:515.79,517.3 1 0
github.com/clearcompass-ai/ortholog-sdk/lifecycle/artifact_access.go:519.2,519.23 1 0
github.com/clearcompass-ai/ortholog-sdk/lifecycle/artifact_access.go:545.93,547.33 2 0
github.com/clearcompass-ai/ortholog-sdk/lifecycle/artifact_access.go:547.33,549.3 1 0
github.com/clearcompass-ai/ortholog-sdk/lifecycle/artifact_access.go:551.2,552.16 2 0
github.com/clearcompass-ai/ortholog-sdk/lifecycle/artifact_access.go:552.16,554.3 1 0
github.com/clearcompass-ai/ortholog-sdk/lifecycle/artifact_access.go:556.2,557.16 2 0
github.com/clearcompass-ai/ortholog-sdk/lifecycle/artifact_access.go:557.16,559.3 1 0
github.com/clearcompass-ai/ortholog-sdk/lifecycle/artifact_access.go:561.2,562.64 2 0
github.com/clearcompass-ai/ortholog-sdk/lifecycle/artifact_access.go:562.64,564.3 1 0
github.com/clearcompass-ai/ortholog-sdk/lifecycle/artifact_access.go:566.2,566.32 1 0
github.com/clearcompass-ai/ortholog-sdk/lifecycle/artifact_access.go:566.32,568.3 1 0
github.com/clearcompass-ai/ortholog-sdk/lifecycle/artifact_access.go:571.2,573.71 2 0
github.com/clearcompass-ai/ortholog-sdk/lifecycle/delegation_key.go:59.95,62.16 2 0
github.com/clearcompass-ai/ortholog-sdk/lifecycle/delegation_key.go:62.16,64.3 1 0
github.com/clearcompass-ai/ortholog-sdk/lifecycle/delegation_key.go:67.2,69.16 3 0
github.com/clearcompass-ai/ortholog-sdk/lifecycle/delegation_key.go:69.16,71.3 1 0
github.com/clearcompass-ai/ortholog-sdk/lifecycle/delegation_key.go:74.2,78.15 2 0
github.com/clearcompass-ai/ortholog-sdk/lifecycle/delegation_key.go:78.15,79.29 1 0
github.com/clearcompass-ai/ortholog-sdk/lifecycle/delegation_key.go:79.29,81.4 1 0
github.com/clearcompass-ai/ortholog-sdk/lifecycle/delegation_key.go:86.2,94.16 6 0
github.com/clearcompass-ai/ortholog-sdk/lifecycle/delegation_key.go:94.16,96.3 1 0
github.com/clearcompass-ai/ortholog-sdk/lifecycle/delegation_key.go:98.2,98.33 1 0
github.com/clearcompass-ai/ortholog-sdk/lifecycle/delegation_key.go:121.86,122.31 1 0
github.com/clearcompass-ai/ortholog-sdk/lifecycle/delegation_key.go:122.31,124.3 1 0
github.com/clearcompass-ai/ortholog-sdk/lifecycle/delegation_key.go:127.2,131.47 3 0
github.com/clearcompass-ai/ortholog-sdk/lifecycle/delegation_key.go:131.47,133.3 1 0
github.com/clearcompass-ai/ortholog-sdk/lifecycle/delegation_key.go:135.2,143.16 4 0
github.com/clearcompass-ai/ortholog-sdk/lifecycle/delegation_key.go:143.16,145.3 1 0
github.com/clearcompass-ai/ortholog-sdk/lifecycle/delegation_key.go:148.2,148.22 1 0
github.com/clearcompass-ai/ortholog-sdk/lifecycle/delegation_key.go:148.22,150.24 1 0
github.com/clearcompass-ai/ortholog-sdk/lifecycle/delegation_key.go:150.24,152.4 1 0
github.com/clearcompass-ai/ortholog-sdk/lifecycle/delegation_key.go:153.3,153.109 1 0
github.com/clearcompass-ai/ortholog-sdk/lifecycle/delegation_key.go:156.2,156.19 1 0
github.com/clearcompass-ai/ortholog-sdk/lifecycle/delegation_key.go:165.39,167.20 2 0
github.com/clearcompass-ai/ortholog-sdk/lifecycle/delegation_key.go:167.20,169.3 1 0
github.com/clearcompass-ai/ortholog-sdk/lifecycle/delegation_key.go:170.2,172.15 3 0
github.com/clearcompass-ai/ortholog-sdk/lifecycle/difficulty.go:103.62,111.2 1 1
github.com/clearcompass-ai/ortholog-sdk/lifecycle/difficulty.go:114.46,115.28 1 16
github.com/clearcompass-ai/ortholog-sdk/lifecycle/difficulty.go:115.28,117.3 1 1
github.com/clearcompass-ai/ortholog-sdk/lifecycle/difficulty.go:118.2,118.49 1 15
github.com/clearcompass-ai/ortholog-sdk/lifecycle/difficulty.go:118.49,120.3 1 2
github.com/clearcompass-ai/ortholog-sdk/lifecycle/difficulty.go:121.2,121.22 1 13
github.com/clearcompass-ai/ortholog-sdk/lifecycle/difficulty.go:122.52,122.52 0 12
github.com/clearcompass-ai/ortholog-sdk/lifecycle/difficulty.go:123.10,124.84 1 1
github.com/clearcompass-ai/ortholog-sdk/lifecycle/difficulty.go:126.2,126.12 1 12
github.com/clearcompass-ai/ortholog-sdk/lifecycle/difficulty.go:157.34,158.39 1 10
github.com/clearcompass-ai/ortholog-sdk/lifecycle/difficulty.go:158.39,160.3 1 4
github.com/clearcompass-ai/ortholog-sdk/lifecycle/difficulty.go:162.2,173.16 3 6
github.com/clearcompass-ai/ortholog-sdk/lifecycle/difficulty.go:173.16,175.3 1 0
github.com/clearcompass-ai/ortholog-sdk/lifecycle/difficulty.go:177.2,184.8 1 6
github.com/clearcompass-ai/ortholog-sdk/lifecycle/difficulty.go:200.9,201.39 1 6
github.com/clearcompass-ai/ortholog-sdk/lifecycle/difficulty.go:201.39,203.3 1 0
github.com/clearcompass-ai/ortholog-sdk/lifecycle/difficulty.go:204.2,214.3 2 6
github.com/clearcompass-ai/ortholog-sdk/lifecycle/helpers.go:20.33,20.56 1 0
github.com/clearcompass-ai/ortholog-sdk/lifecycle/helpers.go:23.66,24.20 1 0
github.com/clearcompass-ai/ortholog-sdk/lifecycle/helpers.go:24.20,26.3 1 0
github.com/clearcompass-ai/ortholog-sdk/lifecycle/helpers.go:27.2,29.14 3 0
github.com/clearcompass-ai/ortholog-sdk/lifecycle/helpers.go:29.14,31.3 1 0
github.com/clearcompass-ai/ortholog-sdk/lifecycle/helpers.go:32.2,32.52 1 0
github.com/clearcompass-ai/ortholog-sdk/lifecycle/helpers.go:38.36,40.16 2 0
github.com/clearcompass-ai/ortholog-sdk/lifecycle/helpers.go:40.16,41.57 1 0
github.com/clearcompass-ai/ortholog-sdk/lifecycle/helpers.go:43.2,43.10 1 0
github.com/clearcompass-ai/ortholog-sdk/lifecycle/provision.go:89.56,91.26 2 0
github.com/clearcompass-ai/ortholog-sdk/lifecycle/provision.go:91.26,93.3 1 0
github.com/clearcompass-ai/ortholog-sdk/lifecycle/provision.go:94.2,96.16 3 0
github.com/clearcompass-ai/ortholog-sdk/lifecycle/provision.go:166.69,167.70 1 0
github.com/clearcompass-ai/ortholog-sdk/lifecycle/provision.go:167.70,169.3 1 0
github.com/clearcompass-ai/ortholog-sdk/lifecycle/provision.go:170.2,170.25 1 0
github.com/clearcompass-ai/ortholog-sdk/lifecycle/provision.go:170.25,172.3 1 0
github.com/clearcompass-ai/ortholog-sdk/lifecycle/provision.go:173.2,173.22 1 0
github.com/clearcompass-ai/ortholog-sdk/lifecycle/provision.go:173.22,175.3 1 0
github.com/clearcompass-ai/ortholog-sdk/lifecycle/provision.go:176.2,176.32 1 0
github.com/clearcompass-ai/ortholog-sdk/lifecycle/provision.go:176.32,178.3 1 0
github.com/clearcompass-ai/ortholog-sdk/lifecycle/provision.go:180.2,181.20 2 0
github.com/clearcompass-ai/ortholog-sdk/lifecycle/provision.go:181.20,183.3 1 0
github.com/clearcompass-ai/ortholog-sdk/lifecycle/provision.go:185.2,190.25 3 0
github.com/clearcompass-ai/ortholog-sdk/lifecycle/provision.go:190.25,192.3 1 0
github.com/clearcompass-ai/ortholog-sdk/lifecycle/provision.go:195.2,202.16 2 0
github.com/clearcompass-ai/ortholog-sdk/lifecycle/provision.go:202.16,204.3 1 0
github.com/clearcompass-ai/ortholog-sdk/lifecycle/provision.go:205.2,208.36 2 0
github.com/clearcompass-ai/ortholog-sdk/lifecycle/provision.go:208.36,216.17 2 0
github.com/clearcompass-ai/ortholog-sdk/lifecycle/provision.go:216.17,218.4 1 0
github.com/clearcompass-ai/ortholog-sdk/lifecycle/provision.go:219.3,219.68 1 0
github.com/clearcompass-ai/ortholog-sdk/lifecycle/provision.go:223.2,223.32 1 0
github.com/clearcompass-ai/ortholog-sdk/lifecycle/provision.go:223.32,231.17 2 0
github.com/clearcompass-ai/ortholog-sdk/lifecycle/provision.go:231.17,233.4 1 0
github.com/clearcompass-ai/ortholog-sdk/lifecycle/provision.go:234.3,234.73 1 0
github.com/clearcompass-ai/ortholog-sdk/lifecycle/provision.go:237.2,237.23 1 0
github.com/clearcompass-ai/ortholog-sdk/lifecycle/recovery.go:107.82,108.68 1 0
github.com/clearcompass-ai/ortholog-sdk/lifecycle/recovery.go:108.68,110.3 1 0
github.com/clearcompass-ai/ortholog-sdk/lifecycle/recovery.go:111.2,111.28 1 0
github.com/clearcompass-ai/ortholog-sdk/lifecycle/recovery.go:111.28,113.3 1 0
github.com/clearcompass-ai/ortholog-sdk/lifecycle/recovery.go:114.2,114.23 1 0
github.com/clearcompass-ai/ortholog-sdk/lifecycle/recovery.go:114.23,116.3 1 0
github.com/clearcompass-ai/ortholog-sdk/lifecycle/recovery.go:118.2,119.20 2 0
github.com/clearcompass-ai/ortholog-sdk/lifecycle/recovery.go:119.20,121.3 1 0
github.com/clearcompass-ai/ortholog-sdk/lifecycle/recovery.go:123.2,136.16 3 0
github.com/clearcompass-ai/ortholog-sdk/lifecycle/recovery.go:136.16,138.3 1 0
github.com/clearcompass-ai/ortholog-sdk/lifecycle/recovery.go:140.2,143.8 1 0
github.com/clearcompass-ai/ortholog-sdk/lifecycle/recovery.go:199.69,206.42 3 0
github.com/clearcompass-ai/ortholog-sdk/lifecycle/recovery.go:206.42,208.51 1 0
github.com/clearcompass-ai/ortholog-sdk/lifecycle/recovery.go:208.51,211.12 3 0
github.com/clearcompass-ai/ortholog-sdk/lifecycle/recovery.go:215.3,215.24 1 0
github.com/clearcompass-ai/ortholog-sdk/lifecycle/recovery.go:215.24,218.12 3 0
github.com/clearcompass-ai/ortholog-sdk/lifecycle/recovery.go:220.3,221.57 2 0
github.com/clearcompass-ai/ortholog-sdk/lifecycle/recovery.go:224.2,225.20 2 0
github.com/clearcompass-ai/ortholog-sdk/lifecycle/recovery.go:301.72,302.68 1 0
github.com/clearcompass-ai/ortholog-sdk/lifecycle/recovery.go:302.68,304.3 1 0
github.com/clearcompass-ai/ortholog-sdk/lifecycle/recovery.go:305.2,305.24 1 0
github.com/clearcompass-ai/ortholog-sdk/lifecycle/recovery.go:305.24,307.3 1 0
github.com/clearcompass-ai/ortholog-sdk/lifecycle/recovery.go:310.2,311.16 2 0
github.com/clearcompass-ai/ortholog-sdk/lifecycle/recovery.go:311.16,313.3 1 0
github.com/clearcompass-ai/ortholog-sdk/lifecycle/recovery.go:316.2,316.61 1 0
github.com/clearcompass-ai/ortholog-sdk/lifecycle/recovery.go:316.61,319.3 1 0
github.com/clearcompass-ai/ortholog-sdk/lifecycle/recovery.go:320.2,330.40 5 0
github.com/clearcompass-ai/ortholog-sdk/lifecycle/recovery.go:330.40,337.17 2 0
github.com/clearcompass-ai/ortholog-sdk/lifecycle/recovery.go:337.17,340.12 1 0
github.com/clearcompass-ai/ortholog-sdk/lifecycle/recovery.go:344.3,344.24 1 0
github.com/clearcompass-ai/ortholog-sdk/lifecycle/recovery.go:344.24,345.77 1 0
github.com/clearcompass-ai/ortholog-sdk/lifecycle/recovery.go:345.77,346.13 1 0
github.com/clearcompass-ai/ortholog-sdk/lifecycle/recovery.go:350.3,350.65 1 0
github.com/clearcompass-ai/ortholog-sdk/lifecycle/recovery.go:354.2,354.51 1 0
github.com/clearcompass-ai/ortholog-sdk/lifecycle/recovery.go:354.51,356.21 2 0
github.com/clearcompass-ai/ortholog-sdk/lifecycle/recovery.go:356.21,358.4 1 0
github.com/clearcompass-ai/ortholog-sdk/lifecycle/recovery.go:360.3,371.17 2 0
github.com/clearcompass-ai/ortholog-sdk/lifecycle/recovery.go:371.17,373.4 1 0
github.com/clearcompass-ai/ortholog-sdk/lifecycle/recovery.go:377.2,377.29 1 0
github.com/clearcompass-ai/ortholog-sdk/lifecycle/recovery.go:377.29,379.3 1 0
github.com/clearcompass-ai/ortholog-sdk/lifecycle/recovery.go:380.2,380.28 1 0
github.com/clearcompass-ai/ortholog-sdk/lifecycle/recovery.go:380.28,382.3 1 0
github.com/clearcompass-ai/ortholog-sdk/lifecycle/recovery.go:383.2,383.30 1 0
github.com/clearcompass-ai/ortholog-sdk/lifecycle/recovery.go:383.30,385.3 1 0
github.com/clearcompass-ai/ortholog-sdk/lifecycle/recovery.go:387.2,387.20 1 0
github.com/clearcompass-ai/ortholog-sdk/lifecycle/recovery.go:444.75,445.29 1 0
github.com/clearcompass-ai/ortholog-sdk/lifecycle/recovery.go:445.29,447.3 1 0
github.com/clearcompass-ai/ortholog-sdk/lifecycle/recovery.go:452.2,454.27 3 0
github.com/clearcompass-ai/ortholog-sdk/lifecycle/recovery.go:454.27,457.3 2 0
github.com/clearcompass-ai/ortholog-sdk/lifecycle/recovery.go:458.2,462.41 3 0
github.com/clearcompass-ai/ortholog-sdk/lifecycle/recovery.go:462.41,464.17 2 0
github.com/clearcompass-ai/ortholog-sdk/lifecycle/recovery.go:464.17,465.12 1 0
github.com/clearcompass-ai/ortholog-sdk/lifecycle/recovery.go:467.3,467.40 1 0
github.com/clearcompass-ai/ortholog-sdk/lifecycle/recovery.go:467.40,468.12 1 0
github.com/clearcompass-ai/ortholog-sdk/lifecycle/recovery.go:470.3,470.62 1 0
github.com/clearcompass-ai/ortholog-sdk/lifecycle/recovery.go:470.62,471.12 1 0
github.com/clearcompass-ai/ortholog-sdk/lifecycle/recovery.go:473.3,473.35 1 0
github.com/clearcompass-ai/ortholog-sdk/lifecycle/recovery.go:473.35,474.12 1 0
github.com/clearcompass-ai/ortholog-sdk/lifecycle/recovery.go:476.3,476.38 1 0
github.com/clearcompass-ai/ortholog-sdk/lifecycle/recovery.go:478.2,485.30 3 0
github.com/clearcompass-ai/ortholog-sdk/lifecycle/recovery.go:485.30,489.3 2 0
github.com/clearcompass-ai/ortholog-sdk/lifecycle/recovery.go:492.2,492.21 1 0
github.com/clearcompass-ai/ortholog-sdk/lifecycle/recovery.go:492.21,493.34 1 0
github.com/clearcompass-ai/ortholog-sdk/lifecycle/recovery.go:493.34,496.4 2 0
github.com/clearcompass-ai/ortholog-sdk/lifecycle/recovery.go:498.3,499.61 2 0
github.com/clearcompass-ai/ortholog-sdk/lifecycle/recovery.go:499.61,501.4 1 0
github.com/clearcompass-ai/ortholog-sdk/lifecycle/recovery.go:504.2,507.21 3 0
github.com/clearcompass-ai/ortholog-sdk/lifecycle/recovery.go:507.21,509.3 1 0
github.com/clearcompass-ai/ortholog-sdk/lifecycle/recovery.go:510.2,510.20 1 0
github.com/clearcompass-ai/ortholog-sdk/lifecycle/recovery.go:525.82,526.28 1 0
github.com/clearcompass-ai/ortholog-sdk/lifecycle/recovery.go:526.28,529.3 2 0
github.com/clearcompass-ai/ortholog-sdk/lifecycle/recovery.go:530.2,530.17 1 0
github.com/clearcompass-ai/ortholog-sdk/lifecycle/recovery.go:533.81,533.95 1 0
github.com/clearcompass-ai/ortholog-sdk/lifecycle/recovery.go:534.81,534.95 1 0
github.com/clearcompass-ai/ortholog-sdk/lifecycle/scope_governance.go:123.40,124.12 1 0
github.com/clearcompass-ai/ortholog-sdk/lifecycle/scope_governance.go:125.28,126.25 1 0
github.com/clearcompass-ai/ortholog-sdk/lifecycle/scope_governance.go:127.31,128.28 1 0
github.com/clearcompass-ai/ortholog-sdk/lifecycle/scope_governance.go:129.32,130.29 1 0
github.com/clearcompass-ai/ortholog-sdk/lifecycle/scope_governance.go:131.31,132.28 1 0
github.com/clearcompass-ai/ortholog-sdk/lifecycle/scope_governance.go:133.10,134.19 1 0
github.com/clearcompass-ai/ortholog-sdk/lifecycle/scope_governance.go:189.78,190.68 1 0
github.com/clearcompass-ai/ortholog-sdk/lifecycle/scope_governance.go:190.68,192.3 1 0
github.com/clearcompass-ai/ortholog-sdk/lifecycle/scope_governance.go:193.2,193.25 1 0
github.com/clearcompass-ai/ortholog-sdk/lifecycle/scope_governance.go:193.25,195.3 1 0
github.com/clearcompass-ai/ortholog-sdk/lifecycle/scope_governance.go:197.2,198.20 2 0
github.com/clearcompass-ai/ortholog-sdk/lifecycle/scope_governance.go:198.20,200.3 1 0
github.com/clearcompass-ai/ortholog-sdk/lifecycle/scope_governance.go:205.2,209.23 2 0
github.com/clearcompass-ai/ortholog-sdk/lifecycle/scope_governance.go:209.23,211.3 1 0
github.com/clearcompass-ai/ortholog-sdk/lifecycle/scope_governance.go:212.2,212.30 1 0
github.com/clearcompass-ai/ortholog-sdk/lifecycle/scope_governance.go:212.30,214.38 2 0
github.com/clearcompass-ai/ortholog-sdk/lifecycle/scope_governance.go:214.38,216.4 1 0
github.com/clearcompass-ai/ortholog-sdk/lifecycle/scope_governance.go:217.3,217.43 1 0
github.com/clearcompass-ai/ortholog-sdk/lifecycle/scope_governance.go:220.2,221.25 2 0
github.com/clearcompass-ai/ortholog-sdk/lifecycle/scope_governance.go:221.25,223.3 1 0
github.com/clearcompass-ai/ortholog-sdk/lifecycle/scope_governance.go:225.2,231.16 2 0
github.com/clearcompass-ai/ortholog-sdk/lifecycle/scope_governance.go:231.16,233.3 1 0
github.com/clearcompass-ai/ortholog-sdk/lifecycle/scope_governance.go:239.2,245.8 2 0
github.com/clearcompass-ai/ortholog-sdk/lifecycle/scope_governance.go:310.74,311.22 1 0
github.com/clearcompass-ai/ortholog-sdk/lifecycle/scope_governance.go:311.22,313.3 1 0
github.com/clearcompass-ai/ortholog-sdk/lifecycle/scope_governance.go:315.2,316.16 2 0
github.com/clearcompass-ai/ortholog-sdk/lifecycle/scope_governance.go:316.16,318.3 1 0
github.com/clearcompass-ai/ortholog-sdk/lifecycle/scope_governance.go:320.2,327.25 3 0
github.com/clearcompass-ai/ortholog-sdk/lifecycle/scope_governance.go:327.25,330.3 1 0
github.com/clearcompass-ai/ortholog-sdk/lifecycle/scope_governance.go:330.8,333.3 1 0
github.com/clearcompass-ai/ortholog-sdk/lifecycle/scope_governance.go:334.2,334.30 1 0
github.com/clearcompass-ai/ortholog-sdk/lifecycle/scope_governance.go:334.30,336.3 1 0
github.com/clearcompass-ai/ortholog-sdk/lifecycle/scope_governance.go:339.2,341.25 2 0
github.com/clearcompass-ai/ortholog-sdk/lifecycle/scope_governance.go:341.25,343.3 1 0
github.com/clearcompass-ai/ortholog-sdk/lifecycle/scope_governance.go:345.2,345.30 1 0
github.com/clearcompass-ai/ortholog-sdk/lifecycle/scope_governance.go:345.30,347.20 2 0
github.com/clearcompass-ai/ortholog-sdk/lifecycle/scope_governance.go:347.20,348.12 1 0
github.com/clearcompass-ai/ortholog-sdk/lifecycle/scope_governance.go:350.3,353.59 2 0
github.com/clearcompass-ai/ortholog-sdk/lifecycle/scope_governance.go:353.59,354.12 1 0
github.com/clearcompass-ai/ortholog-sdk/lifecycle/scope_governance.go:358.3,358.22 1 0
github.com/clearcompass-ai/ortholog-sdk/lifecycle/scope_governance.go:358.22,359.12 1 0
github.com/clearcompass-ai/ortholog-sdk/lifecycle/scope_governance.go:361.3,365.25 4 0
github.com/clearcompass-ai/ortholog-sdk/lifecycle/scope_governance.go:368.2,369.20 2 0
github.com/clearcompass-ai/ortholog-sdk/lifecycle/scope_governance.go:415.74,416.68 1 0
github.com/clearcompass-ai/ortholog-sdk/lifecycle/scope_governance.go:416.68,418.3 1 0
github.com/clearcompass-ai/ortholog-sdk/lifecycle/scope_governance.go:419.2,419.25 1 0
github.com/clearcompass-ai/ortholog-sdk/lifecycle/scope_governance.go:419.25,421.3 1 0
github.com/clearcompass-ai/ortholog-sdk/lifecycle/scope_governance.go:422.2,422.25 1 0
github.com/clearcompass-ai/ortholog-sdk/lifecycle/scope_governance.go:422.25,424.3 1 0
github.com/clearcompass-ai/ortholog-sdk/lifecycle/scope_governance.go:425.2,425.33 1 0
github.com/clearcompass-ai/ortholog-sdk/lifecycle/scope_governance.go:425.33,427.3 1 0
github.com/clearcompass-ai/ortholog-sdk/lifecycle/scope_governance.go:429.2,430.20 2 0
github.com/clearcompass-ai/ortholog-sdk/lifecycle/scope_governance.go:430.20,432.3 1 0
github.com/clearcompass-ai/ortholog-sdk/lifecycle/scope_governance.go:434.2,445.4 1 0
github.com/clearcompass-ai/ortholog-sdk/lifecycle/scope_governance.go:509.65,510.68 1 0
github.com/clearcompass-ai/ortholog-sdk/lifecycle/scope_governance.go:510.68,512.3 1 0
github.com/clearcompass-ai/ortholog-sdk/lifecycle/scope_governance.go:513.2,513.25 1 0
github.com/clearcompass-ai/ortholog-sdk/lifecycle/scope_governance.go:513.25,515.3 1 0
github.com/clearcompass-ai/ortholog-sdk/lifecycle/scope_governance.go:516.2,516.25 1 0
github.com/clearcompass-ai/ortholog-sdk/lifecycle/scope_governance.go:516.25,518.3 1 0
github.com/clearcompass-ai/ortholog-sdk/lifecycle/scope_governance.go:520.2,521.20 2 0
github.com/clearcompass-ai/ortholog-sdk/lifecycle/scope_governance.go:521.20,523.3 1 0
github.com/clearcompass-ai/ortholog-sdk/lifecycle/scope_governance.go:526.2,530.25 2 0
github.com/clearcompass-ai/ortholog-sdk/lifecycle/scope_governance.go:530.25,532.3 1 0
github.com/clearcompass-ai/ortholog-sdk/lifecycle/scope_governance.go:534.2,543.16 2 0
github.com/clearcompass-ai/ortholog-sdk/lifecycle/scope_governance.go:543.16,545.3 1 0
github.com/clearcompass-ai/ortholog-sdk/lifecycle/scope_governance.go:548.2,550.57 3 0
github.com/clearcompass-ai/ortholog-sdk/lifecycle/scope_governance.go:550.57,553.3 2 0
github.com/clearcompass-ai/ortholog-sdk/lifecycle/scope_governance.go:555.2,562.8 2 0
github.com/clearcompass-ai/ortholog-sdk/lifecycle/scope_governance.go:607.72,608.68 1 0
github.com/clearcompass-ai/ortholog-sdk/lifecycle/scope_governance.go:608.68,610.3 1 0
github.com/clearcompass-ai/ortholog-sdk/lifecycle/scope_governance.go:611.2,611.25 1 0
github.com/clearcompass-ai/ortholog-sdk/lifecycle/scope_governance.go:611.25,613.3 1 0
github.com/clearcompass-ai/ortholog-sdk/lifecycle/scope_governance.go:615.2,616.20 2 0
github.com/clearcompass-ai/ortholog-sdk/lifecycle/scope_governance.go:616.20,618.3 1 0
github.com/clearcompass-ai/ortholog-sdk/lifecycle/scope_governance.go:620.2,633.4 1 0
github.com/clearcompass-ai/ortholog-sdk/lifecycle/scope_governance.go:652.28,653.66 1 0
github.com/clearcompass-ai/ortholog-sdk/lifecycle/scope_governance.go:653.66,655.3 1 0
github.com/clearcompass-ai/ortholog-sdk/lifecycle/scope_governance.go:656.2,656.20 1 0
github.com/clearcompass-ai/ortholog-sdk/lifecycle/scope_governance.go:656.20,658.3 1 0
github.com/clearcompass-ai/ortholog-sdk/lifecycle/scope_governance.go:659.2,664.4 1 0
github.com/clearcompass-ai/ortholog-sdk/lifecycle/scope_governance.go:669.94,671.30 2 0
github.com/clearcompass-ai/ortholog-sdk/lifecycle/scope_governance.go:671.30,672.23 1 0
github.com/clearcompass-ai/ortholog-sdk/lifecycle/scope_governance.go:672.23,674.4 1 0
github.com/clearcompass-ai/ortholog-sdk/lifecycle/scope_governance.go:676.2,676.15 1 0
github.com/clearcompass-ai/ortholog-sdk/lifecycle/scope_governance.go:681.89,683.30 2 0
github.com/clearcompass-ai/ortholog-sdk/lifecycle/scope_governance.go:683.30,685.3 1 0
github.com/clearcompass-ai/ortholog-sdk/lifecycle/scope_governance.go:686.2,687.15 2 0
