mode: atomic
github.com/clearcompass-ai/ortholog-sdk/crypto/escrow/api.go:10.59,11.40 1 0
github.com/clearcompass-ai/ortholog-sdk/crypto/escrow/api.go:11.40,11.94 1 0
github.com/clearcompass-ai/ortholog-sdk/crypto/escrow/api.go:12.2,12.22 1 0
github.com/clearcompass-ai/ortholog-sdk/crypto/escrow/api.go:12.22,12.76 1 0
github.com/clearcompass-ai/ortholog-sdk/crypto/escrow/api.go:13.2,13.36 1 0
github.com/clearcompass-ai/ortholog-sdk/crypto/escrow/api.go:13.36,13.128 1 0
github.com/clearcompass-ai/ortholog-sdk/crypto/escrow/api.go:14.2,15.25 2 0
github.com/clearcompass-ai/ortholog-sdk/crypto/escrow/api.go:15.25,15.123 1 0
github.com/clearcompass-ai/ortholog-sdk/crypto/escrow/api.go:16.2,17.53 2 0
github.com/clearcompass-ai/ortholog-sdk/crypto/escrow/api.go:17.53,19.65 2 0
github.com/clearcompass-ai/ortholog-sdk/crypto/escrow/api.go:19.65,19.127 1 0
github.com/clearcompass-ai/ortholog-sdk/crypto/escrow/api.go:20.3,20.26 1 0
github.com/clearcompass-ai/ortholog-sdk/crypto/escrow/api.go:20.26,20.95 1 0
github.com/clearcompass-ai/ortholog-sdk/crypto/escrow/api.go:22.2,22.20 1 0
github.com/clearcompass-ai/ortholog-sdk/crypto/escrow/api.go:25.55,26.22 1 0
github.com/clearcompass-ai/ortholog-sdk/crypto/escrow/api.go:26.22,26.70 1 0
github.com/clearcompass-ai/ortholog-sdk/crypto/escrow/api.go:27.2,28.26 2 0
github.com/clearcompass-ai/ortholog-sdk/crypto/escrow/api.go:28.26,28.90 1 0
github.com/clearcompass-ai/ortholog-sdk/crypto/escrow/api.go:29.2,29.27 1 0
github.com/clearcompass-ai/ortholog-sdk/crypto/escrow/api.go:29.27,30.24 1 0
github.com/clearcompass-ai/ortholog-sdk/crypto/escrow/api.go:30.24,30.131 1 0
github.com/clearcompass-ai/ortholog-sdk/crypto/escrow/api.go:32.2,33.27 2 0
github.com/clearcompass-ai/ortholog-sdk/crypto/escrow/api.go:33.27,34.32 1 0
github.com/clearcompass-ai/ortholog-sdk/crypto/escrow/api.go:34.32,34.125 1 0
github.com/clearcompass-ai/ortholog-sdk/crypto/escrow/api.go:36.2,37.27 2 0
github.com/clearcompass-ai/ortholog-sdk/crypto/escrow/api.go:37.27,38.19 1 0
github.com/clearcompass-ai/ortholog-sdk/crypto/escrow/api.go:38.19,38.74 1 0
github.com/clearcompass-ai/ortholog-sdk/crypto/escrow/api.go:39.3,39.20 1 0
github.com/clearcompass-ai/ortholog-sdk/crypto/escrow/api.go:39.20,39.83 1 0
github.com/clearcompass-ai/ortholog-sdk/crypto/escrow/api.go:40.3,40.23 1 0
github.com/clearcompass-ai/ortholog-sdk/crypto/escrow/api.go:42.2,44.27 3 0
github.com/clearcompass-ai/ortholog-sdk/crypto/escrow/api.go:44.27,44.46 1 0
github.com/clearcompass-ai/ortholog-sdk/crypto/escrow/api.go:45.2,45.51 1 0
github.com/clearcompass-ai/ortholog-sdk/crypto/escrow/api.go:45.51,47.28 2 0
github.com/clearcompass-ai/ortholog-sdk/crypto/escrow/api.go:47.28,47.56 1 0
github.com/clearcompass-ai/ortholog-sdk/crypto/escrow/api.go:48.3,48.56 1 0
github.com/clearcompass-ai/ortholog-sdk/crypto/escrow/api.go:50.2,50.20 1 0
github.com/clearcompass-ai/ortholog-sdk/crypto/escrow/api.go:53.31,55.12 2 0
github.com/clearcompass-ai/ortholog-sdk/crypto/escrow/api.go:55.12,56.15 1 0
github.com/clearcompass-ai/ortholog-sdk/crypto/escrow/api.go:56.15,56.30 1 0
github.com/clearcompass-ai/ortholog-sdk/crypto/escrow/api.go:57.3,58.17 3 0
github.com/clearcompass-ai/ortholog-sdk/crypto/escrow/api.go:58.17,58.30 1 0
github.com/clearcompass-ai/ortholog-sdk/crypto/escrow/api.go:59.3,59.10 1 0
github.com/clearcompass-ai/ortholog-sdk/crypto/escrow/api.go:61.2,61.15 1 0
github.com/clearcompass-ai/ortholog-sdk/crypto/escrow/api.go:64.28,65.12 1 0
github.com/clearcompass-ai/ortholog-sdk/crypto/escrow/api.go:65.12,65.24 1 0
github.com/clearcompass-ai/ortholog-sdk/crypto/escrow/api.go:66.2,67.25 2 0
github.com/clearcompass-ai/ortholog-sdk/crypto/escrow/api.go:67.25,67.92 2 0
github.com/clearcompass-ai/ortholog-sdk/crypto/escrow/api.go:68.2,69.15 2 0
github.com/clearcompass-ai/ortholog-sdk/crypto/escrow/api.go:72.54,74.40 2 0
github.com/clearcompass-ai/ortholog-sdk/crypto/escrow/api.go:74.40,74.84 1 0
github.com/clearcompass-ai/ortholog-sdk/crypto/escrow/api.go:75.2,75.15 1 0
github.com/clearcompass-ai/ortholog-sdk/crypto/escrow/api.go:78.64,80.31 2 0
github.com/clearcompass-ai/ortholog-sdk/crypto/escrow/api.go:80.31,82.32 3 0
github.com/clearcompass-ai/ortholog-sdk/crypto/escrow/api.go:82.32,83.14 1 0
github.com/clearcompass-ai/ortholog-sdk/crypto/escrow/api.go:83.14,83.24 1 0
github.com/clearcompass-ai/ortholog-sdk/crypto/escrow/api.go:84.4,84.71 2 0
github.com/clearcompass-ai/ortholog-sdk/crypto/escrow/api.go:86.3,86.58 1 0
github.com/clearcompass-ai/ortholog-sdk/crypto/escrow/api.go:88.2,88.15 1 0
github.com/clearcompass-ai/ortholog-sdk/crypto/escrow/blind_routing.go:14.76,15.27 1 0
github.com/clearcompass-ai/ortholog-sdk/crypto/escrow/blind_routing.go:15.27,15.75 1 0
github.com/clearcompass-ai/ortholog-sdk/crypto/escrow/blind_routing.go:15.77,15.87 1 0
github.com/clearcompass-ai/ortholog-sdk/crypto/escrow/blind_routing.go:17.50,17.88 1 0
github.com/clearcompass-ai/ortholog-sdk/crypto/escrow/blind_routing.go:20.78,21.27 1 0
github.com/clearcompass-ai/ortholog-sdk/crypto/escrow/blind_routing.go:21.27,21.75 1 0
github.com/clearcompass-ai/ortholog-sdk/crypto/escrow/blind_routing.go:21.77,21.87 1 0
github.com/clearcompass-ai/ortholog-sdk/crypto/escrow/blind_routing.go:23.52,23.87 1 0
github.com/clearcompass-ai/ortholog-sdk/crypto/escrow/ecies.go:26.33,26.56 1 0
github.com/clearcompass-ai/ortholog-sdk/crypto/escrow/ecies.go:34.84,35.23 1 0
github.com/clearcompass-ai/ortholog-sdk/crypto/escrow/ecies.go:35.23,37.3 1 0
github.com/clearcompass-ai/ortholog-sdk/crypto/escrow/ecies.go:38.2,42.16 3 0
github.com/clearcompass-ai/ortholog-sdk/crypto/escrow/ecies.go:42.16,44.3 1 0
github.com/clearcompass-ai/ortholog-sdk/crypto/escrow/ecies.go:49.2,50.15 2 0
github.com/clearcompass-ai/ortholog-sdk/crypto/escrow/ecies.go:50.15,52.3 1 0
github.com/clearcompass-ai/ortholog-sdk/crypto/escrow/ecies.go:58.2,65.16 6 0
github.com/clearcompass-ai/ortholog-sdk/crypto/escrow/ecies.go:65.16,67.3 1 0
github.com/clearcompass-ai/ortholog-sdk/crypto/escrow/ecies.go:68.2,69.16 2 0
github.com/clearcompass-ai/ortholog-sdk/crypto/escrow/ecies.go:69.16,71.3 1 0
github.com/clearcompass-ai/ortholog-sdk/crypto/escrow/ecies.go:72.2,73.44 2 0
github.com/clearcompass-ai/ortholog-sdk/crypto/escrow/ecies.go:73.44,75.3 1 0
github.com/clearcompass-ai/ortholog-sdk/crypto/escrow/ecies.go:76.2,84.20 7 0
github.com/clearcompass-ai/ortholog-sdk/crypto/escrow/ecies.go:89.88,90.24 1 0
github.com/clearcompass-ai/ortholog-sdk/crypto/escrow/ecies.go:90.24,92.3 1 0
github.com/clearcompass-ai/ortholog-sdk/crypto/escrow/ecies.go:93.2,96.32 2 0
github.com/clearcompass-ai/ortholog-sdk/crypto/escrow/ecies.go:96.32,98.3 1 0
github.com/clearcompass-ai/ortholog-sdk/crypto/escrow/ecies.go:99.2,100.17 2 0
github.com/clearcompass-ai/ortholog-sdk/crypto/escrow/ecies.go:100.17,102.3 1 0
github.com/clearcompass-ai/ortholog-sdk/crypto/escrow/ecies.go:106.2,107.15 2 0
github.com/clearcompass-ai/ortholog-sdk/crypto/escrow/ecies.go:107.15,109.3 1 0
github.com/clearcompass-ai/ortholog-sdk/crypto/escrow/ecies.go:112.2,119.16 6 0
github.com/clearcompass-ai/ortholog-sdk/crypto/escrow/ecies.go:119.16,121.3 1 0
github.com/clearcompass-ai/ortholog-sdk/crypto/escrow/ecies.go:122.2,123.16 2 0
github.com/clearcompass-ai/ortholog-sdk/crypto/escrow/ecies.go:123.16,125.3 1 0
github.com/clearcompass-ai/ortholog-sdk/crypto/escrow/ecies.go:127.2,131.16 4 0
github.com/clearcompass-ai/ortholog-sdk/crypto/escrow/ecies.go:131.16,133.3 1 0
github.com/clearcompass-ai/ortholog-sdk/crypto/escrow/ecies.go:134.2,134.23 1 0
github.com/clearcompass-ai/ortholog-sdk/crypto/escrow/ecies.go:139.84,140.28 1 0
github.com/clearcompass-ai/ortholog-sdk/crypto/escrow/ecies.go:140.28,142.3 1 0
github.com/clearcompass-ai/ortholog-sdk/crypto/escrow/ecies.go:143.2,144.16 2 0
github.com/clearcompass-ai/ortholog-sdk/crypto/escrow/ecies.go:144.16,146.3 1 0
github.com/clearcompass-ai/ortholog-sdk/crypto/escrow/ecies.go:147.2,147.46 1 0
github.com/clearcompass-ai/ortholog-sdk/crypto/escrow/ecies.go:152.91,154.16 2 0
github.com/clearcompass-ai/ortholog-sdk/crypto/escrow/ecies.go:154.16,156.3 1 0
github.com/clearcompass-ai/ortholog-sdk/crypto/escrow/ecies.go:157.2,157.36 1 0
github.com/clearcompass-ai/ortholog-sdk/crypto/escrow/ecies.go:163.35,165.20 2 0
github.com/clearcompass-ai/ortholog-sdk/crypto/escrow/ecies.go:165.20,167.3 1 0
github.com/clearcompass-ai/ortholog-sdk/crypto/escrow/ecies.go:168.2,170.15 3 0
github.com/clearcompass-ai/ortholog-sdk/crypto/escrow/ecies.go:177.34,179.20 2 0
github.com/clearcompass-ai/ortholog-sdk/crypto/escrow/ecies.go:179.20,181.3 1 0
github.com/clearcompass-ai/ortholog-sdk/crypto/escrow/ecies.go:182.2,184.15 3 0
github.com/clearcompass-ai/ortholog-sdk/crypto/escrow/share_format.go:22.46,23.24 1 0
github.com/clearcompass-ai/ortholog-sdk/crypto/escrow/share_format.go:23.24,23.104 1 0
github.com/clearcompass-ai/ortholog-sdk/crypto/escrow/share_format.go:24.2,24.33 1 0
github.com/clearcompass-ai/ortholog-sdk/crypto/escrow/share_format.go:24.33,24.103 1 0
github.com/clearcompass-ai/ortholog-sdk/crypto/escrow/share_format.go:25.2,25.18 1 0
github.com/clearcompass-ai/ortholog-sdk/crypto/escrow/share_format.go:25.18,25.73 1 0
github.com/clearcompass-ai/ortholog-sdk/crypto/escrow/share_format.go:26.2,28.17 5 0
github.com/clearcompass-ai/ortholog-sdk/crypto/escrow/share_format.go:31.51,32.31 1 0
github.com/clearcompass-ai/ortholog-sdk/crypto/escrow/share_format.go:32.31,32.115 1 0
github.com/clearcompass-ai/ortholog-sdk/crypto/escrow/share_format.go:33.2,33.30 1 0
github.com/clearcompass-ai/ortholog-sdk/crypto/escrow/share_format.go:33.30,33.102 1 0
github.com/clearcompass-ai/ortholog-sdk/crypto/escrow/share_format.go:34.2,34.18 1 0
github.com/clearcompass-ai/ortholog-sdk/crypto/escrow/share_format.go:34.18,34.77 1 0
github.com/clearcompass-ai/ortholog-sdk/crypto/escrow/share_format.go:35.2,36.68 3 0
github.com/clearcompass-ai/ortholog-sdk/crypto/escrow/verify_share.go:26.33,27.33 1 0
github.com/clearcompass-ai/ortholog-sdk/crypto/escrow/verify_share.go:27.33,29.3 1 0
github.com/clearcompass-ai/ortholog-sdk/crypto/escrow/verify_share.go:30.2,30.18 1 0
github.com/clearcompass-ai/ortholog-sdk/crypto/escrow/verify_share.go:30.18,32.3 1 0
github.com/clearcompass-ai/ortholog-sdk/crypto/escrow/verify_share.go:33.2,33.24 1 0
github.com/clearcompass-ai/ortholog-sdk/crypto/escrow/verify_share.go:33.24,35.3 1 0
github.com/clearcompass-ai/ortholog-sdk/crypto/escrow/verify_share.go:36.2,36.12 1 0
github.com/clearcompass-ai/ortholog-sdk/crypto/escrow/verify_share.go:42.43,43.22 1 0
github.com/clearcompass-ai/ortholog-sdk/crypto/escrow/verify_share.go:43.22,45.3 1 0
github.com/clearcompass-ai/ortholog-sdk/crypto/escrow/verify_share.go:46.2,47.27 2 0
github.com/clearcompass-ai/ortholog-sdk/crypto/escrow/verify_share.go:47.27,48.40 1 0
github.com/clearcompass-ai/ortholog-sdk/crypto/escrow/verify_share.go:48.40,50.4 1 0
github.com/clearcompass-ai/ortholog-sdk/crypto/escrow/verify_share.go:51.3,51.20 1 0
github.com/clearcompass-ai/ortholog-sdk/crypto/escrow/verify_share.go:51.20,53.4 1 0
github.com/clearcompass-ai/ortholog-sdk/crypto/escrow/verify_share.go:54.3,54.23 1 0
github.com/clearcompass-ai/ortholog-sdk/crypto/escrow/verify_share.go:56.2,56.12 1 0
