mode: atomic
github.com/clearcompass-ai/ortholog-sdk/crypto/artifact/api.go:24.88,25.64 1 0
github.com/clearcompass-ai/ortholog-sdk/crypto/artifact/api.go:25.64,27.3 1 0
github.com/clearcompass-ai/ortholog-sdk/crypto/artifact/api.go:28.2,28.66 1 0
github.com/clearcompass-ai/ortholog-sdk/crypto/artifact/api.go:28.66,30.3 1 0
github.com/clearcompass-ai/ortholog-sdk/crypto/artifact/api.go:31.2,32.16 2 0
github.com/clearcompass-ai/ortholog-sdk/crypto/artifact/api.go:32.16,34.3 1 0
github.com/clearcompass-ai/ortholog-sdk/crypto/artifact/api.go:35.2,36.16 2 0
github.com/clearcompass-ai/ortholog-sdk/crypto/artifact/api.go:36.16,38.3 1 0
github.com/clearcompass-ai/ortholog-sdk/crypto/artifact/api.go:39.2,40.29 2 0
github.com/clearcompass-ai/ortholog-sdk/crypto/artifact/api.go:43.74,45.16 2 0
github.com/clearcompass-ai/ortholog-sdk/crypto/artifact/api.go:45.16,47.3 1 0
github.com/clearcompass-ai/ortholog-sdk/crypto/artifact/api.go:48.2,49.16 2 0
github.com/clearcompass-ai/ortholog-sdk/crypto/artifact/api.go:49.16,51.3 1 0
github.com/clearcompass-ai/ortholog-sdk/crypto/artifact/api.go:52.2,53.16 2 0
github.com/clearcompass-ai/ortholog-sdk/crypto/artifact/api.go:53.16,55.3 1 0
github.com/clearcompass-ai/ortholog-sdk/crypto/artifact/api.go:56.2,56.23 1 0
github.com/clearcompass-ai/ortholog-sdk/crypto/artifact/api.go:59.92,61.16 2 0
github.com/clearcompass-ai/ortholog-sdk/crypto/artifact/api.go:61.16,63.3 1 0
github.com/clearcompass-ai/ortholog-sdk/crypto/artifact/api.go:66.2,66.15 1 0
github.com/clearcompass-ai/ortholog-sdk/crypto/artifact/api.go:66.15,67.28 1 0
github.com/clearcompass-ai/ortholog-sdk/crypto/artifact/api.go:67.28,69.4 1 0
github.com/clearcompass-ai/ortholog-sdk/crypto/artifact/api.go:72.2,73.16 2 0
github.com/clearcompass-ai/ortholog-sdk/crypto/artifact/api.go:73.16,75.3 1 0
github.com/clearcompass-ai/ortholog-sdk/crypto/artifact/api.go:77.2,77.27 1 0
github.com/clearcompass-ai/ortholog-sdk/crypto/artifact/api.go:80.32,81.25 1 0
github.com/clearcompass-ai/ortholog-sdk/crypto/artifact/api.go:81.25,83.3 1 0
github.com/clearcompass-ai/ortholog-sdk/crypto/artifact/api.go:84.2,84.27 1 0
github.com/clearcompass-ai/ortholog-sdk/crypto/artifact/api.go:84.27,86.3 1 0
github.com/clearcompass-ai/ortholog-sdk/crypto/artifact/api.go:89.127,90.26 1 0
github.com/clearcompass-ai/ortholog-sdk/crypto/artifact/api.go:90.26,92.3 1 0
github.com/clearcompass-ai/ortholog-sdk/crypto/artifact/api.go:93.2,93.37 1 0
github.com/clearcompass-ai/ortholog-sdk/crypto/artifact/api.go:93.37,95.3 1 0
github.com/clearcompass-ai/ortholog-sdk/crypto/artifact/api.go:96.2,97.16 2 0
github.com/clearcompass-ai/ortholog-sdk/crypto/artifact/api.go:97.16,99.3 1 0
github.com/clearcompass-ai/ortholog-sdk/crypto/artifact/api.go:100.2,100.29 1 0
github.com/clearcompass-ai/ortholog-sdk/crypto/artifact/api.go:100.29,101.39 1 0
github.com/clearcompass-ai/ortholog-sdk/crypto/artifact/api.go:101.39,102.29 1 0
github.com/clearcompass-ai/ortholog-sdk/crypto/artifact/api.go:102.29,104.5 1 0
github.com/clearcompass-ai/ortholog-sdk/crypto/artifact/api.go:105.4,105.142 1 0
github.com/clearcompass-ai/ortholog-sdk/crypto/artifact/api.go:108.2,108.23 1 0
github.com/clearcompass-ai/ortholog-sdk/crypto/artifact/api.go:113.45,113.97 1 0
github.com/clearcompass-ai/ortholog-sdk/crypto/artifact/api.go:114.45,114.63 1 0
github.com/clearcompass-ai/ortholog-sdk/crypto/artifact/api.go:116.38,119.2 2 0
github.com/clearcompass-ai/ortholog-sdk/crypto/artifact/pre.go:39.29,39.52 1 0
github.com/clearcompass-ai/ortholog-sdk/crypto/artifact/pre.go:40.29,40.58 1 0
github.com/clearcompass-ai/ortholog-sdk/crypto/artifact/pre.go:93.73,96.16 3 0
github.com/clearcompass-ai/ortholog-sdk/crypto/artifact/pre.go:96.16,98.3 1 0
github.com/clearcompass-ai/ortholog-sdk/crypto/artifact/pre.go:101.2,102.16 2 0
github.com/clearcompass-ai/ortholog-sdk/crypto/artifact/pre.go:102.16,104.3 1 0
github.com/clearcompass-ai/ortholog-sdk/crypto/artifact/pre.go:107.2,122.16 7 0
github.com/clearcompass-ai/ortholog-sdk/crypto/artifact/pre.go:122.16,124.3 1 0
github.com/clearcompass-ai/ortholog-sdk/crypto/artifact/pre.go:127.2,134.25 3 0
github.com/clearcompass-ai/ortholog-sdk/crypto/artifact/pre.go:144.82,145.20 1 0
github.com/clearcompass-ai/ortholog-sdk/crypto/artifact/pre.go:145.20,147.3 1 0
github.com/clearcompass-ai/ortholog-sdk/crypto/artifact/pre.go:148.2,157.45 4 0
github.com/clearcompass-ai/ortholog-sdk/crypto/artifact/pre.go:170.81,171.40 1 0
github.com/clearcompass-ai/ortholog-sdk/crypto/artifact/pre.go:171.40,173.3 1 0
github.com/clearcompass-ai/ortholog-sdk/crypto/artifact/pre.go:174.2,179.16 4 0
github.com/clearcompass-ai/ortholog-sdk/crypto/artifact/pre.go:179.16,181.3 1 0
github.com/clearcompass-ai/ortholog-sdk/crypto/artifact/pre.go:184.2,185.40 2 0
github.com/clearcompass-ai/ortholog-sdk/crypto/artifact/pre.go:185.40,187.3 1 0
github.com/clearcompass-ai/ortholog-sdk/crypto/artifact/pre.go:190.2,194.19 3 0
github.com/clearcompass-ai/ortholog-sdk/crypto/artifact/pre.go:194.19,196.3 1 0
github.com/clearcompass-ai/ortholog-sdk/crypto/artifact/pre.go:199.2,200.17 2 0
github.com/clearcompass-ai/ortholog-sdk/crypto/artifact/pre.go:200.17,202.3 1 0
github.com/clearcompass-ai/ortholog-sdk/crypto/artifact/pre.go:203.2,208.16 4 0
github.com/clearcompass-ai/ortholog-sdk/crypto/artifact/pre.go:208.16,210.3 1 0
github.com/clearcompass-ai/ortholog-sdk/crypto/artifact/pre.go:212.2,212.20 1 0
github.com/clearcompass-ai/ortholog-sdk/crypto/artifact/pre.go:222.67,223.20 1 0
github.com/clearcompass-ai/ortholog-sdk/crypto/artifact/pre.go:223.20,225.3 1 0
github.com/clearcompass-ai/ortholog-sdk/crypto/artifact/pre.go:226.2,242.16 5 0
github.com/clearcompass-ai/ortholog-sdk/crypto/artifact/pre.go:242.16,244.3 1 0
github.com/clearcompass-ai/ortholog-sdk/crypto/artifact/pre.go:246.2,251.8 1 0
github.com/clearcompass-ai/ortholog-sdk/crypto/artifact/pre.go:265.79,266.36 1 0
github.com/clearcompass-ai/ortholog-sdk/crypto/artifact/pre.go:266.36,268.3 1 0
github.com/clearcompass-ai/ortholog-sdk/crypto/artifact/pre.go:269.2,280.3 3 0
github.com/clearcompass-ai/ortholog-sdk/crypto/artifact/pre.go:292.129,293.20 1 0
github.com/clearcompass-ai/ortholog-sdk/crypto/artifact/pre.go:293.20,295.3 1 0
github.com/clearcompass-ai/ortholog-sdk/crypto/artifact/pre.go:296.2,296.22 1 0
github.com/clearcompass-ai/ortholog-sdk/crypto/artifact/pre.go:296.22,298.3 1 0
github.com/clearcompass-ai/ortholog-sdk/crypto/artifact/pre.go:299.2,304.19 4 0
github.com/clearcompass-ai/ortholog-sdk/crypto/artifact/pre.go:304.19,306.3 1 0
github.com/clearcompass-ai/ortholog-sdk/crypto/artifact/pre.go:311.2,312.16 2 0
github.com/clearcompass-ai/ortholog-sdk/crypto/artifact/pre.go:312.16,314.3 1 0
github.com/clearcompass-ai/ortholog-sdk/crypto/artifact/pre.go:318.2,329.45 5 0
github.com/clearcompass-ai/ortholog-sdk/crypto/artifact/pre.go:336.80,342.25 4 0
github.com/clearcompass-ai/ortholog-sdk/crypto/artifact/pre.go:342.25,344.17 2 0
github.com/clearcompass-ai/ortholog-sdk/crypto/artifact/pre.go:344.17,346.4 1 0
github.com/clearcompass-ai/ortholog-sdk/crypto/artifact/pre.go:347.3,347.20 1 0
github.com/clearcompass-ai/ortholog-sdk/crypto/artifact/pre.go:350.2,351.25 2 0
github.com/clearcompass-ai/ortholog-sdk/crypto/artifact/pre.go:351.25,365.3 4 0
github.com/clearcompass-ai/ortholog-sdk/crypto/artifact/pre.go:366.2,366.20 1 0
github.com/clearcompass-ai/ortholog-sdk/crypto/artifact/pre.go:369.67,372.40 2 0
github.com/clearcompass-ai/ortholog-sdk/crypto/artifact/pre.go:372.40,376.3 3 0
github.com/clearcompass-ai/ortholog-sdk/crypto/artifact/pre.go:377.2,377.15 1 0
github.com/clearcompass-ai/ortholog-sdk/crypto/artifact/pre.go:381.103,384.28 2 0
github.com/clearcompass-ai/ortholog-sdk/crypto/artifact/pre.go:384.28,386.3 1 0
github.com/clearcompass-ai/ortholog-sdk/crypto/artifact/pre.go:389.2,390.24 2 0
github.com/clearcompass-ai/ortholog-sdk/crypto/artifact/pre.go:390.24,393.25 3 0
github.com/clearcompass-ai/ortholog-sdk/crypto/artifact/pre.go:393.25,394.14 1 0
github.com/clearcompass-ai/ortholog-sdk/crypto/artifact/pre.go:394.14,395.13 1 0
github.com/clearcompass-ai/ortholog-sdk/crypto/artifact/pre.go:398.4,406.19 8 0
github.com/clearcompass-ai/ortholog-sdk/crypto/artifact/pre.go:408.3,409.20 2 0
github.com/clearcompass-ai/ortholog-sdk/crypto/artifact/pre.go:409.20,411.4 1 0
github.com/clearcompass-ai/ortholog-sdk/crypto/artifact/pre.go:412.3,413.32 2 0
github.com/clearcompass-ai/ortholog-sdk/crypto/artifact/pre.go:417.2,418.28 2 0
github.com/clearcompass-ai/ortholog-sdk/crypto/artifact/pre.go:418.28,421.18 2 0
github.com/clearcompass-ai/ortholog-sdk/crypto/artifact/pre.go:421.18,423.4 1 0
github.com/clearcompass-ai/ortholog-sdk/crypto/artifact/pre.go:423.9,425.4 1 0
github.com/clearcompass-ai/ortholog-sdk/crypto/artifact/pre.go:427.2,427.17 1 0
github.com/clearcompass-ai/ortholog-sdk/crypto/artifact/pre.go:427.17,429.3 1 0
github.com/clearcompass-ai/ortholog-sdk/crypto/artifact/pre.go:430.2,430.24 1 0
github.com/clearcompass-ai/ortholog-sdk/crypto/artifact/pre.go:439.109,444.16 3 0
github.com/clearcompass-ai/ortholog-sdk/crypto/artifact/pre.go:444.16,446.3 1 0
github.com/clearcompass-ai/ortholog-sdk/crypto/artifact/pre.go:449.2,460.26 7 0
github.com/clearcompass-ai/ortholog-sdk/crypto/artifact/pre.go:464.92,485.32 13 0
github.com/clearcompass-ai/ortholog-sdk/crypto/artifact/pre.go:485.32,487.3 1 0
github.com/clearcompass-ai/ortholog-sdk/crypto/artifact/pre.go:488.2,488.12 1 0
github.com/clearcompass-ai/ortholog-sdk/crypto/artifact/pre.go:492.102,494.83 2 0
github.com/clearcompass-ai/ortholog-sdk/crypto/artifact/pre.go:494.83,498.19 3 0
github.com/clearcompass-ai/ortholog-sdk/crypto/artifact/pre.go:498.19,500.4 1 0
github.com/clearcompass-ai/ortholog-sdk/crypto/artifact/pre.go:500.9,502.4 1 0
github.com/clearcompass-ai/ortholog-sdk/crypto/artifact/pre.go:503.3,503.18 1 0
github.com/clearcompass-ai/ortholog-sdk/crypto/artifact/pre.go:505.2,508.15 4 0
github.com/clearcompass-ai/ortholog-sdk/crypto/artifact/pre.go:521.53,531.40 6 0
github.com/clearcompass-ai/ortholog-sdk/crypto/artifact/pre.go:531.40,561.32 21 0
github.com/clearcompass-ai/ortholog-sdk/crypto/artifact/pre.go:561.32,563.21 1 0
github.com/clearcompass-ai/ortholog-sdk/crypto/artifact/pre.go:563.21,565.5 1 0
github.com/clearcompass-ai/ortholog-sdk/crypto/artifact/pre.go:567.4,567.25 1 0
github.com/clearcompass-ai/ortholog-sdk/crypto/artifact/pre.go:567.25,569.5 1 0
github.com/clearcompass-ai/ortholog-sdk/crypto/artifact/pre.go:572.3,572.21 1 0
github.com/clearcompass-ai/ortholog-sdk/crypto/artifact/pre.go:572.21,574.50 1 0
github.com/clearcompass-ai/ortholog-sdk/crypto/artifact/pre.go:580.34,585.2 4 0
github.com/clearcompass-ai/ortholog-sdk/crypto/artifact/pre.go:588.51,595.2 6 0
github.com/clearcompass-ai/ortholog-sdk/crypto/artifact/pre.go:598.55,606.24 7 0
github.com/clearcompass-ai/ortholog-sdk/crypto/artifact/pre.go:606.24,608.3 1 0
github.com/clearcompass-ai/ortholog-sdk/crypto/artifact/pre.go:609.2,609.15 1 0
github.com/clearcompass-ai/ortholog-sdk/crypto/artifact/pre.go:613.35,615.20 2 0
github.com/clearcompass-ai/ortholog-sdk/crypto/artifact/pre.go:615.20,617.3 1 0
github.com/clearcompass-ai/ortholog-sdk/crypto/artifact/pre.go:618.2,620.15 3 0
github.com/clearcompass-ai/ortholog-sdk/crypto/artifact/pre.go:624.59,626.16 2 0
github.com/clearcompass-ai/ortholog-sdk/crypto/artifact/pre.go:626.16,628.3 1 0
github.com/clearcompass-ai/ortholog-sdk/crypto/artifact/pre.go:629.2,630.16 2 0
github.com/clearcompass-ai/ortholog-sdk/crypto/artifact/pre.go:630.16,632.3 1 0
github.com/clearcompass-ai/ortholog-sdk/crypto/artifact/pre.go:633.2,634.44 2 0
github.com/clearcompass-ai/ortholog-sdk/crypto/artifact/pre.go:634.44,636.3 1 0
github.com/clearcompass-ai/ortholog-sdk/crypto/artifact/pre.go:637.2,638.16 2 0
github.com/clearcompass-ai/ortholog-sdk/crypto/artifact/pre.go:642.60,644.16 2 0
github.com/clearcompass-ai/ortholog-sdk/crypto/artifact/pre.go:644.16,646.3 1 0
github.com/clearcompass-ai/ortholog-sdk/crypto/artifact/pre.go:647.2,648.16 2 0
github.com/clearcompass-ai/ortholog-sdk/crypto/artifact/pre.go:648.16,650.3 1 0
github.com/clearcompass-ai/ortholog-sdk/crypto/artifact/pre.go:651.2,651.39 1 0
github.com/clearcompass-ai/ortholog-sdk/crypto/artifact/pre.go:651.39,653.3 1 0
github.com/clearcompass-ai/ortholog-sdk/crypto/artifact/pre.go:654.2,656.38 3 0
