mode: atomic
github.com/clearcompass-ai/ortholog-sdk/core/smt/batch_multiproofs.go:8.79,9.20 1 0
github.com/clearcompass-ai/ortholog-sdk/core/smt/batch_multiproofs.go:9.20,9.39 1 0
github.com/clearcompass-ai/ortholog-sdk/core/smt/batch_multiproofs.go:10.2,11.27 2 0
github.com/clearcompass-ai/ortholog-sdk/core/smt/batch_multiproofs.go:11.27,13.17 2 0
github.com/clearcompass-ai/ortholog-sdk/core/smt/batch_multiproofs.go:13.17,13.36 1 0
github.com/clearcompass-ai/ortholog-sdk/core/smt/batch_multiproofs.go:14.3,15.18 2 0
github.com/clearcompass-ai/ortholog-sdk/core/smt/batch_multiproofs.go:15.18,15.51 1 0
github.com/clearcompass-ai/ortholog-sdk/core/smt/batch_multiproofs.go:16.3,16.35 1 0
github.com/clearcompass-ai/ortholog-sdk/core/smt/batch_multiproofs.go:18.2,19.27 2 0
github.com/clearcompass-ai/ortholog-sdk/core/smt/batch_multiproofs.go:19.27,21.17 2 0
github.com/clearcompass-ai/ortholog-sdk/core/smt/batch_multiproofs.go:21.17,21.36 1 0
github.com/clearcompass-ai/ortholog-sdk/core/smt/batch_multiproofs.go:22.3,22.37 1 0
github.com/clearcompass-ai/ortholog-sdk/core/smt/batch_multiproofs.go:22.37,25.33 4 0
github.com/clearcompass-ai/ortholog-sdk/core/smt/batch_multiproofs.go:25.33,25.52 1 0
github.com/clearcompass-ai/ortholog-sdk/core/smt/batch_multiproofs.go:25.57,25.77 1 0
github.com/clearcompass-ai/ortholog-sdk/core/smt/batch_multiproofs.go:26.4,26.26 1 0
github.com/clearcompass-ai/ortholog-sdk/core/smt/batch_multiproofs.go:29.2,30.36 2 0
github.com/clearcompass-ai/ortholog-sdk/core/smt/batch_multiproofs.go:30.36,32.3 1 0
github.com/clearcompass-ai/ortholog-sdk/core/smt/batch_multiproofs.go:33.2,33.40 1 0
github.com/clearcompass-ai/ortholog-sdk/core/smt/batch_multiproofs.go:33.40,34.39 1 0
github.com/clearcompass-ai/ortholog-sdk/core/smt/batch_multiproofs.go:34.39,34.81 1 0
github.com/clearcompass-ai/ortholog-sdk/core/smt/batch_multiproofs.go:35.3,35.47 1 0
github.com/clearcompass-ai/ortholog-sdk/core/smt/batch_multiproofs.go:37.2,37.66 1 0
github.com/clearcompass-ai/ortholog-sdk/core/smt/derivation_commitment.go:5.157,11.2 1 0
github.com/clearcompass-ai/ortholog-sdk/core/smt/derivation_commitment.go:14.102,16.16 2 0
github.com/clearcompass-ai/ortholog-sdk/core/smt/derivation_commitment.go:16.16,16.30 1 0
github.com/clearcompass-ai/ortholog-sdk/core/smt/derivation_commitment.go:17.2,17.44 1 0
github.com/clearcompass-ai/ortholog-sdk/core/smt/derivation_commitment.go:17.44,19.3 1 0
github.com/clearcompass-ai/ortholog-sdk/core/smt/derivation_commitment.go:20.2,20.12 1 0
github.com/clearcompass-ai/ortholog-sdk/core/smt/derivation_commitment.go:29.37,29.120 1 0
github.com/clearcompass-ai/ortholog-sdk/core/smt/http_leaf_reader.go:57.66,59.18 2 0
github.com/clearcompass-ai/ortholog-sdk/core/smt/http_leaf_reader.go:59.18,61.3 1 0
github.com/clearcompass-ai/ortholog-sdk/core/smt/http_leaf_reader.go:62.2,65.3 1 0
github.com/clearcompass-ai/ortholog-sdk/core/smt/http_leaf_reader.go:76.68,81.16 4 0
github.com/clearcompass-ai/ortholog-sdk/core/smt/http_leaf_reader.go:81.16,83.3 1 0
github.com/clearcompass-ai/ortholog-sdk/core/smt/http_leaf_reader.go:84.2,86.44 2 0
github.com/clearcompass-ai/ortholog-sdk/core/smt/http_leaf_reader.go:86.44,88.3 1 0
github.com/clearcompass-ai/ortholog-sdk/core/smt/http_leaf_reader.go:89.2,89.38 1 0
github.com/clearcompass-ai/ortholog-sdk/core/smt/http_leaf_reader.go:89.38,91.3 1 0
github.com/clearcompass-ai/ortholog-sdk/core/smt/http_leaf_reader.go:93.2,94.16 2 0
github.com/clearcompass-ai/ortholog-sdk/core/smt/http_leaf_reader.go:94.16,96.3 1 0
github.com/clearcompass-ai/ortholog-sdk/core/smt/http_leaf_reader.go:98.2,99.51 2 0
github.com/clearcompass-ai/ortholog-sdk/core/smt/http_leaf_reader.go:99.51,101.3 1 0
github.com/clearcompass-ai/ortholog-sdk/core/smt/http_leaf_reader.go:104.2,105.22 2 0
github.com/clearcompass-ai/ortholog-sdk/core/smt/http_leaf_reader.go:105.22,107.40 2 0
github.com/clearcompass-ai/ortholog-sdk/core/smt/http_leaf_reader.go:107.40,109.4 1 0
github.com/clearcompass-ai/ortholog-sdk/core/smt/http_leaf_reader.go:110.8,112.3 1 0
github.com/clearcompass-ai/ortholog-sdk/core/smt/http_leaf_reader.go:114.2,126.18 2 0
github.com/clearcompass-ai/ortholog-sdk/core/smt/keys.go:9.48,16.2 6 0
github.com/clearcompass-ai/ortholog-sdk/core/smt/merkle_wrap.go:27.42,27.70 1 0
github.com/clearcompass-ai/ortholog-sdk/core/smt/merkle_wrap.go:32.66,39.2 6 0
github.com/clearcompass-ai/ortholog-sdk/core/smt/merkle_wrap.go:41.96,44.39 3 0
github.com/clearcompass-ai/ortholog-sdk/core/smt/merkle_wrap.go:44.39,46.3 1 0
github.com/clearcompass-ai/ortholog-sdk/core/smt/merkle_wrap.go:47.2,47.38 1 0
github.com/clearcompass-ai/ortholog-sdk/core/smt/merkle_wrap.go:47.38,49.3 1 0
github.com/clearcompass-ai/ortholog-sdk/core/smt/merkle_wrap.go:50.2,51.126 2 0
github.com/clearcompass-ai/ortholog-sdk/core/smt/merkle_wrap.go:54.57,57.24 3 0
github.com/clearcompass-ai/ortholog-sdk/core/smt/merkle_wrap.go:57.24,59.3 1 0
github.com/clearcompass-ai/ortholog-sdk/core/smt/merkle_wrap.go:60.2,61.77 2 0
github.com/clearcompass-ai/ortholog-sdk/core/smt/merkle_wrap.go:64.76,65.19 1 0
github.com/clearcompass-ai/ortholog-sdk/core/smt/merkle_wrap.go:65.19,67.3 1 0
github.com/clearcompass-ai/ortholog-sdk/core/smt/merkle_wrap.go:68.2,71.22 4 0
github.com/clearcompass-ai/ortholog-sdk/core/smt/merkle_wrap.go:71.22,73.35 2 0
github.com/clearcompass-ai/ortholog-sdk/core/smt/merkle_wrap.go:73.35,75.4 1 0
github.com/clearcompass-ai/ortholog-sdk/core/smt/merkle_wrap.go:76.3,77.39 2 0
github.com/clearcompass-ai/ortholog-sdk/core/smt/merkle_wrap.go:77.39,78.25 1 0
github.com/clearcompass-ai/ortholog-sdk/core/smt/merkle_wrap.go:78.25,83.5 4 0
github.com/clearcompass-ai/ortholog-sdk/core/smt/merkle_wrap.go:83.10,85.5 1 0
github.com/clearcompass-ai/ortholog-sdk/core/smt/merkle_wrap.go:87.3,88.16 2 0
github.com/clearcompass-ai/ortholog-sdk/core/smt/merkle_wrap.go:90.2,90.17 1 0
github.com/clearcompass-ai/ortholog-sdk/core/smt/merkle_wrap.go:93.66,94.20 1 0
github.com/clearcompass-ai/ortholog-sdk/core/smt/merkle_wrap.go:94.20,96.3 1 0
github.com/clearcompass-ai/ortholog-sdk/core/smt/merkle_wrap.go:97.2,97.20 1 0
github.com/clearcompass-ai/ortholog-sdk/core/smt/merkle_wrap.go:97.20,99.3 1 0
github.com/clearcompass-ai/ortholog-sdk/core/smt/merkle_wrap.go:100.2,102.22 3 0
github.com/clearcompass-ai/ortholog-sdk/core/smt/merkle_wrap.go:102.22,104.39 2 0
github.com/clearcompass-ai/ortholog-sdk/core/smt/merkle_wrap.go:104.39,105.25 1 0
github.com/clearcompass-ai/ortholog-sdk/core/smt/merkle_wrap.go:105.25,110.5 4 0
github.com/clearcompass-ai/ortholog-sdk/core/smt/merkle_wrap.go:110.10,112.5 1 0
github.com/clearcompass-ai/ortholog-sdk/core/smt/merkle_wrap.go:114.3,114.21 1 0
github.com/clearcompass-ai/ortholog-sdk/core/smt/merkle_wrap.go:116.2,116.18 1 0
github.com/clearcompass-ai/ortholog-sdk/core/smt/overlay.go:87.63,88.20 1 0
github.com/clearcompass-ai/ortholog-sdk/core/smt/overlay.go:88.20,91.66 1 0
github.com/clearcompass-ai/ortholog-sdk/core/smt/overlay.go:93.2,97.3 1 0
github.com/clearcompass-ai/ortholog-sdk/core/smt/overlay.go:104.70,106.37 2 0
github.com/clearcompass-ai/ortholog-sdk/core/smt/overlay.go:106.37,109.3 2 0
github.com/clearcompass-ai/ortholog-sdk/core/smt/overlay.go:110.2,110.35 1 0
github.com/clearcompass-ai/ortholog-sdk/core/smt/overlay.go:110.35,116.3 3 0
github.com/clearcompass-ai/ortholog-sdk/core/smt/overlay.go:117.2,121.27 2 0
github.com/clearcompass-ai/ortholog-sdk/core/smt/overlay.go:126.72,132.2 5 0
github.com/clearcompass-ai/ortholog-sdk/core/smt/overlay.go:143.67,144.22 1 0
github.com/clearcompass-ai/ortholog-sdk/core/smt/overlay.go:144.22,146.3 1 0
github.com/clearcompass-ai/ortholog-sdk/core/smt/overlay.go:147.2,149.27 3 0
github.com/clearcompass-ai/ortholog-sdk/core/smt/overlay.go:149.27,152.3 2 0
github.com/clearcompass-ai/ortholog-sdk/core/smt/overlay.go:153.2,153.12 1 0
github.com/clearcompass-ai/ortholog-sdk/core/smt/overlay.go:161.55,167.2 5 0
github.com/clearcompass-ai/ortholog-sdk/core/smt/overlay.go:178.49,180.16 2 0
github.com/clearcompass-ai/ortholog-sdk/core/smt/overlay.go:180.16,182.3 1 0
github.com/clearcompass-ai/ortholog-sdk/core/smt/overlay.go:184.2,186.26 3 0
github.com/clearcompass-ai/ortholog-sdk/core/smt/overlay.go:186.26,188.3 1 0
github.com/clearcompass-ai/ortholog-sdk/core/smt/overlay.go:189.2,190.27 2 0
github.com/clearcompass-ai/ortholog-sdk/core/smt/overlay.go:190.27,192.3 1 0
github.com/clearcompass-ai/ortholog-sdk/core/smt/overlay.go:193.2,196.31 3 0
github.com/clearcompass-ai/ortholog-sdk/core/smt/overlay.go:196.31,198.17 2 0
github.com/clearcompass-ai/ortholog-sdk/core/smt/overlay.go:198.17,200.4 1 0
github.com/clearcompass-ai/ortholog-sdk/core/smt/overlay.go:201.3,201.22 1 0
github.com/clearcompass-ai/ortholog-sdk/core/smt/overlay.go:201.22,203.4 1 0
github.com/clearcompass-ai/ortholog-sdk/core/smt/overlay.go:206.2,207.32 2 0
github.com/clearcompass-ai/ortholog-sdk/core/smt/overlay.go:207.32,209.17 2 0
github.com/clearcompass-ai/ortholog-sdk/core/smt/overlay.go:209.17,211.4 1 0
github.com/clearcompass-ai/ortholog-sdk/core/smt/overlay.go:212.3,212.22 1 0
github.com/clearcompass-ai/ortholog-sdk/core/smt/overlay.go:212.22,214.4 1 0
github.com/clearcompass-ai/ortholog-sdk/core/smt/overlay.go:217.2,217.46 1 0
github.com/clearcompass-ai/ortholog-sdk/core/smt/overlay.go:227.107,231.29 4 0
github.com/clearcompass-ai/ortholog-sdk/core/smt/overlay.go:231.29,233.3 1 0
github.com/clearcompass-ai/ortholog-sdk/core/smt/overlay.go:234.2,235.27 2 0
github.com/clearcompass-ai/ortholog-sdk/core/smt/overlay.go:235.27,237.3 1 0
github.com/clearcompass-ai/ortholog-sdk/core/smt/overlay.go:238.2,238.24 1 0
github.com/clearcompass-ai/ortholog-sdk/core/smt/overlay.go:244.36,249.2 4 0
github.com/clearcompass-ai/ortholog-sdk/core/smt/proof_gen.go:5.79,7.16 2 0
github.com/clearcompass-ai/ortholog-sdk/core/smt/proof_gen.go:7.16,7.35 1 0
github.com/clearcompass-ai/ortholog-sdk/core/smt/proof_gen.go:8.2,8.17 1 0
github.com/clearcompass-ai/ortholog-sdk/core/smt/proof_gen.go:8.17,8.36 1 0
github.com/clearcompass-ai/ortholog-sdk/core/smt/proof_gen.go:9.2,10.16 2 0
github.com/clearcompass-ai/ortholog-sdk/core/smt/proof_gen.go:10.16,10.35 1 0
github.com/clearcompass-ai/ortholog-sdk/core/smt/proof_gen.go:11.2,11.71 1 0
github.com/clearcompass-ai/ortholog-sdk/core/smt/proof_gen.go:14.82,16.16 2 0
github.com/clearcompass-ai/ortholog-sdk/core/smt/proof_gen.go:16.16,16.35 1 0
github.com/clearcompass-ai/ortholog-sdk/core/smt/proof_gen.go:17.2,17.17 1 0
github.com/clearcompass-ai/ortholog-sdk/core/smt/proof_gen.go:17.17,17.36 1 0
github.com/clearcompass-ai/ortholog-sdk/core/smt/proof_gen.go:18.2,19.16 2 0
github.com/clearcompass-ai/ortholog-sdk/core/smt/proof_gen.go:19.16,19.35 1 0
github.com/clearcompass-ai/ortholog-sdk/core/smt/proof_gen.go:20.2,20.70 1 0
github.com/clearcompass-ai/ortholog-sdk/core/smt/proof_gen.go:23.74,26.9 3 0
github.com/clearcompass-ai/ortholog-sdk/core/smt/proof_gen.go:26.9,26.33 1 0
github.com/clearcompass-ai/ortholog-sdk/core/smt/proof_gen.go:27.2,29.35 3 0
github.com/clearcompass-ai/ortholog-sdk/core/smt/proof_gen.go:29.35,29.69 1 0
github.com/clearcompass-ai/ortholog-sdk/core/smt/proof_gen.go:30.2,32.22 3 0
github.com/clearcompass-ai/ortholog-sdk/core/smt/proof_gen.go:35.160,36.16 1 0
github.com/clearcompass-ai/ortholog-sdk/core/smt/proof_gen.go:36.16,38.9 2 0
github.com/clearcompass-ai/ortholog-sdk/core/smt/proof_gen.go:38.9,38.21 1 0
github.com/clearcompass-ai/ortholog-sdk/core/smt/proof_gen.go:39.3,39.26 1 0
github.com/clearcompass-ai/ortholog-sdk/core/smt/proof_gen.go:41.2,41.26 1 0
github.com/clearcompass-ai/ortholog-sdk/core/smt/proof_gen.go:41.26,41.57 1 0
github.com/clearcompass-ai/ortholog-sdk/core/smt/proof_gen.go:42.2,47.36 6 0
github.com/clearcompass-ai/ortholog-sdk/core/smt/proof_gen.go:47.36,48.32 1 0
github.com/clearcompass-ai/ortholog-sdk/core/smt/proof_gen.go:48.32,48.52 1 0
github.com/clearcompass-ai/ortholog-sdk/core/smt/proof_gen.go:48.57,48.79 1 0
github.com/clearcompass-ai/ortholog-sdk/core/smt/proof_gen.go:50.2,51.20 2 0
github.com/clearcompass-ai/ortholog-sdk/core/smt/proof_gen.go:51.20,54.3 2 0
github.com/clearcompass-ai/ortholog-sdk/core/smt/proof_gen.go:54.8,57.3 2 0
github.com/clearcompass-ai/ortholog-sdk/core/smt/proof_gen.go:58.2,59.43 2 0
github.com/clearcompass-ai/ortholog-sdk/core/smt/proof_gen.go:59.43,59.93 1 0
github.com/clearcompass-ai/ortholog-sdk/core/smt/proof_gen.go:60.2,60.15 1 0
github.com/clearcompass-ai/ortholog-sdk/core/smt/tree.go:14.13,16.34 2 0
github.com/clearcompass-ai/ortholog-sdk/core/smt/tree.go:16.34,21.3 4 0
github.com/clearcompass-ai/ortholog-sdk/core/smt/tree.go:24.38,25.36 1 0
github.com/clearcompass-ai/ortholog-sdk/core/smt/tree.go:25.36,27.3 1 0
github.com/clearcompass-ai/ortholog-sdk/core/smt/tree.go:28.2,28.29 1 0
github.com/clearcompass-ai/ortholog-sdk/core/smt/tree.go:74.55,76.2 1 0
github.com/clearcompass-ai/ortholog-sdk/core/smt/tree.go:78.32,83.2 4 0
github.com/clearcompass-ai/ortholog-sdk/core/smt/tree.go:85.52,92.2 6 0
github.com/clearcompass-ai/ortholog-sdk/core/smt/tree.go:94.62,94.90 1 0
github.com/clearcompass-ai/ortholog-sdk/core/smt/tree.go:103.64,104.22 1 0
github.com/clearcompass-ai/ortholog-sdk/core/smt/tree.go:104.22,112.17 4 0
github.com/clearcompass-ai/ortholog-sdk/core/smt/tree.go:112.17,115.4 2 0
github.com/clearcompass-ai/ortholog-sdk/core/smt/tree.go:116.3,117.19 2 0
github.com/clearcompass-ai/ortholog-sdk/core/smt/tree.go:119.2,119.32 1 0
github.com/clearcompass-ai/ortholog-sdk/core/smt/tree.go:132.56,133.22 1 0
github.com/clearcompass-ai/ortholog-sdk/core/smt/tree.go:133.22,135.3 1 0
github.com/clearcompass-ai/ortholog-sdk/core/smt/tree.go:140.2,142.22 3 0
github.com/clearcompass-ai/ortholog-sdk/core/smt/tree.go:142.22,146.28 4 0
github.com/clearcompass-ai/ortholog-sdk/core/smt/tree.go:146.28,148.18 2 0
github.com/clearcompass-ai/ortholog-sdk/core/smt/tree.go:148.18,151.5 2 0
github.com/clearcompass-ai/ortholog-sdk/core/smt/tree.go:153.3,153.19 1 0
github.com/clearcompass-ai/ortholog-sdk/core/smt/tree.go:157.2,157.50 1 0
github.com/clearcompass-ai/ortholog-sdk/core/smt/tree.go:157.50,159.3 1 0
github.com/clearcompass-ai/ortholog-sdk/core/smt/tree.go:162.2,162.22 1 0
github.com/clearcompass-ai/ortholog-sdk/core/smt/tree.go:162.22,164.28 2 0
github.com/clearcompass-ai/ortholog-sdk/core/smt/tree.go:164.28,170.21 2 0
github.com/clearcompass-ai/ortholog-sdk/core/smt/tree.go:170.21,173.5 2 0
github.com/clearcompass-ai/ortholog-sdk/core/smt/tree.go:174.4,174.42 1 0
github.com/clearcompass-ai/ortholog-sdk/core/smt/tree.go:176.3,176.19 1 0
github.com/clearcompass-ai/ortholog-sdk/core/smt/tree.go:178.2,178.12 1 0
github.com/clearcompass-ai/ortholog-sdk/core/smt/tree.go:181.41,183.16 2 0
github.com/clearcompass-ai/ortholog-sdk/core/smt/tree.go:183.16,185.3 1 0
github.com/clearcompass-ai/ortholog-sdk/core/smt/tree.go:186.2,186.16 1 0
github.com/clearcompass-ai/ortholog-sdk/core/smt/tree.go:186.16,188.3 1 0
github.com/clearcompass-ai/ortholog-sdk/core/smt/tree.go:189.2,189.24 1 0
github.com/clearcompass-ai/ortholog-sdk/core/smt/tree.go:192.48,194.9 2 0
github.com/clearcompass-ai/ortholog-sdk/core/smt/tree.go:194.9,196.3 1 0
github.com/clearcompass-ai/ortholog-sdk/core/smt/tree.go:197.2,197.27 1 0
github.com/clearcompass-ai/ortholog-sdk/core/smt/tree.go:197.27,199.3 1 0
github.com/clearcompass-ai/ortholog-sdk/core/smt/tree.go:200.2,201.37 2 0
github.com/clearcompass-ai/ortholog-sdk/core/smt/tree.go:201.37,203.3 1 0
github.com/clearcompass-ai/ortholog-sdk/core/smt/tree.go:204.2,204.54 1 0
github.com/clearcompass-ai/ortholog-sdk/core/smt/tree.go:207.44,212.25 5 0
github.com/clearcompass-ai/ortholog-sdk/core/smt/tree.go:212.25,214.3 1 0
github.com/clearcompass-ai/ortholog-sdk/core/smt/tree.go:215.2,217.25 3 0
github.com/clearcompass-ai/ortholog-sdk/core/smt/tree.go:217.25,219.3 1 0
github.com/clearcompass-ai/ortholog-sdk/core/smt/tree.go:220.2,221.28 2 0
github.com/clearcompass-ai/ortholog-sdk/core/smt/tree.go:224.78,225.16 1 0
github.com/clearcompass-ai/ortholog-sdk/core/smt/tree.go:225.16,226.27 1 0
github.com/clearcompass-ai/ortholog-sdk/core/smt/tree.go:226.27,228.4 1 0
github.com/clearcompass-ai/ortholog-sdk/core/smt/tree.go:229.3,229.32 1 0
github.com/clearcompass-ai/ortholog-sdk/core/smt/tree.go:229.32,231.4 1 0
github.com/clearcompass-ai/ortholog-sdk/core/smt/tree.go:233.2,236.36 4 0
github.com/clearcompass-ai/ortholog-sdk/core/smt/tree.go:236.36,239.32 3 0
github.com/clearcompass-ai/ortholog-sdk/core/smt/tree.go:239.32,241.4 1 0
github.com/clearcompass-ai/ortholog-sdk/core/smt/tree.go:241.9,243.4 1 0
github.com/clearcompass-ai/ortholog-sdk/core/smt/tree.go:245.2,246.20 2 0
github.com/clearcompass-ai/ortholog-sdk/core/smt/tree.go:246.20,248.3 1 0
github.com/clearcompass-ai/ortholog-sdk/core/smt/tree.go:248.8,250.3 1 0
github.com/clearcompass-ai/ortholog-sdk/core/smt/tree.go:251.2,251.21 1 0
github.com/clearcompass-ai/ortholog-sdk/core/smt/tree.go:251.21,253.3 1 0
github.com/clearcompass-ai/ortholog-sdk/core/smt/tree.go:253.8,255.3 1 0
github.com/clearcompass-ai/ortholog-sdk/core/smt/tree.go:256.2,259.35 4 0
github.com/clearcompass-ai/ortholog-sdk/core/smt/tree.go:267.48,269.2 1 0
github.com/clearcompass-ai/ortholog-sdk/core/smt/tree.go:271.71,275.9 4 0
github.com/clearcompass-ai/ortholog-sdk/core/smt/tree.go:275.9,277.3 1 0
github.com/clearcompass-ai/ortholog-sdk/core/smt/tree.go:278.2,278.19 1 0
github.com/clearcompass-ai/ortholog-sdk/core/smt/tree.go:281.73,286.2 4 0
github.com/clearcompass-ai/ortholog-sdk/core/smt/tree.go:296.68,297.22 1 0
github.com/clearcompass-ai/ortholog-sdk/core/smt/tree.go:297.22,299.3 1 0
github.com/clearcompass-ai/ortholog-sdk/core/smt/tree.go:300.2,302.27 3 0
github.com/clearcompass-ai/ortholog-sdk/core/smt/tree.go:302.27,304.3 1 0
github.com/clearcompass-ai/ortholog-sdk/core/smt/tree.go:305.2,305.12 1 0
github.com/clearcompass-ai/ortholog-sdk/core/smt/tree.go:308.56,313.2 4 0
github.com/clearcompass-ai/ortholog-sdk/core/smt/tree.go:315.50,319.2 3 0
github.com/clearcompass-ai/ortholog-sdk/core/smt/tree.go:326.48,328.2 1 0
github.com/clearcompass-ai/ortholog-sdk/core/smt/tree.go:330.62,335.2 4 0
github.com/clearcompass-ai/ortholog-sdk/core/smt/tree.go:337.61,341.2 3 0
github.com/clearcompass-ai/ortholog-sdk/core/smt/verify.go:9.72,10.18 1 0
github.com/clearcompass-ai/ortholog-sdk/core/smt/verify.go:10.18,10.52 1 0
github.com/clearcompass-ai/ortholog-sdk/core/smt/verify.go:11.2,11.23 1 0
github.com/clearcompass-ai/ortholog-sdk/core/smt/verify.go:11.23,11.77 1 0
github.com/clearcompass-ai/ortholog-sdk/core/smt/verify.go:12.2,13.22 2 0
github.com/clearcompass-ai/ortholog-sdk/core/smt/verify.go:13.22,13.89 1 0
github.com/clearcompass-ai/ortholog-sdk/core/smt/verify.go:14.2,14.12 1 0
github.com/clearcompass-ai/ortholog-sdk/core/smt/verify.go:17.75,18.18 1 0
github.com/clearcompass-ai/ortholog-sdk/core/smt/verify.go:18.18,18.52 1 0
github.com/clearcompass-ai/ortholog-sdk/core/smt/verify.go:19.2,19.23 1 0
github.com/clearcompass-ai/ortholog-sdk/core/smt/verify.go:19.23,19.85 1 0
github.com/clearcompass-ai/ortholog-sdk/core/smt/verify.go:20.2,21.22 2 0
github.com/clearcompass-ai/ortholog-sdk/core/smt/verify.go:21.22,21.89 1 0
github.com/clearcompass-ai/ortholog-sdk/core/smt/verify.go:22.2,22.12 1 0
github.com/clearcompass-ai/ortholog-sdk/core/smt/verify.go:25.69,26.18 1 0
github.com/clearcompass-ai/ortholog-sdk/core/smt/verify.go:26.18,26.58 1 0
github.com/clearcompass-ai/ortholog-sdk/core/smt/verify.go:27.2,27.27 1 0
github.com/clearcompass-ai/ortholog-sdk/core/smt/verify.go:27.27,27.101 1 0
github.com/clearcompass-ai/ortholog-sdk/core/smt/verify.go:28.2,28.12 1 0
github.com/clearcompass-ai/ortholog-sdk/core/smt/verify.go:31.75,32.18 1 0
github.com/clearcompass-ai/ortholog-sdk/core/smt/verify.go:32.18,32.59 1 0
github.com/clearcompass-ai/ortholog-sdk/core/smt/verify.go:33.2,35.41 3 0
github.com/clearcompass-ai/ortholog-sdk/core/smt/verify.go:35.41,37.22 2 0
github.com/clearcompass-ai/ortholog-sdk/core/smt/verify.go:37.22,39.4 2 0
github.com/clearcompass-ai/ortholog-sdk/core/smt/verify.go:39.9,41.4 2 0
github.com/clearcompass-ai/ortholog-sdk/core/smt/verify.go:42.3,43.16 2 0
github.com/clearcompass-ai/ortholog-sdk/core/smt/verify.go:45.2,45.21 1 0
github.com/clearcompass-ai/ortholog-sdk/core/smt/verify.go:45.21,45.95 1 0
github.com/clearcompass-ai/ortholog-sdk/core/smt/verify.go:46.2,46.12 1 0
github.com/clearcompass-ai/ortholog-sdk/core/smt/verify.go:49.98,51.43 2 0
github.com/clearcompass-ai/ortholog-sdk/core/smt/verify.go:51.43,54.10 3 0
github.com/clearcompass-ai/ortholog-sdk/core/smt/verify.go:54.10,54.45 1 0
github.com/clearcompass-ai/ortholog-sdk/core/smt/verify.go:55.3,58.32 4 0
github.com/clearcompass-ai/ortholog-sdk/core/smt/verify.go:58.32,60.4 2 0
github.com/clearcompass-ai/ortholog-sdk/core/smt/verify.go:60.9,62.4 2 0
github.com/clearcompass-ai/ortholog-sdk/core/smt/verify.go:63.3,63.39 1 0
github.com/clearcompass-ai/ortholog-sdk/core/smt/verify.go:65.2,65.16 1 0
