mode: atomic
github.com/clearcompass-ai/ortholog-sdk/did/creation.go:101.62,103.16 2 0
github.com/clearcompass-ai/ortholog-sdk/did/creation.go:103.16,105.3 1 0
github.com/clearcompass-ai/ortholog-sdk/did/creation.go:106.2,108.16 3 0
github.com/clearcompass-ai/ortholog-sdk/did/creation.go:108.16,110.3 1 0
github.com/clearcompass-ai/ortholog-sdk/did/creation.go:111.2,119.8 2 0
github.com/clearcompass-ai/ortholog-sdk/did/creation.go:124.58,126.16 2 0
github.com/clearcompass-ai/ortholog-sdk/did/creation.go:126.16,128.3 1 0
github.com/clearcompass-ai/ortholog-sdk/did/creation.go:129.2,135.8 2 0
github.com/clearcompass-ai/ortholog-sdk/did/creation.go:143.52,145.16 2 0
github.com/clearcompass-ai/ortholog-sdk/did/creation.go:145.16,147.3 1 0
github.com/clearcompass-ai/ortholog-sdk/did/creation.go:148.2,155.8 3 0
github.com/clearcompass-ai/ortholog-sdk/did/creation.go:161.58,163.16 2 0
github.com/clearcompass-ai/ortholog-sdk/did/creation.go:163.16,165.3 1 0
github.com/clearcompass-ai/ortholog-sdk/did/creation.go:166.2,166.59 1 0
github.com/clearcompass-ai/ortholog-sdk/did/creation.go:214.75,215.19 1 0
github.com/clearcompass-ai/ortholog-sdk/did/creation.go:215.19,217.3 1 0
github.com/clearcompass-ai/ortholog-sdk/did/creation.go:219.2,231.36 3 0
github.com/clearcompass-ai/ortholog-sdk/did/creation.go:231.36,232.38 1 0
github.com/clearcompass-ai/ortholog-sdk/did/creation.go:232.38,235.4 1 0
github.com/clearcompass-ai/ortholog-sdk/did/creation.go:236.3,236.28 1 0
github.com/clearcompass-ai/ortholog-sdk/did/creation.go:236.28,239.4 1 0
github.com/clearcompass-ai/ortholog-sdk/did/creation.go:240.3,245.5 1 0
github.com/clearcompass-ai/ortholog-sdk/did/creation.go:248.2,248.32 1 0
github.com/clearcompass-ai/ortholog-sdk/did/creation.go:248.32,254.3 1 0
github.com/clearcompass-ai/ortholog-sdk/did/creation.go:256.2,256.42 1 0
github.com/clearcompass-ai/ortholog-sdk/did/creation.go:256.42,262.3 1 0
github.com/clearcompass-ai/ortholog-sdk/did/creation.go:264.2,264.37 1 0
github.com/clearcompass-ai/ortholog-sdk/did/creation.go:264.37,270.3 1 0
github.com/clearcompass-ai/ortholog-sdk/did/creation.go:272.2,272.17 1 0
github.com/clearcompass-ai/ortholog-sdk/did/creation.go:283.51,284.16 1 0
github.com/clearcompass-ai/ortholog-sdk/did/creation.go:284.16,286.3 1 0
github.com/clearcompass-ai/ortholog-sdk/did/creation.go:287.2,287.71 1 0
github.com/clearcompass-ai/ortholog-sdk/did/key_resolver.go:119.36,121.2 1 0
github.com/clearcompass-ai/ortholog-sdk/did/key_resolver.go:125.68,127.16 2 0
github.com/clearcompass-ai/ortholog-sdk/did/key_resolver.go:127.16,129.3 1 0
github.com/clearcompass-ai/ortholog-sdk/did/key_resolver.go:131.2,145.8 1 0
github.com/clearcompass-ai/ortholog-sdk/did/key_resolver.go:158.91,160.40 2 0
github.com/clearcompass-ai/ortholog-sdk/did/key_resolver.go:160.40,162.3 1 0
github.com/clearcompass-ai/ortholog-sdk/did/key_resolver.go:164.2,165.25 2 0
github.com/clearcompass-ai/ortholog-sdk/did/key_resolver.go:165.25,167.3 1 0
github.com/clearcompass-ai/ortholog-sdk/did/key_resolver.go:168.2,168.26 1 0
github.com/clearcompass-ai/ortholog-sdk/did/key_resolver.go:168.26,172.3 1 0
github.com/clearcompass-ai/ortholog-sdk/did/key_resolver.go:174.2,175.16 2 0
github.com/clearcompass-ai/ortholog-sdk/did/key_resolver.go:175.16,177.3 1 0
github.com/clearcompass-ai/ortholog-sdk/did/key_resolver.go:178.2,178.22 1 0
github.com/clearcompass-ai/ortholog-sdk/did/key_resolver.go:178.22,180.3 1 0
github.com/clearcompass-ai/ortholog-sdk/did/key_resolver.go:182.2,185.17 3 0
github.com/clearcompass-ai/ortholog-sdk/did/key_resolver.go:186.25,187.22 1 0
github.com/clearcompass-ai/ortholog-sdk/did/key_resolver.go:187.22,191.4 1 0
github.com/clearcompass-ai/ortholog-sdk/did/key_resolver.go:192.3,192.46 1 0
github.com/clearcompass-ai/ortholog-sdk/did/key_resolver.go:194.27,195.22 1 0
github.com/clearcompass-ai/ortholog-sdk/did/key_resolver.go:195.22,199.4 1 0
github.com/clearcompass-ai/ortholog-sdk/did/key_resolver.go:200.3,200.48 1 0
github.com/clearcompass-ai/ortholog-sdk/did/key_resolver.go:202.22,203.22 1 0
github.com/clearcompass-ai/ortholog-sdk/did/key_resolver.go:203.22,207.4 1 0
github.com/clearcompass-ai/ortholog-sdk/did/key_resolver.go:208.3,208.43 1 0
github.com/clearcompass-ai/ortholog-sdk/did/key_resolver.go:210.10,213.53 1 0
github.com/clearcompass-ai/ortholog-sdk/did/key_resolver.go:223.61,228.2 4 0
github.com/clearcompass-ai/ortholog-sdk/did/key_verifier.go:68.36,70.2 1 0
github.com/clearcompass-ai/ortholog-sdk/did/key_verifier.go:81.91,83.16 2 0
github.com/clearcompass-ai/ortholog-sdk/did/key_verifier.go:83.16,85.3 1 0
github.com/clearcompass-ai/ortholog-sdk/did/key_verifier.go:87.2,87.16 1 0
github.com/clearcompass-ai/ortholog-sdk/did/key_verifier.go:89.33,90.40 1 0
github.com/clearcompass-ai/ortholog-sdk/did/key_verifier.go:90.40,94.4 1 0
github.com/clearcompass-ai/ortholog-sdk/did/key_verifier.go:95.3,95.56 1 0
github.com/clearcompass-ai/ortholog-sdk/did/key_verifier.go:97.35,98.38 1 0
github.com/clearcompass-ai/ortholog-sdk/did/key_verifier.go:98.38,102.4 1 0
github.com/clearcompass-ai/ortholog-sdk/did/key_verifier.go:103.3,103.42 1 0
github.com/clearcompass-ai/ortholog-sdk/did/key_verifier.go:103.42,107.4 1 0
github.com/clearcompass-ai/ortholog-sdk/did/key_verifier.go:108.3,110.65 3 0
github.com/clearcompass-ai/ortholog-sdk/did/key_verifier.go:112.30,113.38 1 0
github.com/clearcompass-ai/ortholog-sdk/did/key_verifier.go:113.38,117.4 1 0
github.com/clearcompass-ai/ortholog-sdk/did/key_verifier.go:118.3,118.42 1 0
github.com/clearcompass-ai/ortholog-sdk/did/key_verifier.go:118.42,122.4 1 0
github.com/clearcompass-ai/ortholog-sdk/did/key_verifier.go:123.3,125.50 3 0
github.com/clearcompass-ai/ortholog-sdk/did/key_verifier.go:127.10,130.11 1 0
github.com/clearcompass-ai/ortholog-sdk/did/method_router.go:70.48,71.37 1 0
github.com/clearcompass-ai/ortholog-sdk/did/method_router.go:71.37,73.3 1 0
github.com/clearcompass-ai/ortholog-sdk/did/method_router.go:74.2,76.19 3 0
github.com/clearcompass-ai/ortholog-sdk/did/method_router.go:76.19,78.3 1 0
github.com/clearcompass-ai/ortholog-sdk/did/method_router.go:79.2,79.29 1 0
github.com/clearcompass-ai/ortholog-sdk/did/method_router.go:95.38,97.2 1 0
github.com/clearcompass-ai/ortholog-sdk/did/method_router.go:102.76,103.18 1 0
github.com/clearcompass-ai/ortholog-sdk/did/method_router.go:103.18,105.3 1 0
github.com/clearcompass-ai/ortholog-sdk/did/method_router.go:106.2,106.21 1 0
github.com/clearcompass-ai/ortholog-sdk/did/method_router.go:106.21,108.3 1 0
github.com/clearcompass-ai/ortholog-sdk/did/method_router.go:109.2,111.46 3 0
github.com/clearcompass-ai/ortholog-sdk/did/method_router.go:111.46,113.3 1 0
github.com/clearcompass-ai/ortholog-sdk/did/method_router.go:114.2,115.12 2 0
github.com/clearcompass-ai/ortholog-sdk/did/method_router.go:120.74,121.53 1 0
github.com/clearcompass-ai/ortholog-sdk/did/method_router.go:121.53,122.13 1 0
github.com/clearcompass-ai/ortholog-sdk/did/method_router.go:128.55,134.2 5 0
github.com/clearcompass-ai/ortholog-sdk/did/method_router.go:138.43,142.29 4 0
github.com/clearcompass-ai/ortholog-sdk/did/method_router.go:142.29,144.3 1 0
github.com/clearcompass-ai/ortholog-sdk/did/method_router.go:147.2,147.32 1 0
github.com/clearcompass-ai/ortholog-sdk/did/method_router.go:147.32,148.47 1 0
github.com/clearcompass-ai/ortholog-sdk/did/method_router.go:148.47,150.4 1 0
github.com/clearcompass-ai/ortholog-sdk/did/method_router.go:152.2,152.12 1 0
github.com/clearcompass-ai/ortholog-sdk/did/method_router.go:158.69,160.16 2 0
github.com/clearcompass-ai/ortholog-sdk/did/method_router.go:160.16,162.3 1 0
github.com/clearcompass-ai/ortholog-sdk/did/method_router.go:163.2,166.9 4 0
github.com/clearcompass-ai/ortholog-sdk/did/method_router.go:166.9,168.3 1 0
github.com/clearcompass-ai/ortholog-sdk/did/method_router.go:169.2,169.33 1 0
github.com/clearcompass-ai/ortholog-sdk/did/pkh.go:120.36,126.2 1 0
github.com/clearcompass-ai/ortholog-sdk/did/pkh.go:130.79,131.26 1 0
github.com/clearcompass-ai/ortholog-sdk/did/pkh.go:131.26,133.3 1 0
github.com/clearcompass-ai/ortholog-sdk/did/pkh.go:134.2,135.32 2 0
github.com/clearcompass-ai/ortholog-sdk/did/pkh.go:135.32,136.15 1 0
github.com/clearcompass-ai/ortholog-sdk/did/pkh.go:136.15,138.4 1 0
github.com/clearcompass-ai/ortholog-sdk/did/pkh.go:139.3,139.23 1 0
github.com/clearcompass-ai/ortholog-sdk/did/pkh.go:141.2,141.52 1 0
github.com/clearcompass-ai/ortholog-sdk/did/pkh.go:145.68,147.16 2 0
github.com/clearcompass-ai/ortholog-sdk/did/pkh.go:147.16,149.3 1 0
github.com/clearcompass-ai/ortholog-sdk/did/pkh.go:150.2,150.59 1 0
github.com/clearcompass-ai/ortholog-sdk/did/pkh.go:150.59,152.3 1 0
github.com/clearcompass-ai/ortholog-sdk/did/pkh.go:154.2,169.8 2 0
github.com/clearcompass-ai/ortholog-sdk/did/pkh.go:179.57,180.43 1 0
github.com/clearcompass-ai/ortholog-sdk/did/pkh.go:180.43,182.3 1 0
github.com/clearcompass-ai/ortholog-sdk/did/pkh.go:184.2,186.21 3 0
github.com/clearcompass-ai/ortholog-sdk/did/pkh.go:186.21,190.3 1 0
github.com/clearcompass-ai/ortholog-sdk/did/pkh.go:192.2,196.57 4 0
github.com/clearcompass-ai/ortholog-sdk/did/pkh.go:196.57,198.3 1 0
github.com/clearcompass-ai/ortholog-sdk/did/pkh.go:200.2,208.34 2 0
github.com/clearcompass-ai/ortholog-sdk/did/pkh.go:208.34,210.17 2 0
github.com/clearcompass-ai/ortholog-sdk/did/pkh.go:210.17,212.4 1 0
github.com/clearcompass-ai/ortholog-sdk/did/pkh.go:213.3,214.34 2 0
github.com/clearcompass-ai/ortholog-sdk/did/pkh.go:215.8,219.3 1 0
github.com/clearcompass-ai/ortholog-sdk/did/pkh.go:221.2,221.20 1 0
github.com/clearcompass-ai/ortholog-sdk/did/pkh.go:229.93,232.40 3 0
github.com/clearcompass-ai/ortholog-sdk/did/pkh.go:232.40,236.3 1 0
github.com/clearcompass-ai/ortholog-sdk/did/pkh.go:237.2,239.19 3 0
github.com/clearcompass-ai/ortholog-sdk/did/pkh.go:239.19,242.3 1 0
github.com/clearcompass-ai/ortholog-sdk/did/pkh.go:243.2,243.28 1 0
github.com/clearcompass-ai/ortholog-sdk/did/pkh.go:255.72,256.19 1 0
github.com/clearcompass-ai/ortholog-sdk/did/pkh.go:256.19,258.3 1 0
github.com/clearcompass-ai/ortholog-sdk/did/pkh.go:259.2,260.16 2 0
github.com/clearcompass-ai/ortholog-sdk/did/pkh.go:260.16,262.3 1 0
github.com/clearcompass-ai/ortholog-sdk/did/pkh.go:263.2,263.82 1 0
github.com/clearcompass-ai/ortholog-sdk/did/pkh_verifier.go:70.36,72.2 1 0
github.com/clearcompass-ai/ortholog-sdk/did/pkh_verifier.go:79.91,81.16 2 0
github.com/clearcompass-ai/ortholog-sdk/did/pkh_verifier.go:81.16,83.3 1 0
github.com/clearcompass-ai/ortholog-sdk/did/pkh_verifier.go:84.2,84.41 1 0
github.com/clearcompass-ai/ortholog-sdk/did/pkh_verifier.go:84.41,88.3 1 0
github.com/clearcompass-ai/ortholog-sdk/did/pkh_verifier.go:89.2,89.63 1 0
github.com/clearcompass-ai/ortholog-sdk/did/pkh_verifier.go:89.63,93.3 1 0
github.com/clearcompass-ai/ortholog-sdk/did/pkh_verifier.go:94.2,94.35 1 0
github.com/clearcompass-ai/ortholog-sdk/did/pkh_verifier.go:94.35,98.3 1 0
github.com/clearcompass-ai/ortholog-sdk/did/pkh_verifier.go:100.2,106.16 5 0
github.com/clearcompass-ai/ortholog-sdk/did/pkh_verifier.go:107.29,108.56 1 0
github.com/clearcompass-ai/ortholog-sdk/did/pkh_verifier.go:110.30,111.59 1 0
github.com/clearcompass-ai/ortholog-sdk/did/pkh_verifier.go:113.30,114.59 1 0
github.com/clearcompass-ai/ortholog-sdk/did/pkh_verifier.go:116.10,119.37 1 0
github.com/clearcompass-ai/ortholog-sdk/did/resolver.go:124.61,125.30 1 0
github.com/clearcompass-ai/ortholog-sdk/did/resolver.go:125.30,126.36 1 0
github.com/clearcompass-ai/ortholog-sdk/did/resolver.go:126.36,128.4 1 0
github.com/clearcompass-ai/ortholog-sdk/did/resolver.go:130.2,130.87 1 0
github.com/clearcompass-ai/ortholog-sdk/did/resolver.go:134.54,136.30 2 0
github.com/clearcompass-ai/ortholog-sdk/did/resolver.go:136.30,137.35 1 0
github.com/clearcompass-ai/ortholog-sdk/did/resolver.go:137.35,139.4 1 0
github.com/clearcompass-ai/ortholog-sdk/did/resolver.go:141.2,141.13 1 0
github.com/clearcompass-ai/ortholog-sdk/did/resolver.go:145.58,146.30 1 0
github.com/clearcompass-ai/ortholog-sdk/did/resolver.go:146.30,147.41 1 0
github.com/clearcompass-ai/ortholog-sdk/did/resolver.go:147.41,149.4 1 0
github.com/clearcompass-ai/ortholog-sdk/did/resolver.go:151.2,151.92 1 0
github.com/clearcompass-ai/ortholog-sdk/did/resolver.go:156.79,157.38 1 0
github.com/clearcompass-ai/ortholog-sdk/did/resolver.go:157.38,158.41 1 0
github.com/clearcompass-ai/ortholog-sdk/did/resolver.go:158.41,160.4 1 0
github.com/clearcompass-ai/ortholog-sdk/did/resolver.go:162.2,162.12 1 0
github.com/clearcompass-ai/ortholog-sdk/did/resolver.go:171.71,173.42 2 0
github.com/clearcompass-ai/ortholog-sdk/did/resolver.go:173.42,174.39 1 0
github.com/clearcompass-ai/ortholog-sdk/did/resolver.go:174.39,175.12 1 0
github.com/clearcompass-ai/ortholog-sdk/did/resolver.go:177.3,178.17 2 0
github.com/clearcompass-ai/ortholog-sdk/did/resolver.go:178.17,180.4 1 0
github.com/clearcompass-ai/ortholog-sdk/did/resolver.go:181.3,185.5 2 0
github.com/clearcompass-ai/ortholog-sdk/did/resolver.go:187.2,187.18 1 0
github.com/clearcompass-ai/ortholog-sdk/did/resolver.go:192.49,193.16 1 0
github.com/clearcompass-ai/ortholog-sdk/did/resolver.go:196.26,197.14 1 0
github.com/clearcompass-ai/ortholog-sdk/did/resolver.go:198.10,199.15 1 0
github.com/clearcompass-ai/ortholog-sdk/did/resolver.go:205.61,206.27 1 0
github.com/clearcompass-ai/ortholog-sdk/did/resolver.go:206.27,208.3 1 0
github.com/clearcompass-ai/ortholog-sdk/did/resolver.go:209.2,209.67 1 0
github.com/clearcompass-ai/ortholog-sdk/did/resolver.go:209.67,210.35 1 0
github.com/clearcompass-ai/ortholog-sdk/did/resolver.go:211.12,212.54 1 0
github.com/clearcompass-ai/ortholog-sdk/did/resolver.go:213.12,215.18 2 0
github.com/clearcompass-ai/ortholog-sdk/did/resolver.go:215.18,217.5 1 0
github.com/clearcompass-ai/ortholog-sdk/did/resolver.go:218.4,218.23 1 0
github.com/clearcompass-ai/ortholog-sdk/did/resolver.go:219.11,222.30 1 0
github.com/clearcompass-ai/ortholog-sdk/did/resolver.go:225.2,225.79 1 0
github.com/clearcompass-ai/ortholog-sdk/did/resolver.go:262.61,263.19 1 0
github.com/clearcompass-ai/ortholog-sdk/did/resolver.go:263.19,265.3 1 0
github.com/clearcompass-ai/ortholog-sdk/did/resolver.go:266.2,266.40 1 0
github.com/clearcompass-ai/ortholog-sdk/did/resolver.go:270.68,272.16 2 0
github.com/clearcompass-ai/ortholog-sdk/did/resolver.go:272.16,274.3 1 0
github.com/clearcompass-ai/ortholog-sdk/did/resolver.go:276.2,277.16 2 0
github.com/clearcompass-ai/ortholog-sdk/did/resolver.go:277.16,279.3 1 0
github.com/clearcompass-ai/ortholog-sdk/did/resolver.go:280.2,282.44 2 0
github.com/clearcompass-ai/ortholog-sdk/did/resolver.go:282.44,284.3 1 0
github.com/clearcompass-ai/ortholog-sdk/did/resolver.go:285.2,285.38 1 0
github.com/clearcompass-ai/ortholog-sdk/did/resolver.go:285.38,287.3 1 0
github.com/clearcompass-ai/ortholog-sdk/did/resolver.go:289.2,290.16 2 0
github.com/clearcompass-ai/ortholog-sdk/did/resolver.go:290.16,292.3 1 0
github.com/clearcompass-ai/ortholog-sdk/did/resolver.go:294.2,295.51 2 0
github.com/clearcompass-ai/ortholog-sdk/did/resolver.go:295.51,297.3 1 0
github.com/clearcompass-ai/ortholog-sdk/did/resolver.go:299.2,299.35 1 0
github.com/clearcompass-ai/ortholog-sdk/did/resolver.go:299.35,303.3 1 0
github.com/clearcompass-ai/ortholog-sdk/did/resolver.go:305.2,305.18 1 0
github.com/clearcompass-ai/ortholog-sdk/did/resolver.go:309.46,310.41 1 0
github.com/clearcompass-ai/ortholog-sdk/did/resolver.go:310.41,314.3 1 0
github.com/clearcompass-ai/ortholog-sdk/did/resolver.go:316.2,317.20 2 0
github.com/clearcompass-ai/ortholog-sdk/did/resolver.go:317.20,319.3 1 0
github.com/clearcompass-ai/ortholog-sdk/did/resolver.go:321.2,324.21 3 0
github.com/clearcompass-ai/ortholog-sdk/did/resolver.go:324.21,326.3 1 0
github.com/clearcompass-ai/ortholog-sdk/did/resolver.go:327.2,328.60 2 0
github.com/clearcompass-ai/ortholog-sdk/did/resolver.go:350.80,351.14 1 0
github.com/clearcompass-ai/ortholog-sdk/did/resolver.go:351.14,353.3 1 0
github.com/clearcompass-ai/ortholog-sdk/did/resolver.go:354.2,358.3 1 0
github.com/clearcompass-ai/ortholog-sdk/did/resolver.go:362.69,367.49 4 0
github.com/clearcompass-ai/ortholog-sdk/did/resolver.go:367.49,369.3 1 0
github.com/clearcompass-ai/ortholog-sdk/did/resolver.go:371.2,372.16 2 0
github.com/clearcompass-ai/ortholog-sdk/did/resolver.go:372.16,374.3 1 0
github.com/clearcompass-ai/ortholog-sdk/did/resolver.go:376.2,380.17 4 0
github.com/clearcompass-ai/ortholog-sdk/did/resolver.go:384.55,388.2 3 0
github.com/clearcompass-ai/ortholog-sdk/did/resolver.go:391.43,395.2 3 0
github.com/clearcompass-ai/ortholog-sdk/did/resolver.go:407.78,409.16 2 0
github.com/clearcompass-ai/ortholog-sdk/did/resolver.go:409.16,411.3 1 0
github.com/clearcompass-ai/ortholog-sdk/did/resolver.go:412.2,412.34 1 0
github.com/clearcompass-ai/ortholog-sdk/did/resolver.go:416.80,418.16 2 0
github.com/clearcompass-ai/ortholog-sdk/did/resolver.go:418.16,420.3 1 0
github.com/clearcompass-ai/ortholog-sdk/did/resolver.go:421.2,421.39 1 0
github.com/clearcompass-ai/ortholog-sdk/did/resolver.go:430.102,432.16 2 0
github.com/clearcompass-ai/ortholog-sdk/did/resolver.go:432.16,434.3 1 0
github.com/clearcompass-ai/ortholog-sdk/did/resolver.go:435.2,436.16 2 0
github.com/clearcompass-ai/ortholog-sdk/did/resolver.go:436.16,438.3 1 0
github.com/clearcompass-ai/ortholog-sdk/did/resolver.go:439.2,440.18 2 0
github.com/clearcompass-ai/ortholog-sdk/did/resolver.go:440.18,442.3 1 0
github.com/clearcompass-ai/ortholog-sdk/did/resolver.go:443.2,443.27 1 0
github.com/clearcompass-ai/ortholog-sdk/did/vendor_did.go:62.90,64.35 2 0
github.com/clearcompass-ai/ortholog-sdk/did/vendor_did.go:64.35,66.3 1 0
github.com/clearcompass-ai/ortholog-sdk/did/vendor_did.go:67.2,67.52 1 0
github.com/clearcompass-ai/ortholog-sdk/did/vendor_did.go:71.71,73.16 2 0
github.com/clearcompass-ai/ortholog-sdk/did/vendor_did.go:73.16,75.3 1 0
github.com/clearcompass-ai/ortholog-sdk/did/vendor_did.go:77.2,78.9 2 0
github.com/clearcompass-ai/ortholog-sdk/did/vendor_did.go:78.9,81.3 1 0
github.com/clearcompass-ai/ortholog-sdk/did/vendor_did.go:83.2,84.16 2 0
github.com/clearcompass-ai/ortholog-sdk/did/vendor_did.go:84.16,86.3 1 0
github.com/clearcompass-ai/ortholog-sdk/did/vendor_did.go:88.2,88.39 1 0
github.com/clearcompass-ai/ortholog-sdk/did/vendor_did.go:92.68,94.2 1 0
github.com/clearcompass-ai/ortholog-sdk/did/vendor_did.go:97.60,100.2 2 0
github.com/clearcompass-ai/ortholog-sdk/did/vendor_did.go:107.64,108.37 1 0
github.com/clearcompass-ai/ortholog-sdk/did/vendor_did.go:108.37,110.3 1 0
github.com/clearcompass-ai/ortholog-sdk/did/vendor_did.go:112.2,113.56 2 0
github.com/clearcompass-ai/ortholog-sdk/did/vendor_did.go:113.56,115.3 1 0
github.com/clearcompass-ai/ortholog-sdk/did/vendor_did.go:117.2,117.32 1 0
github.com/clearcompass-ai/ortholog-sdk/did/vendor_did.go:121.83,122.34 1 0
github.com/clearcompass-ai/ortholog-sdk/did/vendor_did.go:122.34,124.17 2 0
github.com/clearcompass-ai/ortholog-sdk/did/vendor_did.go:124.17,126.4 1 0
github.com/clearcompass-ai/ortholog-sdk/did/vendor_did.go:127.3,127.64 1 0
github.com/clearcompass-ai/ortholog-sdk/did/vendor_did.go:132.2,134.26 3 0
github.com/clearcompass-ai/ortholog-sdk/did/vendor_did.go:134.26,136.3 1 0
github.com/clearcompass-ai/ortholog-sdk/did/vendor_did.go:137.2,138.58 2 0
github.com/clearcompass-ai/ortholog-sdk/did/verifier_registry.go:165.46,169.2 1 0
github.com/clearcompass-ai/ortholog-sdk/did/verifier_registry.go:191.90,192.23 1 0
github.com/clearcompass-ai/ortholog-sdk/did/verifier_registry.go:192.23,193.109 1 0
github.com/clearcompass-ai/ortholog-sdk/did/verifier_registry.go:195.2,195.21 1 0
github.com/clearcompass-ai/ortholog-sdk/did/verifier_registry.go:195.21,196.123 1 0
github.com/clearcompass-ai/ortholog-sdk/did/verifier_registry.go:198.2,205.10 5 0
github.com/clearcompass-ai/ortholog-sdk/did/verifier_registry.go:215.79,216.18 1 0
github.com/clearcompass-ai/ortholog-sdk/did/verifier_registry.go:216.18,218.3 1 0
github.com/clearcompass-ai/ortholog-sdk/did/verifier_registry.go:219.2,219.14 1 0
github.com/clearcompass-ai/ortholog-sdk/did/verifier_registry.go:219.14,221.3 1 0
github.com/clearcompass-ai/ortholog-sdk/did/verifier_registry.go:222.2,224.46 3 0
github.com/clearcompass-ai/ortholog-sdk/did/verifier_registry.go:224.46,226.3 1 0
github.com/clearcompass-ai/ortholog-sdk/did/verifier_registry.go:227.2,228.12 2 0
github.com/clearcompass-ai/ortholog-sdk/did/verifier_registry.go:234.77,235.46 1 0
github.com/clearcompass-ai/ortholog-sdk/did/verifier_registry.go:235.46,236.63 1 0
github.com/clearcompass-ai/ortholog-sdk/did/verifier_registry.go:242.57,246.29 4 0
github.com/clearcompass-ai/ortholog-sdk/did/verifier_registry.go:246.29,248.3 1 0
github.com/clearcompass-ai/ortholog-sdk/did/verifier_registry.go:249.2,249.12 1 0
github.com/clearcompass-ai/ortholog-sdk/did/verifier_registry.go:256.54,258.2 1 0
github.com/clearcompass-ai/ortholog-sdk/did/verifier_registry.go:283.96,285.16 2 0
github.com/clearcompass-ai/ortholog-sdk/did/verifier_registry.go:285.16,287.3 1 0
github.com/clearcompass-ai/ortholog-sdk/did/verifier_registry.go:289.2,293.9 4 0
github.com/clearcompass-ai/ortholog-sdk/did/verifier_registry.go:293.9,295.3 1 0
github.com/clearcompass-ai/ortholog-sdk/did/verifier_registry.go:296.2,296.44 1 0
github.com/clearcompass-ai/ortholog-sdk/did/verifier_registry.go:336.69,337.18 1 0
github.com/clearcompass-ai/ortholog-sdk/did/verifier_registry.go:337.18,339.3 1 0
github.com/clearcompass-ai/ortholog-sdk/did/verifier_registry.go:343.2,343.80 1 0
github.com/clearcompass-ai/ortholog-sdk/did/verifier_registry.go:343.80,346.3 1 0
github.com/clearcompass-ai/ortholog-sdk/did/verifier_registry.go:348.2,348.32 1 0
github.com/clearcompass-ai/ortholog-sdk/did/verifier_registry.go:348.32,350.3 1 0
github.com/clearcompass-ai/ortholog-sdk/did/verifier_registry.go:352.2,354.39 2 0
github.com/clearcompass-ai/ortholog-sdk/did/verifier_registry.go:354.39,355.81 1 0
github.com/clearcompass-ai/ortholog-sdk/did/verifier_registry.go:355.81,358.4 1 0
github.com/clearcompass-ai/ortholog-sdk/did/verifier_registry.go:360.2,360.12 1 0
github.com/clearcompass-ai/ortholog-sdk/did/web_verifier.go:82.56,83.21 1 0
github.com/clearcompass-ai/ortholog-sdk/did/web_verifier.go:83.21,84.63 1 0
github.com/clearcompass-ai/ortholog-sdk/did/web_verifier.go:86.2,86.41 1 0
github.com/clearcompass-ai/ortholog-sdk/did/web_verifier.go:91.91,95.16 3 0
github.com/clearcompass-ai/ortholog-sdk/did/web_verifier.go:95.16,97.3 1 0
github.com/clearcompass-ai/ortholog-sdk/did/web_verifier.go:98.2,98.38 1 0
github.com/clearcompass-ai/ortholog-sdk/did/web_verifier.go:98.38,100.3 1 0
github.com/clearcompass-ai/ortholog-sdk/did/web_verifier.go:102.2,103.16 2 0
github.com/clearcompass-ai/ortholog-sdk/did/web_verifier.go:103.16,105.3 1 0
github.com/clearcompass-ai/ortholog-sdk/did/web_verifier.go:107.2,107.54 1 0
github.com/clearcompass-ai/ortholog-sdk/did/web_verifier.go:118.69,120.17 2 0
github.com/clearcompass-ai/ortholog-sdk/did/web_verifier.go:120.17,122.3 1 0
github.com/clearcompass-ai/ortholog-sdk/did/web_verifier.go:123.2,123.39 1 0
github.com/clearcompass-ai/ortholog-sdk/did/web_verifier.go:133.95,134.20 1 0
github.com/clearcompass-ai/ortholog-sdk/did/web_verifier.go:134.20,135.39 1 0
github.com/clearcompass-ai/ortholog-sdk/did/web_verifier.go:135.39,137.4 1 0
github.com/clearcompass-ai/ortholog-sdk/did/web_verifier.go:138.3,139.66 1 0
github.com/clearcompass-ai/ortholog-sdk/did/web_verifier.go:145.2,145.40 1 0
github.com/clearcompass-ai/ortholog-sdk/did/web_verifier.go:145.40,147.69 2 0
github.com/clearcompass-ai/ortholog-sdk/did/web_verifier.go:147.69,149.4 1 0
github.com/clearcompass-ai/ortholog-sdk/did/web_verifier.go:151.2,152.51 1 0
github.com/clearcompass-ai/ortholog-sdk/did/web_verifier.go:157.44,159.17 2 0
github.com/clearcompass-ai/ortholog-sdk/did/web_verifier.go:159.17,161.3 1 0
github.com/clearcompass-ai/ortholog-sdk/did/web_verifier.go:162.2,162.25 1 0
github.com/clearcompass-ai/ortholog-sdk/did/web_verifier.go:170.99,171.17 1 0
github.com/clearcompass-ai/ortholog-sdk/did/web_verifier.go:173.33,174.40 1 0
github.com/clearcompass-ai/ortholog-sdk/did/web_verifier.go:174.40,177.4 1 0
github.com/clearcompass-ai/ortholog-sdk/did/web_verifier.go:178.3,179.17 2 0
github.com/clearcompass-ai/ortholog-sdk/did/web_verifier.go:179.17,181.4 1 0
github.com/clearcompass-ai/ortholog-sdk/did/web_verifier.go:182.3,182.56 1 0
github.com/clearcompass-ai/ortholog-sdk/did/web_verifier.go:184.35,185.38 1 0
github.com/clearcompass-ai/ortholog-sdk/did/web_verifier.go:185.38,188.4 1 0
github.com/clearcompass-ai/ortholog-sdk/did/web_verifier.go:189.3,190.17 2 0
github.com/clearcompass-ai/ortholog-sdk/did/web_verifier.go:190.17,192.4 1 0
github.com/clearcompass-ai/ortholog-sdk/did/web_verifier.go:193.3,194.17 2 0
github.com/clearcompass-ai/ortholog-sdk/did/web_verifier.go:194.17,196.4 1 0
github.com/clearcompass-ai/ortholog-sdk/did/web_verifier.go:197.3,197.65 1 0
github.com/clearcompass-ai/ortholog-sdk/did/web_verifier.go:199.30,200.38 1 0
github.com/clearcompass-ai/ortholog-sdk/did/web_verifier.go:200.38,203.4 1 0
github.com/clearcompass-ai/ortholog-sdk/did/web_verifier.go:204.3,205.17 2 0
github.com/clearcompass-ai/ortholog-sdk/did/web_verifier.go:205.17,207.4 1 0
github.com/clearcompass-ai/ortholog-sdk/did/web_verifier.go:208.3,209.17 2 0
github.com/clearcompass-ai/ortholog-sdk/did/web_verifier.go:209.17,211.4 1 0
github.com/clearcompass-ai/ortholog-sdk/did/web_verifier.go:212.3,212.50 1 0
github.com/clearcompass-ai/ortholog-sdk/did/web_verifier.go:214.43,218.56 1 0
github.com/clearcompass-ai/ortholog-sdk/did/web_verifier.go:220.10,221.81 1 0
github.com/clearcompass-ai/ortholog-sdk/did/web_verifier.go:227.54,229.24 2 0
github.com/clearcompass-ai/ortholog-sdk/did/web_verifier.go:229.24,232.3 1 0
github.com/clearcompass-ai/ortholog-sdk/did/web_verifier.go:233.2,234.17 2 0
github.com/clearcompass-ai/ortholog-sdk/did/web_verifier.go:239.100,243.16 2 0
github.com/clearcompass-ai/ortholog-sdk/did/web_verifier.go:243.16,245.3 1 0
github.com/clearcompass-ai/ortholog-sdk/did/web_verifier.go:247.2,248.16 2 0
github.com/clearcompass-ai/ortholog-sdk/did/web_verifier.go:248.16,250.3 1 0
github.com/clearcompass-ai/ortholog-sdk/did/web_verifier.go:252.2,252.16 1 0
github.com/clearcompass-ai/ortholog-sdk/did/web_verifier.go:253.29,254.56 1 0
github.com/clearcompass-ai/ortholog-sdk/did/web_verifier.go:255.30,256.59 1 0
github.com/clearcompass-ai/ortholog-sdk/did/web_verifier.go:257.30,258.59 1 0
github.com/clearcompass-ai/ortholog-sdk/did/web_verifier.go:259.10,261.37 1 0
github.com/clearcompass-ai/ortholog-sdk/did/web_verifier.go:268.97,271.34 2 0
github.com/clearcompass-ai/ortholog-sdk/did/web_verifier.go:271.34,274.22 2 0
github.com/clearcompass-ai/ortholog-sdk/did/web_verifier.go:274.22,278.4 1 0
github.com/clearcompass-ai/ortholog-sdk/did/web_verifier.go:279.3,279.34 1 0
github.com/clearcompass-ai/ortholog-sdk/did/web_verifier.go:279.34,283.4 1 0
github.com/clearcompass-ai/ortholog-sdk/did/web_verifier.go:284.3,285.17 2 0
github.com/clearcompass-ai/ortholog-sdk/did/web_verifier.go:285.17,287.4 1 0
github.com/clearcompass-ai/ortholog-sdk/did/web_verifier.go:288.3,289.18 2 0
github.com/clearcompass-ai/ortholog-sdk/did/web_verifier.go:292.2,292.27 1 0
github.com/clearcompass-ai/ortholog-sdk/did/web_verifier.go:292.27,294.17 2 0
github.com/clearcompass-ai/ortholog-sdk/did/web_verifier.go:294.17,296.4 1 0
github.com/clearcompass-ai/ortholog-sdk/did/web_verifier.go:297.3,297.52 1 0
github.com/clearcompass-ai/ortholog-sdk/did/web_verifier.go:297.52,301.4 1 0
github.com/clearcompass-ai/ortholog-sdk/did/web_verifier.go:302.3,303.18 2 0
github.com/clearcompass-ai/ortholog-sdk/did/web_verifier.go:306.2,306.91 1 0
