mode: atomic
github.com/clearcompass-ai/ortholog-sdk/storage/cid.go:19.39,19.80 2 0
github.com/clearcompass-ai/ortholog-sdk/storage/cid.go:22.102,25.2 4 0
github.com/clearcompass-ai/ortholog-sdk/storage/cid.go:32.31,32.71 1 0
github.com/clearcompass-ai/ortholog-sdk/storage/cid.go:34.55,36.9 2 0
github.com/clearcompass-ai/ortholog-sdk/storage/cid.go:36.9,36.81 1 0
github.com/clearcompass-ai/ortholog-sdk/storage/cid.go:37.2,37.53 1 0
github.com/clearcompass-ai/ortholog-sdk/storage/cid.go:40.39,42.9 2 0
github.com/clearcompass-ai/ortholog-sdk/storage/cid.go:42.9,42.25 1 0
github.com/clearcompass-ai/ortholog-sdk/storage/cid.go:43.2,44.36 2 0
github.com/clearcompass-ai/ortholog-sdk/storage/cid.go:44.36,44.52 1 0
github.com/clearcompass-ai/ortholog-sdk/storage/cid.go:45.2,46.26 2 0
github.com/clearcompass-ai/ortholog-sdk/storage/cid.go:46.26,46.67 1 0
github.com/clearcompass-ai/ortholog-sdk/storage/cid.go:47.2,47.22 1 0
github.com/clearcompass-ai/ortholog-sdk/storage/cid.go:50.28,50.57 1 0
github.com/clearcompass-ai/ortholog-sdk/storage/cid.go:52.36,53.74 1 0
github.com/clearcompass-ai/ortholog-sdk/storage/cid.go:53.74,53.90 1 0
github.com/clearcompass-ai/ortholog-sdk/storage/cid.go:54.2,54.26 1 0
github.com/clearcompass-ai/ortholog-sdk/storage/cid.go:54.26,54.62 1 0
github.com/clearcompass-ai/ortholog-sdk/storage/cid.go:54.62,54.78 1 0
github.com/clearcompass-ai/ortholog-sdk/storage/cid.go:55.2,55.13 1 0
github.com/clearcompass-ai/ortholog-sdk/storage/cid.go:58.30,59.49 2 0
github.com/clearcompass-ai/ortholog-sdk/storage/cid.go:59.49,59.100 1 0
github.com/clearcompass-ai/ortholog-sdk/storage/cid.go:60.2,60.50 1 0
github.com/clearcompass-ai/ortholog-sdk/storage/cid.go:63.38,65.21 2 0
github.com/clearcompass-ai/ortholog-sdk/storage/cid.go:65.21,65.80 1 0
github.com/clearcompass-ai/ortholog-sdk/storage/cid.go:66.2,67.9 2 0
github.com/clearcompass-ai/ortholog-sdk/storage/cid.go:67.9,67.84 1 0
github.com/clearcompass-ai/ortholog-sdk/storage/cid.go:68.2,69.16 2 0
github.com/clearcompass-ai/ortholog-sdk/storage/cid.go:69.16,69.81 1 0
github.com/clearcompass-ai/ortholog-sdk/storage/cid.go:70.2,71.38 2 0
github.com/clearcompass-ai/ortholog-sdk/storage/cid.go:71.38,71.138 1 0
github.com/clearcompass-ai/ortholog-sdk/storage/cid.go:72.2,72.50 1 0
github.com/clearcompass-ai/ortholog-sdk/storage/cid.go:75.29,77.2 4 0
github.com/clearcompass-ai/ortholog-sdk/storage/cid.go:79.43,80.16 1 0
github.com/clearcompass-ai/ortholog-sdk/storage/cid.go:80.16,80.76 1 0
github.com/clearcompass-ai/ortholog-sdk/storage/cid.go:81.2,83.9 3 0
github.com/clearcompass-ai/ortholog-sdk/storage/cid.go:83.9,83.88 1 0
github.com/clearcompass-ai/ortholog-sdk/storage/cid.go:84.2,84.29 1 0
github.com/clearcompass-ai/ortholog-sdk/storage/cid.go:84.29,84.126 1 0
github.com/clearcompass-ai/ortholog-sdk/storage/cid.go:85.2,86.50 3 0
github.com/clearcompass-ai/ortholog-sdk/storage/content_store.go:115.54,120.2 1 0
github.com/clearcompass-ai/ortholog-sdk/storage/content_store.go:122.65,130.2 7 0
github.com/clearcompass-ai/ortholog-sdk/storage/content_store.go:132.63,137.9 5 0
github.com/clearcompass-ai/ortholog-sdk/storage/content_store.go:137.9,139.3 1 0
github.com/clearcompass-ai/ortholog-sdk/storage/content_store.go:140.2,142.20 3 0
github.com/clearcompass-ai/ortholog-sdk/storage/content_store.go:145.51,149.32 4 0
github.com/clearcompass-ai/ortholog-sdk/storage/content_store.go:149.32,151.3 1 0
github.com/clearcompass-ai/ortholog-sdk/storage/content_store.go:152.2,153.12 2 0
github.com/clearcompass-ai/ortholog-sdk/storage/content_store.go:156.62,162.2 5 0
github.com/clearcompass-ai/ortholog-sdk/storage/content_store.go:164.54,171.2 6 0
github.com/clearcompass-ai/ortholog-sdk/storage/content_store.go:180.64,182.2 1 0
github.com/clearcompass-ai/ortholog-sdk/storage/content_store.go:184.109,190.2 1 0
github.com/clearcompass-ai/ortholog-sdk/storage/http_content_store.go:54.72,56.18 2 0
github.com/clearcompass-ai/ortholog-sdk/storage/http_content_store.go:56.18,58.3 1 0
github.com/clearcompass-ai/ortholog-sdk/storage/http_content_store.go:59.2,62.3 1 0
github.com/clearcompass-ai/ortholog-sdk/storage/http_content_store.go:67.61,70.16 3 0
github.com/clearcompass-ai/ortholog-sdk/storage/http_content_store.go:70.16,72.3 1 0
github.com/clearcompass-ai/ortholog-sdk/storage/http_content_store.go:73.2,77.16 4 0
github.com/clearcompass-ai/ortholog-sdk/storage/http_content_store.go:77.16,79.3 1 0
github.com/clearcompass-ai/ortholog-sdk/storage/http_content_store.go:80.2,82.122 2 0
github.com/clearcompass-ai/ortholog-sdk/storage/http_content_store.go:82.122,84.3 1 0
github.com/clearcompass-ai/ortholog-sdk/storage/http_content_store.go:85.2,85.12 1 0
github.com/clearcompass-ai/ortholog-sdk/storage/http_content_store.go:90.59,93.16 3 0
github.com/clearcompass-ai/ortholog-sdk/storage/http_content_store.go:93.16,95.3 1 0
github.com/clearcompass-ai/ortholog-sdk/storage/http_content_store.go:96.2,98.44 2 0
github.com/clearcompass-ai/ortholog-sdk/storage/http_content_store.go:98.44,100.3 1 0
github.com/clearcompass-ai/ortholog-sdk/storage/http_content_store.go:101.2,101.38 1 0
github.com/clearcompass-ai/ortholog-sdk/storage/http_content_store.go:101.38,103.3 1 0
github.com/clearcompass-ai/ortholog-sdk/storage/http_content_store.go:105.2,106.16 2 0
github.com/clearcompass-ai/ortholog-sdk/storage/http_content_store.go:106.16,108.3 1 0
github.com/clearcompass-ai/ortholog-sdk/storage/http_content_store.go:109.2,109.18 1 0
github.com/clearcompass-ai/ortholog-sdk/storage/http_content_store.go:113.47,116.16 3 0
github.com/clearcompass-ai/ortholog-sdk/storage/http_content_store.go:116.16,118.3 1 0
github.com/clearcompass-ai/ortholog-sdk/storage/http_content_store.go:119.2,121.44 2 0
github.com/clearcompass-ai/ortholog-sdk/storage/http_content_store.go:121.44,123.3 1 0
github.com/clearcompass-ai/ortholog-sdk/storage/http_content_store.go:124.2,124.81 1 0
github.com/clearcompass-ai/ortholog-sdk/storage/http_content_store.go:124.81,126.3 1 0
github.com/clearcompass-ai/ortholog-sdk/storage/http_content_store.go:127.2,127.12 1 0
github.com/clearcompass-ai/ortholog-sdk/storage/http_content_store.go:131.58,134.16 3 0
github.com/clearcompass-ai/ortholog-sdk/storage/http_content_store.go:134.16,136.3 1 0
github.com/clearcompass-ai/ortholog-sdk/storage/http_content_store.go:138.2,139.16 2 0
github.com/clearcompass-ai/ortholog-sdk/storage/http_content_store.go:139.16,141.3 1 0
github.com/clearcompass-ai/ortholog-sdk/storage/http_content_store.go:142.2,144.38 2 0
github.com/clearcompass-ai/ortholog-sdk/storage/http_content_store.go:144.38,146.3 1 0
github.com/clearcompass-ai/ortholog-sdk/storage/http_content_store.go:147.2,147.44 1 0
github.com/clearcompass-ai/ortholog-sdk/storage/http_content_store.go:147.44,149.3 1 0
github.com/clearcompass-ai/ortholog-sdk/storage/http_content_store.go:150.2,150.76 1 0
github.com/clearcompass-ai/ortholog-sdk/storage/http_content_store.go:154.50,157.16 3 0
github.com/clearcompass-ai/ortholog-sdk/storage/http_content_store.go:157.16,159.3 1 0
github.com/clearcompass-ai/ortholog-sdk/storage/http_content_store.go:161.2,162.16 2 0
github.com/clearcompass-ai/ortholog-sdk/storage/http_content_store.go:162.16,164.3 1 0
github.com/clearcompass-ai/ortholog-sdk/storage/http_content_store.go:165.2,167.81 2 0
github.com/clearcompass-ai/ortholog-sdk/storage/http_content_store.go:167.81,169.3 1 0
github.com/clearcompass-ai/ortholog-sdk/storage/http_content_store.go:170.2,170.12 1 0
github.com/clearcompass-ai/ortholog-sdk/storage/http_retrieval_provider.go:51.87,53.18 2 0
github.com/clearcompass-ai/ortholog-sdk/storage/http_retrieval_provider.go:53.18,55.3 1 0
github.com/clearcompass-ai/ortholog-sdk/storage/http_retrieval_provider.go:56.2,59.3 1 0
github.com/clearcompass-ai/ortholog-sdk/storage/http_retrieval_provider.go:66.110,71.16 3 0
github.com/clearcompass-ai/ortholog-sdk/storage/http_retrieval_provider.go:71.16,73.3 1 0
github.com/clearcompass-ai/ortholog-sdk/storage/http_retrieval_provider.go:74.2,76.44 2 0
github.com/clearcompass-ai/ortholog-sdk/storage/http_retrieval_provider.go:76.44,78.3 1 0
github.com/clearcompass-ai/ortholog-sdk/storage/http_retrieval_provider.go:79.2,79.38 1 0
github.com/clearcompass-ai/ortholog-sdk/storage/http_retrieval_provider.go:79.38,81.3 1 0
github.com/clearcompass-ai/ortholog-sdk/storage/http_retrieval_provider.go:83.2,84.16 2 0
github.com/clearcompass-ai/ortholog-sdk/storage/http_retrieval_provider.go:84.16,86.3 1 0
github.com/clearcompass-ai/ortholog-sdk/storage/http_retrieval_provider.go:88.2,89.51 2 0
github.com/clearcompass-ai/ortholog-sdk/storage/http_retrieval_provider.go:89.51,91.3 1 0
github.com/clearcompass-ai/ortholog-sdk/storage/http_retrieval_provider.go:93.2,98.22 2 0
github.com/clearcompass-ai/ortholog-sdk/storage/http_retrieval_provider.go:98.22,100.17 2 0
github.com/clearcompass-ai/ortholog-sdk/storage/http_retrieval_provider.go:100.17,102.4 1 0
github.com/clearcompass-ai/ortholog-sdk/storage/http_retrieval_provider.go:105.2,105.18 1 0
