mode: atomic
github.com/clearcompass-ai/ortholog-sdk/schema/parameters_json.go:47.58,49.2 1 0
github.com/clearcompass-ai/ortholog-sdk/schema/parameters_json.go:110.104,111.24 1 0
github.com/clearcompass-ai/ortholog-sdk/schema/parameters_json.go:111.24,113.3 1 0
github.com/clearcompass-ai/ortholog-sdk/schema/parameters_json.go:114.2,114.41 1 0
github.com/clearcompass-ai/ortholog-sdk/schema/parameters_json.go:114.41,116.3 1 0
github.com/clearcompass-ai/ortholog-sdk/schema/parameters_json.go:118.2,119.72 2 0
github.com/clearcompass-ai/ortholog-sdk/schema/parameters_json.go:119.72,121.3 1 0
github.com/clearcompass-ai/ortholog-sdk/schema/parameters_json.go:123.2,141.32 2 0
github.com/clearcompass-ai/ortholog-sdk/schema/parameters_json.go:141.32,143.3 1 0
github.com/clearcompass-ai/ortholog-sdk/schema/parameters_json.go:145.2,145.37 1 0
github.com/clearcompass-ai/ortholog-sdk/schema/parameters_json.go:145.37,147.3 1 0
github.com/clearcompass-ai/ortholog-sdk/schema/parameters_json.go:149.2,149.32 1 0
github.com/clearcompass-ai/ortholog-sdk/schema/parameters_json.go:149.32,151.3 1 0
github.com/clearcompass-ai/ortholog-sdk/schema/parameters_json.go:153.2,153.41 1 0
github.com/clearcompass-ai/ortholog-sdk/schema/parameters_json.go:153.41,156.3 2 0
github.com/clearcompass-ai/ortholog-sdk/schema/parameters_json.go:158.2,158.40 1 0
github.com/clearcompass-ai/ortholog-sdk/schema/parameters_json.go:158.40,160.3 1 0
github.com/clearcompass-ai/ortholog-sdk/schema/parameters_json.go:162.2,162.32 1 0
github.com/clearcompass-ai/ortholog-sdk/schema/parameters_json.go:162.32,163.31 1 0
github.com/clearcompass-ai/ortholog-sdk/schema/parameters_json.go:164.17,165.50 1 0
github.com/clearcompass-ai/ortholog-sdk/schema/parameters_json.go:166.18,167.51 1 0
github.com/clearcompass-ai/ortholog-sdk/schema/parameters_json.go:168.20,169.53 1 0
github.com/clearcompass-ai/ortholog-sdk/schema/parameters_json.go:170.11,171.103 1 0
github.com/clearcompass-ai/ortholog-sdk/schema/parameters_json.go:175.2,175.34 1 0
github.com/clearcompass-ai/ortholog-sdk/schema/parameters_json.go:175.34,181.3 2 0
github.com/clearcompass-ai/ortholog-sdk/schema/parameters_json.go:185.2,185.35 1 0
github.com/clearcompass-ai/ortholog-sdk/schema/parameters_json.go:185.35,186.34 1 0
github.com/clearcompass-ai/ortholog-sdk/schema/parameters_json.go:187.18,188.54 1 0
github.com/clearcompass-ai/ortholog-sdk/schema/parameters_json.go:189.21,190.57 1 0
github.com/clearcompass-ai/ortholog-sdk/schema/parameters_json.go:191.11,192.109 1 0
github.com/clearcompass-ai/ortholog-sdk/schema/parameters_json.go:196.2,196.35 1 0
github.com/clearcompass-ai/ortholog-sdk/schema/parameters_json.go:196.35,198.3 1 0
github.com/clearcompass-ai/ortholog-sdk/schema/parameters_json.go:200.2,200.38 1 0
github.com/clearcompass-ai/ortholog-sdk/schema/parameters_json.go:200.38,205.3 1 0
github.com/clearcompass-ai/ortholog-sdk/schema/parameters_json.go:213.2,213.39 1 0
github.com/clearcompass-ai/ortholog-sdk/schema/parameters_json.go:213.39,214.38 1 0
github.com/clearcompass-ai/ortholog-sdk/schema/parameters_json.go:215.15,216.55 1 0
github.com/clearcompass-ai/ortholog-sdk/schema/parameters_json.go:217.21,218.61 1 0
github.com/clearcompass-ai/ortholog-sdk/schema/parameters_json.go:219.17,220.57 1 0
github.com/clearcompass-ai/ortholog-sdk/schema/parameters_json.go:221.11,222.118 1 0
github.com/clearcompass-ai/ortholog-sdk/schema/parameters_json.go:226.2,226.40 1 0
github.com/clearcompass-ai/ortholog-sdk/schema/parameters_json.go:226.40,228.3 1 0
github.com/clearcompass-ai/ortholog-sdk/schema/parameters_json.go:235.2,235.34 1 0
github.com/clearcompass-ai/ortholog-sdk/schema/parameters_json.go:235.34,236.33 1 0
github.com/clearcompass-ai/ortholog-sdk/schema/parameters_json.go:237.21,238.63 1 0
github.com/clearcompass-ai/ortholog-sdk/schema/parameters_json.go:239.26,240.60 1 0
github.com/clearcompass-ai/ortholog-sdk/schema/parameters_json.go:241.20,242.55 1 0
github.com/clearcompass-ai/ortholog-sdk/schema/parameters_json.go:243.11,244.107 1 0
github.com/clearcompass-ai/ortholog-sdk/schema/parameters_json.go:248.2,248.20 1 0
github.com/clearcompass-ai/ortholog-sdk/schema/resolver.go:17.44,19.2 1 0
github.com/clearcompass-ai/ortholog-sdk/schema/resolver.go:21.123,23.8 4 0
github.com/clearcompass-ai/ortholog-sdk/schema/resolver.go:23.8,23.30 1 0
github.com/clearcompass-ai/ortholog-sdk/schema/resolver.go:24.2,25.16 2 0
github.com/clearcompass-ai/ortholog-sdk/schema/resolver.go:25.16,25.35 1 0
github.com/clearcompass-ai/ortholog-sdk/schema/resolver.go:26.2,26.17 1 0
github.com/clearcompass-ai/ortholog-sdk/schema/resolver.go:26.17,29.3 3 0
github.com/clearcompass-ai/ortholog-sdk/schema/resolver.go:30.2,31.16 2 0
github.com/clearcompass-ai/ortholog-sdk/schema/resolver.go:31.16,31.35 1 0
github.com/clearcompass-ai/ortholog-sdk/schema/resolver.go:32.2,36.42 3 0
github.com/clearcompass-ai/ortholog-sdk/schema/resolver.go:39.93,41.2 3 0
github.com/clearcompass-ai/ortholog-sdk/schema/shard_genesis.go:84.142,85.23 1 0
github.com/clearcompass-ai/ortholog-sdk/schema/shard_genesis.go:85.23,87.3 1 0
github.com/clearcompass-ai/ortholog-sdk/schema/shard_genesis.go:88.2,88.50 1 0
github.com/clearcompass-ai/ortholog-sdk/schema/shard_genesis.go:88.50,90.3 1 0
github.com/clearcompass-ai/ortholog-sdk/schema/shard_genesis.go:91.2,91.49 1 0
github.com/clearcompass-ai/ortholog-sdk/schema/shard_genesis.go:91.49,93.3 1 0
github.com/clearcompass-ai/ortholog-sdk/schema/shard_genesis.go:95.2,103.16 3 0
github.com/clearcompass-ai/ortholog-sdk/schema/shard_genesis.go:103.16,105.3 1 0
github.com/clearcompass-ai/ortholog-sdk/schema/shard_genesis.go:106.2,106.18 1 0
github.com/clearcompass-ai/ortholog-sdk/schema/shard_genesis.go:117.74,118.20 1 0
github.com/clearcompass-ai/ortholog-sdk/schema/shard_genesis.go:118.20,120.3 1 0
github.com/clearcompass-ai/ortholog-sdk/schema/shard_genesis.go:121.2,122.55 2 0
github.com/clearcompass-ai/ortholog-sdk/schema/shard_genesis.go:122.55,124.3 1 0
github.com/clearcompass-ai/ortholog-sdk/schema/shard_genesis.go:125.2,125.22 1 0
github.com/clearcompass-ai/ortholog-sdk/schema/shard_genesis.go:140.57,148.2 1 0
