mode: atomic
github.com/clearcompass-ai/ortholog-sdk/exchange/identity/mapping_escrow.go:83.55,85.2 1 0
github.com/clearcompass-ai/ortholog-sdk/exchange/identity/mapping_escrow.go:94.91,95.29 1 0
github.com/clearcompass-ai/ortholog-sdk/exchange/identity/mapping_escrow.go:95.29,97.3 1 0
github.com/clearcompass-ai/ortholog-sdk/exchange/identity/mapping_escrow.go:98.2,98.66 1 0
github.com/clearcompass-ai/ortholog-sdk/exchange/identity/mapping_escrow.go:98.66,100.3 1 0
github.com/clearcompass-ai/ortholog-sdk/exchange/identity/mapping_escrow.go:101.2,105.3 1 0
github.com/clearcompass-ai/ortholog-sdk/exchange/identity/mapping_escrow.go:112.85,113.39 1 0
github.com/clearcompass-ai/ortholog-sdk/exchange/identity/mapping_escrow.go:113.39,115.3 1 0
github.com/clearcompass-ai/ortholog-sdk/exchange/identity/mapping_escrow.go:116.2,116.39 1 0
github.com/clearcompass-ai/ortholog-sdk/exchange/identity/mapping_escrow.go:116.39,118.3 1 0
github.com/clearcompass-ai/ortholog-sdk/exchange/identity/mapping_escrow.go:121.2,122.16 2 0
github.com/clearcompass-ai/ortholog-sdk/exchange/identity/mapping_escrow.go:122.16,124.3 1 0
github.com/clearcompass-ai/ortholog-sdk/exchange/identity/mapping_escrow.go:127.2,128.16 2 0
github.com/clearcompass-ai/ortholog-sdk/exchange/identity/mapping_escrow.go:128.16,130.3 1 0
github.com/clearcompass-ai/ortholog-sdk/exchange/identity/mapping_escrow.go:134.2,139.16 5 0
github.com/clearcompass-ai/ortholog-sdk/exchange/identity/mapping_escrow.go:139.16,141.3 1 0
github.com/clearcompass-ai/ortholog-sdk/exchange/identity/mapping_escrow.go:144.2,145.55 2 0
github.com/clearcompass-ai/ortholog-sdk/exchange/identity/mapping_escrow.go:145.55,147.3 1 0
github.com/clearcompass-ai/ortholog-sdk/exchange/identity/mapping_escrow.go:150.2,165.20 6 0
github.com/clearcompass-ai/ortholog-sdk/exchange/identity/mapping_escrow.go:175.27,176.32 1 0
github.com/clearcompass-ai/ortholog-sdk/exchange/identity/mapping_escrow.go:176.32,178.3 1 0
github.com/clearcompass-ai/ortholog-sdk/exchange/identity/mapping_escrow.go:180.2,186.9 5 0
github.com/clearcompass-ai/ortholog-sdk/exchange/identity/mapping_escrow.go:186.9,188.3 1 0
github.com/clearcompass-ai/ortholog-sdk/exchange/identity/mapping_escrow.go:191.2,192.16 2 0
github.com/clearcompass-ai/ortholog-sdk/exchange/identity/mapping_escrow.go:192.16,194.3 1 0
github.com/clearcompass-ai/ortholog-sdk/exchange/identity/mapping_escrow.go:197.2,198.16 2 0
github.com/clearcompass-ai/ortholog-sdk/exchange/identity/mapping_escrow.go:198.16,200.3 1 0
github.com/clearcompass-ai/ortholog-sdk/exchange/identity/mapping_escrow.go:203.2,203.61 1 0
github.com/clearcompass-ai/ortholog-sdk/exchange/identity/mapping_escrow.go:203.61,205.3 1 0
github.com/clearcompass-ai/ortholog-sdk/exchange/identity/mapping_escrow.go:206.2,212.16 5 0
github.com/clearcompass-ai/ortholog-sdk/exchange/identity/mapping_escrow.go:212.16,214.3 1 0
github.com/clearcompass-ai/ortholog-sdk/exchange/identity/mapping_escrow.go:216.2,217.59 2 0
github.com/clearcompass-ai/ortholog-sdk/exchange/identity/mapping_escrow.go:217.59,219.3 1 0
github.com/clearcompass-ai/ortholog-sdk/exchange/identity/mapping_escrow.go:221.2,221.21 1 0
github.com/clearcompass-ai/ortholog-sdk/exchange/identity/mapping_escrow.go:228.65,234.2 5 0
github.com/clearcompass-ai/ortholog-sdk/exchange/identity/mapping_escrow.go:236.45,240.2 3 0
github.com/clearcompass-ai/ortholog-sdk/exchange/identity/mapping_escrow.go:242.68,249.2 6 0
