mode: atomic
github.com/clearcompass-ai/ortholog-sdk/witness/equivocation.go:72.31,74.38 1 0
github.com/clearcompass-ai/ortholog-sdk/witness/equivocation.go:74.38,76.3 1 0
github.com/clearcompass-ai/ortholog-sdk/witness/equivocation.go:79.2,79.38 1 0
github.com/clearcompass-ai/ortholog-sdk/witness/equivocation.go:79.38,81.3 1 0
github.com/clearcompass-ai/ortholog-sdk/witness/equivocation.go:85.2,86.17 2 0
github.com/clearcompass-ai/ortholog-sdk/witness/equivocation.go:86.17,88.3 1 0
github.com/clearcompass-ai/ortholog-sdk/witness/equivocation.go:90.2,91.17 2 0
github.com/clearcompass-ai/ortholog-sdk/witness/equivocation.go:91.17,93.3 1 0
github.com/clearcompass-ai/ortholog-sdk/witness/equivocation.go:96.2,102.8 1 0
github.com/clearcompass-ai/ortholog-sdk/witness/equivocation.go:106.45,108.2 1 0
github.com/clearcompass-ai/ortholog-sdk/witness/rotation.go:63.37,65.31 1 0
github.com/clearcompass-ai/ortholog-sdk/witness/rotation.go:65.31,67.3 1 0
github.com/clearcompass-ai/ortholog-sdk/witness/rotation.go:68.2,68.42 1 0
github.com/clearcompass-ai/ortholog-sdk/witness/rotation.go:68.42,70.3 1 0
github.com/clearcompass-ai/ortholog-sdk/witness/rotation.go:71.2,71.26 1 0
github.com/clearcompass-ai/ortholog-sdk/witness/rotation.go:71.26,73.3 1 0
github.com/clearcompass-ai/ortholog-sdk/witness/rotation.go:74.2,74.18 1 0
github.com/clearcompass-ai/ortholog-sdk/witness/rotation.go:74.18,76.3 1 0
github.com/clearcompass-ai/ortholog-sdk/witness/rotation.go:79.2,80.45 2 0
github.com/clearcompass-ai/ortholog-sdk/witness/rotation.go:80.45,83.3 1 0
github.com/clearcompass-ai/ortholog-sdk/witness/rotation.go:87.2,99.16 4 0
github.com/clearcompass-ai/ortholog-sdk/witness/rotation.go:99.16,101.3 1 0
github.com/clearcompass-ai/ortholog-sdk/witness/rotation.go:107.2,107.82 1 0
github.com/clearcompass-ai/ortholog-sdk/witness/rotation.go:107.82,108.39 1 0
github.com/clearcompass-ai/ortholog-sdk/witness/rotation.go:108.39,110.4 1 0
github.com/clearcompass-ai/ortholog-sdk/witness/rotation.go:113.3,122.17 3 0
github.com/clearcompass-ai/ortholog-sdk/witness/rotation.go:122.17,124.4 1 0
github.com/clearcompass-ai/ortholog-sdk/witness/rotation.go:127.2,127.29 1 0
github.com/clearcompass-ai/ortholog-sdk/witness/rotation.go:147.37,148.26 1 0
github.com/clearcompass-ai/ortholog-sdk/witness/rotation.go:148.26,150.3 1 0
github.com/clearcompass-ai/ortholog-sdk/witness/rotation.go:152.2,153.37 2 0
github.com/clearcompass-ai/ortholog-sdk/witness/rotation.go:153.37,155.17 2 0
github.com/clearcompass-ai/ortholog-sdk/witness/rotation.go:155.17,157.4 1 0
github.com/clearcompass-ai/ortholog-sdk/witness/rotation.go:158.3,158.22 1 0
github.com/clearcompass-ai/ortholog-sdk/witness/rotation.go:161.2,161.24 1 0
github.com/clearcompass-ai/ortholog-sdk/witness/rotation.go:171.61,173.25 2 0
github.com/clearcompass-ai/ortholog-sdk/witness/rotation.go:173.25,176.3 2 0
github.com/clearcompass-ai/ortholog-sdk/witness/rotation.go:177.2,179.15 3 0
github.com/clearcompass-ai/ortholog-sdk/witness/staleness.go:80.104,82.21 1 0
github.com/clearcompass-ai/ortholog-sdk/witness/staleness.go:82.21,88.3 1 0
github.com/clearcompass-ai/ortholog-sdk/witness/staleness.go:90.2,97.21 3 0
github.com/clearcompass-ai/ortholog-sdk/witness/staleness.go:97.21,100.3 1 0
github.com/clearcompass-ai/ortholog-sdk/witness/staleness.go:102.2,102.20 1 0
github.com/clearcompass-ai/ortholog-sdk/witness/staleness.go:106.92,108.2 1 0
github.com/clearcompass-ai/ortholog-sdk/witness/tree_head_client.go:57.75,59.9 2 0
github.com/clearcompass-ai/ortholog-sdk/witness/tree_head_client.go:59.9,61.3 1 0
github.com/clearcompass-ai/ortholog-sdk/witness/tree_head_client.go:62.2,62.16 1 0
github.com/clearcompass-ai/ortholog-sdk/witness/tree_head_client.go:65.77,68.2 2 0
github.com/clearcompass-ai/ortholog-sdk/witness/tree_head_client.go:85.57,90.2 1 0
github.com/clearcompass-ai/ortholog-sdk/witness/tree_head_client.go:107.94,108.23 1 0
github.com/clearcompass-ai/ortholog-sdk/witness/tree_head_client.go:108.23,110.3 1 0
github.com/clearcompass-ai/ortholog-sdk/witness/tree_head_client.go:111.2,111.26 1 0
github.com/clearcompass-ai/ortholog-sdk/witness/tree_head_client.go:111.26,113.3 1 0
github.com/clearcompass-ai/ortholog-sdk/witness/tree_head_client.go:114.2,119.3 1 0
github.com/clearcompass-ai/ortholog-sdk/witness/tree_head_client.go:129.105,135.8 4 0
github.com/clearcompass-ai/ortholog-sdk/witness/tree_head_client.go:135.8,137.29 2 0
github.com/clearcompass-ai/ortholog-sdk/witness/tree_head_client.go:137.29,139.4 1 0
github.com/clearcompass-ai/ortholog-sdk/witness/tree_head_client.go:143.2,144.16 2 0
github.com/clearcompass-ai/ortholog-sdk/witness/tree_head_client.go:144.16,146.3 1 0
github.com/clearcompass-ai/ortholog-sdk/witness/tree_head_client.go:149.2,150.16 2 0
github.com/clearcompass-ai/ortholog-sdk/witness/tree_head_client.go:150.16,153.3 2 0
github.com/clearcompass-ai/ortholog-sdk/witness/tree_head_client.go:156.2,157.33 2 0
github.com/clearcompass-ai/ortholog-sdk/witness/tree_head_client.go:157.33,159.18 2 0
github.com/clearcompass-ai/ortholog-sdk/witness/tree_head_client.go:159.18,162.4 2 0
github.com/clearcompass-ai/ortholog-sdk/witness/tree_head_client.go:166.2,167.82 1 0
github.com/clearcompass-ai/ortholog-sdk/witness/tree_head_client.go:172.95,176.9 4 0
github.com/clearcompass-ai/ortholog-sdk/witness/tree_head_client.go:176.9,178.3 1 0
github.com/clearcompass-ai/ortholog-sdk/witness/tree_head_client.go:179.2,179.44 1 0
github.com/clearcompass-ai/ortholog-sdk/witness/tree_head_client.go:183.58,187.2 3 0
github.com/clearcompass-ai/ortholog-sdk/witness/tree_head_client.go:190.43,194.2 3 0
github.com/clearcompass-ai/ortholog-sdk/witness/tree_head_client.go:214.95,216.16 2 0
github.com/clearcompass-ai/ortholog-sdk/witness/tree_head_client.go:216.16,218.3 1 0
github.com/clearcompass-ai/ortholog-sdk/witness/tree_head_client.go:219.2,221.38 2 0
github.com/clearcompass-ai/ortholog-sdk/witness/tree_head_client.go:221.38,224.3 1 0
github.com/clearcompass-ai/ortholog-sdk/witness/tree_head_client.go:226.2,227.16 2 0
github.com/clearcompass-ai/ortholog-sdk/witness/tree_head_client.go:227.16,229.3 1 0
github.com/clearcompass-ai/ortholog-sdk/witness/tree_head_client.go:231.2,232.16 2 0
github.com/clearcompass-ai/ortholog-sdk/witness/tree_head_client.go:232.16,234.3 1 0
github.com/clearcompass-ai/ortholog-sdk/witness/tree_head_client.go:236.2,236.36 1 0
github.com/clearcompass-ai/ortholog-sdk/witness/tree_head_client.go:239.104,243.2 3 0
github.com/clearcompass-ai/ortholog-sdk/witness/tree_head_client.go:246.73,257.51 2 0
github.com/clearcompass-ai/ortholog-sdk/witness/tree_head_client.go:257.51,259.3 1 0
github.com/clearcompass-ai/ortholog-sdk/witness/tree_head_client.go:261.2,265.40 4 0
github.com/clearcompass-ai/ortholog-sdk/witness/tree_head_client.go:265.40,267.3 1 0
github.com/clearcompass-ai/ortholog-sdk/witness/tree_head_client.go:271.2,271.29 1 0
github.com/clearcompass-ai/ortholog-sdk/witness/tree_head_client.go:271.29,275.21 3 0
github.com/clearcompass-ai/ortholog-sdk/witness/tree_head_client.go:275.21,278.4 2 0
github.com/clearcompass-ai/ortholog-sdk/witness/tree_head_client.go:279.3,282.5 1 0
github.com/clearcompass-ai/ortholog-sdk/witness/tree_head_client.go:285.2,285.18 1 0
github.com/clearcompass-ai/ortholog-sdk/witness/tree_head_client.go:288.36,293.22 4 0
github.com/clearcompass-ai/ortholog-sdk/witness/tree_head_client.go:293.22,295.3 1 0
github.com/clearcompass-ai/ortholog-sdk/witness/tree_head_client.go:296.2,296.13 1 0
github.com/clearcompass-ai/ortholog-sdk/witness/verify.go:71.26,72.18 1 0
github.com/clearcompass-ai/ortholog-sdk/witness/verify.go:72.18,74.3 1 0
github.com/clearcompass-ai/ortholog-sdk/witness/verify.go:75.2,75.27 1 0
github.com/clearcompass-ai/ortholog-sdk/witness/verify.go:75.27,77.3 1 0
github.com/clearcompass-ai/ortholog-sdk/witness/verify.go:78.2,78.31 1 0
github.com/clearcompass-ai/ortholog-sdk/witness/verify.go:78.31,80.3 1 0
github.com/clearcompass-ai/ortholog-sdk/witness/verify.go:81.2,81.32 1 0
github.com/clearcompass-ai/ortholog-sdk/witness/verify.go:81.32,83.3 1 0
github.com/clearcompass-ai/ortholog-sdk/witness/verify.go:85.2,86.16 2 0
github.com/clearcompass-ai/ortholog-sdk/witness/verify.go:86.16,88.51 1 0
github.com/clearcompass-ai/ortholog-sdk/witness/verify.go:88.51,96.4 1 0
github.com/clearcompass-ai/ortholog-sdk/witness/verify.go:97.3,97.52 1 0
github.com/clearcompass-ai/ortholog-sdk/witness/verify.go:100.2,105.8 1 0
github.com/clearcompass-ai/ortholog-sdk/witness/verify.go:129.26,130.21 1 0
github.com/clearcompass-ai/ortholog-sdk/witness/verify.go:130.21,132.3 1 0
github.com/clearcompass-ai/ortholog-sdk/witness/verify.go:134.2,135.16 2 0
github.com/clearcompass-ai/ortholog-sdk/witness/verify.go:135.16,137.3 1 0
github.com/clearcompass-ai/ortholog-sdk/witness/verify.go:139.2,139.64 1 0
github.com/clearcompass-ai/ortholog-sdk/witness/verify.go:146.78,148.28 2 0
github.com/clearcompass-ai/ortholog-sdk/witness/verify.go:148.28,154.3 1 0
github.com/clearcompass-ai/ortholog-sdk/witness/verify.go:155.2,155.12 1 0
