mode: atomic
github.com/clearcompass-ai/ortholog-sdk/core/envelope/api.go:59.38,61.2 1 0
github.com/clearcompass-ai/ortholog-sdk/core/envelope/control_header.go:188.63,189.27 1 0
github.com/clearcompass-ai/ortholog-sdk/core/envelope/control_header.go:189.27,191.3 1 0
github.com/clearcompass-ai/ortholog-sdk/core/envelope/control_header.go:192.2,193.11 2 0
github.com/clearcompass-ai/ortholog-sdk/core/envelope/control_header.go:197.48,199.2 1 0
github.com/clearcompass-ai/ortholog-sdk/core/envelope/control_header.go:203.47,204.30 1 0
github.com/clearcompass-ai/ortholog-sdk/core/envelope/control_header.go:204.30,206.3 1 0
github.com/clearcompass-ai/ortholog-sdk/core/envelope/control_header.go:207.2,208.34 2 0
github.com/clearcompass-ai/ortholog-sdk/core/envelope/control_header.go:208.34,210.3 1 0
github.com/clearcompass-ai/ortholog-sdk/core/envelope/control_header.go:211.2,212.13 2 0
github.com/clearcompass-ai/ortholog-sdk/core/envelope/destination.go:77.55,78.26 1 0
github.com/clearcompass-ai/ortholog-sdk/core/envelope/destination.go:78.26,80.3 1 0
github.com/clearcompass-ai/ortholog-sdk/core/envelope/destination.go:81.2,81.48 1 0
github.com/clearcompass-ai/ortholog-sdk/core/envelope/destination.go:81.48,84.3 1 0
github.com/clearcompass-ai/ortholog-sdk/core/envelope/destination.go:85.2,85.57 1 0
github.com/clearcompass-ai/ortholog-sdk/core/envelope/destination.go:85.57,87.3 1 0
github.com/clearcompass-ai/ortholog-sdk/core/envelope/destination.go:88.2,88.12 1 0
github.com/clearcompass-ai/ortholog-sdk/core/envelope/destination.go:109.69,110.60 1 0
github.com/clearcompass-ai/ortholog-sdk/core/envelope/destination.go:110.60,112.3 1 0
github.com/clearcompass-ai/ortholog-sdk/core/envelope/destination.go:113.2,121.17 9 0
github.com/clearcompass-ai/ortholog-sdk/core/envelope/destination.go:127.64,129.16 2 0
github.com/clearcompass-ai/ortholog-sdk/core/envelope/destination.go:129.16,130.69 1 0
github.com/clearcompass-ai/ortholog-sdk/core/envelope/destination.go:132.2,132.10 1 0
github.com/clearcompass-ai/ortholog-sdk/core/envelope/serialize.go:164.93,166.50 2 0
github.com/clearcompass-ai/ortholog-sdk/core/envelope/serialize.go:166.50,171.3 1 0
github.com/clearcompass-ai/ortholog-sdk/core/envelope/serialize.go:172.2,174.56 2 0
github.com/clearcompass-ai/ortholog-sdk/core/envelope/serialize.go:174.56,176.3 1 0
github.com/clearcompass-ai/ortholog-sdk/core/envelope/serialize.go:178.2,178.26 1 0
github.com/clearcompass-ai/ortholog-sdk/core/envelope/serialize.go:178.26,180.3 1 0
github.com/clearcompass-ai/ortholog-sdk/core/envelope/serialize.go:181.2,181.49 1 0
github.com/clearcompass-ai/ortholog-sdk/core/envelope/serialize.go:181.49,184.3 1 0
github.com/clearcompass-ai/ortholog-sdk/core/envelope/serialize.go:186.2,198.16 3 0
github.com/clearcompass-ai/ortholog-sdk/core/envelope/serialize.go:198.16,200.3 1 0
github.com/clearcompass-ai/ortholog-sdk/core/envelope/serialize.go:201.2,201.34 1 0
github.com/clearcompass-ai/ortholog-sdk/core/envelope/serialize.go:201.34,203.3 1 0
github.com/clearcompass-ai/ortholog-sdk/core/envelope/serialize.go:205.2,205.19 1 0
github.com/clearcompass-ai/ortholog-sdk/core/envelope/serialize.go:233.77,235.50 2 0
github.com/clearcompass-ai/ortholog-sdk/core/envelope/serialize.go:235.50,237.3 1 0
github.com/clearcompass-ai/ortholog-sdk/core/envelope/serialize.go:238.2,240.56 2 0
github.com/clearcompass-ai/ortholog-sdk/core/envelope/serialize.go:240.56,242.3 1 0
github.com/clearcompass-ai/ortholog-sdk/core/envelope/serialize.go:244.2,248.8 1 0
github.com/clearcompass-ai/ortholog-sdk/core/envelope/serialize.go:255.53,256.23 1 0
github.com/clearcompass-ai/ortholog-sdk/core/envelope/serialize.go:256.23,258.3 1 0
github.com/clearcompass-ai/ortholog-sdk/core/envelope/serialize.go:259.2,259.27 1 0
github.com/clearcompass-ai/ortholog-sdk/core/envelope/serialize.go:259.27,261.3 1 0
github.com/clearcompass-ai/ortholog-sdk/core/envelope/serialize.go:266.2,266.59 1 0
github.com/clearcompass-ai/ortholog-sdk/core/envelope/serialize.go:266.59,268.3 1 0
github.com/clearcompass-ai/ortholog-sdk/core/envelope/serialize.go:269.2,269.29 1 0
github.com/clearcompass-ai/ortholog-sdk/core/envelope/serialize.go:269.29,271.3 1 0
github.com/clearcompass-ai/ortholog-sdk/core/envelope/serialize.go:272.2,272.55 1 0
github.com/clearcompass-ai/ortholog-sdk/core/envelope/serialize.go:272.55,274.3 1 0
github.com/clearcompass-ai/ortholog-sdk/core/envelope/serialize.go:275.2,275.83 1 0
github.com/clearcompass-ai/ortholog-sdk/core/envelope/serialize.go:275.83,277.3 1 0
github.com/clearcompass-ai/ortholog-sdk/core/envelope/serialize.go:278.2,278.12 1 0
github.com/clearcompass-ai/ortholog-sdk/core/envelope/serialize.go:298.34,299.14 1 0
github.com/clearcompass-ai/ortholog-sdk/core/envelope/serialize.go:299.14,301.3 1 0
github.com/clearcompass-ai/ortholog-sdk/core/envelope/serialize.go:302.2,302.58 1 0
github.com/clearcompass-ai/ortholog-sdk/core/envelope/serialize.go:302.58,304.3 1 0
github.com/clearcompass-ai/ortholog-sdk/core/envelope/serialize.go:305.2,305.28 1 0
github.com/clearcompass-ai/ortholog-sdk/core/envelope/serialize.go:305.28,307.3 1 0
github.com/clearcompass-ai/ortholog-sdk/core/envelope/serialize.go:308.2,308.53 1 0
github.com/clearcompass-ai/ortholog-sdk/core/envelope/serialize.go:308.53,311.3 1 0
github.com/clearcompass-ai/ortholog-sdk/core/envelope/serialize.go:316.2,317.16 2 0
github.com/clearcompass-ai/ortholog-sdk/core/envelope/serialize.go:317.16,319.3 1 0
github.com/clearcompass-ai/ortholog-sdk/core/envelope/serialize.go:320.2,320.34 1 0
github.com/clearcompass-ai/ortholog-sdk/core/envelope/serialize.go:320.34,322.3 1 0
github.com/clearcompass-ai/ortholog-sdk/core/envelope/serialize.go:323.2,323.12 1 0
github.com/clearcompass-ai/ortholog-sdk/core/envelope/serialize.go:327.29,328.30 1 0
github.com/clearcompass-ai/ortholog-sdk/core/envelope/serialize.go:328.30,329.18 1 0
github.com/clearcompass-ai/ortholog-sdk/core/envelope/serialize.go:329.18,331.4 1 0
github.com/clearcompass-ai/ortholog-sdk/core/envelope/serialize.go:333.2,333.13 1 0
github.com/clearcompass-ai/ortholog-sdk/core/envelope/serialize.go:340.54,341.75 1 0
github.com/clearcompass-ai/ortholog-sdk/core/envelope/serialize.go:341.75,343.3 1 0
github.com/clearcompass-ai/ortholog-sdk/core/envelope/serialize.go:344.2,344.55 1 0
github.com/clearcompass-ai/ortholog-sdk/core/envelope/serialize.go:365.38,376.2 9 0
github.com/clearcompass-ai/ortholog-sdk/core/envelope/serialize.go:407.33,409.16 2 0
github.com/clearcompass-ai/ortholog-sdk/core/envelope/serialize.go:409.16,410.92 1 0
github.com/clearcompass-ai/ortholog-sdk/core/envelope/serialize.go:412.2,412.12 1 0
github.com/clearcompass-ai/ortholog-sdk/core/envelope/serialize.go:420.50,423.2 2 0
github.com/clearcompass-ai/ortholog-sdk/core/envelope/serialize.go:429.51,458.2 23 0
github.com/clearcompass-ai/ortholog-sdk/core/envelope/serialize.go:482.52,483.40 1 0
github.com/clearcompass-ai/ortholog-sdk/core/envelope/serialize.go:483.40,485.3 1 0
github.com/clearcompass-ai/ortholog-sdk/core/envelope/serialize.go:486.2,486.24 1 0
github.com/clearcompass-ai/ortholog-sdk/core/envelope/serialize.go:486.24,488.3 1 0
github.com/clearcompass-ai/ortholog-sdk/core/envelope/serialize.go:490.2,493.50 3 0
github.com/clearcompass-ai/ortholog-sdk/core/envelope/serialize.go:493.50,495.3 1 0
github.com/clearcompass-ai/ortholog-sdk/core/envelope/serialize.go:497.2,497.33 1 0
github.com/clearcompass-ai/ortholog-sdk/core/envelope/serialize.go:497.33,500.3 1 0
github.com/clearcompass-ai/ortholog-sdk/core/envelope/serialize.go:502.2,506.16 4 0
github.com/clearcompass-ai/ortholog-sdk/core/envelope/serialize.go:506.16,508.3 1 0
github.com/clearcompass-ai/ortholog-sdk/core/envelope/serialize.go:509.2,512.16 3 0
github.com/clearcompass-ai/ortholog-sdk/core/envelope/serialize.go:512.16,514.3 1 0
github.com/clearcompass-ai/ortholog-sdk/core/envelope/serialize.go:518.2,519.16 2 0
github.com/clearcompass-ai/ortholog-sdk/core/envelope/serialize.go:519.16,521.3 1 0
github.com/clearcompass-ai/ortholog-sdk/core/envelope/serialize.go:526.2,526.43 1 0
github.com/clearcompass-ai/ortholog-sdk/core/envelope/serialize.go:526.43,529.3 1 0
github.com/clearcompass-ai/ortholog-sdk/core/envelope/serialize.go:531.2,535.8 1 0
github.com/clearcompass-ai/ortholog-sdk/core/envelope/serialize.go:538.65,543.61 4 0
github.com/clearcompass-ai/ortholog-sdk/core/envelope/serialize.go:543.61,545.3 1 0
github.com/clearcompass-ai/ortholog-sdk/core/envelope/serialize.go:549.2,549.63 1 0
github.com/clearcompass-ai/ortholog-sdk/core/envelope/serialize.go:549.63,551.3 1 0
github.com/clearcompass-ai/ortholog-sdk/core/envelope/serialize.go:552.2,552.64 1 0
github.com/clearcompass-ai/ortholog-sdk/core/envelope/serialize.go:552.64,554.3 1 0
github.com/clearcompass-ai/ortholog-sdk/core/envelope/serialize.go:555.2,555.72 1 0
github.com/clearcompass-ai/ortholog-sdk/core/envelope/serialize.go:555.72,557.3 1 0
github.com/clearcompass-ai/ortholog-sdk/core/envelope/serialize.go:558.2,558.69 1 0
github.com/clearcompass-ai/ortholog-sdk/core/envelope/serialize.go:558.69,560.3 1 0
github.com/clearcompass-ai/ortholog-sdk/core/envelope/serialize.go:561.2,561.68 1 0
github.com/clearcompass-ai/ortholog-sdk/core/envelope/serialize.go:561.68,563.3 1 0
github.com/clearcompass-ai/ortholog-sdk/core/envelope/serialize.go:564.2,564.55 1 0
github.com/clearcompass-ai/ortholog-sdk/core/envelope/serialize.go:564.55,566.3 1 0
github.com/clearcompass-ai/ortholog-sdk/core/envelope/serialize.go:567.2,567.60 1 0
github.com/clearcompass-ai/ortholog-sdk/core/envelope/serialize.go:567.60,569.3 1 0
github.com/clearcompass-ai/ortholog-sdk/core/envelope/serialize.go:570.2,570.66 1 0
github.com/clearcompass-ai/ortholog-sdk/core/envelope/serialize.go:570.66,572.3 1 0
github.com/clearcompass-ai/ortholog-sdk/core/envelope/serialize.go:573.2,574.16 2 0
github.com/clearcompass-ai/ortholog-sdk/core/envelope/serialize.go:574.16,576.3 1 0
github.com/clearcompass-ai/ortholog-sdk/core/envelope/serialize.go:577.2,577.19 1 0
github.com/clearcompass-ai/ortholog-sdk/core/envelope/serialize.go:577.19,579.26 2 0
github.com/clearcompass-ai/ortholog-sdk/core/envelope/serialize.go:579.26,581.4 1 0
github.com/clearcompass-ai/ortholog-sdk/core/envelope/serialize.go:583.2,583.61 1 0
github.com/clearcompass-ai/ortholog-sdk/core/envelope/serialize.go:583.61,585.3 1 0
github.com/clearcompass-ai/ortholog-sdk/core/envelope/serialize.go:586.2,586.68 1 0
github.com/clearcompass-ai/ortholog-sdk/core/envelope/serialize.go:586.68,588.3 1 0
github.com/clearcompass-ai/ortholog-sdk/core/envelope/serialize.go:589.2,589.66 1 0
github.com/clearcompass-ai/ortholog-sdk/core/envelope/serialize.go:589.66,591.3 1 0
github.com/clearcompass-ai/ortholog-sdk/core/envelope/serialize.go:592.2,592.66 1 0
github.com/clearcompass-ai/ortholog-sdk/core/envelope/serialize.go:592.66,594.3 1 0
github.com/clearcompass-ai/ortholog-sdk/core/envelope/serialize.go:595.2,595.63 1 0
github.com/clearcompass-ai/ortholog-sdk/core/envelope/serialize.go:595.63,597.3 1 0
github.com/clearcompass-ai/ortholog-sdk/core/envelope/serialize.go:598.2,598.70 1 0
github.com/clearcompass-ai/ortholog-sdk/core/envelope/serialize.go:598.70,600.3 1 0
github.com/clearcompass-ai/ortholog-sdk/core/envelope/serialize.go:601.2,601.66 1 0
github.com/clearcompass-ai/ortholog-sdk/core/envelope/serialize.go:601.66,603.3 1 0
github.com/clearcompass-ai/ortholog-sdk/core/envelope/serialize.go:604.2,604.68 1 0
github.com/clearcompass-ai/ortholog-sdk/core/envelope/serialize.go:604.68,606.3 1 0
github.com/clearcompass-ai/ortholog-sdk/core/envelope/serialize.go:607.2,607.67 1 0
github.com/clearcompass-ai/ortholog-sdk/core/envelope/serialize.go:607.67,609.3 1 0
github.com/clearcompass-ai/ortholog-sdk/core/envelope/serialize.go:610.2,611.68 2 0
github.com/clearcompass-ai/ortholog-sdk/core/envelope/serialize.go:611.68,613.3 1 0
github.com/clearcompass-ai/ortholog-sdk/core/envelope/serialize.go:614.2,615.63 2 0
github.com/clearcompass-ai/ortholog-sdk/core/envelope/serialize.go:615.63,617.3 1 0
github.com/clearcompass-ai/ortholog-sdk/core/envelope/serialize.go:618.2,618.67 1 0
github.com/clearcompass-ai/ortholog-sdk/core/envelope/serialize.go:618.67,620.3 1 0
github.com/clearcompass-ai/ortholog-sdk/core/envelope/serialize.go:628.2,628.15 1 0
github.com/clearcompass-ai/ortholog-sdk/core/envelope/serialize.go:635.86,636.21 1 0
github.com/clearcompass-ai/ortholog-sdk/core/envelope/serialize.go:636.21,638.3 1 0
github.com/clearcompass-ai/ortholog-sdk/core/envelope/serialize.go:639.2,640.37 2 0
github.com/clearcompass-ai/ortholog-sdk/core/envelope/serialize.go:640.37,643.3 1 0
github.com/clearcompass-ai/ortholog-sdk/core/envelope/serialize.go:644.2,645.21 2 0
github.com/clearcompass-ai/ortholog-sdk/core/envelope/serialize.go:645.21,647.3 1 0
github.com/clearcompass-ai/ortholog-sdk/core/envelope/serialize.go:648.2,650.38 3 0
github.com/clearcompass-ai/ortholog-sdk/core/envelope/serialize.go:657.57,658.30 1 0
github.com/clearcompass-ai/ortholog-sdk/core/envelope/serialize.go:658.30,666.3 1 0
github.com/clearcompass-ai/ortholog-sdk/core/envelope/serialize.go:667.2,669.10 3 0
github.com/clearcompass-ai/ortholog-sdk/core/envelope/serialize.go:672.49,673.30 1 0
github.com/clearcompass-ai/ortholog-sdk/core/envelope/serialize.go:673.30,675.3 1 0
github.com/clearcompass-ai/ortholog-sdk/core/envelope/serialize.go:676.2,678.10 3 0
github.com/clearcompass-ai/ortholog-sdk/core/envelope/serialize.go:681.55,682.14 1 0
github.com/clearcompass-ai/ortholog-sdk/core/envelope/serialize.go:682.14,684.3 1 0
github.com/clearcompass-ai/ortholog-sdk/core/envelope/serialize.go:685.2,686.39 2 0
github.com/clearcompass-ai/ortholog-sdk/core/envelope/serialize.go:689.71,690.14 1 0
github.com/clearcompass-ai/ortholog-sdk/core/envelope/serialize.go:690.14,692.3 1 0
github.com/clearcompass-ai/ortholog-sdk/core/envelope/serialize.go:693.2,694.33 2 0
github.com/clearcompass-ai/ortholog-sdk/core/envelope/serialize.go:697.62,700.2 2 0
github.com/clearcompass-ai/ortholog-sdk/core/envelope/serialize.go:702.69,704.25 2 0
github.com/clearcompass-ai/ortholog-sdk/core/envelope/serialize.go:704.25,706.3 1 0
github.com/clearcompass-ai/ortholog-sdk/core/envelope/serialize.go:707.2,708.25 2 0
github.com/clearcompass-ai/ortholog-sdk/core/envelope/serialize.go:708.25,710.3 1 0
github.com/clearcompass-ai/ortholog-sdk/core/envelope/serialize.go:711.2,711.10 1 0
github.com/clearcompass-ai/ortholog-sdk/core/envelope/serialize.go:714.70,715.15 1 0
github.com/clearcompass-ai/ortholog-sdk/core/envelope/serialize.go:715.15,717.3 1 0
github.com/clearcompass-ai/ortholog-sdk/core/envelope/serialize.go:718.2,718.32 1 0
github.com/clearcompass-ai/ortholog-sdk/core/envelope/serialize.go:721.63,722.14 1 0
github.com/clearcompass-ai/ortholog-sdk/core/envelope/serialize.go:722.14,724.3 1 0
github.com/clearcompass-ai/ortholog-sdk/core/envelope/serialize.go:725.2,725.31 1 0
github.com/clearcompass-ai/ortholog-sdk/core/envelope/serialize.go:728.51,730.25 2 0
github.com/clearcompass-ai/ortholog-sdk/core/envelope/serialize.go:730.25,732.3 1 0
github.com/clearcompass-ai/ortholog-sdk/core/envelope/serialize.go:733.2,734.25 2 0
github.com/clearcompass-ai/ortholog-sdk/core/envelope/serialize.go:734.25,736.3 1 0
github.com/clearcompass-ai/ortholog-sdk/core/envelope/serialize.go:737.2,737.10 1 0
github.com/clearcompass-ai/ortholog-sdk/core/envelope/serialize.go:740.53,742.25 2 0
github.com/clearcompass-ai/ortholog-sdk/core/envelope/serialize.go:742.25,744.3 1 0
github.com/clearcompass-ai/ortholog-sdk/core/envelope/serialize.go:745.2,746.25 2 0
github.com/clearcompass-ai/ortholog-sdk/core/envelope/serialize.go:746.25,748.3 1 0
github.com/clearcompass-ai/ortholog-sdk/core/envelope/serialize.go:749.2,749.10 1 0
github.com/clearcompass-ai/ortholog-sdk/core/envelope/serialize.go:756.67,757.14 1 0
github.com/clearcompass-ai/ortholog-sdk/core/envelope/serialize.go:757.14,760.3 2 0
github.com/clearcompass-ai/ortholog-sdk/core/envelope/serialize.go:761.2,767.30 5 0
github.com/clearcompass-ai/ortholog-sdk/core/envelope/serialize.go:767.30,770.3 2 0
github.com/clearcompass-ai/ortholog-sdk/core/envelope/serialize.go:770.8,773.3 2 0
github.com/clearcompass-ai/ortholog-sdk/core/envelope/serialize.go:774.2,777.39 3 0
github.com/clearcompass-ai/ortholog-sdk/core/envelope/serialize.go:777.39,779.3 1 0
github.com/clearcompass-ai/ortholog-sdk/core/envelope/serialize.go:780.2,781.27 2 0
github.com/clearcompass-ai/ortholog-sdk/core/envelope/serialize.go:784.71,786.16 2 0
github.com/clearcompass-ai/ortholog-sdk/core/envelope/serialize.go:786.16,788.3 1 0
github.com/clearcompass-ai/ortholog-sdk/core/envelope/serialize.go:789.2,789.36 1 0
github.com/clearcompass-ai/ortholog-sdk/core/envelope/serialize.go:789.36,791.3 1 0
github.com/clearcompass-ai/ortholog-sdk/core/envelope/serialize.go:793.2,794.67 2 0
github.com/clearcompass-ai/ortholog-sdk/core/envelope/serialize.go:794.67,796.3 1 0
github.com/clearcompass-ai/ortholog-sdk/core/envelope/serialize.go:797.2,797.19 1 0
github.com/clearcompass-ai/ortholog-sdk/core/envelope/serialize.go:797.19,798.19 1 0
github.com/clearcompass-ai/ortholog-sdk/core/envelope/serialize.go:798.19,800.4 1 0
github.com/clearcompass-ai/ortholog-sdk/core/envelope/serialize.go:801.3,801.18 1 0
github.com/clearcompass-ai/ortholog-sdk/core/envelope/serialize.go:803.2,803.37 1 0
github.com/clearcompass-ai/ortholog-sdk/core/envelope/serialize.go:803.37,805.3 1 0
github.com/clearcompass-ai/ortholog-sdk/core/envelope/serialize.go:806.2,806.28 1 0
github.com/clearcompass-ai/ortholog-sdk/core/envelope/serialize.go:806.28,809.3 1 0
github.com/clearcompass-ai/ortholog-sdk/core/envelope/serialize.go:812.2,813.53 2 0
github.com/clearcompass-ai/ortholog-sdk/core/envelope/serialize.go:813.53,815.3 1 0
github.com/clearcompass-ai/ortholog-sdk/core/envelope/serialize.go:816.2,819.46 3 0
github.com/clearcompass-ai/ortholog-sdk/core/envelope/serialize.go:819.46,821.3 1 0
github.com/clearcompass-ai/ortholog-sdk/core/envelope/serialize.go:822.2,822.52 1 0
github.com/clearcompass-ai/ortholog-sdk/core/envelope/serialize.go:822.52,824.3 1 0
github.com/clearcompass-ai/ortholog-sdk/core/envelope/serialize.go:825.2,825.50 1 0
github.com/clearcompass-ai/ortholog-sdk/core/envelope/serialize.go:825.50,827.3 1 0
github.com/clearcompass-ai/ortholog-sdk/core/envelope/serialize.go:828.2,828.69 1 0
github.com/clearcompass-ai/ortholog-sdk/core/envelope/serialize.go:828.69,830.3 1 0
github.com/clearcompass-ai/ortholog-sdk/core/envelope/serialize.go:831.2,832.16 2 0
github.com/clearcompass-ai/ortholog-sdk/core/envelope/serialize.go:832.16,834.3 1 0
github.com/clearcompass-ai/ortholog-sdk/core/envelope/serialize.go:835.2,836.57 2 0
github.com/clearcompass-ai/ortholog-sdk/core/envelope/serialize.go:836.57,838.3 1 0
github.com/clearcompass-ai/ortholog-sdk/core/envelope/serialize.go:839.2,839.24 1 0
github.com/clearcompass-ai/ortholog-sdk/core/envelope/serialize.go:840.9,841.33 1 0
github.com/clearcompass-ai/ortholog-sdk/core/envelope/serialize.go:841.33,842.14 1 0
github.com/clearcompass-ai/ortholog-sdk/core/envelope/serialize.go:842.14,844.5 1 0
github.com/clearcompass-ai/ortholog-sdk/core/envelope/serialize.go:846.9,849.25 3 0
github.com/clearcompass-ai/ortholog-sdk/core/envelope/serialize.go:850.10,851.37 1 0
github.com/clearcompass-ai/ortholog-sdk/core/envelope/serialize.go:853.2,853.69 1 0
github.com/clearcompass-ai/ortholog-sdk/core/envelope/serialize.go:853.69,855.3 1 0
github.com/clearcompass-ai/ortholog-sdk/core/envelope/serialize.go:856.2,856.55 1 0
github.com/clearcompass-ai/ortholog-sdk/core/envelope/serialize.go:856.55,858.3 1 0
github.com/clearcompass-ai/ortholog-sdk/core/envelope/serialize.go:859.2,859.15 1 0
github.com/clearcompass-ai/ortholog-sdk/core/envelope/serialize.go:866.61,868.61 2 0
github.com/clearcompass-ai/ortholog-sdk/core/envelope/serialize.go:868.61,870.3 1 0
github.com/clearcompass-ai/ortholog-sdk/core/envelope/serialize.go:871.2,871.12 1 0
github.com/clearcompass-ai/ortholog-sdk/core/envelope/serialize.go:871.12,873.3 1 0
github.com/clearcompass-ai/ortholog-sdk/core/envelope/serialize.go:874.2,875.47 2 0
github.com/clearcompass-ai/ortholog-sdk/core/envelope/serialize.go:875.47,877.3 1 0
github.com/clearcompass-ai/ortholog-sdk/core/envelope/serialize.go:878.2,878.25 1 0
github.com/clearcompass-ai/ortholog-sdk/core/envelope/serialize.go:881.60,883.61 2 0
github.com/clearcompass-ai/ortholog-sdk/core/envelope/serialize.go:883.61,885.3 1 0
github.com/clearcompass-ai/ortholog-sdk/core/envelope/serialize.go:886.2,886.12 1 0
github.com/clearcompass-ai/ortholog-sdk/core/envelope/serialize.go:886.12,888.3 1 0
github.com/clearcompass-ai/ortholog-sdk/core/envelope/serialize.go:889.2,890.47 2 0
github.com/clearcompass-ai/ortholog-sdk/core/envelope/serialize.go:890.47,892.3 1 0
github.com/clearcompass-ai/ortholog-sdk/core/envelope/serialize.go:893.2,893.17 1 0
github.com/clearcompass-ai/ortholog-sdk/core/envelope/serialize.go:896.59,898.16 2 0
github.com/clearcompass-ai/ortholog-sdk/core/envelope/serialize.go:898.16,900.3 1 0
github.com/clearcompass-ai/ortholog-sdk/core/envelope/serialize.go:901.2,901.18 1 0
github.com/clearcompass-ai/ortholog-sdk/core/envelope/serialize.go:902.9,903.18 1 0
github.com/clearcompass-ai/ortholog-sdk/core/envelope/serialize.go:904.9,906.17 2 0
github.com/clearcompass-ai/ortholog-sdk/core/envelope/serialize.go:906.17,908.4 1 0
github.com/clearcompass-ai/ortholog-sdk/core/envelope/serialize.go:909.3,909.17 1 0
github.com/clearcompass-ai/ortholog-sdk/core/envelope/serialize.go:910.10,911.37 1 0
github.com/clearcompass-ai/ortholog-sdk/core/envelope/serialize.go:915.75,917.16 2 0
github.com/clearcompass-ai/ortholog-sdk/core/envelope/serialize.go:917.16,919.3 1 0
github.com/clearcompass-ai/ortholog-sdk/core/envelope/serialize.go:920.2,920.18 1 0
github.com/clearcompass-ai/ortholog-sdk/core/envelope/serialize.go:921.9,922.18 1 0
github.com/clearcompass-ai/ortholog-sdk/core/envelope/serialize.go:923.9,925.17 2 0
github.com/clearcompass-ai/ortholog-sdk/core/envelope/serialize.go:925.17,927.4 1 0
github.com/clearcompass-ai/ortholog-sdk/core/envelope/serialize.go:928.3,928.17 1 0
github.com/clearcompass-ai/ortholog-sdk/core/envelope/serialize.go:929.10,930.37 1 0
github.com/clearcompass-ai/ortholog-sdk/core/envelope/serialize.go:934.66,936.16 2 0
github.com/clearcompass-ai/ortholog-sdk/core/envelope/serialize.go:936.16,938.3 1 0
github.com/clearcompass-ai/ortholog-sdk/core/envelope/serialize.go:939.2,940.63 2 0
github.com/clearcompass-ai/ortholog-sdk/core/envelope/serialize.go:940.63,942.3 1 0
github.com/clearcompass-ai/ortholog-sdk/core/envelope/serialize.go:943.2,943.59 1 0
github.com/clearcompass-ai/ortholog-sdk/core/envelope/serialize.go:946.72,948.61 2 0
github.com/clearcompass-ai/ortholog-sdk/core/envelope/serialize.go:948.61,950.3 1 0
github.com/clearcompass-ai/ortholog-sdk/core/envelope/serialize.go:951.2,951.12 1 0
github.com/clearcompass-ai/ortholog-sdk/core/envelope/serialize.go:951.12,953.3 1 0
github.com/clearcompass-ai/ortholog-sdk/core/envelope/serialize.go:954.2,955.21 2 0
github.com/clearcompass-ai/ortholog-sdk/core/envelope/serialize.go:955.21,957.17 2 0
github.com/clearcompass-ai/ortholog-sdk/core/envelope/serialize.go:957.17,959.4 1 0
github.com/clearcompass-ai/ortholog-sdk/core/envelope/serialize.go:960.3,960.13 1 0
github.com/clearcompass-ai/ortholog-sdk/core/envelope/serialize.go:962.2,962.17 1 0
github.com/clearcompass-ai/ortholog-sdk/core/envelope/serialize.go:965.73,967.16 2 0
github.com/clearcompass-ai/ortholog-sdk/core/envelope/serialize.go:967.16,969.3 1 0
github.com/clearcompass-ai/ortholog-sdk/core/envelope/serialize.go:970.2,970.18 1 0
github.com/clearcompass-ai/ortholog-sdk/core/envelope/serialize.go:971.9,972.18 1 0
github.com/clearcompass-ai/ortholog-sdk/core/envelope/serialize.go:973.9,975.17 2 0
github.com/clearcompass-ai/ortholog-sdk/core/envelope/serialize.go:975.17,977.4 1 0
github.com/clearcompass-ai/ortholog-sdk/core/envelope/serialize.go:978.3,979.18 2 0
github.com/clearcompass-ai/ortholog-sdk/core/envelope/serialize.go:980.10,981.37 1 0
github.com/clearcompass-ai/ortholog-sdk/core/envelope/serialize.go:985.67,987.16 2 0
github.com/clearcompass-ai/ortholog-sdk/core/envelope/serialize.go:987.16,989.3 1 0
github.com/clearcompass-ai/ortholog-sdk/core/envelope/serialize.go:990.2,990.18 1 0
github.com/clearcompass-ai/ortholog-sdk/core/envelope/serialize.go:991.9,992.18 1 0
github.com/clearcompass-ai/ortholog-sdk/core/envelope/serialize.go:993.9,995.17 2 0
github.com/clearcompass-ai/ortholog-sdk/core/envelope/serialize.go:995.17,997.4 1 0
github.com/clearcompass-ai/ortholog-sdk/core/envelope/serialize.go:998.3,999.17 2 0
github.com/clearcompass-ai/ortholog-sdk/core/envelope/serialize.go:1000.10,1001.37 1 0
github.com/clearcompass-ai/ortholog-sdk/core/envelope/serialize.go:1005.52,1007.61 2 0
github.com/clearcompass-ai/ortholog-sdk/core/envelope/serialize.go:1007.61,1009.3 1 0
github.com/clearcompass-ai/ortholog-sdk/core/envelope/serialize.go:1010.2,1010.12 1 0
github.com/clearcompass-ai/ortholog-sdk/core/envelope/serialize.go:1010.12,1012.3 1 0
github.com/clearcompass-ai/ortholog-sdk/core/envelope/serialize.go:1013.2,1014.21 2 0
github.com/clearcompass-ai/ortholog-sdk/core/envelope/serialize.go:1014.21,1016.17 2 0
github.com/clearcompass-ai/ortholog-sdk/core/envelope/serialize.go:1016.17,1018.4 1 0
github.com/clearcompass-ai/ortholog-sdk/core/envelope/serialize.go:1019.3,1019.13 1 0
github.com/clearcompass-ai/ortholog-sdk/core/envelope/serialize.go:1021.2,1021.17 1 0
github.com/clearcompass-ai/ortholog-sdk/core/envelope/serialize.go:1024.56,1026.61 2 0
github.com/clearcompass-ai/ortholog-sdk/core/envelope/serialize.go:1026.61,1028.3 1 0
github.com/clearcompass-ai/ortholog-sdk/core/envelope/serialize.go:1029.2,1029.12 1 0
github.com/clearcompass-ai/ortholog-sdk/core/envelope/serialize.go:1029.12,1031.3 1 0
github.com/clearcompass-ai/ortholog-sdk/core/envelope/serialize.go:1032.2,1033.21 2 0
github.com/clearcompass-ai/ortholog-sdk/core/envelope/serialize.go:1033.21,1034.67 1 0
github.com/clearcompass-ai/ortholog-sdk/core/envelope/serialize.go:1034.67,1036.4 1 0
github.com/clearcompass-ai/ortholog-sdk/core/envelope/serialize.go:1038.2,1038.17 1 0
github.com/clearcompass-ai/ortholog-sdk/core/envelope/serialize.go:1041.47,1043.2 1 0
github.com/clearcompass-ai/ortholog-sdk/core/envelope/signature_algo.go:115.47,116.16 1 0
github.com/clearcompass-ai/ortholog-sdk/core/envelope/signature_algo.go:117.78,118.13 1 0
github.com/clearcompass-ai/ortholog-sdk/core/envelope/signature_algo.go:119.10,120.65 1 0
github.com/clearcompass-ai/ortholog-sdk/core/envelope/signatures_section.go:191.52,192.23 1 0
github.com/clearcompass-ai/ortholog-sdk/core/envelope/signatures_section.go:192.23,194.3 1 0
github.com/clearcompass-ai/ortholog-sdk/core/envelope/signatures_section.go:195.2,195.40 1 0
github.com/clearcompass-ai/ortholog-sdk/core/envelope/signatures_section.go:195.40,197.3 1 0
github.com/clearcompass-ai/ortholog-sdk/core/envelope/signatures_section.go:198.2,198.27 1 0
github.com/clearcompass-ai/ortholog-sdk/core/envelope/signatures_section.go:198.27,200.3 1 0
github.com/clearcompass-ai/ortholog-sdk/core/envelope/signatures_section.go:201.2,201.54 1 0
github.com/clearcompass-ai/ortholog-sdk/core/envelope/signatures_section.go:201.54,203.3 1 0
github.com/clearcompass-ai/ortholog-sdk/core/envelope/signatures_section.go:204.2,204.38 1 0
github.com/clearcompass-ai/ortholog-sdk/core/envelope/signatures_section.go:204.38,206.3 1 0
github.com/clearcompass-ai/ortholog-sdk/core/envelope/signatures_section.go:207.2,207.12 1 0
github.com/clearcompass-ai/ortholog-sdk/core/envelope/signatures_section.go:228.76,229.20 1 0
github.com/clearcompass-ai/ortholog-sdk/core/envelope/signatures_section.go:229.20,231.3 1 0
github.com/clearcompass-ai/ortholog-sdk/core/envelope/signatures_section.go:232.2,232.39 1 0
github.com/clearcompass-ai/ortholog-sdk/core/envelope/signatures_section.go:232.39,234.3 1 0
github.com/clearcompass-ai/ortholog-sdk/core/envelope/signatures_section.go:238.2,238.25 1 0
github.com/clearcompass-ai/ortholog-sdk/core/envelope/signatures_section.go:238.25,239.55 1 0
github.com/clearcompass-ai/ortholog-sdk/core/envelope/signatures_section.go:239.55,241.4 1 0
github.com/clearcompass-ai/ortholog-sdk/core/envelope/signatures_section.go:245.2,246.25 2 0
github.com/clearcompass-ai/ortholog-sdk/core/envelope/signatures_section.go:246.25,248.3 1 0
github.com/clearcompass-ai/ortholog-sdk/core/envelope/signatures_section.go:249.2,253.25 4 0
github.com/clearcompass-ai/ortholog-sdk/core/envelope/signatures_section.go:253.25,259.3 5 0
github.com/clearcompass-ai/ortholog-sdk/core/envelope/signatures_section.go:260.2,260.17 1 0
github.com/clearcompass-ai/ortholog-sdk/core/envelope/signatures_section.go:276.64,280.65 3 0
github.com/clearcompass-ai/ortholog-sdk/core/envelope/signatures_section.go:280.65,282.3 1 0
github.com/clearcompass-ai/ortholog-sdk/core/envelope/signatures_section.go:283.2,283.16 1 0
github.com/clearcompass-ai/ortholog-sdk/core/envelope/signatures_section.go:283.16,285.3 1 0
github.com/clearcompass-ai/ortholog-sdk/core/envelope/signatures_section.go:286.2,286.40 1 0
github.com/clearcompass-ai/ortholog-sdk/core/envelope/signatures_section.go:286.40,288.3 1 0
github.com/clearcompass-ai/ortholog-sdk/core/envelope/signatures_section.go:290.2,291.22 2 0
github.com/clearcompass-ai/ortholog-sdk/core/envelope/signatures_section.go:291.22,293.17 2 0
github.com/clearcompass-ai/ortholog-sdk/core/envelope/signatures_section.go:293.17,295.4 1 0
github.com/clearcompass-ai/ortholog-sdk/core/envelope/signatures_section.go:296.3,296.14 1 0
github.com/clearcompass-ai/ortholog-sdk/core/envelope/signatures_section.go:299.2,299.18 1 0
github.com/clearcompass-ai/ortholog-sdk/core/envelope/signatures_section.go:299.18,301.3 1 0
github.com/clearcompass-ai/ortholog-sdk/core/envelope/signatures_section.go:303.2,303.18 1 0
github.com/clearcompass-ai/ortholog-sdk/core/envelope/signatures_section.go:309.56,311.66 2 0
github.com/clearcompass-ai/ortholog-sdk/core/envelope/signatures_section.go:311.66,313.3 1 0
github.com/clearcompass-ai/ortholog-sdk/core/envelope/signatures_section.go:314.2,314.17 1 0
github.com/clearcompass-ai/ortholog-sdk/core/envelope/signatures_section.go:314.17,316.3 1 0
github.com/clearcompass-ai/ortholog-sdk/core/envelope/signatures_section.go:317.2,317.35 1 0
github.com/clearcompass-ai/ortholog-sdk/core/envelope/signatures_section.go:317.35,319.3 1 0
github.com/clearcompass-ai/ortholog-sdk/core/envelope/signatures_section.go:321.2,322.52 2 0
github.com/clearcompass-ai/ortholog-sdk/core/envelope/signatures_section.go:322.52,324.3 1 0
github.com/clearcompass-ai/ortholog-sdk/core/envelope/signatures_section.go:325.2,326.19 2 0
github.com/clearcompass-ai/ortholog-sdk/core/envelope/signatures_section.go:326.19,328.3 1 0
github.com/clearcompass-ai/ortholog-sdk/core/envelope/signatures_section.go:330.2,331.66 2 0
github.com/clearcompass-ai/ortholog-sdk/core/envelope/signatures_section.go:331.66,333.3 1 0
github.com/clearcompass-ai/ortholog-sdk/core/envelope/signatures_section.go:334.2,334.52 1 0
github.com/clearcompass-ai/ortholog-sdk/core/envelope/signatures_section.go:334.52,336.3 1 0
github.com/clearcompass-ai/ortholog-sdk/core/envelope/signatures_section.go:338.2,339.66 2 0
github.com/clearcompass-ai/ortholog-sdk/core/envelope/signatures_section.go:339.66,341.3 1 0
github.com/clearcompass-ai/ortholog-sdk/core/envelope/signatures_section.go:342.2,342.32 1 0
github.com/clearcompass-ai/ortholog-sdk/core/envelope/signatures_section.go:342.32,344.3 1 0
github.com/clearcompass-ai/ortholog-sdk/core/envelope/signatures_section.go:346.2,347.16 2 0
github.com/clearcompass-ai/ortholog-sdk/core/envelope/signatures_section.go:347.16,348.53 1 0
github.com/clearcompass-ai/ortholog-sdk/core/envelope/signatures_section.go:348.53,350.4 1 0
github.com/clearcompass-ai/ortholog-sdk/core/envelope/signatures_section.go:353.2,357.8 1 0
github.com/clearcompass-ai/ortholog-sdk/core/envelope/tessera_compat.go:99.43,101.2 1 0
github.com/clearcompass-ai/ortholog-sdk/core/envelope/tessera_compat.go:122.43,131.2 7 0
github.com/clearcompass-ai/ortholog-sdk/core/envelope/tessera_compat.go:157.46,159.36 2 0
github.com/clearcompass-ai/ortholog-sdk/core/envelope/tessera_compat.go:159.36,163.87 1 0
github.com/clearcompass-ai/ortholog-sdk/core/envelope/tessera_compat.go:165.2,168.12 4 0
github.com/clearcompass-ai/ortholog-sdk/core/envelope/tessera_compat.go:183.45,189.28 3 0
github.com/clearcompass-ai/ortholog-sdk/core/envelope/tessera_compat.go:189.28,191.46 2 0
github.com/clearcompass-ai/ortholog-sdk/core/envelope/tessera_compat.go:191.46,192.88 1 0
github.com/clearcompass-ai/ortholog-sdk/core/envelope/tessera_compat.go:194.3,194.34 1 0
github.com/clearcompass-ai/ortholog-sdk/core/envelope/tessera_compat.go:196.2,197.34 2 0
github.com/clearcompass-ai/ortholog-sdk/core/envelope/tessera_compat.go:197.34,200.3 2 0
github.com/clearcompass-ai/ortholog-sdk/core/envelope/tessera_compat.go:201.2,201.12 1 0
github.com/clearcompass-ai/ortholog-sdk/core/envelope/version_policy.go:75.39,76.11 1 0
github.com/clearcompass-ai/ortholog-sdk/core/envelope/version_policy.go:77.21,78.18 1 0
github.com/clearcompass-ai/ortholog-sdk/core/envelope/version_policy.go:79.25,80.22 1 0
github.com/clearcompass-ai/ortholog-sdk/core/envelope/version_policy.go:81.21,82.18 1 0
github.com/clearcompass-ai/ortholog-sdk/core/envelope/version_policy.go:83.22,84.19 1 0
github.com/clearcompass-ai/ortholog-sdk/core/envelope/version_policy.go:85.10,86.39 1 0
github.com/clearcompass-ai/ortholog-sdk/core/envelope/version_policy.go:115.53,118.2 2 0
github.com/clearcompass-ai/ortholog-sdk/core/envelope/version_policy.go:123.31,125.31 2 0
github.com/clearcompass-ai/ortholog-sdk/core/envelope/version_policy.go:125.31,127.3 1 0
github.com/clearcompass-ai/ortholog-sdk/core/envelope/version_policy.go:128.2,128.12 1 0
github.com/clearcompass-ai/ortholog-sdk/core/envelope/version_policy.go:136.29,139.38 3 0
github.com/clearcompass-ai/ortholog-sdk/core/envelope/version_policy.go:139.38,140.29 1 0
github.com/clearcompass-ai/ortholog-sdk/core/envelope/version_policy.go:140.29,143.4 2 0
github.com/clearcompass-ai/ortholog-sdk/core/envelope/version_policy.go:145.2,145.16 1 0
github.com/clearcompass-ai/ortholog-sdk/core/envelope/version_policy.go:145.16,146.105 1 0
github.com/clearcompass-ai/ortholog-sdk/core/envelope/version_policy.go:148.2,148.15 1 0
github.com/clearcompass-ai/ortholog-sdk/core/envelope/version_policy.go:158.45,160.12 2 0
github.com/clearcompass-ai/ortholog-sdk/core/envelope/version_policy.go:160.12,162.3 1 0
github.com/clearcompass-ai/ortholog-sdk/core/envelope/version_policy.go:163.2,163.29 1 0
github.com/clearcompass-ai/ortholog-sdk/core/envelope/version_policy.go:163.29,165.3 1 0
github.com/clearcompass-ai/ortholog-sdk/core/envelope/version_policy.go:166.2,166.12 1 0
github.com/clearcompass-ai/ortholog-sdk/core/envelope/version_policy.go:173.46,175.12 2 0
github.com/clearcompass-ai/ortholog-sdk/core/envelope/version_policy.go:175.12,177.3 1 0
github.com/clearcompass-ai/ortholog-sdk/core/envelope/version_policy.go:178.2,178.15 1 0
github.com/clearcompass-ai/ortholog-sdk/core/envelope/version_policy.go:179.21,180.13 1 0
github.com/clearcompass-ai/ortholog-sdk/core/envelope/version_policy.go:181.25,182.78 1 0
github.com/clearcompass-ai/ortholog-sdk/core/envelope/version_policy.go:183.21,184.74 1 0
github.com/clearcompass-ai/ortholog-sdk/core/envelope/version_policy.go:185.22,186.75 1 0
github.com/clearcompass-ai/ortholog-sdk/core/envelope/version_policy.go:187.10,189.38 1 0
