mode: atomic
github.com/clearcompass-ai/ortholog-sdk/builder/algorithm.go:42.23,46.25 2 2095
github.com/clearcompass-ai/ortholog-sdk/builder/algorithm.go:46.25,47.29 1 1856
github.com/clearcompass-ai/ortholog-sdk/builder/algorithm.go:47.29,49.4 1 1603
github.com/clearcompass-ai/ortholog-sdk/builder/algorithm.go:50.3,52.49 3 253
github.com/clearcompass-ai/ortholog-sdk/builder/algorithm.go:52.49,54.4 1 0
github.com/clearcompass-ai/ortholog-sdk/builder/algorithm.go:55.3,55.32 1 253
github.com/clearcompass-ai/ortholog-sdk/builder/algorithm.go:58.2,61.38 2 239
github.com/clearcompass-ai/ortholog-sdk/builder/algorithm.go:61.38,63.3 1 1
github.com/clearcompass-ai/ortholog-sdk/builder/algorithm.go:65.2,66.37 2 238
github.com/clearcompass-ai/ortholog-sdk/builder/algorithm.go:66.37,68.3 1 0
github.com/clearcompass-ai/ortholog-sdk/builder/algorithm.go:69.2,70.16 2 238
github.com/clearcompass-ai/ortholog-sdk/builder/algorithm.go:70.16,72.3 1 0
github.com/clearcompass-ai/ortholog-sdk/builder/algorithm.go:73.2,75.31 3 238
github.com/clearcompass-ai/ortholog-sdk/builder/algorithm.go:75.31,77.3 1 0
github.com/clearcompass-ai/ortholog-sdk/builder/algorithm.go:80.2,80.60 1 238
github.com/clearcompass-ai/ortholog-sdk/builder/algorithm.go:80.60,81.30 1 0
github.com/clearcompass-ai/ortholog-sdk/builder/algorithm.go:81.30,83.4 1 0
github.com/clearcompass-ai/ortholog-sdk/builder/algorithm.go:86.2,86.28 1 238
github.com/clearcompass-ai/ortholog-sdk/builder/algorithm.go:86.28,88.3 1 0
github.com/clearcompass-ai/ortholog-sdk/builder/algorithm.go:90.2,90.26 1 238
github.com/clearcompass-ai/ortholog-sdk/builder/algorithm.go:91.36,92.90 1 202
github.com/clearcompass-ai/ortholog-sdk/builder/algorithm.go:93.36,94.99 1 8
github.com/clearcompass-ai/ortholog-sdk/builder/algorithm.go:95.40,96.109 1 28
github.com/clearcompass-ai/ortholog-sdk/builder/algorithm.go:97.10,98.30 1 0
github.com/clearcompass-ai/ortholog-sdk/builder/algorithm.go:115.23,116.44 1 202
github.com/clearcompass-ai/ortholog-sdk/builder/algorithm.go:116.44,118.3 1 1
github.com/clearcompass-ai/ortholog-sdk/builder/algorithm.go:121.2,122.33 2 201
github.com/clearcompass-ai/ortholog-sdk/builder/algorithm.go:122.33,124.17 2 1
github.com/clearcompass-ai/ortholog-sdk/builder/algorithm.go:124.17,126.4 1 0
github.com/clearcompass-ai/ortholog-sdk/builder/algorithm.go:127.3,127.31 1 1
github.com/clearcompass-ai/ortholog-sdk/builder/algorithm.go:129.2,130.16 2 201
github.com/clearcompass-ai/ortholog-sdk/builder/algorithm.go:130.16,132.3 1 0
github.com/clearcompass-ai/ortholog-sdk/builder/algorithm.go:133.2,136.69 2 201
github.com/clearcompass-ai/ortholog-sdk/builder/algorithm.go:136.69,138.3 1 0
github.com/clearcompass-ai/ortholog-sdk/builder/algorithm.go:139.2,139.29 1 201
github.com/clearcompass-ai/ortholog-sdk/builder/algorithm.go:156.23,157.36 1 8
github.com/clearcompass-ai/ortholog-sdk/builder/algorithm.go:157.36,159.3 1 0
github.com/clearcompass-ai/ortholog-sdk/builder/algorithm.go:161.2,170.43 4 8
github.com/clearcompass-ai/ortholog-sdk/builder/algorithm.go:170.43,171.32 1 13
github.com/clearcompass-ai/ortholog-sdk/builder/algorithm.go:171.32,173.4 1 1
github.com/clearcompass-ai/ortholog-sdk/builder/algorithm.go:174.3,175.32 2 12
github.com/clearcompass-ai/ortholog-sdk/builder/algorithm.go:175.32,177.4 1 0
github.com/clearcompass-ai/ortholog-sdk/builder/algorithm.go:178.3,179.52 2 12
github.com/clearcompass-ai/ortholog-sdk/builder/algorithm.go:179.52,181.4 1 0
github.com/clearcompass-ai/ortholog-sdk/builder/algorithm.go:182.3,184.33 3 12
github.com/clearcompass-ai/ortholog-sdk/builder/algorithm.go:184.33,186.4 1 0
github.com/clearcompass-ai/ortholog-sdk/builder/algorithm.go:187.3,187.34 1 12
github.com/clearcompass-ai/ortholog-sdk/builder/algorithm.go:187.34,189.4 1 2
github.com/clearcompass-ai/ortholog-sdk/builder/algorithm.go:190.3,190.71 1 10
github.com/clearcompass-ai/ortholog-sdk/builder/algorithm.go:193.2,196.54 3 5
github.com/clearcompass-ai/ortholog-sdk/builder/algorithm.go:196.54,198.30 2 10
github.com/clearcompass-ai/ortholog-sdk/builder/algorithm.go:198.30,199.27 1 17
github.com/clearcompass-ai/ortholog-sdk/builder/algorithm.go:199.27,200.13 1 7
github.com/clearcompass-ai/ortholog-sdk/builder/algorithm.go:202.4,203.43 2 10
github.com/clearcompass-ai/ortholog-sdk/builder/algorithm.go:203.43,204.13 1 0
github.com/clearcompass-ai/ortholog-sdk/builder/algorithm.go:206.4,209.39 3 10
github.com/clearcompass-ai/ortholog-sdk/builder/algorithm.go:209.39,212.36 2 4
github.com/clearcompass-ai/ortholog-sdk/builder/algorithm.go:212.36,214.20 2 0
github.com/clearcompass-ai/ortholog-sdk/builder/algorithm.go:214.20,216.7 1 0
github.com/clearcompass-ai/ortholog-sdk/builder/algorithm.go:217.6,217.34 1 0
github.com/clearcompass-ai/ortholog-sdk/builder/algorithm.go:219.5,220.19 2 4
github.com/clearcompass-ai/ortholog-sdk/builder/algorithm.go:220.19,222.6 1 0
github.com/clearcompass-ai/ortholog-sdk/builder/algorithm.go:223.5,226.72 2 4
github.com/clearcompass-ai/ortholog-sdk/builder/algorithm.go:226.72,228.6 1 0
github.com/clearcompass-ai/ortholog-sdk/builder/algorithm.go:229.5,229.32 1 4
github.com/clearcompass-ai/ortholog-sdk/builder/algorithm.go:232.4,232.29 1 6
github.com/clearcompass-ai/ortholog-sdk/builder/algorithm.go:232.29,234.5 1 0
github.com/clearcompass-ai/ortholog-sdk/builder/algorithm.go:235.4,237.9 3 6
github.com/clearcompass-ai/ortholog-sdk/builder/algorithm.go:239.3,239.13 1 6
github.com/clearcompass-ai/ortholog-sdk/builder/algorithm.go:239.13,240.9 1 0
github.com/clearcompass-ai/ortholog-sdk/builder/algorithm.go:244.2,245.32 2 1
github.com/clearcompass-ai/ortholog-sdk/builder/algorithm.go:245.32,246.13 1 3
github.com/clearcompass-ai/ortholog-sdk/builder/algorithm.go:246.13,248.4 1 3
github.com/clearcompass-ai/ortholog-sdk/builder/algorithm.go:250.2,250.37 1 1
github.com/clearcompass-ai/ortholog-sdk/builder/algorithm.go:250.37,252.3 1 1
github.com/clearcompass-ai/ortholog-sdk/builder/algorithm.go:253.2,253.29 1 0
github.com/clearcompass-ai/ortholog-sdk/builder/algorithm.go:271.23,272.67 1 28
github.com/clearcompass-ai/ortholog-sdk/builder/algorithm.go:272.67,274.3 1 1
github.com/clearcompass-ai/ortholog-sdk/builder/algorithm.go:276.2,278.36 3 27
github.com/clearcompass-ai/ortholog-sdk/builder/algorithm.go:278.36,280.3 1 0
github.com/clearcompass-ai/ortholog-sdk/builder/algorithm.go:281.2,282.43 2 27
github.com/clearcompass-ai/ortholog-sdk/builder/algorithm.go:282.43,284.3 1 0
github.com/clearcompass-ai/ortholog-sdk/builder/algorithm.go:285.2,286.16 2 27
github.com/clearcompass-ai/ortholog-sdk/builder/algorithm.go:286.16,288.3 1 0
github.com/clearcompass-ai/ortholog-sdk/builder/algorithm.go:289.2,289.60 1 27
github.com/clearcompass-ai/ortholog-sdk/builder/algorithm.go:289.60,291.3 1 0
github.com/clearcompass-ai/ortholog-sdk/builder/algorithm.go:293.2,293.33 1 27
github.com/clearcompass-ai/ortholog-sdk/builder/algorithm.go:293.33,294.104 1 0
github.com/clearcompass-ai/ortholog-sdk/builder/algorithm.go:294.104,296.4 1 0
github.com/clearcompass-ai/ortholog-sdk/builder/algorithm.go:299.2,299.99 1 27
github.com/clearcompass-ai/ortholog-sdk/builder/algorithm.go:299.99,301.3 1 5
github.com/clearcompass-ai/ortholog-sdk/builder/algorithm.go:303.2,308.22 3 22
github.com/clearcompass-ai/ortholog-sdk/builder/algorithm.go:308.22,309.34 1 2
github.com/clearcompass-ai/ortholog-sdk/builder/algorithm.go:309.34,311.18 2 0
github.com/clearcompass-ai/ortholog-sdk/builder/algorithm.go:311.18,313.5 1 0
github.com/clearcompass-ai/ortholog-sdk/builder/algorithm.go:314.4,314.32 1 0
github.com/clearcompass-ai/ortholog-sdk/builder/algorithm.go:316.3,317.17 2 2
github.com/clearcompass-ai/ortholog-sdk/builder/algorithm.go:317.17,319.4 1 0
github.com/clearcompass-ai/ortholog-sdk/builder/algorithm.go:320.3,320.31 1 2
github.com/clearcompass-ai/ortholog-sdk/builder/algorithm.go:321.8,322.34 1 20
github.com/clearcompass-ai/ortholog-sdk/builder/algorithm.go:322.34,324.18 2 0
github.com/clearcompass-ai/ortholog-sdk/builder/algorithm.go:324.18,326.5 1 0
github.com/clearcompass-ai/ortholog-sdk/builder/algorithm.go:327.4,327.32 1 0
github.com/clearcompass-ai/ortholog-sdk/builder/algorithm.go:329.3,330.17 2 20
github.com/clearcompass-ai/ortholog-sdk/builder/algorithm.go:330.17,332.4 1 0
github.com/clearcompass-ai/ortholog-sdk/builder/algorithm.go:333.3,333.31 1 20
github.com/clearcompass-ai/ortholog-sdk/builder/algorithm.go:337.2,337.69 1 22
github.com/clearcompass-ai/ortholog-sdk/builder/algorithm.go:337.69,339.3 1 0
github.com/clearcompass-ai/ortholog-sdk/builder/algorithm.go:340.2,340.29 1 22
github.com/clearcompass-ai/ortholog-sdk/builder/algorithm.go:352.9,353.31 1 0
github.com/clearcompass-ai/ortholog-sdk/builder/algorithm.go:353.31,354.32 1 0
github.com/clearcompass-ai/ortholog-sdk/builder/algorithm.go:354.32,356.4 1 0
github.com/clearcompass-ai/ortholog-sdk/builder/algorithm.go:357.3,358.32 2 0
github.com/clearcompass-ai/ortholog-sdk/builder/algorithm.go:358.32,360.4 1 0
github.com/clearcompass-ai/ortholog-sdk/builder/algorithm.go:361.3,362.17 2 0
github.com/clearcompass-ai/ortholog-sdk/builder/algorithm.go:362.17,364.4 1 0
github.com/clearcompass-ai/ortholog-sdk/builder/algorithm.go:365.3,365.75 1 0
github.com/clearcompass-ai/ortholog-sdk/builder/algorithm.go:365.75,367.4 1 0
github.com/clearcompass-ai/ortholog-sdk/builder/algorithm.go:369.2,369.12 1 0
github.com/clearcompass-ai/ortholog-sdk/builder/algorithm.go:372.58,373.84 1 1
github.com/clearcompass-ai/ortholog-sdk/builder/algorithm.go:373.84,375.3 1 1
github.com/clearcompass-ai/ortholog-sdk/builder/algorithm.go:376.2,376.55 1 0
github.com/clearcompass-ai/ortholog-sdk/builder/api.go:251.25,258.36 1 61
github.com/clearcompass-ai/ortholog-sdk/builder/api.go:258.36,263.3 1 0
github.com/clearcompass-ai/ortholog-sdk/builder/api.go:270.2,270.24 1 61
github.com/clearcompass-ai/ortholog-sdk/builder/api.go:270.24,272.3 1 0
github.com/clearcompass-ai/ortholog-sdk/builder/api.go:281.2,298.32 3 61
github.com/clearcompass-ai/ortholog-sdk/builder/api.go:298.32,305.17 3 2095
github.com/clearcompass-ai/ortholog-sdk/builder/api.go:305.17,310.4 1 0
github.com/clearcompass-ai/ortholog-sdk/builder/api.go:312.3,312.21 1 2095
github.com/clearcompass-ai/ortholog-sdk/builder/api.go:313.29,314.29 1 1603
github.com/clearcompass-ai/ortholog-sdk/builder/api.go:315.26,316.26 1 253
github.com/clearcompass-ai/ortholog-sdk/builder/api.go:317.24,318.24 1 201
github.com/clearcompass-ai/ortholog-sdk/builder/api.go:319.24,320.24 1 4
github.com/clearcompass-ai/ortholog-sdk/builder/api.go:321.24,322.24 1 22
github.com/clearcompass-ai/ortholog-sdk/builder/api.go:323.24,324.24 1 6
github.com/clearcompass-ai/ortholog-sdk/builder/api.go:325.27,326.27 1 6
github.com/clearcompass-ai/ortholog-sdk/builder/api.go:337.2,346.16 3 61
github.com/clearcompass-ai/ortholog-sdk/builder/api.go:346.16,348.3 1 0
github.com/clearcompass-ai/ortholog-sdk/builder/api.go:349.2,356.20 3 61
github.com/clearcompass-ai/ortholog-sdk/builder/assemble_path_b.go:49.72,50.41 1 6
github.com/clearcompass-ai/ortholog-sdk/builder/assemble_path_b.go:50.41,52.3 1 0
github.com/clearcompass-ai/ortholog-sdk/builder/assemble_path_b.go:53.2,54.19 2 6
github.com/clearcompass-ai/ortholog-sdk/builder/assemble_path_b.go:54.19,56.3 1 6
github.com/clearcompass-ai/ortholog-sdk/builder/assemble_path_b.go:57.2,57.47 1 6
github.com/clearcompass-ai/ortholog-sdk/builder/assemble_path_b.go:57.47,59.3 1 1
github.com/clearcompass-ai/ortholog-sdk/builder/assemble_path_b.go:62.2,63.35 2 5
github.com/clearcompass-ai/ortholog-sdk/builder/assemble_path_b.go:63.35,65.3 1 1
github.com/clearcompass-ai/ortholog-sdk/builder/assemble_path_b.go:66.2,67.16 2 4
github.com/clearcompass-ai/ortholog-sdk/builder/assemble_path_b.go:67.16,69.3 1 0
github.com/clearcompass-ai/ortholog-sdk/builder/assemble_path_b.go:70.2,81.48 4 4
github.com/clearcompass-ai/ortholog-sdk/builder/assemble_path_b.go:81.48,83.32 2 7
github.com/clearcompass-ai/ortholog-sdk/builder/assemble_path_b.go:83.32,85.4 1 0
github.com/clearcompass-ai/ortholog-sdk/builder/assemble_path_b.go:86.3,87.17 2 7
github.com/clearcompass-ai/ortholog-sdk/builder/assemble_path_b.go:87.17,89.4 1 0
github.com/clearcompass-ai/ortholog-sdk/builder/assemble_path_b.go:90.3,90.38 1 7
github.com/clearcompass-ai/ortholog-sdk/builder/assemble_path_b.go:90.38,92.4 1 0
github.com/clearcompass-ai/ortholog-sdk/builder/assemble_path_b.go:94.3,103.5 4 7
github.com/clearcompass-ai/ortholog-sdk/builder/assemble_path_b.go:107.2,111.44 4 4
github.com/clearcompass-ai/ortholog-sdk/builder/assemble_path_b.go:111.44,112.31 1 8
github.com/clearcompass-ai/ortholog-sdk/builder/assemble_path_b.go:112.31,114.4 1 1
github.com/clearcompass-ai/ortholog-sdk/builder/assemble_path_b.go:115.3,118.29 3 7
github.com/clearcompass-ai/ortholog-sdk/builder/assemble_path_b.go:118.29,119.26 1 11
github.com/clearcompass-ai/ortholog-sdk/builder/assemble_path_b.go:119.26,120.13 1 4
github.com/clearcompass-ai/ortholog-sdk/builder/assemble_path_b.go:122.4,122.52 1 7
github.com/clearcompass-ai/ortholog-sdk/builder/assemble_path_b.go:122.52,127.49 4 7
github.com/clearcompass-ai/ortholog-sdk/builder/assemble_path_b.go:127.49,132.30 2 3
github.com/clearcompass-ai/ortholog-sdk/builder/assemble_path_b.go:132.30,140.7 2 5
github.com/clearcompass-ai/ortholog-sdk/builder/assemble_path_b.go:141.6,141.24 1 3
github.com/clearcompass-ai/ortholog-sdk/builder/assemble_path_b.go:143.5,144.10 2 4
github.com/clearcompass-ai/ortholog-sdk/builder/assemble_path_b.go:147.3,147.13 1 4
github.com/clearcompass-ai/ortholog-sdk/builder/assemble_path_b.go:147.13,148.9 1 0
github.com/clearcompass-ai/ortholog-sdk/builder/assemble_path_b.go:152.2,153.59 1 0
github.com/clearcompass-ai/ortholog-sdk/builder/assemble_path_b.go:172.86,173.48 1 1
github.com/clearcompass-ai/ortholog-sdk/builder/assemble_path_b.go:173.48,176.32 3 2
github.com/clearcompass-ai/ortholog-sdk/builder/assemble_path_b.go:176.32,183.4 2 0
github.com/clearcompass-ai/ortholog-sdk/builder/assemble_path_b.go:184.3,184.33 1 2
github.com/clearcompass-ai/ortholog-sdk/builder/assemble_path_b.go:184.33,191.4 2 1
github.com/clearcompass-ai/ortholog-sdk/builder/assemble_path_b.go:193.2,193.49 1 0
github.com/clearcompass-ai/ortholog-sdk/builder/commitments.go:8.141,10.2 1 8
github.com/clearcompass-ai/ortholog-sdk/builder/concurrency.go:56.62,57.20 1 53
github.com/clearcompass-ai/ortholog-sdk/builder/concurrency.go:57.20,59.3 1 0
github.com/clearcompass-ai/ortholog-sdk/builder/concurrency.go:60.2,63.3 1 53
github.com/clearcompass-ai/ortholog-sdk/builder/concurrency.go:69.77,72.27 3 25
github.com/clearcompass-ai/ortholog-sdk/builder/concurrency.go:72.27,74.3 1 3
github.com/clearcompass-ai/ortholog-sdk/builder/concurrency.go:75.2,75.24 1 25
github.com/clearcompass-ai/ortholog-sdk/builder/concurrency.go:81.84,82.41 1 4
github.com/clearcompass-ai/ortholog-sdk/builder/concurrency.go:82.41,83.21 1 8
github.com/clearcompass-ai/ortholog-sdk/builder/concurrency.go:83.21,85.4 1 3
github.com/clearcompass-ai/ortholog-sdk/builder/concurrency.go:87.2,87.14 1 1
github.com/clearcompass-ai/ortholog-sdk/builder/concurrency.go:93.75,95.2 1 1
github.com/clearcompass-ai/ortholog-sdk/builder/concurrency.go:100.84,101.30 1 1
github.com/clearcompass-ai/ortholog-sdk/builder/concurrency.go:101.30,103.3 1 0
github.com/clearcompass-ai/ortholog-sdk/builder/concurrency.go:104.2,104.27 1 1
github.com/clearcompass-ai/ortholog-sdk/builder/concurrency.go:114.50,116.27 2 0
github.com/clearcompass-ai/ortholog-sdk/builder/concurrency.go:116.27,118.3 1 0
github.com/clearcompass-ai/ortholog-sdk/builder/concurrency.go:119.2,119.13 1 0
github.com/clearcompass-ai/ortholog-sdk/builder/concurrency.go:123.46,125.2 1 0
github.com/clearcompass-ai/ortholog-sdk/builder/concurrency.go:128.39,130.2 1 0
github.com/clearcompass-ai/ortholog-sdk/builder/concurrency.go:160.9,165.34 2 27
github.com/clearcompass-ai/ortholog-sdk/builder/concurrency.go:165.34,166.30 1 16
github.com/clearcompass-ai/ortholog-sdk/builder/concurrency.go:166.30,168.4 1 3
github.com/clearcompass-ai/ortholog-sdk/builder/concurrency.go:169.3,169.13 1 13
github.com/clearcompass-ai/ortholog-sdk/builder/concurrency.go:173.2,173.29 1 11
github.com/clearcompass-ai/ortholog-sdk/builder/concurrency.go:173.29,175.3 1 0
github.com/clearcompass-ai/ortholog-sdk/builder/concurrency.go:178.2,179.44 2 11
github.com/clearcompass-ai/ortholog-sdk/builder/concurrency.go:179.44,181.38 2 1
github.com/clearcompass-ai/ortholog-sdk/builder/concurrency.go:181.38,183.4 1 1
github.com/clearcompass-ai/ortholog-sdk/builder/concurrency.go:188.2,188.36 1 11
github.com/clearcompass-ai/ortholog-sdk/builder/concurrency.go:188.36,189.41 1 1
github.com/clearcompass-ai/ortholog-sdk/builder/concurrency.go:189.41,191.4 1 1
github.com/clearcompass-ai/ortholog-sdk/builder/concurrency.go:192.3,192.51 1 0
github.com/clearcompass-ai/ortholog-sdk/builder/concurrency.go:192.51,194.4 1 0
github.com/clearcompass-ai/ortholog-sdk/builder/concurrency.go:195.3,198.4 1 0
github.com/clearcompass-ai/ortholog-sdk/builder/concurrency.go:202.2,202.41 1 10
github.com/clearcompass-ai/ortholog-sdk/builder/concurrency.go:202.41,207.3 1 2
github.com/clearcompass-ai/ortholog-sdk/builder/concurrency.go:208.2,208.12 1 8
github.com/clearcompass-ai/ortholog-sdk/builder/entry_builders.go:49.58,50.21 1 38
github.com/clearcompass-ai/ortholog-sdk/builder/entry_builders.go:50.21,52.3 1 2
github.com/clearcompass-ai/ortholog-sdk/builder/entry_builders.go:53.2,53.66 1 36
github.com/clearcompass-ai/ortholog-sdk/builder/entry_builders.go:53.66,55.3 1 0
github.com/clearcompass-ai/ortholog-sdk/builder/entry_builders.go:56.2,56.12 1 36
github.com/clearcompass-ai/ortholog-sdk/builder/entry_builders.go:78.67,79.67 1 2
github.com/clearcompass-ai/ortholog-sdk/builder/entry_builders.go:79.67,81.3 1 1
github.com/clearcompass-ai/ortholog-sdk/builder/entry_builders.go:82.2,91.15 2 1
github.com/clearcompass-ai/ortholog-sdk/builder/entry_builders.go:112.65,113.67 1 2
github.com/clearcompass-ai/ortholog-sdk/builder/entry_builders.go:113.67,115.3 1 0
github.com/clearcompass-ai/ortholog-sdk/builder/entry_builders.go:116.2,116.27 1 2
github.com/clearcompass-ai/ortholog-sdk/builder/entry_builders.go:116.27,118.3 1 1
github.com/clearcompass-ai/ortholog-sdk/builder/entry_builders.go:119.2,130.15 2 1
github.com/clearcompass-ai/ortholog-sdk/builder/entry_builders.go:150.67,151.67 1 2
github.com/clearcompass-ai/ortholog-sdk/builder/entry_builders.go:151.67,153.3 1 0
github.com/clearcompass-ai/ortholog-sdk/builder/entry_builders.go:154.2,154.25 1 2
github.com/clearcompass-ai/ortholog-sdk/builder/entry_builders.go:154.25,156.3 1 1
github.com/clearcompass-ai/ortholog-sdk/builder/entry_builders.go:157.2,165.15 2 1
github.com/clearcompass-ai/ortholog-sdk/builder/entry_builders.go:184.67,185.67 1 1
github.com/clearcompass-ai/ortholog-sdk/builder/entry_builders.go:185.67,187.3 1 0
github.com/clearcompass-ai/ortholog-sdk/builder/entry_builders.go:188.2,188.27 1 1
github.com/clearcompass-ai/ortholog-sdk/builder/entry_builders.go:188.27,190.3 1 0
github.com/clearcompass-ai/ortholog-sdk/builder/entry_builders.go:191.2,199.15 2 1
github.com/clearcompass-ai/ortholog-sdk/builder/entry_builders.go:216.67,217.67 1 3
github.com/clearcompass-ai/ortholog-sdk/builder/entry_builders.go:217.67,219.3 1 1
github.com/clearcompass-ai/ortholog-sdk/builder/entry_builders.go:220.2,220.27 1 2
github.com/clearcompass-ai/ortholog-sdk/builder/entry_builders.go:220.27,222.3 1 1
github.com/clearcompass-ai/ortholog-sdk/builder/entry_builders.go:223.2,230.15 2 1
github.com/clearcompass-ai/ortholog-sdk/builder/entry_builders.go:252.73,253.67 1 3
github.com/clearcompass-ai/ortholog-sdk/builder/entry_builders.go:253.67,255.3 1 0
github.com/clearcompass-ai/ortholog-sdk/builder/entry_builders.go:256.2,256.30 1 3
github.com/clearcompass-ai/ortholog-sdk/builder/entry_builders.go:256.30,258.3 1 1
github.com/clearcompass-ai/ortholog-sdk/builder/entry_builders.go:259.2,259.47 1 2
github.com/clearcompass-ai/ortholog-sdk/builder/entry_builders.go:259.47,261.3 1 0
github.com/clearcompass-ai/ortholog-sdk/builder/entry_builders.go:262.2,270.15 2 2
github.com/clearcompass-ai/ortholog-sdk/builder/entry_builders.go:292.75,293.67 1 1
github.com/clearcompass-ai/ortholog-sdk/builder/entry_builders.go:293.67,295.3 1 0
github.com/clearcompass-ai/ortholog-sdk/builder/entry_builders.go:296.2,296.27 1 1
github.com/clearcompass-ai/ortholog-sdk/builder/entry_builders.go:296.27,298.3 1 0
github.com/clearcompass-ai/ortholog-sdk/builder/entry_builders.go:299.2,299.33 1 1
github.com/clearcompass-ai/ortholog-sdk/builder/entry_builders.go:299.33,301.3 1 0
github.com/clearcompass-ai/ortholog-sdk/builder/entry_builders.go:302.2,314.15 2 1
github.com/clearcompass-ai/ortholog-sdk/builder/entry_builders.go:333.71,334.67 1 4
github.com/clearcompass-ai/ortholog-sdk/builder/entry_builders.go:334.67,336.3 1 0
github.com/clearcompass-ai/ortholog-sdk/builder/entry_builders.go:337.2,337.29 1 4
github.com/clearcompass-ai/ortholog-sdk/builder/entry_builders.go:337.29,339.3 1 1
github.com/clearcompass-ai/ortholog-sdk/builder/entry_builders.go:340.2,349.15 2 3
github.com/clearcompass-ai/ortholog-sdk/builder/entry_builders.go:376.69,377.67 1 2
github.com/clearcompass-ai/ortholog-sdk/builder/entry_builders.go:377.67,379.3 1 0
github.com/clearcompass-ai/ortholog-sdk/builder/entry_builders.go:380.2,380.27 1 2
github.com/clearcompass-ai/ortholog-sdk/builder/entry_builders.go:380.27,382.3 1 0
github.com/clearcompass-ai/ortholog-sdk/builder/entry_builders.go:383.2,383.29 1 2
github.com/clearcompass-ai/ortholog-sdk/builder/entry_builders.go:383.29,385.3 1 1
github.com/clearcompass-ai/ortholog-sdk/builder/entry_builders.go:386.2,398.15 2 1
github.com/clearcompass-ai/ortholog-sdk/builder/entry_builders.go:418.67,419.67 1 6
github.com/clearcompass-ai/ortholog-sdk/builder/entry_builders.go:419.67,421.3 1 0
github.com/clearcompass-ai/ortholog-sdk/builder/entry_builders.go:422.2,426.15 1 6
github.com/clearcompass-ai/ortholog-sdk/builder/entry_builders.go:443.69,444.67 1 2
github.com/clearcompass-ai/ortholog-sdk/builder/entry_builders.go:444.67,446.3 1 0
github.com/clearcompass-ai/ortholog-sdk/builder/entry_builders.go:447.2,447.30 1 2
github.com/clearcompass-ai/ortholog-sdk/builder/entry_builders.go:447.30,449.3 1 1
github.com/clearcompass-ai/ortholog-sdk/builder/entry_builders.go:450.2,455.15 1 1
github.com/clearcompass-ai/ortholog-sdk/builder/entry_builders.go:471.77,472.67 1 2
github.com/clearcompass-ai/ortholog-sdk/builder/entry_builders.go:472.67,474.3 1 0
github.com/clearcompass-ai/ortholog-sdk/builder/entry_builders.go:475.2,479.15 1 2
github.com/clearcompass-ai/ortholog-sdk/builder/entry_builders.go:498.64,499.67 1 2
github.com/clearcompass-ai/ortholog-sdk/builder/entry_builders.go:499.67,501.3 1 0
github.com/clearcompass-ai/ortholog-sdk/builder/entry_builders.go:502.2,502.26 1 2
github.com/clearcompass-ai/ortholog-sdk/builder/entry_builders.go:502.26,504.3 1 1
github.com/clearcompass-ai/ortholog-sdk/builder/entry_builders.go:505.2,511.16 2 1
github.com/clearcompass-ai/ortholog-sdk/builder/entry_builders.go:511.16,513.3 1 0
github.com/clearcompass-ai/ortholog-sdk/builder/entry_builders.go:514.2,518.13 1 1
github.com/clearcompass-ai/ortholog-sdk/builder/entry_builders.go:541.69,542.67 1 1
github.com/clearcompass-ai/ortholog-sdk/builder/entry_builders.go:542.67,544.3 1 0
github.com/clearcompass-ai/ortholog-sdk/builder/entry_builders.go:545.2,545.27 1 1
github.com/clearcompass-ai/ortholog-sdk/builder/entry_builders.go:545.27,547.3 1 0
github.com/clearcompass-ai/ortholog-sdk/builder/entry_builders.go:548.2,549.45 2 1
github.com/clearcompass-ai/ortholog-sdk/builder/entry_builders.go:549.45,553.3 1 1
github.com/clearcompass-ai/ortholog-sdk/builder/entry_builders.go:554.2,562.13 2 1
github.com/clearcompass-ai/ortholog-sdk/builder/entry_builders.go:581.71,582.67 1 1
github.com/clearcompass-ai/ortholog-sdk/builder/entry_builders.go:582.67,584.3 1 0
github.com/clearcompass-ai/ortholog-sdk/builder/entry_builders.go:585.2,585.27 1 1
github.com/clearcompass-ai/ortholog-sdk/builder/entry_builders.go:585.27,587.3 1 0
github.com/clearcompass-ai/ortholog-sdk/builder/entry_builders.go:588.2,589.43 2 1
github.com/clearcompass-ai/ortholog-sdk/builder/entry_builders.go:589.43,593.3 1 1
github.com/clearcompass-ai/ortholog-sdk/builder/entry_builders.go:594.2,602.13 2 1
github.com/clearcompass-ai/ortholog-sdk/builder/entry_builders.go:626.69,627.67 1 1
github.com/clearcompass-ai/ortholog-sdk/builder/entry_builders.go:627.67,629.3 1 0
github.com/clearcompass-ai/ortholog-sdk/builder/entry_builders.go:630.2,637.15 2 1
github.com/clearcompass-ai/ortholog-sdk/builder/entry_builders.go:665.62,666.67 1 1
github.com/clearcompass-ai/ortholog-sdk/builder/entry_builders.go:666.67,668.3 1 0
github.com/clearcompass-ai/ortholog-sdk/builder/entry_builders.go:669.2,669.27 1 1
github.com/clearcompass-ai/ortholog-sdk/builder/entry_builders.go:669.27,671.3 1 0
github.com/clearcompass-ai/ortholog-sdk/builder/entry_builders.go:672.2,672.36 1 1
github.com/clearcompass-ai/ortholog-sdk/builder/entry_builders.go:672.36,674.3 1 0
github.com/clearcompass-ai/ortholog-sdk/builder/entry_builders.go:675.2,687.15 2 1
github.com/clearcompass-ai/ortholog-sdk/builder/entry_builders.go:709.64,710.67 1 2
github.com/clearcompass-ai/ortholog-sdk/builder/entry_builders.go:710.67,712.3 1 0
github.com/clearcompass-ai/ortholog-sdk/builder/entry_builders.go:713.2,713.26 1 2
github.com/clearcompass-ai/ortholog-sdk/builder/entry_builders.go:713.26,715.3 1 1
github.com/clearcompass-ai/ortholog-sdk/builder/entry_builders.go:716.2,717.20 2 1
github.com/clearcompass-ai/ortholog-sdk/builder/entry_builders.go:717.20,723.3 1 0
github.com/clearcompass-ai/ortholog-sdk/builder/entry_builders.go:724.2,728.13 1 1
github.com/clearcompass-ai/ortholog-sdk/builder/entry_classification.go:46.63,50.25 2 12
github.com/clearcompass-ai/ortholog-sdk/builder/entry_classification.go:50.25,51.29 1 3
github.com/clearcompass-ai/ortholog-sdk/builder/entry_classification.go:51.29,57.4 1 2
github.com/clearcompass-ai/ortholog-sdk/builder/entry_classification.go:58.3,61.9 1 1
github.com/clearcompass-ai/ortholog-sdk/builder/entry_classification.go:64.2,67.40 2 9
github.com/clearcompass-ai/ortholog-sdk/builder/entry_classification.go:67.40,72.3 1 2
github.com/clearcompass-ai/ortholog-sdk/builder/entry_classification.go:75.2,76.37 2 7
github.com/clearcompass-ai/ortholog-sdk/builder/entry_classification.go:76.37,81.3 1 0
github.com/clearcompass-ai/ortholog-sdk/builder/entry_classification.go:82.2,83.16 2 7
github.com/clearcompass-ai/ortholog-sdk/builder/entry_classification.go:83.16,88.3 1 0
github.com/clearcompass-ai/ortholog-sdk/builder/entry_classification.go:91.2,93.31 3 7
github.com/clearcompass-ai/ortholog-sdk/builder/entry_classification.go:93.31,98.3 1 0
github.com/clearcompass-ai/ortholog-sdk/builder/entry_classification.go:101.2,101.60 1 7
github.com/clearcompass-ai/ortholog-sdk/builder/entry_classification.go:101.60,102.30 1 1
github.com/clearcompass-ai/ortholog-sdk/builder/entry_classification.go:102.30,107.4 1 1
github.com/clearcompass-ai/ortholog-sdk/builder/entry_classification.go:111.2,111.28 1 6
github.com/clearcompass-ai/ortholog-sdk/builder/entry_classification.go:111.28,116.3 1 0
github.com/clearcompass-ai/ortholog-sdk/builder/entry_classification.go:118.2,122.26 2 6
github.com/clearcompass-ai/ortholog-sdk/builder/entry_classification.go:123.36,124.49 1 2
github.com/clearcompass-ai/ortholog-sdk/builder/entry_classification.go:125.36,126.89 1 2
github.com/clearcompass-ai/ortholog-sdk/builder/entry_classification.go:127.40,128.94 1 2
github.com/clearcompass-ai/ortholog-sdk/builder/entry_classification.go:129.10,133.9 1 0
github.com/clearcompass-ai/ortholog-sdk/builder/entry_classification.go:141.122,142.44 1 2
github.com/clearcompass-ai/ortholog-sdk/builder/entry_classification.go:142.44,148.3 1 0
github.com/clearcompass-ai/ortholog-sdk/builder/entry_classification.go:149.2,153.8 1 2
github.com/clearcompass-ai/ortholog-sdk/builder/entry_classification.go:167.28,168.36 1 2
github.com/clearcompass-ai/ortholog-sdk/builder/entry_classification.go:168.36,174.3 1 0
github.com/clearcompass-ai/ortholog-sdk/builder/entry_classification.go:176.2,185.43 4 2
github.com/clearcompass-ai/ortholog-sdk/builder/entry_classification.go:185.43,186.32 1 2
github.com/clearcompass-ai/ortholog-sdk/builder/entry_classification.go:186.32,191.4 1 0
github.com/clearcompass-ai/ortholog-sdk/builder/entry_classification.go:192.3,193.32 2 2
github.com/clearcompass-ai/ortholog-sdk/builder/entry_classification.go:193.32,198.4 1 0
github.com/clearcompass-ai/ortholog-sdk/builder/entry_classification.go:199.3,200.52 2 2
github.com/clearcompass-ai/ortholog-sdk/builder/entry_classification.go:200.52,205.4 1 0
github.com/clearcompass-ai/ortholog-sdk/builder/entry_classification.go:207.3,209.34 3 2
github.com/clearcompass-ai/ortholog-sdk/builder/entry_classification.go:209.34,214.4 1 0
github.com/clearcompass-ai/ortholog-sdk/builder/entry_classification.go:215.3,215.34 1 2
github.com/clearcompass-ai/ortholog-sdk/builder/entry_classification.go:215.34,220.4 1 1
github.com/clearcompass-ai/ortholog-sdk/builder/entry_classification.go:222.3,225.5 1 1
github.com/clearcompass-ai/ortholog-sdk/builder/entry_classification.go:228.2,231.45 4 1
github.com/clearcompass-ai/ortholog-sdk/builder/entry_classification.go:231.45,233.30 2 1
github.com/clearcompass-ai/ortholog-sdk/builder/entry_classification.go:233.30,234.77 1 1
github.com/clearcompass-ai/ortholog-sdk/builder/entry_classification.go:234.77,235.13 1 0
github.com/clearcompass-ai/ortholog-sdk/builder/entry_classification.go:237.4,240.51 4 1
github.com/clearcompass-ai/ortholog-sdk/builder/entry_classification.go:240.51,247.5 2 1
github.com/clearcompass-ai/ortholog-sdk/builder/entry_classification.go:248.4,248.41 1 0
github.com/clearcompass-ai/ortholog-sdk/builder/entry_classification.go:248.41,253.5 1 0
github.com/clearcompass-ai/ortholog-sdk/builder/entry_classification.go:254.4,256.9 3 0
github.com/clearcompass-ai/ortholog-sdk/builder/entry_classification.go:258.3,258.13 1 0
github.com/clearcompass-ai/ortholog-sdk/builder/entry_classification.go:258.13,259.9 1 0
github.com/clearcompass-ai/ortholog-sdk/builder/entry_classification.go:263.2,266.8 1 0
github.com/clearcompass-ai/ortholog-sdk/builder/entry_classification.go:281.28,282.67 1 2
github.com/clearcompass-ai/ortholog-sdk/builder/entry_classification.go:282.67,287.3 1 0
github.com/clearcompass-ai/ortholog-sdk/builder/entry_classification.go:290.2,292.36 3 2
github.com/clearcompass-ai/ortholog-sdk/builder/entry_classification.go:292.36,297.3 1 0
github.com/clearcompass-ai/ortholog-sdk/builder/entry_classification.go:298.2,299.43 2 2
github.com/clearcompass-ai/ortholog-sdk/builder/entry_classification.go:299.43,304.3 1 0
github.com/clearcompass-ai/ortholog-sdk/builder/entry_classification.go:305.2,306.16 2 2
github.com/clearcompass-ai/ortholog-sdk/builder/entry_classification.go:306.16,311.3 1 0
github.com/clearcompass-ai/ortholog-sdk/builder/entry_classification.go:314.2,314.65 1 2
github.com/clearcompass-ai/ortholog-sdk/builder/entry_classification.go:314.65,319.3 1 0
github.com/clearcompass-ai/ortholog-sdk/builder/entry_classification.go:320.2,324.34 3 2
github.com/clearcompass-ai/ortholog-sdk/builder/entry_classification.go:324.34,325.30 1 1
github.com/clearcompass-ai/ortholog-sdk/builder/entry_classification.go:325.30,330.4 1 0
github.com/clearcompass-ai/ortholog-sdk/builder/entry_classification.go:331.8,332.30 1 1
github.com/clearcompass-ai/ortholog-sdk/builder/entry_classification.go:332.30,337.4 1 0
github.com/clearcompass-ai/ortholog-sdk/builder/entry_classification.go:338.3,338.42 1 1
github.com/clearcompass-ai/ortholog-sdk/builder/entry_classification.go:338.42,345.4 2 0
github.com/clearcompass-ai/ortholog-sdk/builder/entry_classification.go:348.2,349.22 2 2
github.com/clearcompass-ai/ortholog-sdk/builder/entry_classification.go:349.22,355.3 1 0
github.com/clearcompass-ai/ortholog-sdk/builder/entry_classification.go:356.2,360.8 1 2
github.com/clearcompass-ai/ortholog-sdk/builder/entry_classification.go:374.29,375.36 1 1
github.com/clearcompass-ai/ortholog-sdk/builder/entry_classification.go:375.36,377.3 1 0
github.com/clearcompass-ai/ortholog-sdk/builder/entry_classification.go:378.2,379.32 2 1
github.com/clearcompass-ai/ortholog-sdk/builder/entry_classification.go:379.32,387.15 2 3
github.com/clearcompass-ai/ortholog-sdk/builder/entry_classification.go:387.15,389.4 1 3
github.com/clearcompass-ai/ortholog-sdk/builder/entry_classification.go:391.2,391.21 1 1
github.com/clearcompass-ai/ortholog-sdk/builder/entry_classification.go:398.36,399.11 1 0
github.com/clearcompass-ai/ortholog-sdk/builder/entry_classification.go:400.28,401.22 1 0
github.com/clearcompass-ai/ortholog-sdk/builder/entry_classification.go:402.25,403.19 1 0
github.com/clearcompass-ai/ortholog-sdk/builder/entry_classification.go:404.23,405.17 1 0
github.com/clearcompass-ai/ortholog-sdk/builder/entry_classification.go:406.23,407.17 1 0
github.com/clearcompass-ai/ortholog-sdk/builder/entry_classification.go:408.23,409.17 1 0
github.com/clearcompass-ai/ortholog-sdk/builder/entry_classification.go:410.23,411.17 1 0
github.com/clearcompass-ai/ortholog-sdk/builder/entry_classification.go:412.26,413.20 1 0
github.com/clearcompass-ai/ortholog-sdk/builder/entry_classification.go:414.10,415.39 1 0
github.com/clearcompass-ai/ortholog-sdk/builder/occ_retry.go:56.39,63.2 1 3
github.com/clearcompass-ai/ortholog-sdk/builder/occ_retry.go:67.37,74.2 1 1
github.com/clearcompass-ai/ortholog-sdk/builder/occ_retry.go:126.71,128.25 2 3
github.com/clearcompass-ai/ortholog-sdk/builder/occ_retry.go:128.25,130.3 1 0
github.com/clearcompass-ai/ortholog-sdk/builder/occ_retry.go:131.2,131.24 1 3
github.com/clearcompass-ai/ortholog-sdk/builder/occ_retry.go:131.24,133.3 1 0
github.com/clearcompass-ai/ortholog-sdk/builder/occ_retry.go:134.2,134.23 1 3
github.com/clearcompass-ai/ortholog-sdk/builder/occ_retry.go:134.23,136.3 1 0
github.com/clearcompass-ai/ortholog-sdk/builder/occ_retry.go:138.2,138.25 1 3
github.com/clearcompass-ai/ortholog-sdk/builder/occ_retry.go:138.25,141.17 2 1
github.com/clearcompass-ai/ortholog-sdk/builder/occ_retry.go:141.17,143.4 1 0
github.com/clearcompass-ai/ortholog-sdk/builder/occ_retry.go:144.3,144.61 1 1
github.com/clearcompass-ai/ortholog-sdk/builder/occ_retry.go:147.2,150.58 3 2
github.com/clearcompass-ai/ortholog-sdk/builder/occ_retry.go:150.58,152.17 2 4
github.com/clearcompass-ai/ortholog-sdk/builder/occ_retry.go:152.17,154.4 1 0
github.com/clearcompass-ai/ortholog-sdk/builder/occ_retry.go:155.3,158.33 2 4
github.com/clearcompass-ai/ortholog-sdk/builder/occ_retry.go:158.33,165.4 1 1
github.com/clearcompass-ai/ortholog-sdk/builder/occ_retry.go:168.3,168.73 1 3
github.com/clearcompass-ai/ortholog-sdk/builder/occ_retry.go:168.73,171.20 2 0
github.com/clearcompass-ai/ortholog-sdk/builder/occ_retry.go:171.20,178.5 1 0
github.com/clearcompass-ai/ortholog-sdk/builder/occ_retry.go:182.3,182.33 1 3
github.com/clearcompass-ai/ortholog-sdk/builder/occ_retry.go:182.33,183.9 1 1
github.com/clearcompass-ai/ortholog-sdk/builder/occ_retry.go:187.3,188.27 2 2
github.com/clearcompass-ai/ortholog-sdk/builder/occ_retry.go:188.27,190.4 1 0
github.com/clearcompass-ai/ortholog-sdk/builder/occ_retry.go:191.3,192.22 2 2
github.com/clearcompass-ai/ortholog-sdk/builder/occ_retry.go:195.2,200.8 1 1
github.com/clearcompass-ai/ortholog-sdk/builder/path_compression.go:84.23,85.77 1 208
github.com/clearcompass-ai/ortholog-sdk/builder/path_compression.go:85.77,87.3 1 0
github.com/clearcompass-ai/ortholog-sdk/builder/path_compression.go:88.2,90.53 3 208
github.com/clearcompass-ai/ortholog-sdk/builder/path_compression.go:100.23,101.83 1 20
github.com/clearcompass-ai/ortholog-sdk/builder/path_compression.go:101.83,103.3 1 0
github.com/clearcompass-ai/ortholog-sdk/builder/path_compression.go:104.2,111.8 3 20
github.com/clearcompass-ai/ortholog-sdk/builder/path_compression.go:121.23,122.40 1 1
github.com/clearcompass-ai/ortholog-sdk/builder/path_compression.go:122.40,124.3 1 0
github.com/clearcompass-ai/ortholog-sdk/builder/path_compression.go:125.2,127.16 3 1
github.com/clearcompass-ai/ortholog-sdk/builder/path_compression.go:127.16,129.3 1 0
github.com/clearcompass-ai/ortholog-sdk/builder/path_compression.go:130.2,130.20 1 1
github.com/clearcompass-ai/ortholog-sdk/builder/path_compression.go:130.20,132.3 1 0
github.com/clearcompass-ai/ortholog-sdk/builder/path_compression.go:133.2,133.56 1 1
github.com/clearcompass-ai/ortholog-sdk/builder/path_compression.go:142.23,143.40 1 0
github.com/clearcompass-ai/ortholog-sdk/builder/path_compression.go:143.40,145.3 1 0
github.com/clearcompass-ai/ortholog-sdk/builder/path_compression.go:146.2,148.16 3 0
github.com/clearcompass-ai/ortholog-sdk/builder/path_compression.go:148.16,150.3 1 0
github.com/clearcompass-ai/ortholog-sdk/builder/path_compression.go:151.2,151.20 1 0
github.com/clearcompass-ai/ortholog-sdk/builder/path_compression.go:151.20,153.3 1 0
github.com/clearcompass-ai/ortholog-sdk/builder/path_compression.go:154.2,154.59 1 0
github.com/clearcompass-ai/ortholog-sdk/builder/path_compression.go:168.9,169.28 1 227
github.com/clearcompass-ai/ortholog-sdk/builder/path_compression.go:169.28,170.53 1 228
github.com/clearcompass-ai/ortholog-sdk/builder/path_compression.go:170.53,173.4 1 0
github.com/clearcompass-ai/ortholog-sdk/builder/path_compression.go:174.3,174.39 1 228
github.com/clearcompass-ai/ortholog-sdk/builder/path_compression.go:174.39,176.4 1 20
github.com/clearcompass-ai/ortholog-sdk/builder/path_compression.go:178.2,178.12 1 227
github.com/clearcompass-ai/ortholog-sdk/builder/path_compression.go:193.84,194.57 1 228
github.com/clearcompass-ai/ortholog-sdk/builder/path_compression.go:194.57,196.3 1 0
github.com/clearcompass-ai/ortholog-sdk/builder/path_compression.go:197.2,197.40 1 228
github.com/clearcompass-ai/ortholog-sdk/builder/path_compression.go:197.40,199.3 1 0
github.com/clearcompass-ai/ortholog-sdk/builder/path_compression.go:200.2,200.44 1 228
github.com/clearcompass-ai/ortholog-sdk/builder/path_compression.go:200.44,203.3 1 0
github.com/clearcompass-ai/ortholog-sdk/builder/path_compression.go:204.2,204.12 1 228
github.com/clearcompass-ai/ortholog-sdk/core/envelope/api.go:59.38,61.2 1 0
github.com/clearcompass-ai/ortholog-sdk/core/envelope/control_header.go:188.63,189.27 1 33
github.com/clearcompass-ai/ortholog-sdk/core/envelope/control_header.go:189.27,191.3 1 0
github.com/clearcompass-ai/ortholog-sdk/core/envelope/control_header.go:192.2,193.11 2 33
github.com/clearcompass-ai/ortholog-sdk/core/envelope/control_header.go:197.48,199.2 1 8
github.com/clearcompass-ai/ortholog-sdk/core/envelope/control_header.go:203.47,204.30 1 6015
github.com/clearcompass-ai/ortholog-sdk/core/envelope/control_header.go:204.30,206.3 1 5927
github.com/clearcompass-ai/ortholog-sdk/core/envelope/control_header.go:207.2,208.34 2 88
github.com/clearcompass-ai/ortholog-sdk/core/envelope/control_header.go:208.34,210.3 1 556
github.com/clearcompass-ai/ortholog-sdk/core/envelope/control_header.go:211.2,212.13 2 88
github.com/clearcompass-ai/ortholog-sdk/core/envelope/destination.go:77.55,78.26 1 5117
github.com/clearcompass-ai/ortholog-sdk/core/envelope/destination.go:78.26,80.3 1 4
github.com/clearcompass-ai/ortholog-sdk/core/envelope/destination.go:81.2,81.48 1 5113
github.com/clearcompass-ai/ortholog-sdk/core/envelope/destination.go:81.48,84.3 1 1
github.com/clearcompass-ai/ortholog-sdk/core/envelope/destination.go:85.2,85.57 1 5112
github.com/clearcompass-ai/ortholog-sdk/core/envelope/destination.go:85.57,87.3 1 6
github.com/clearcompass-ai/ortholog-sdk/core/envelope/destination.go:88.2,88.12 1 5106
github.com/clearcompass-ai/ortholog-sdk/core/envelope/destination.go:109.69,110.60 1 9
github.com/clearcompass-ai/ortholog-sdk/core/envelope/destination.go:110.60,112.3 1 3
github.com/clearcompass-ai/ortholog-sdk/core/envelope/destination.go:113.2,121.17 9 6
github.com/clearcompass-ai/ortholog-sdk/core/envelope/destination.go:127.64,129.16 2 0
github.com/clearcompass-ai/ortholog-sdk/core/envelope/destination.go:129.16,130.69 1 0
github.com/clearcompass-ai/ortholog-sdk/core/envelope/destination.go:132.2,132.10 1 0
github.com/clearcompass-ai/ortholog-sdk/core/envelope/serialize.go:164.93,166.50 2 0
github.com/clearcompass-ai/ortholog-sdk/core/envelope/serialize.go:166.50,171.3 1 0
github.com/clearcompass-ai/ortholog-sdk/core/envelope/serialize.go:172.2,174.56 2 0
github.com/clearcompass-ai/ortholog-sdk/core/envelope/serialize.go:174.56,176.3 1 0
github.com/clearcompass-ai/ortholog-sdk/core/envelope/serialize.go:178.2,178.26 1 0
github.com/clearcompass-ai/ortholog-sdk/core/envelope/serialize.go:178.26,180.3 1 0
github.com/clearcompass-ai/ortholog-sdk/core/envelope/serialize.go:181.2,181.49 1 0
github.com/clearcompass-ai/ortholog-sdk/core/envelope/serialize.go:181.49,184.3 1 0
github.com/clearcompass-ai/ortholog-sdk/core/envelope/serialize.go:186.2,198.16 3 0
github.com/clearcompass-ai/ortholog-sdk/core/envelope/serialize.go:198.16,200.3 1 0
github.com/clearcompass-ai/ortholog-sdk/core/envelope/serialize.go:201.2,201.34 1 0
github.com/clearcompass-ai/ortholog-sdk/core/envelope/serialize.go:201.34,203.3 1 0
github.com/clearcompass-ai/ortholog-sdk/core/envelope/serialize.go:205.2,205.19 1 0
github.com/clearcompass-ai/ortholog-sdk/core/envelope/serialize.go:233.77,235.50 2 1401
github.com/clearcompass-ai/ortholog-sdk/core/envelope/serialize.go:235.50,237.3 1 0
github.com/clearcompass-ai/ortholog-sdk/core/envelope/serialize.go:238.2,240.56 2 1401
github.com/clearcompass-ai/ortholog-sdk/core/envelope/serialize.go:240.56,242.3 1 4
github.com/clearcompass-ai/ortholog-sdk/core/envelope/serialize.go:244.2,248.8 1 1397
github.com/clearcompass-ai/ortholog-sdk/core/envelope/serialize.go:255.53,256.23 1 5047
github.com/clearcompass-ai/ortholog-sdk/core/envelope/serialize.go:256.23,258.3 1 1
github.com/clearcompass-ai/ortholog-sdk/core/envelope/serialize.go:259.2,259.27 1 5046
github.com/clearcompass-ai/ortholog-sdk/core/envelope/serialize.go:259.27,261.3 1 1
github.com/clearcompass-ai/ortholog-sdk/core/envelope/serialize.go:266.2,266.59 1 5045
github.com/clearcompass-ai/ortholog-sdk/core/envelope/serialize.go:266.59,268.3 1 2
github.com/clearcompass-ai/ortholog-sdk/core/envelope/serialize.go:269.2,269.29 1 5043
github.com/clearcompass-ai/ortholog-sdk/core/envelope/serialize.go:269.29,271.3 1 0
github.com/clearcompass-ai/ortholog-sdk/core/envelope/serialize.go:272.2,272.55 1 5043
github.com/clearcompass-ai/ortholog-sdk/core/envelope/serialize.go:272.55,274.3 1 0
github.com/clearcompass-ai/ortholog-sdk/core/envelope/serialize.go:275.2,275.83 1 5043
github.com/clearcompass-ai/ortholog-sdk/core/envelope/serialize.go:275.83,277.3 1 1
github.com/clearcompass-ai/ortholog-sdk/core/envelope/serialize.go:278.2,278.12 1 5042
github.com/clearcompass-ai/ortholog-sdk/core/envelope/serialize.go:298.34,299.14 1 3647
github.com/clearcompass-ai/ortholog-sdk/core/envelope/serialize.go:299.14,301.3 1 1
github.com/clearcompass-ai/ortholog-sdk/core/envelope/serialize.go:302.2,302.58 1 3646
github.com/clearcompass-ai/ortholog-sdk/core/envelope/serialize.go:302.58,304.3 1 1
github.com/clearcompass-ai/ortholog-sdk/core/envelope/serialize.go:305.2,305.28 1 3645
github.com/clearcompass-ai/ortholog-sdk/core/envelope/serialize.go:305.28,307.3 1 0
github.com/clearcompass-ai/ortholog-sdk/core/envelope/serialize.go:308.2,308.53 1 3645
github.com/clearcompass-ai/ortholog-sdk/core/envelope/serialize.go:308.53,311.3 1 0
github.com/clearcompass-ai/ortholog-sdk/core/envelope/serialize.go:316.2,317.16 2 3645
github.com/clearcompass-ai/ortholog-sdk/core/envelope/serialize.go:317.16,319.3 1 2
github.com/clearcompass-ai/ortholog-sdk/core/envelope/serialize.go:320.2,320.34 1 3643
github.com/clearcompass-ai/ortholog-sdk/core/envelope/serialize.go:320.34,322.3 1 0
github.com/clearcompass-ai/ortholog-sdk/core/envelope/serialize.go:323.2,323.12 1 3643
github.com/clearcompass-ai/ortholog-sdk/core/envelope/serialize.go:327.29,328.30 1 16609
github.com/clearcompass-ai/ortholog-sdk/core/envelope/serialize.go:328.30,329.18 1 352625
github.com/clearcompass-ai/ortholog-sdk/core/envelope/serialize.go:329.18,331.4 1 1
github.com/clearcompass-ai/ortholog-sdk/core/envelope/serialize.go:333.2,333.13 1 16608
github.com/clearcompass-ai/ortholog-sdk/core/envelope/serialize.go:340.54,341.75 1 1
github.com/clearcompass-ai/ortholog-sdk/core/envelope/serialize.go:341.75,343.3 1 1
github.com/clearcompass-ai/ortholog-sdk/core/envelope/serialize.go:344.2,344.55 1 0
github.com/clearcompass-ai/ortholog-sdk/core/envelope/serialize.go:365.38,376.2 9 6015
github.com/clearcompass-ai/ortholog-sdk/core/envelope/serialize.go:407.33,409.16 2 2362
github.com/clearcompass-ai/ortholog-sdk/core/envelope/serialize.go:409.16,410.92 1 0
github.com/clearcompass-ai/ortholog-sdk/core/envelope/serialize.go:412.2,412.12 1 2362
github.com/clearcompass-ai/ortholog-sdk/core/envelope/serialize.go:420.50,423.2 2 6007
github.com/clearcompass-ai/ortholog-sdk/core/envelope/serialize.go:429.51,458.2 23 6015
github.com/clearcompass-ai/ortholog-sdk/core/envelope/serialize.go:482.52,483.40 1 531
github.com/clearcompass-ai/ortholog-sdk/core/envelope/serialize.go:483.40,485.3 1 0
github.com/clearcompass-ai/ortholog-sdk/core/envelope/serialize.go:486.2,486.24 1 531
github.com/clearcompass-ai/ortholog-sdk/core/envelope/serialize.go:486.24,488.3 1 7
github.com/clearcompass-ai/ortholog-sdk/core/envelope/serialize.go:490.2,493.50 3 524
github.com/clearcompass-ai/ortholog-sdk/core/envelope/serialize.go:493.50,495.3 1 10
github.com/clearcompass-ai/ortholog-sdk/core/envelope/serialize.go:497.2,497.33 1 514
github.com/clearcompass-ai/ortholog-sdk/core/envelope/serialize.go:497.33,500.3 1 1
github.com/clearcompass-ai/ortholog-sdk/core/envelope/serialize.go:502.2,506.16 4 513
github.com/clearcompass-ai/ortholog-sdk/core/envelope/serialize.go:506.16,508.3 1 0
github.com/clearcompass-ai/ortholog-sdk/core/envelope/serialize.go:509.2,512.16 3 513
github.com/clearcompass-ai/ortholog-sdk/core/envelope/serialize.go:512.16,514.3 1 0
github.com/clearcompass-ai/ortholog-sdk/core/envelope/serialize.go:518.2,519.16 2 513
github.com/clearcompass-ai/ortholog-sdk/core/envelope/serialize.go:519.16,521.3 1 0
github.com/clearcompass-ai/ortholog-sdk/core/envelope/serialize.go:526.2,526.43 1 513
github.com/clearcompass-ai/ortholog-sdk/core/envelope/serialize.go:526.43,529.3 1 0
github.com/clearcompass-ai/ortholog-sdk/core/envelope/serialize.go:531.2,535.8 1 513
github.com/clearcompass-ai/ortholog-sdk/core/envelope/serialize.go:538.65,543.61 4 513
github.com/clearcompass-ai/ortholog-sdk/core/envelope/serialize.go:543.61,545.3 1 0
github.com/clearcompass-ai/ortholog-sdk/core/envelope/serialize.go:549.2,549.63 1 513
github.com/clearcompass-ai/ortholog-sdk/core/envelope/serialize.go:549.63,551.3 1 0
github.com/clearcompass-ai/ortholog-sdk/core/envelope/serialize.go:552.2,552.64 1 513
github.com/clearcompass-ai/ortholog-sdk/core/envelope/serialize.go:552.64,554.3 1 0
github.com/clearcompass-ai/ortholog-sdk/core/envelope/serialize.go:555.2,555.72 1 513
github.com/clearcompass-ai/ortholog-sdk/core/envelope/serialize.go:555.72,557.3 1 0
github.com/clearcompass-ai/ortholog-sdk/core/envelope/serialize.go:558.2,558.69 1 513
github.com/clearcompass-ai/ortholog-sdk/core/envelope/serialize.go:558.69,560.3 1 0
github.com/clearcompass-ai/ortholog-sdk/core/envelope/serialize.go:561.2,561.68 1 513
github.com/clearcompass-ai/ortholog-sdk/core/envelope/serialize.go:561.68,563.3 1 0
github.com/clearcompass-ai/ortholog-sdk/core/envelope/serialize.go:564.2,564.55 1 513
github.com/clearcompass-ai/ortholog-sdk/core/envelope/serialize.go:564.55,566.3 1 0
github.com/clearcompass-ai/ortholog-sdk/core/envelope/serialize.go:567.2,567.60 1 513
github.com/clearcompass-ai/ortholog-sdk/core/envelope/serialize.go:567.60,569.3 1 0
github.com/clearcompass-ai/ortholog-sdk/core/envelope/serialize.go:570.2,570.66 1 513
github.com/clearcompass-ai/ortholog-sdk/core/envelope/serialize.go:570.66,572.3 1 0
github.com/clearcompass-ai/ortholog-sdk/core/envelope/serialize.go:573.2,574.16 2 513
github.com/clearcompass-ai/ortholog-sdk/core/envelope/serialize.go:574.16,576.3 1 0
github.com/clearcompass-ai/ortholog-sdk/core/envelope/serialize.go:577.2,577.19 1 513
github.com/clearcompass-ai/ortholog-sdk/core/envelope/serialize.go:577.19,579.26 2 51
github.com/clearcompass-ai/ortholog-sdk/core/envelope/serialize.go:579.26,581.4 1 94
github.com/clearcompass-ai/ortholog-sdk/core/envelope/serialize.go:583.2,583.61 1 513
github.com/clearcompass-ai/ortholog-sdk/core/envelope/serialize.go:583.61,585.3 1 0
github.com/clearcompass-ai/ortholog-sdk/core/envelope/serialize.go:586.2,586.68 1 513
github.com/clearcompass-ai/ortholog-sdk/core/envelope/serialize.go:586.68,588.3 1 0
github.com/clearcompass-ai/ortholog-sdk/core/envelope/serialize.go:589.2,589.66 1 513
github.com/clearcompass-ai/ortholog-sdk/core/envelope/serialize.go:589.66,591.3 1 0
github.com/clearcompass-ai/ortholog-sdk/core/envelope/serialize.go:592.2,592.66 1 513
github.com/clearcompass-ai/ortholog-sdk/core/envelope/serialize.go:592.66,594.3 1 0
github.com/clearcompass-ai/ortholog-sdk/core/envelope/serialize.go:595.2,595.63 1 513
github.com/clearcompass-ai/ortholog-sdk/core/envelope/serialize.go:595.63,597.3 1 0
github.com/clearcompass-ai/ortholog-sdk/core/envelope/serialize.go:598.2,598.70 1 513
github.com/clearcompass-ai/ortholog-sdk/core/envelope/serialize.go:598.70,600.3 1 0
github.com/clearcompass-ai/ortholog-sdk/core/envelope/serialize.go:601.2,601.66 1 513
github.com/clearcompass-ai/ortholog-sdk/core/envelope/serialize.go:601.66,603.3 1 0
github.com/clearcompass-ai/ortholog-sdk/core/envelope/serialize.go:604.2,604.68 1 513
github.com/clearcompass-ai/ortholog-sdk/core/envelope/serialize.go:604.68,606.3 1 0
github.com/clearcompass-ai/ortholog-sdk/core/envelope/serialize.go:607.2,607.67 1 513
github.com/clearcompass-ai/ortholog-sdk/core/envelope/serialize.go:607.67,609.3 1 0
github.com/clearcompass-ai/ortholog-sdk/core/envelope/serialize.go:610.2,611.68 2 513
github.com/clearcompass-ai/ortholog-sdk/core/envelope/serialize.go:611.68,613.3 1 0
github.com/clearcompass-ai/ortholog-sdk/core/envelope/serialize.go:614.2,615.63 2 513
github.com/clearcompass-ai/ortholog-sdk/core/envelope/serialize.go:615.63,617.3 1 0
github.com/clearcompass-ai/ortholog-sdk/core/envelope/serialize.go:618.2,618.67 1 513
github.com/clearcompass-ai/ortholog-sdk/core/envelope/serialize.go:618.67,620.3 1 0
github.com/clearcompass-ai/ortholog-sdk/core/envelope/serialize.go:628.2,628.15 1 513
github.com/clearcompass-ai/ortholog-sdk/core/envelope/serialize.go:635.86,636.21 1 513
github.com/clearcompass-ai/ortholog-sdk/core/envelope/serialize.go:636.21,638.3 1 0
github.com/clearcompass-ai/ortholog-sdk/core/envelope/serialize.go:639.2,640.37 2 513
github.com/clearcompass-ai/ortholog-sdk/core/envelope/serialize.go:640.37,643.3 1 0
github.com/clearcompass-ai/ortholog-sdk/core/envelope/serialize.go:644.2,645.21 2 513
github.com/clearcompass-ai/ortholog-sdk/core/envelope/serialize.go:645.21,647.3 1 234
github.com/clearcompass-ai/ortholog-sdk/core/envelope/serialize.go:648.2,650.38 3 279
github.com/clearcompass-ai/ortholog-sdk/core/envelope/serialize.go:657.57,658.30 1 13951
github.com/clearcompass-ai/ortholog-sdk/core/envelope/serialize.go:658.30,666.3 1 0
github.com/clearcompass-ai/ortholog-sdk/core/envelope/serialize.go:667.2,669.10 3 13951
github.com/clearcompass-ai/ortholog-sdk/core/envelope/serialize.go:672.49,673.30 1 6015
github.com/clearcompass-ai/ortholog-sdk/core/envelope/serialize.go:673.30,675.3 1 0
github.com/clearcompass-ai/ortholog-sdk/core/envelope/serialize.go:676.2,678.10 3 6015
github.com/clearcompass-ai/ortholog-sdk/core/envelope/serialize.go:681.55,682.14 1 12030
github.com/clearcompass-ai/ortholog-sdk/core/envelope/serialize.go:682.14,684.3 1 11920
github.com/clearcompass-ai/ortholog-sdk/core/envelope/serialize.go:685.2,686.39 2 110
github.com/clearcompass-ai/ortholog-sdk/core/envelope/serialize.go:689.71,690.14 1 42105
github.com/clearcompass-ai/ortholog-sdk/core/envelope/serialize.go:690.14,692.3 1 40992
github.com/clearcompass-ai/ortholog-sdk/core/envelope/serialize.go:693.2,694.33 2 1113
github.com/clearcompass-ai/ortholog-sdk/core/envelope/serialize.go:697.62,700.2 2 1255
github.com/clearcompass-ai/ortholog-sdk/core/envelope/serialize.go:702.69,704.25 2 18045
github.com/clearcompass-ai/ortholog-sdk/core/envelope/serialize.go:704.25,706.3 1 0
github.com/clearcompass-ai/ortholog-sdk/core/envelope/serialize.go:707.2,708.25 2 18045
github.com/clearcompass-ai/ortholog-sdk/core/envelope/serialize.go:708.25,710.3 1 142
github.com/clearcompass-ai/ortholog-sdk/core/envelope/serialize.go:711.2,711.10 1 18045
github.com/clearcompass-ai/ortholog-sdk/core/envelope/serialize.go:714.70,715.15 1 6015
github.com/clearcompass-ai/ortholog-sdk/core/envelope/serialize.go:715.15,717.3 1 4204
github.com/clearcompass-ai/ortholog-sdk/core/envelope/serialize.go:718.2,718.32 1 1811
github.com/clearcompass-ai/ortholog-sdk/core/envelope/serialize.go:721.63,722.14 1 6015
github.com/clearcompass-ai/ortholog-sdk/core/envelope/serialize.go:722.14,724.3 1 6015
github.com/clearcompass-ai/ortholog-sdk/core/envelope/serialize.go:725.2,725.31 1 0
github.com/clearcompass-ai/ortholog-sdk/core/envelope/serialize.go:728.51,730.25 2 6015
github.com/clearcompass-ai/ortholog-sdk/core/envelope/serialize.go:730.25,732.3 1 0
github.com/clearcompass-ai/ortholog-sdk/core/envelope/serialize.go:733.2,734.25 2 6015
github.com/clearcompass-ai/ortholog-sdk/core/envelope/serialize.go:734.25,736.3 1 556
github.com/clearcompass-ai/ortholog-sdk/core/envelope/serialize.go:737.2,737.10 1 6015
github.com/clearcompass-ai/ortholog-sdk/core/envelope/serialize.go:740.53,742.25 2 6015
github.com/clearcompass-ai/ortholog-sdk/core/envelope/serialize.go:742.25,744.3 1 0
github.com/clearcompass-ai/ortholog-sdk/core/envelope/serialize.go:745.2,746.25 2 6015
github.com/clearcompass-ai/ortholog-sdk/core/envelope/serialize.go:746.25,748.3 1 6
github.com/clearcompass-ai/ortholog-sdk/core/envelope/serialize.go:749.2,749.10 1 6015
github.com/clearcompass-ai/ortholog-sdk/core/envelope/serialize.go:756.67,757.14 1 6015
github.com/clearcompass-ai/ortholog-sdk/core/envelope/serialize.go:757.14,760.3 2 6015
github.com/clearcompass-ai/ortholog-sdk/core/envelope/serialize.go:761.2,767.30 5 0
github.com/clearcompass-ai/ortholog-sdk/core/envelope/serialize.go:767.30,770.3 2 0
github.com/clearcompass-ai/ortholog-sdk/core/envelope/serialize.go:770.8,773.3 2 0
github.com/clearcompass-ai/ortholog-sdk/core/envelope/serialize.go:774.2,777.39 3 0
github.com/clearcompass-ai/ortholog-sdk/core/envelope/serialize.go:777.39,779.3 1 0
github.com/clearcompass-ai/ortholog-sdk/core/envelope/serialize.go:780.2,781.27 2 0
github.com/clearcompass-ai/ortholog-sdk/core/envelope/serialize.go:784.71,786.16 2 513
github.com/clearcompass-ai/ortholog-sdk/core/envelope/serialize.go:786.16,788.3 1 0
github.com/clearcompass-ai/ortholog-sdk/core/envelope/serialize.go:789.2,789.36 1 513
github.com/clearcompass-ai/ortholog-sdk/core/envelope/serialize.go:789.36,791.3 1 0
github.com/clearcompass-ai/ortholog-sdk/core/envelope/serialize.go:793.2,794.67 2 513
github.com/clearcompass-ai/ortholog-sdk/core/envelope/serialize.go:794.67,796.3 1 0
github.com/clearcompass-ai/ortholog-sdk/core/envelope/serialize.go:797.2,797.19 1 513
github.com/clearcompass-ai/ortholog-sdk/core/envelope/serialize.go:797.19,798.19 1 513
github.com/clearcompass-ai/ortholog-sdk/core/envelope/serialize.go:798.19,800.4 1 0
github.com/clearcompass-ai/ortholog-sdk/core/envelope/serialize.go:801.3,801.18 1 513
github.com/clearcompass-ai/ortholog-sdk/core/envelope/serialize.go:803.2,803.37 1 0
github.com/clearcompass-ai/ortholog-sdk/core/envelope/serialize.go:803.37,805.3 1 0
github.com/clearcompass-ai/ortholog-sdk/core/envelope/serialize.go:806.2,806.28 1 0
github.com/clearcompass-ai/ortholog-sdk/core/envelope/serialize.go:806.28,809.3 1 0
github.com/clearcompass-ai/ortholog-sdk/core/envelope/serialize.go:812.2,813.53 2 0
github.com/clearcompass-ai/ortholog-sdk/core/envelope/serialize.go:813.53,815.3 1 0
github.com/clearcompass-ai/ortholog-sdk/core/envelope/serialize.go:816.2,819.46 3 0
github.com/clearcompass-ai/ortholog-sdk/core/envelope/serialize.go:819.46,821.3 1 0
github.com/clearcompass-ai/ortholog-sdk/core/envelope/serialize.go:822.2,822.52 1 0
github.com/clearcompass-ai/ortholog-sdk/core/envelope/serialize.go:822.52,824.3 1 0
github.com/clearcompass-ai/ortholog-sdk/core/envelope/serialize.go:825.2,825.50 1 0
github.com/clearcompass-ai/ortholog-sdk/core/envelope/serialize.go:825.50,827.3 1 0
github.com/clearcompass-ai/ortholog-sdk/core/envelope/serialize.go:828.2,828.69 1 0
github.com/clearcompass-ai/ortholog-sdk/core/envelope/serialize.go:828.69,830.3 1 0
github.com/clearcompass-ai/ortholog-sdk/core/envelope/serialize.go:831.2,832.16 2 0
github.com/clearcompass-ai/ortholog-sdk/core/envelope/serialize.go:832.16,834.3 1 0
github.com/clearcompass-ai/ortholog-sdk/core/envelope/serialize.go:835.2,836.57 2 0
github.com/clearcompass-ai/ortholog-sdk/core/envelope/serialize.go:836.57,838.3 1 0
github.com/clearcompass-ai/ortholog-sdk/core/envelope/serialize.go:839.2,839.24 1 0
github.com/clearcompass-ai/ortholog-sdk/core/envelope/serialize.go:840.9,841.33 1 0
github.com/clearcompass-ai/ortholog-sdk/core/envelope/serialize.go:841.33,842.14 1 0
github.com/clearcompass-ai/ortholog-sdk/core/envelope/serialize.go:842.14,844.5 1 0
github.com/clearcompass-ai/ortholog-sdk/core/envelope/serialize.go:846.9,849.25 3 0
github.com/clearcompass-ai/ortholog-sdk/core/envelope/serialize.go:850.10,851.37 1 0
github.com/clearcompass-ai/ortholog-sdk/core/envelope/serialize.go:853.2,853.69 1 0
github.com/clearcompass-ai/ortholog-sdk/core/envelope/serialize.go:853.69,855.3 1 0
github.com/clearcompass-ai/ortholog-sdk/core/envelope/serialize.go:856.2,856.55 1 0
github.com/clearcompass-ai/ortholog-sdk/core/envelope/serialize.go:856.55,858.3 1 0
github.com/clearcompass-ai/ortholog-sdk/core/envelope/serialize.go:859.2,859.15 1 0
github.com/clearcompass-ai/ortholog-sdk/core/envelope/serialize.go:866.61,868.61 2 1402
github.com/clearcompass-ai/ortholog-sdk/core/envelope/serialize.go:868.61,870.3 1 0
github.com/clearcompass-ai/ortholog-sdk/core/envelope/serialize.go:871.2,871.12 1 1402
github.com/clearcompass-ai/ortholog-sdk/core/envelope/serialize.go:871.12,873.3 1 0
github.com/clearcompass-ai/ortholog-sdk/core/envelope/serialize.go:874.2,875.47 2 1402
github.com/clearcompass-ai/ortholog-sdk/core/envelope/serialize.go:875.47,877.3 1 0
github.com/clearcompass-ai/ortholog-sdk/core/envelope/serialize.go:878.2,878.25 1 1402
github.com/clearcompass-ai/ortholog-sdk/core/envelope/serialize.go:881.60,883.61 2 513
github.com/clearcompass-ai/ortholog-sdk/core/envelope/serialize.go:883.61,885.3 1 0
github.com/clearcompass-ai/ortholog-sdk/core/envelope/serialize.go:886.2,886.12 1 513
github.com/clearcompass-ai/ortholog-sdk/core/envelope/serialize.go:886.12,888.3 1 512
github.com/clearcompass-ai/ortholog-sdk/core/envelope/serialize.go:889.2,890.47 2 1
github.com/clearcompass-ai/ortholog-sdk/core/envelope/serialize.go:890.47,892.3 1 0
github.com/clearcompass-ai/ortholog-sdk/core/envelope/serialize.go:893.2,893.17 1 1
github.com/clearcompass-ai/ortholog-sdk/core/envelope/serialize.go:896.59,898.16 2 1026
github.com/clearcompass-ai/ortholog-sdk/core/envelope/serialize.go:898.16,900.3 1 0
github.com/clearcompass-ai/ortholog-sdk/core/envelope/serialize.go:901.2,901.18 1 1026
github.com/clearcompass-ai/ortholog-sdk/core/envelope/serialize.go:902.9,903.18 1 992
github.com/clearcompass-ai/ortholog-sdk/core/envelope/serialize.go:904.9,906.17 2 34
github.com/clearcompass-ai/ortholog-sdk/core/envelope/serialize.go:906.17,908.4 1 0
github.com/clearcompass-ai/ortholog-sdk/core/envelope/serialize.go:909.3,909.17 1 34
github.com/clearcompass-ai/ortholog-sdk/core/envelope/serialize.go:910.10,911.37 1 0
github.com/clearcompass-ai/ortholog-sdk/core/envelope/serialize.go:915.75,917.16 2 3591
github.com/clearcompass-ai/ortholog-sdk/core/envelope/serialize.go:917.16,919.3 1 0
github.com/clearcompass-ai/ortholog-sdk/core/envelope/serialize.go:920.2,920.18 1 3591
github.com/clearcompass-ai/ortholog-sdk/core/envelope/serialize.go:921.9,922.18 1 3386
github.com/clearcompass-ai/ortholog-sdk/core/envelope/serialize.go:923.9,925.17 2 205
github.com/clearcompass-ai/ortholog-sdk/core/envelope/serialize.go:925.17,927.4 1 0
github.com/clearcompass-ai/ortholog-sdk/core/envelope/serialize.go:928.3,928.17 1 205
github.com/clearcompass-ai/ortholog-sdk/core/envelope/serialize.go:929.10,930.37 1 0
github.com/clearcompass-ai/ortholog-sdk/core/envelope/serialize.go:934.66,936.16 2 248
github.com/clearcompass-ai/ortholog-sdk/core/envelope/serialize.go:936.16,938.3 1 0
github.com/clearcompass-ai/ortholog-sdk/core/envelope/serialize.go:939.2,940.63 2 248
github.com/clearcompass-ai/ortholog-sdk/core/envelope/serialize.go:940.63,942.3 1 0
github.com/clearcompass-ai/ortholog-sdk/core/envelope/serialize.go:943.2,943.59 1 248
github.com/clearcompass-ai/ortholog-sdk/core/envelope/serialize.go:946.72,948.61 2 1539
github.com/clearcompass-ai/ortholog-sdk/core/envelope/serialize.go:948.61,950.3 1 0
github.com/clearcompass-ai/ortholog-sdk/core/envelope/serialize.go:951.2,951.12 1 1539
github.com/clearcompass-ai/ortholog-sdk/core/envelope/serialize.go:951.12,953.3 1 1527
github.com/clearcompass-ai/ortholog-sdk/core/envelope/serialize.go:954.2,955.21 2 12
github.com/clearcompass-ai/ortholog-sdk/core/envelope/serialize.go:955.21,957.17 2 43
github.com/clearcompass-ai/ortholog-sdk/core/envelope/serialize.go:957.17,959.4 1 0
github.com/clearcompass-ai/ortholog-sdk/core/envelope/serialize.go:960.3,960.13 1 43
github.com/clearcompass-ai/ortholog-sdk/core/envelope/serialize.go:962.2,962.17 1 12
github.com/clearcompass-ai/ortholog-sdk/core/envelope/serialize.go:965.73,967.16 2 513
github.com/clearcompass-ai/ortholog-sdk/core/envelope/serialize.go:967.16,969.3 1 0
github.com/clearcompass-ai/ortholog-sdk/core/envelope/serialize.go:970.2,970.18 1 513
github.com/clearcompass-ai/ortholog-sdk/core/envelope/serialize.go:971.9,972.18 1 51
github.com/clearcompass-ai/ortholog-sdk/core/envelope/serialize.go:973.9,975.17 2 462
github.com/clearcompass-ai/ortholog-sdk/core/envelope/serialize.go:975.17,977.4 1 0
github.com/clearcompass-ai/ortholog-sdk/core/envelope/serialize.go:978.3,979.18 2 462
github.com/clearcompass-ai/ortholog-sdk/core/envelope/serialize.go:980.10,981.37 1 0
github.com/clearcompass-ai/ortholog-sdk/core/envelope/serialize.go:985.67,987.16 2 513
github.com/clearcompass-ai/ortholog-sdk/core/envelope/serialize.go:987.16,989.3 1 0
github.com/clearcompass-ai/ortholog-sdk/core/envelope/serialize.go:990.2,990.18 1 513
github.com/clearcompass-ai/ortholog-sdk/core/envelope/serialize.go:991.9,992.18 1 513
github.com/clearcompass-ai/ortholog-sdk/core/envelope/serialize.go:993.9,995.17 2 0
github.com/clearcompass-ai/ortholog-sdk/core/envelope/serialize.go:995.17,997.4 1 0
github.com/clearcompass-ai/ortholog-sdk/core/envelope/serialize.go:998.3,999.17 2 0
github.com/clearcompass-ai/ortholog-sdk/core/envelope/serialize.go:1000.10,1001.37 1 0
github.com/clearcompass-ai/ortholog-sdk/core/envelope/serialize.go:1005.52,1007.61 2 513
github.com/clearcompass-ai/ortholog-sdk/core/envelope/serialize.go:1007.61,1009.3 1 0
github.com/clearcompass-ai/ortholog-sdk/core/envelope/serialize.go:1010.2,1010.12 1 513
github.com/clearcompass-ai/ortholog-sdk/core/envelope/serialize.go:1010.12,1012.3 1 462
github.com/clearcompass-ai/ortholog-sdk/core/envelope/serialize.go:1013.2,1014.21 2 51
github.com/clearcompass-ai/ortholog-sdk/core/envelope/serialize.go:1014.21,1016.17 2 94
github.com/clearcompass-ai/ortholog-sdk/core/envelope/serialize.go:1016.17,1018.4 1 0
github.com/clearcompass-ai/ortholog-sdk/core/envelope/serialize.go:1019.3,1019.13 1 94
github.com/clearcompass-ai/ortholog-sdk/core/envelope/serialize.go:1021.2,1021.17 1 51
github.com/clearcompass-ai/ortholog-sdk/core/envelope/serialize.go:1024.56,1026.61 2 513
github.com/clearcompass-ai/ortholog-sdk/core/envelope/serialize.go:1026.61,1028.3 1 0
github.com/clearcompass-ai/ortholog-sdk/core/envelope/serialize.go:1029.2,1029.12 1 513
github.com/clearcompass-ai/ortholog-sdk/core/envelope/serialize.go:1029.12,1031.3 1 513
github.com/clearcompass-ai/ortholog-sdk/core/envelope/serialize.go:1032.2,1033.21 2 0
github.com/clearcompass-ai/ortholog-sdk/core/envelope/serialize.go:1033.21,1034.67 1 0
github.com/clearcompass-ai/ortholog-sdk/core/envelope/serialize.go:1034.67,1036.4 1 0
github.com/clearcompass-ai/ortholog-sdk/core/envelope/serialize.go:1038.2,1038.17 1 0
github.com/clearcompass-ai/ortholog-sdk/core/envelope/serialize.go:1041.47,1043.2 1 0
github.com/clearcompass-ai/ortholog-sdk/core/envelope/signature_algo.go:115.47,116.16 1 72065
github.com/clearcompass-ai/ortholog-sdk/core/envelope/signature_algo.go:117.78,118.13 1 6528
github.com/clearcompass-ai/ortholog-sdk/core/envelope/signature_algo.go:119.10,120.65 1 65537
github.com/clearcompass-ai/ortholog-sdk/core/envelope/signatures_section.go:191.52,192.23 1 6007
github.com/clearcompass-ai/ortholog-sdk/core/envelope/signatures_section.go:192.23,194.3 1 0
github.com/clearcompass-ai/ortholog-sdk/core/envelope/signatures_section.go:195.2,195.40 1 6007
github.com/clearcompass-ai/ortholog-sdk/core/envelope/signatures_section.go:195.40,197.3 1 0
github.com/clearcompass-ai/ortholog-sdk/core/envelope/signatures_section.go:198.2,198.27 1 6007
github.com/clearcompass-ai/ortholog-sdk/core/envelope/signatures_section.go:198.27,200.3 1 0
github.com/clearcompass-ai/ortholog-sdk/core/envelope/signatures_section.go:201.2,201.54 1 6007
github.com/clearcompass-ai/ortholog-sdk/core/envelope/signatures_section.go:201.54,203.3 1 2
github.com/clearcompass-ai/ortholog-sdk/core/envelope/signatures_section.go:204.2,204.38 1 6005
github.com/clearcompass-ai/ortholog-sdk/core/envelope/signatures_section.go:204.38,206.3 1 0
github.com/clearcompass-ai/ortholog-sdk/core/envelope/signatures_section.go:207.2,207.12 1 6005
github.com/clearcompass-ai/ortholog-sdk/core/envelope/signatures_section.go:228.76,229.20 1 6007
github.com/clearcompass-ai/ortholog-sdk/core/envelope/signatures_section.go:229.20,231.3 1 0
github.com/clearcompass-ai/ortholog-sdk/core/envelope/signatures_section.go:232.2,232.39 1 6007
github.com/clearcompass-ai/ortholog-sdk/core/envelope/signatures_section.go:232.39,234.3 1 0
github.com/clearcompass-ai/ortholog-sdk/core/envelope/signatures_section.go:238.2,238.25 1 6007
github.com/clearcompass-ai/ortholog-sdk/core/envelope/signatures_section.go:238.25,239.55 1 6007
github.com/clearcompass-ai/ortholog-sdk/core/envelope/signatures_section.go:239.55,241.4 1 2
github.com/clearcompass-ai/ortholog-sdk/core/envelope/signatures_section.go:245.2,246.25 2 6005
github.com/clearcompass-ai/ortholog-sdk/core/envelope/signatures_section.go:246.25,248.3 1 6005
github.com/clearcompass-ai/ortholog-sdk/core/envelope/signatures_section.go:249.2,253.25 4 6005
github.com/clearcompass-ai/ortholog-sdk/core/envelope/signatures_section.go:253.25,259.3 5 6005
github.com/clearcompass-ai/ortholog-sdk/core/envelope/signatures_section.go:260.2,260.17 1 6005
github.com/clearcompass-ai/ortholog-sdk/core/envelope/signatures_section.go:276.64,280.65 3 513
github.com/clearcompass-ai/ortholog-sdk/core/envelope/signatures_section.go:280.65,282.3 1 0
github.com/clearcompass-ai/ortholog-sdk/core/envelope/signatures_section.go:283.2,283.16 1 513
github.com/clearcompass-ai/ortholog-sdk/core/envelope/signatures_section.go:283.16,285.3 1 0
github.com/clearcompass-ai/ortholog-sdk/core/envelope/signatures_section.go:286.2,286.40 1 513
github.com/clearcompass-ai/ortholog-sdk/core/envelope/signatures_section.go:286.40,288.3 1 0
github.com/clearcompass-ai/ortholog-sdk/core/envelope/signatures_section.go:290.2,291.22 2 513
github.com/clearcompass-ai/ortholog-sdk/core/envelope/signatures_section.go:291.22,293.17 2 513
github.com/clearcompass-ai/ortholog-sdk/core/envelope/signatures_section.go:293.17,295.4 1 0
github.com/clearcompass-ai/ortholog-sdk/core/envelope/signatures_section.go:296.3,296.14 1 513
github.com/clearcompass-ai/ortholog-sdk/core/envelope/signatures_section.go:299.2,299.18 1 513
github.com/clearcompass-ai/ortholog-sdk/core/envelope/signatures_section.go:299.18,301.3 1 0
github.com/clearcompass-ai/ortholog-sdk/core/envelope/signatures_section.go:303.2,303.18 1 513
github.com/clearcompass-ai/ortholog-sdk/core/envelope/signatures_section.go:309.56,311.66 2 513
github.com/clearcompass-ai/ortholog-sdk/core/envelope/signatures_section.go:311.66,313.3 1 0
github.com/clearcompass-ai/ortholog-sdk/core/envelope/signatures_section.go:314.2,314.17 1 513
github.com/clearcompass-ai/ortholog-sdk/core/envelope/signatures_section.go:314.17,316.3 1 0
github.com/clearcompass-ai/ortholog-sdk/core/envelope/signatures_section.go:317.2,317.35 1 513
github.com/clearcompass-ai/ortholog-sdk/core/envelope/signatures_section.go:317.35,319.3 1 0
github.com/clearcompass-ai/ortholog-sdk/core/envelope/signatures_section.go:321.2,322.52 2 513
github.com/clearcompass-ai/ortholog-sdk/core/envelope/signatures_section.go:322.52,324.3 1 0
github.com/clearcompass-ai/ortholog-sdk/core/envelope/signatures_section.go:325.2,326.19 2 513
github.com/clearcompass-ai/ortholog-sdk/core/envelope/signatures_section.go:326.19,328.3 1 0
github.com/clearcompass-ai/ortholog-sdk/core/envelope/signatures_section.go:330.2,331.66 2 513
github.com/clearcompass-ai/ortholog-sdk/core/envelope/signatures_section.go:331.66,333.3 1 0
github.com/clearcompass-ai/ortholog-sdk/core/envelope/signatures_section.go:334.2,334.52 1 513
github.com/clearcompass-ai/ortholog-sdk/core/envelope/signatures_section.go:334.52,336.3 1 0
github.com/clearcompass-ai/ortholog-sdk/core/envelope/signatures_section.go:338.2,339.66 2 513
github.com/clearcompass-ai/ortholog-sdk/core/envelope/signatures_section.go:339.66,341.3 1 0
github.com/clearcompass-ai/ortholog-sdk/core/envelope/signatures_section.go:342.2,342.32 1 513
github.com/clearcompass-ai/ortholog-sdk/core/envelope/signatures_section.go:342.32,344.3 1 0
github.com/clearcompass-ai/ortholog-sdk/core/envelope/signatures_section.go:346.2,347.16 2 513
github.com/clearcompass-ai/ortholog-sdk/core/envelope/signatures_section.go:347.16,348.53 1 513
github.com/clearcompass-ai/ortholog-sdk/core/envelope/signatures_section.go:348.53,350.4 1 0
github.com/clearcompass-ai/ortholog-sdk/core/envelope/signatures_section.go:353.2,357.8 1 513
github.com/clearcompass-ai/ortholog-sdk/core/envelope/tessera_compat.go:99.43,101.2 1 16
github.com/clearcompass-ai/ortholog-sdk/core/envelope/tessera_compat.go:122.43,131.2 7 4
github.com/clearcompass-ai/ortholog-sdk/core/envelope/tessera_compat.go:157.46,159.36 2 6
github.com/clearcompass-ai/ortholog-sdk/core/envelope/tessera_compat.go:159.36,163.87 1 0
github.com/clearcompass-ai/ortholog-sdk/core/envelope/tessera_compat.go:165.2,168.12 4 6
github.com/clearcompass-ai/ortholog-sdk/core/envelope/tessera_compat.go:183.45,189.28 3 3
github.com/clearcompass-ai/ortholog-sdk/core/envelope/tessera_compat.go:189.28,191.46 2 3
github.com/clearcompass-ai/ortholog-sdk/core/envelope/tessera_compat.go:191.46,192.88 1 0
github.com/clearcompass-ai/ortholog-sdk/core/envelope/tessera_compat.go:194.3,194.34 1 3
github.com/clearcompass-ai/ortholog-sdk/core/envelope/tessera_compat.go:196.2,197.34 2 3
github.com/clearcompass-ai/ortholog-sdk/core/envelope/tessera_compat.go:197.34,200.3 2 3
github.com/clearcompass-ai/ortholog-sdk/core/envelope/tessera_compat.go:201.2,201.12 1 3
github.com/clearcompass-ai/ortholog-sdk/core/envelope/version_policy.go:75.39,76.11 1 4
github.com/clearcompass-ai/ortholog-sdk/core/envelope/version_policy.go:77.21,78.18 1 1
github.com/clearcompass-ai/ortholog-sdk/core/envelope/version_policy.go:79.25,80.22 1 1
github.com/clearcompass-ai/ortholog-sdk/core/envelope/version_policy.go:81.21,82.18 1 1
github.com/clearcompass-ai/ortholog-sdk/core/envelope/version_policy.go:83.22,84.19 1 1
github.com/clearcompass-ai/ortholog-sdk/core/envelope/version_policy.go:85.10,86.39 1 0
github.com/clearcompass-ai/ortholog-sdk/core/envelope/version_policy.go:115.53,118.2 2 2
github.com/clearcompass-ai/ortholog-sdk/core/envelope/version_policy.go:123.31,125.31 2 1
github.com/clearcompass-ai/ortholog-sdk/core/envelope/version_policy.go:125.31,127.3 1 1
github.com/clearcompass-ai/ortholog-sdk/core/envelope/version_policy.go:128.2,128.12 1 1
github.com/clearcompass-ai/ortholog-sdk/core/envelope/version_policy.go:136.29,139.38 3 1
github.com/clearcompass-ai/ortholog-sdk/core/envelope/version_policy.go:139.38,140.29 1 1
github.com/clearcompass-ai/ortholog-sdk/core/envelope/version_policy.go:140.29,143.4 2 1
github.com/clearcompass-ai/ortholog-sdk/core/envelope/version_policy.go:145.2,145.16 1 1
github.com/clearcompass-ai/ortholog-sdk/core/envelope/version_policy.go:145.16,146.105 1 0
github.com/clearcompass-ai/ortholog-sdk/core/envelope/version_policy.go:148.2,148.15 1 1
github.com/clearcompass-ai/ortholog-sdk/core/envelope/version_policy.go:158.45,160.12 2 526
github.com/clearcompass-ai/ortholog-sdk/core/envelope/version_policy.go:160.12,162.3 1 11
github.com/clearcompass-ai/ortholog-sdk/core/envelope/version_policy.go:163.2,163.29 1 515
github.com/clearcompass-ai/ortholog-sdk/core/envelope/version_policy.go:163.29,165.3 1 0
github.com/clearcompass-ai/ortholog-sdk/core/envelope/version_policy.go:166.2,166.12 1 515
github.com/clearcompass-ai/ortholog-sdk/core/envelope/version_policy.go:173.46,175.12 2 1403
github.com/clearcompass-ai/ortholog-sdk/core/envelope/version_policy.go:175.12,177.3 1 1
github.com/clearcompass-ai/ortholog-sdk/core/envelope/version_policy.go:178.2,178.15 1 1402
github.com/clearcompass-ai/ortholog-sdk/core/envelope/version_policy.go:179.21,180.13 1 1402
github.com/clearcompass-ai/ortholog-sdk/core/envelope/version_policy.go:181.25,182.78 1 0
github.com/clearcompass-ai/ortholog-sdk/core/envelope/version_policy.go:183.21,184.74 1 0
github.com/clearcompass-ai/ortholog-sdk/core/envelope/version_policy.go:185.22,186.75 1 0
github.com/clearcompass-ai/ortholog-sdk/core/envelope/version_policy.go:187.10,189.38 1 0
github.com/clearcompass-ai/ortholog-sdk/core/smt/batch_multiproofs.go:8.79,9.20 1 3
github.com/clearcompass-ai/ortholog-sdk/core/smt/batch_multiproofs.go:9.20,9.39 1 0
github.com/clearcompass-ai/ortholog-sdk/core/smt/batch_multiproofs.go:10.2,11.27 2 3
github.com/clearcompass-ai/ortholog-sdk/core/smt/batch_multiproofs.go:11.27,13.17 2 30
github.com/clearcompass-ai/ortholog-sdk/core/smt/batch_multiproofs.go:13.17,13.36 1 0
github.com/clearcompass-ai/ortholog-sdk/core/smt/batch_multiproofs.go:14.3,15.18 2 30
github.com/clearcompass-ai/ortholog-sdk/core/smt/batch_multiproofs.go:15.18,15.51 1 30
github.com/clearcompass-ai/ortholog-sdk/core/smt/batch_multiproofs.go:16.3,16.35 1 30
github.com/clearcompass-ai/ortholog-sdk/core/smt/batch_multiproofs.go:18.2,19.27 2 3
github.com/clearcompass-ai/ortholog-sdk/core/smt/batch_multiproofs.go:19.27,21.17 2 30
github.com/clearcompass-ai/ortholog-sdk/core/smt/batch_multiproofs.go:21.17,21.36 1 0
github.com/clearcompass-ai/ortholog-sdk/core/smt/batch_multiproofs.go:22.3,22.37 1 30
github.com/clearcompass-ai/ortholog-sdk/core/smt/batch_multiproofs.go:22.37,25.33 4 120
github.com/clearcompass-ai/ortholog-sdk/core/smt/batch_multiproofs.go:25.33,25.52 1 66
github.com/clearcompass-ai/ortholog-sdk/core/smt/batch_multiproofs.go:25.57,25.77 1 54
github.com/clearcompass-ai/ortholog-sdk/core/smt/batch_multiproofs.go:26.4,26.26 1 120
github.com/clearcompass-ai/ortholog-sdk/core/smt/batch_multiproofs.go:29.2,30.36 2 3
github.com/clearcompass-ai/ortholog-sdk/core/smt/batch_multiproofs.go:30.36,32.3 1 120
github.com/clearcompass-ai/ortholog-sdk/core/smt/batch_multiproofs.go:33.2,33.40 1 3
github.com/clearcompass-ai/ortholog-sdk/core/smt/batch_multiproofs.go:33.40,34.39 1 559
github.com/clearcompass-ai/ortholog-sdk/core/smt/batch_multiproofs.go:34.39,34.81 1 313
github.com/clearcompass-ai/ortholog-sdk/core/smt/batch_multiproofs.go:35.3,35.47 1 246
github.com/clearcompass-ai/ortholog-sdk/core/smt/batch_multiproofs.go:37.2,37.66 1 3
github.com/clearcompass-ai/ortholog-sdk/core/smt/derivation_commitment.go:5.157,11.2 1 9
github.com/clearcompass-ai/ortholog-sdk/core/smt/derivation_commitment.go:14.102,16.16 2 0
github.com/clearcompass-ai/ortholog-sdk/core/smt/derivation_commitment.go:16.16,16.30 1 0
github.com/clearcompass-ai/ortholog-sdk/core/smt/derivation_commitment.go:17.2,17.44 1 0
github.com/clearcompass-ai/ortholog-sdk/core/smt/derivation_commitment.go:17.44,19.3 1 0
github.com/clearcompass-ai/ortholog-sdk/core/smt/derivation_commitment.go:20.2,20.12 1 0
github.com/clearcompass-ai/ortholog-sdk/core/smt/derivation_commitment.go:29.37,29.120 1 0
github.com/clearcompass-ai/ortholog-sdk/core/smt/http_leaf_reader.go:57.66,59.18 2 5
github.com/clearcompass-ai/ortholog-sdk/core/smt/http_leaf_reader.go:59.18,61.3 1 5
github.com/clearcompass-ai/ortholog-sdk/core/smt/http_leaf_reader.go:62.2,65.3 1 5
github.com/clearcompass-ai/ortholog-sdk/core/smt/http_leaf_reader.go:76.68,81.16 4 4
github.com/clearcompass-ai/ortholog-sdk/core/smt/http_leaf_reader.go:81.16,83.3 1 0
github.com/clearcompass-ai/ortholog-sdk/core/smt/http_leaf_reader.go:84.2,86.44 2 4
github.com/clearcompass-ai/ortholog-sdk/core/smt/http_leaf_reader.go:86.44,88.3 1 1
github.com/clearcompass-ai/ortholog-sdk/core/smt/http_leaf_reader.go:89.2,89.38 1 3
github.com/clearcompass-ai/ortholog-sdk/core/smt/http_leaf_reader.go:89.38,91.3 1 1
github.com/clearcompass-ai/ortholog-sdk/core/smt/http_leaf_reader.go:93.2,94.16 2 2
github.com/clearcompass-ai/ortholog-sdk/core/smt/http_leaf_reader.go:94.16,96.3 1 0
github.com/clearcompass-ai/ortholog-sdk/core/smt/http_leaf_reader.go:98.2,99.51 2 2
github.com/clearcompass-ai/ortholog-sdk/core/smt/http_leaf_reader.go:99.51,101.3 1 0
github.com/clearcompass-ai/ortholog-sdk/core/smt/http_leaf_reader.go:104.2,105.22 2 2
github.com/clearcompass-ai/ortholog-sdk/core/smt/http_leaf_reader.go:105.22,107.40 2 2
github.com/clearcompass-ai/ortholog-sdk/core/smt/http_leaf_reader.go:107.40,109.4 1 2
github.com/clearcompass-ai/ortholog-sdk/core/smt/http_leaf_reader.go:110.8,112.3 1 0
github.com/clearcompass-ai/ortholog-sdk/core/smt/http_leaf_reader.go:114.2,126.18 2 2
github.com/clearcompass-ai/ortholog-sdk/core/smt/keys.go:9.48,16.2 6 921
github.com/clearcompass-ai/ortholog-sdk/core/smt/merkle_wrap.go:27.42,27.70 1 1
github.com/clearcompass-ai/ortholog-sdk/core/smt/merkle_wrap.go:32.66,39.2 6 3
github.com/clearcompass-ai/ortholog-sdk/core/smt/merkle_wrap.go:41.96,44.39 3 1
github.com/clearcompass-ai/ortholog-sdk/core/smt/merkle_wrap.go:44.39,46.3 1 0
github.com/clearcompass-ai/ortholog-sdk/core/smt/merkle_wrap.go:47.2,47.38 1 1
github.com/clearcompass-ai/ortholog-sdk/core/smt/merkle_wrap.go:47.38,49.3 1 0
github.com/clearcompass-ai/ortholog-sdk/core/smt/merkle_wrap.go:50.2,51.126 2 1
github.com/clearcompass-ai/ortholog-sdk/core/smt/merkle_wrap.go:54.57,57.24 3 1
github.com/clearcompass-ai/ortholog-sdk/core/smt/merkle_wrap.go:57.24,59.3 1 0
github.com/clearcompass-ai/ortholog-sdk/core/smt/merkle_wrap.go:60.2,61.77 2 1
github.com/clearcompass-ai/ortholog-sdk/core/smt/merkle_wrap.go:64.76,65.19 1 1
github.com/clearcompass-ai/ortholog-sdk/core/smt/merkle_wrap.go:65.19,67.3 1 0
github.com/clearcompass-ai/ortholog-sdk/core/smt/merkle_wrap.go:68.2,71.22 4 1
github.com/clearcompass-ai/ortholog-sdk/core/smt/merkle_wrap.go:71.22,73.35 2 2
github.com/clearcompass-ai/ortholog-sdk/core/smt/merkle_wrap.go:73.35,75.4 1 2
github.com/clearcompass-ai/ortholog-sdk/core/smt/merkle_wrap.go:76.3,77.39 2 2
github.com/clearcompass-ai/ortholog-sdk/core/smt/merkle_wrap.go:77.39,78.25 1 3
github.com/clearcompass-ai/ortholog-sdk/core/smt/merkle_wrap.go:78.25,83.5 4 2
[...]
github.com/clearcompass-ai/ortholog-sdk/verifier/key_rotation.go:137.82,141.46 2 4
github.com/clearcompass-ai/ortholog-sdk/verifier/key_rotation.go:141.46,147.4 1 2
github.com/clearcompass-ai/ortholog-sdk/verifier/key_rotation.go:152.2,158.25 2 5
github.com/clearcompass-ai/ortholog-sdk/verifier/key_rotation.go:158.25,161.3 2 4
github.com/clearcompass-ai/ortholog-sdk/verifier/key_rotation.go:164.2,165.23 2 5
github.com/clearcompass-ai/ortholog-sdk/verifier/key_rotation.go:165.23,167.3 1 5
github.com/clearcompass-ai/ortholog-sdk/verifier/key_rotation.go:169.2,169.18 1 5
github.com/clearcompass-ai/ortholog-sdk/verifier/key_rotation.go:178.59,179.42 1 7
github.com/clearcompass-ai/ortholog-sdk/verifier/key_rotation.go:179.42,181.3 1 3
github.com/clearcompass-ai/ortholog-sdk/verifier/key_rotation.go:182.2,183.77 2 4
github.com/clearcompass-ai/ortholog-sdk/verifier/key_rotation.go:183.77,185.3 1 0
github.com/clearcompass-ai/ortholog-sdk/verifier/key_rotation.go:186.2,187.9 2 4
github.com/clearcompass-ai/ortholog-sdk/verifier/key_rotation.go:187.9,189.3 1 0
github.com/clearcompass-ai/ortholog-sdk/verifier/key_rotation.go:190.2,191.9 2 4
github.com/clearcompass-ai/ortholog-sdk/verifier/key_rotation.go:191.9,193.3 1 0
github.com/clearcompass-ai/ortholog-sdk/verifier/key_rotation.go:194.2,194.10 1 4
github.com/clearcompass-ai/ortholog-sdk/verifier/key_rotation.go:200.62,201.38 1 7
github.com/clearcompass-ai/ortholog-sdk/verifier/key_rotation.go:201.38,203.3 1 2
github.com/clearcompass-ai/ortholog-sdk/verifier/key_rotation.go:204.2,205.73 2 5
github.com/clearcompass-ai/ortholog-sdk/verifier/key_rotation.go:205.73,207.3 1 0
github.com/clearcompass-ai/ortholog-sdk/verifier/key_rotation.go:209.2,209.42 1 5
github.com/clearcompass-ai/ortholog-sdk/verifier/key_rotation.go:209.42,210.30 1 4
github.com/clearcompass-ai/ortholog-sdk/verifier/key_rotation.go:210.30,212.4 1 4
github.com/clearcompass-ai/ortholog-sdk/verifier/key_rotation.go:215.2,215.44 1 1
github.com/clearcompass-ai/ortholog-sdk/verifier/key_rotation.go:215.44,216.30 1 1
github.com/clearcompass-ai/ortholog-sdk/verifier/key_rotation.go:216.30,219.4 2 1
github.com/clearcompass-ai/ortholog-sdk/verifier/key_rotation.go:221.2,221.11 1 0
github.com/clearcompass-ai/ortholog-sdk/verifier/origin_evaluator.go:111.30,114.16 2 6
github.com/clearcompass-ai/ortholog-sdk/verifier/origin_evaluator.go:114.16,116.3 1 0
github.com/clearcompass-ai/ortholog-sdk/verifier/origin_evaluator.go:117.2,117.17 1 6
github.com/clearcompass-ai/ortholog-sdk/verifier/origin_evaluator.go:117.17,119.3 1 1
github.com/clearcompass-ai/ortholog-sdk/verifier/origin_evaluator.go:121.2,127.16 3 5
github.com/clearcompass-ai/ortholog-sdk/verifier/origin_evaluator.go:127.16,129.3 1 0
github.com/clearcompass-ai/ortholog-sdk/verifier/origin_evaluator.go:130.2,130.20 1 5
github.com/clearcompass-ai/ortholog-sdk/verifier/origin_evaluator.go:130.20,135.3 2 1
github.com/clearcompass-ai/ortholog-sdk/verifier/origin_evaluator.go:138.2,139.16 2 4
github.com/clearcompass-ai/ortholog-sdk/verifier/origin_evaluator.go:139.16,141.3 1 0
github.com/clearcompass-ai/ortholog-sdk/verifier/origin_evaluator.go:142.2,147.25 3 4
github.com/clearcompass-ai/ortholog-sdk/verifier/origin_evaluator.go:147.25,152.3 2 1
github.com/clearcompass-ai/ortholog-sdk/verifier/origin_evaluator.go:156.2,158.26 2 3
github.com/clearcompass-ai/ortholog-sdk/verifier/origin_evaluator.go:158.26,163.34 2 2
github.com/clearcompass-ai/ortholog-sdk/verifier/origin_evaluator.go:163.34,165.4 1 1
github.com/clearcompass-ai/ortholog-sdk/verifier/origin_evaluator.go:166.8,171.3 1 1
github.com/clearcompass-ai/ortholog-sdk/verifier/origin_evaluator.go:173.2,173.18 1 3
github.com/clearcompass-ai/ortholog-sdk/verifier/schema_succession.go:107.25,108.22 1 7
github.com/clearcompass-ai/ortholog-sdk/verifier/schema_succession.go:108.22,110.3 1 0
github.com/clearcompass-ai/ortholog-sdk/verifier/schema_succession.go:113.2,117.55 4 7
github.com/clearcompass-ai/ortholog-sdk/verifier/schema_succession.go:117.55,118.23 1 13
github.com/clearcompass-ai/ortholog-sdk/verifier/schema_succession.go:118.23,120.4 1 0
github.com/clearcompass-ai/ortholog-sdk/verifier/schema_succession.go:121.3,125.17 3 13
github.com/clearcompass-ai/ortholog-sdk/verifier/schema_succession.go:125.17,127.4 1 0
github.com/clearcompass-ai/ortholog-sdk/verifier/schema_succession.go:128.3,128.18 1 13
github.com/clearcompass-ai/ortholog-sdk/verifier/schema_succession.go:128.18,130.4 1 1
github.com/clearcompass-ai/ortholog-sdk/verifier/schema_succession.go:133.3,134.17 2 12
github.com/clearcompass-ai/ortholog-sdk/verifier/schema_succession.go:134.17,136.4 1 0
github.com/clearcompass-ai/ortholog-sdk/verifier/schema_succession.go:139.3,140.17 2 12
github.com/clearcompass-ai/ortholog-sdk/verifier/schema_succession.go:140.17,142.4 1 0
github.com/clearcompass-ai/ortholog-sdk/verifier/schema_succession.go:144.3,151.38 2 12
github.com/clearcompass-ai/ortholog-sdk/verifier/schema_succession.go:151.38,152.9 1 6
github.com/clearcompass-ai/ortholog-sdk/verifier/schema_succession.go:154.3,154.38 1 6
github.com/clearcompass-ai/ortholog-sdk/verifier/schema_succession.go:157.2,157.42 1 6
github.com/clearcompass-ai/ortholog-sdk/verifier/schema_succession.go:157.42,159.3 1 0
github.com/clearcompass-ai/ortholog-sdk/verifier/schema_succession.go:162.2,162.57 1 6
github.com/clearcompass-ai/ortholog-sdk/verifier/schema_succession.go:162.57,164.3 1 4
github.com/clearcompass-ai/ortholog-sdk/verifier/schema_succession.go:167.2,167.26 1 6
github.com/clearcompass-ai/ortholog-sdk/verifier/schema_succession.go:167.26,169.3 1 11
github.com/clearcompass-ai/ortholog-sdk/verifier/schema_succession.go:172.2,173.23 2 6
github.com/clearcompass-ai/ortholog-sdk/verifier/schema_succession.go:173.23,175.31 2 6
github.com/clearcompass-ai/ortholog-sdk/verifier/schema_succession.go:175.31,177.4 1 6
github.com/clearcompass-ai/ortholog-sdk/verifier/schema_succession.go:180.2,183.8 1 6
github.com/clearcompass-ai/ortholog-sdk/verifier/schema_succession.go:200.101,201.46 1 6
github.com/clearcompass-ai/ortholog-sdk/verifier/schema_succession.go:201.46,207.3 1 1
github.com/clearcompass-ai/ortholog-sdk/verifier/schema_succession.go:210.2,212.35 3 5
github.com/clearcompass-ai/ortholog-sdk/verifier/schema_succession.go:212.35,213.34 1 9
github.com/clearcompass-ai/ortholog-sdk/verifier/schema_succession.go:213.34,215.4 1 5
github.com/clearcompass-ai/ortholog-sdk/verifier/schema_succession.go:216.3,216.34 1 9
github.com/clearcompass-ai/ortholog-sdk/verifier/schema_succession.go:216.34,218.4 1 5
github.com/clearcompass-ai/ortholog-sdk/verifier/schema_succession.go:221.2,221.40 1 5
github.com/clearcompass-ai/ortholog-sdk/verifier/schema_succession.go:221.40,227.3 1 0
github.com/clearcompass-ai/ortholog-sdk/verifier/schema_succession.go:229.2,229.28 1 5
github.com/clearcompass-ai/ortholog-sdk/verifier/schema_succession.go:229.28,236.3 1 1
github.com/clearcompass-ai/ortholog-sdk/verifier/schema_succession.go:238.2,238.31 1 4
github.com/clearcompass-ai/ortholog-sdk/verifier/schema_succession.go:239.16,244.4 1 1
github.com/clearcompass-ai/ortholog-sdk/verifier/schema_succession.go:246.17,248.28 1 2
github.com/clearcompass-ai/ortholog-sdk/verifier/schema_succession.go:248.28,254.4 1 1
github.com/clearcompass-ai/ortholog-sdk/verifier/schema_succession.go:255.3,259.4 1 1
github.com/clearcompass-ai/ortholog-sdk/verifier/schema_succession.go:261.19,266.4 1 1
github.com/clearcompass-ai/ortholog-sdk/verifier/schema_succession.go:268.10,273.4 1 0
github.com/clearcompass-ai/ortholog-sdk/verifier/schema_succession.go:283.64,284.11 1 6
github.com/clearcompass-ai/ortholog-sdk/verifier/schema_succession.go:285.29,286.18 1 3
github.com/clearcompass-ai/ortholog-sdk/verifier/schema_succession.go:287.30,288.19 1 2
github.com/clearcompass-ai/ortholog-sdk/verifier/schema_succession.go:289.32,290.21 1 1
github.com/clearcompass-ai/ortholog-sdk/verifier/schema_succession.go:291.10,292.18 1 0
github.com/clearcompass-ai/ortholog-sdk/verifier/shard_chain_verifier.go:82.70,83.22 1 11
github.com/clearcompass-ai/ortholog-sdk/verifier/shard_chain_verifier.go:83.22,85.3 1 1
github.com/clearcompass-ai/ortholog-sdk/verifier/shard_chain_verifier.go:87.2,97.16 3 10
github.com/clearcompass-ai/ortholog-sdk/verifier/shard_chain_verifier.go:97.16,99.3 1 2
github.com/clearcompass-ai/ortholog-sdk/verifier/shard_chain_verifier.go:100.2,100.33 1 8
github.com/clearcompass-ai/ortholog-sdk/verifier/shard_chain_verifier.go:100.33,103.3 1 1
github.com/clearcompass-ai/ortholog-sdk/verifier/shard_chain_verifier.go:104.2,104.37 1 7
github.com/clearcompass-ai/ortholog-sdk/verifier/shard_chain_verifier.go:104.37,107.3 1 1
github.com/clearcompass-ai/ortholog-sdk/verifier/shard_chain_verifier.go:110.2,110.35 1 6
github.com/clearcompass-ai/ortholog-sdk/verifier/shard_chain_verifier.go:110.35,112.17 2 11
github.com/clearcompass-ai/ortholog-sdk/verifier/shard_chain_verifier.go:112.17,114.4 1 0
github.com/clearcompass-ai/ortholog-sdk/verifier/shard_chain_verifier.go:116.3,119.47 2 11
github.com/clearcompass-ai/ortholog-sdk/verifier/shard_chain_verifier.go:119.47,123.4 1 1
github.com/clearcompass-ai/ortholog-sdk/verifier/shard_chain_verifier.go:126.3,126.53 1 10
github.com/clearcompass-ai/ortholog-sdk/verifier/shard_chain_verifier.go:126.53,130.4 1 1
github.com/clearcompass-ai/ortholog-sdk/verifier/shard_chain_verifier.go:133.3,135.50 3 9
github.com/clearcompass-ai/ortholog-sdk/verifier/shard_chain_verifier.go:135.50,139.4 1 0
github.com/clearcompass-ai/ortholog-sdk/verifier/shard_chain_verifier.go:142.3,142.33 1 9
github.com/clearcompass-ai/ortholog-sdk/verifier/shard_chain_verifier.go:142.33,146.4 1 1
github.com/clearcompass-ai/ortholog-sdk/verifier/shard_chain_verifier.go:149.2,149.20 1 3
github.com/clearcompass-ai/ortholog-sdk/verifier/shard_chain_verifier.go:164.9,166.16 2 4
github.com/clearcompass-ai/ortholog-sdk/verifier/shard_chain_verifier.go:166.16,168.3 1 1
github.com/clearcompass-ai/ortholog-sdk/verifier/shard_chain_verifier.go:170.2,170.53 1 3
github.com/clearcompass-ai/ortholog-sdk/verifier/shard_chain_verifier.go:170.53,173.3 1 1
github.com/clearcompass-ai/ortholog-sdk/verifier/shard_chain_verifier.go:175.2,175.55 1 2
github.com/clearcompass-ai/ortholog-sdk/verifier/shard_chain_verifier.go:175.55,178.3 1 1
github.com/clearcompass-ai/ortholog-sdk/verifier/shard_chain_verifier.go:180.2,182.49 3 1
github.com/clearcompass-ai/ortholog-sdk/verifier/shard_chain_verifier.go:182.49,184.3 1 0
github.com/clearcompass-ai/ortholog-sdk/verifier/shard_chain_verifier.go:186.2,186.12 1 1
github.com/clearcompass-ai/ortholog-sdk/verifier/shard_chain_verifier.go:195.69,197.16 2 25
github.com/clearcompass-ai/ortholog-sdk/verifier/shard_chain_verifier.go:197.16,199.3 1 3
github.com/clearcompass-ai/ortholog-sdk/verifier/shard_chain_verifier.go:200.2,200.21 1 22
github.com/clearcompass-ai/ortholog-sdk/verifier/shard_chain_verifier.go:203.89,208.2 4 7
github.com/clearcompass-ai/ortholog-sdk/witness/equivocation.go:72.31,74.38 1 5
github.com/clearcompass-ai/ortholog-sdk/witness/equivocation.go:74.38,76.3 1 1
github.com/clearcompass-ai/ortholog-sdk/witness/equivocation.go:79.2,79.38 1 4
github.com/clearcompass-ai/ortholog-sdk/witness/equivocation.go:79.38,81.3 1 1
github.com/clearcompass-ai/ortholog-sdk/witness/equivocation.go:85.2,86.17 2 3
github.com/clearcompass-ai/ortholog-sdk/witness/equivocation.go:86.17,88.3 1 2
github.com/clearcompass-ai/ortholog-sdk/witness/equivocation.go:90.2,91.17 2 1
github.com/clearcompass-ai/ortholog-sdk/witness/equivocation.go:91.17,93.3 1 0
github.com/clearcompass-ai/ortholog-sdk/witness/equivocation.go:96.2,102.8 1 1
github.com/clearcompass-ai/ortholog-sdk/witness/equivocation.go:106.45,108.2 1 4
github.com/clearcompass-ai/ortholog-sdk/witness/rotation.go:63.37,65.31 1 12
github.com/clearcompass-ai/ortholog-sdk/witness/rotation.go:65.31,67.3 1 1
github.com/clearcompass-ai/ortholog-sdk/witness/rotation.go:68.2,68.42 1 11
github.com/clearcompass-ai/ortholog-sdk/witness/rotation.go:68.42,70.3 1 1
github.com/clearcompass-ai/ortholog-sdk/witness/rotation.go:71.2,71.26 1 10
github.com/clearcompass-ai/ortholog-sdk/witness/rotation.go:71.26,73.3 1 1
github.com/clearcompass-ai/ortholog-sdk/witness/rotation.go:74.2,74.18 1 9
github.com/clearcompass-ai/ortholog-sdk/witness/rotation.go:74.18,76.3 1 1
github.com/clearcompass-ai/ortholog-sdk/witness/rotation.go:79.2,80.45 2 8
github.com/clearcompass-ai/ortholog-sdk/witness/rotation.go:80.45,83.3 1 1
github.com/clearcompass-ai/ortholog-sdk/witness/rotation.go:87.2,99.16 4 7
github.com/clearcompass-ai/ortholog-sdk/witness/rotation.go:99.16,101.3 1 2
github.com/clearcompass-ai/ortholog-sdk/witness/rotation.go:107.2,107.82 1 5
github.com/clearcompass-ai/ortholog-sdk/witness/rotation.go:107.82,108.39 1 2
github.com/clearcompass-ai/ortholog-sdk/witness/rotation.go:108.39,110.4 1 1
github.com/clearcompass-ai/ortholog-sdk/witness/rotation.go:113.3,122.17 3 1
github.com/clearcompass-ai/ortholog-sdk/witness/rotation.go:122.17,124.4 1 0
github.com/clearcompass-ai/ortholog-sdk/witness/rotation.go:127.2,127.29 1 4
github.com/clearcompass-ai/ortholog-sdk/witness/rotation.go:147.37,148.26 1 6
github.com/clearcompass-ai/ortholog-sdk/witness/rotation.go:148.26,150.3 1 1
github.com/clearcompass-ai/ortholog-sdk/witness/rotation.go:152.2,153.37 2 5
github.com/clearcompass-ai/ortholog-sdk/witness/rotation.go:153.37,155.17 2 2
github.com/clearcompass-ai/ortholog-sdk/witness/rotation.go:155.17,157.4 1 1
github.com/clearcompass-ai/ortholog-sdk/witness/rotation.go:158.3,158.22 1 1
github.com/clearcompass-ai/ortholog-sdk/witness/rotation.go:161.2,161.24 1 4
github.com/clearcompass-ai/ortholog-sdk/witness/rotation.go:171.61,173.25 2 41
github.com/clearcompass-ai/ortholog-sdk/witness/rotation.go:173.25,176.3 2 182
github.com/clearcompass-ai/ortholog-sdk/witness/rotation.go:177.2,179.15 3 41
github.com/clearcompass-ai/ortholog-sdk/witness/staleness.go:80.104,82.21 1 15
github.com/clearcompass-ai/ortholog-sdk/witness/staleness.go:82.21,88.3 1 2
github.com/clearcompass-ai/ortholog-sdk/witness/staleness.go:90.2,97.21 3 13
github.com/clearcompass-ai/ortholog-sdk/witness/staleness.go:97.21,100.3 1 6
github.com/clearcompass-ai/ortholog-sdk/witness/staleness.go:102.2,102.20 1 7
github.com/clearcompass-ai/ortholog-sdk/witness/staleness.go:106.92,108.2 1 2
github.com/clearcompass-ai/ortholog-sdk/witness/tree_head_client.go:57.75,59.9 2 19
github.com/clearcompass-ai/ortholog-sdk/witness/tree_head_client.go:59.9,61.3 1 2
github.com/clearcompass-ai/ortholog-sdk/witness/tree_head_client.go:62.2,62.16 1 17
github.com/clearcompass-ai/ortholog-sdk/witness/tree_head_client.go:65.77,68.2 2 5
github.com/clearcompass-ai/ortholog-sdk/witness/tree_head_client.go:85.57,90.2 1 17
github.com/clearcompass-ai/ortholog-sdk/witness/tree_head_client.go:107.94,108.23 1 18
github.com/clearcompass-ai/ortholog-sdk/witness/tree_head_client.go:108.23,110.3 1 0
github.com/clearcompass-ai/ortholog-sdk/witness/tree_head_client.go:111.2,111.26 1 18
github.com/clearcompass-ai/ortholog-sdk/witness/tree_head_client.go:111.26,113.3 1 0
github.com/clearcompass-ai/ortholog-sdk/witness/tree_head_client.go:114.2,119.3 1 18
github.com/clearcompass-ai/ortholog-sdk/witness/tree_head_client.go:129.105,135.8 4 19
github.com/clearcompass-ai/ortholog-sdk/witness/tree_head_client.go:135.8,137.29 2 3
github.com/clearcompass-ai/ortholog-sdk/witness/tree_head_client.go:137.29,139.4 1 2
github.com/clearcompass-ai/ortholog-sdk/witness/tree_head_client.go:143.2,144.16 2 17
github.com/clearcompass-ai/ortholog-sdk/witness/tree_head_client.go:144.16,146.3 1 1
github.com/clearcompass-ai/ortholog-sdk/witness/tree_head_client.go:149.2,150.16 2 16
github.com/clearcompass-ai/ortholog-sdk/witness/tree_head_client.go:150.16,153.3 2 12
github.com/clearcompass-ai/ortholog-sdk/witness/tree_head_client.go:156.2,157.33 2 4
github.com/clearcompass-ai/ortholog-sdk/witness/tree_head_client.go:157.33,159.18 2 4
github.com/clearcompass-ai/ortholog-sdk/witness/tree_head_client.go:159.18,162.4 2 2
github.com/clearcompass-ai/ortholog-sdk/witness/tree_head_client.go:166.2,167.82 1 2
github.com/clearcompass-ai/ortholog-sdk/witness/tree_head_client.go:172.95,176.9 4 2
github.com/clearcompass-ai/ortholog-sdk/witness/tree_head_client.go:176.9,178.3 1 1
github.com/clearcompass-ai/ortholog-sdk/witness/tree_head_client.go:179.2,179.44 1 1
github.com/clearcompass-ai/ortholog-sdk/witness/tree_head_client.go:183.58,187.2 3 1
github.com/clearcompass-ai/ortholog-sdk/witness/tree_head_client.go:190.43,194.2 3 2
github.com/clearcompass-ai/ortholog-sdk/witness/tree_head_client.go:214.95,216.16 2 22
github.com/clearcompass-ai/ortholog-sdk/witness/tree_head_client.go:216.16,218.3 1 0
github.com/clearcompass-ai/ortholog-sdk/witness/tree_head_client.go:219.2,221.38 2 22
github.com/clearcompass-ai/ortholog-sdk/witness/tree_head_client.go:221.38,224.3 1 7
github.com/clearcompass-ai/ortholog-sdk/witness/tree_head_client.go:226.2,227.16 2 15
github.com/clearcompass-ai/ortholog-sdk/witness/tree_head_client.go:227.16,229.3 1 0
github.com/clearcompass-ai/ortholog-sdk/witness/tree_head_client.go:231.2,232.16 2 15
github.com/clearcompass-ai/ortholog-sdk/witness/tree_head_client.go:232.16,234.3 1 0
github.com/clearcompass-ai/ortholog-sdk/witness/tree_head_client.go:236.2,236.36 1 15
github.com/clearcompass-ai/ortholog-sdk/witness/tree_head_client.go:239.104,243.2 3 14
github.com/clearcompass-ai/ortholog-sdk/witness/tree_head_client.go:246.73,257.51 2 15
github.com/clearcompass-ai/ortholog-sdk/witness/tree_head_client.go:257.51,259.3 1 0
github.com/clearcompass-ai/ortholog-sdk/witness/tree_head_client.go:261.2,265.40 4 15
github.com/clearcompass-ai/ortholog-sdk/witness/tree_head_client.go:265.40,267.3 1 15
github.com/clearcompass-ai/ortholog-sdk/witness/tree_head_client.go:271.2,271.29 1 15
github.com/clearcompass-ai/ortholog-sdk/witness/tree_head_client.go:271.29,275.21 3 2
github.com/clearcompass-ai/ortholog-sdk/witness/tree_head_client.go:275.21,278.4 2 2
github.com/clearcompass-ai/ortholog-sdk/witness/tree_head_client.go:279.3,282.5 1 2
github.com/clearcompass-ai/ortholog-sdk/witness/tree_head_client.go:285.2,285.18 1 15
github.com/clearcompass-ai/ortholog-sdk/witness/tree_head_client.go:288.36,293.22 4 2
github.com/clearcompass-ai/ortholog-sdk/witness/tree_head_client.go:293.22,295.3 1 18
github.com/clearcompass-ai/ortholog-sdk/witness/tree_head_client.go:296.2,296.13 1 2
github.com/clearcompass-ai/ortholog-sdk/witness/verify.go:71.26,72.18 1 19
github.com/clearcompass-ai/ortholog-sdk/witness/verify.go:72.18,74.3 1 2
github.com/clearcompass-ai/ortholog-sdk/witness/verify.go:75.2,75.27 1 17
github.com/clearcompass-ai/ortholog-sdk/witness/verify.go:75.27,77.3 1 1
github.com/clearcompass-ai/ortholog-sdk/witness/verify.go:78.2,78.31 1 16
github.com/clearcompass-ai/ortholog-sdk/witness/verify.go:78.31,80.3 1 2
github.com/clearcompass-ai/ortholog-sdk/witness/verify.go:81.2,81.32 1 14
github.com/clearcompass-ai/ortholog-sdk/witness/verify.go:81.32,83.3 1 1
github.com/clearcompass-ai/ortholog-sdk/witness/verify.go:85.2,86.16 2 13
github.com/clearcompass-ai/ortholog-sdk/witness/verify.go:86.16,88.51 1 4
github.com/clearcompass-ai/ortholog-sdk/witness/verify.go:88.51,96.4 1 3
github.com/clearcompass-ai/ortholog-sdk/witness/verify.go:97.3,97.52 1 1
github.com/clearcompass-ai/ortholog-sdk/witness/verify.go:100.2,105.8 1 9
github.com/clearcompass-ai/ortholog-sdk/witness/verify.go:129.26,130.21 1 3
github.com/clearcompass-ai/ortholog-sdk/witness/verify.go:130.21,132.3 1 1
github.com/clearcompass-ai/ortholog-sdk/witness/verify.go:134.2,135.16 2 2
github.com/clearcompass-ai/ortholog-sdk/witness/verify.go:135.16,137.3 1 1
github.com/clearcompass-ai/ortholog-sdk/witness/verify.go:139.2,139.64 1 1
github.com/clearcompass-ai/ortholog-sdk/witness/verify.go:146.78,148.28 2 12
github.com/clearcompass-ai/ortholog-sdk/witness/verify.go:148.28,154.3 1 32
github.com/clearcompass-ai/ortholog-sdk/witness/verify.go:155.2,155.12 1 12
